<?xml version="1.0" encoding="UTF-8"?>
<testsuite name="HammingTest" tests="7" skipped="2" failures="0" errors="0" timestamp="2020-06-11T09:01:47" hostname="MELIS-PC" time="0.02">
  <properties/>
  <testcase name="single letter identical strands" classname="HammingTest" time="0.018"/>
  <testcase name="empty strands" classname="HammingTest" time="0.0"/>
  <testcase name="long different strands" classname="HammingTest" time="0.001"/>
  <testcase name="disallow first strand longer" classname="HammingTest" time="0.0">
    <skipped/>
  </testcase>
  <testcase name="long identical strands" classname="HammingTest" time="0.0"/>
  <testcase name="disallow second strand longer" classname="HammingTest" time="0.0">
    <skipped/>
  </testcase>
  <testcase name="single letter different strands" classname="HammingTest" time="0.0"/>
  <system-out><![CDATA[]]></system-out>
  <system-err><![CDATA[]]></system-err>
</testsuite>
