<?xml version="1.0" encoding="UTF-8"?>
<testsuite name="HelloWorldTest" tests="1" skipped="0" failures="0" errors="0" timestamp="2020-06-10T13:57:47" hostname="MELIS-PC" time="0.019">
  <properties/>
  <testcase name="helloWorldTest" classname="HelloWorldTest" time="0.019"/>
  <system-out><![CDATA[]]></system-out>
  <system-err><![CDATA[]]></system-err>
</testsuite>
