<?xml version="1.0" encoding="UTF-8"?>
<testsuite name="SumOfMultiplesTest" tests="16" skipped="0" failures="0" errors="0" timestamp="2020-06-12T13:58:49" hostname="MELIS-PC" time="0.629">
  <properties/>
  <testcase name="much larger factors" classname="SumOfMultiplesTest" time="0.327"/>
  <testcase name="much larger limit" classname="SumOfMultiplesTest" time="0.024"/>
  <testcase name="factors not relatively prime" classname="SumOfMultiplesTest" time="0.001"/>
  <testcase name="all numbers are multiples of 1" classname="SumOfMultiplesTest" time="0.001"/>
  <testcase name="no factors means an empty sum" classname="SumOfMultiplesTest" time="0.002"/>
  <testcase name="each multiple is only counted once" classname="SumOfMultiplesTest" time="0.011"/>
  <testcase name="one factor is a multiple of another" classname="SumOfMultiplesTest" time="0.001"/>
  <testcase name="the factor 0 does not affect the sum of multiples of other factors" classname="SumOfMultiplesTest" time="0.001"/>
  <testcase name="three factors" classname="SumOfMultiplesTest" time="0.0"/>
  <testcase name="no multiples within limit" classname="SumOfMultiplesTest" time="0.0"/>
  <testcase name="some pairs of factors relatively prime and some not" classname="SumOfMultiplesTest" time="0.005"/>
  <testcase name="include-exclude-based solutions must extend to cardinality greater than 3" classname="SumOfMultiplesTest" time="0.252"/>
  <testcase name="one factor has multiples within limit" classname="SumOfMultiplesTest" time="0.0"/>
  <testcase name="more than one multiple within limit" classname="SumOfMultiplesTest" time="0.0"/>
  <testcase name="more than one factor with multiples within limit" classname="SumOfMultiplesTest" time="0.0"/>
  <testcase name="the only multiple of 0 is 0" classname="SumOfMultiplesTest" time="0.0"/>
  <system-out><![CDATA[j1
0
j1
0
j2
0
j2
0
j3
0
j3
0
j4
0
j4
0
j5
0
j5
0
j6
0
j6
0
j7
0
j7
0
j8
0
j8
0
j9
0
j9
0
j10
0
j10
0
j11
0
j11
0
j12
0
j12
0
j13
0
j13
0
j14
0
j14
0
j15
0
j15
0
j16
0
j16
0
j17
0
j17
0
j18
0
j18
0
j19
0
j19
0
j20
0
j20
0
j21
0
j21
0
j22
0
j22
0
j23
0
j23
0
j24
0
j24
0
j25
0
j25
0
j26
0
j26
0
j27
0
j27
0
j28
0
j28
0
j29
0
j29
0
j30
0
j30
0
j31
0
j31
0
j32
0
j32
0
j33
0
j33
0
j34
0
j34
0
j35
0
j35
0
j36
0
j36
0
j37
0
j37
0
j38
0
j38
0
j39
0
j39
0
j40
0
j40
0
j41
0
j41
0
j42
0
j42
0
j43
43
j43
43
j44
43
j44
43
j45
43
j45
43
j46
43
j46
43
j47
43
j47
90
j48
90
j48
90
j49
90
j49
90
j50
90
j50
90
j51
90
j51
90
j52
90
j52
90
j53
90
j53
90
j54
90
j54
90
j55
90
j55
90
j56
90
j56
90
j57
90
j57
90
j58
90
j58
90
j59
90
j59
90
j60
90
j60
90
j61
90
j61
90
j62
90
j62
90
j63
90
j63
90
j64
90
j64
90
j65
90
j65
90
j66
90
j66
90
j67
90
j67
90
j68
90
j68
90
j69
90
j69
90
j70
90
j70
90
j71
90
j71
90
j72
90
j72
90
j73
90
j73
90
j74
90
j74
90
j75
90
j75
90
j76
90
j76
90
j77
90
j77
90
j78
90
j78
90
j79
90
j79
90
j80
90
j80
90
j81
90
j81
90
j82
90
j82
90
j83
90
j83
90
j84
90
j84
90
j85
90
j85
90
j86
176
j86
176
j87
176
j87
176
j88
176
j88
176
j89
176
j89
176
j90
176
j90
176
j91
176
j91
176
j92
176
j92
176
j93
176
j93
176
j94
176
j94
270
j95
270
j95
270
j96
270
j96
270
j97
270
j97
270
j98
270
j98
270
j99
270
j99
270
j100
270
j100
270
j101
270
j101
270
j102
270
j102
270
j103
270
j103
270
j104
270
j104
270
j105
270
j105
270
j106
270
j106
270
j107
270
j107
270
j108
270
j108
270
j109
270
j109
270
j110
270
j110
270
j111
270
j111
270
j112
270
j112
270
j113
270
j113
270
j114
270
j114
270
j115
270
j115
270
j116
270
j116
270
j117
270
j117
270
j118
270
j118
270
j119
270
j119
270
j120
270
j120
270
j121
270
j121
270
j122
270
j122
270
j123
270
j123
270
j124
270
j124
270
j125
270
j125
270
j126
270
j126
270
j127
270
j127
270
j128
270
j128
270
j129
399
j129
399
j130
399
j130
399
j131
399
j131
399
j132
399
j132
399
j133
399
j133
399
j134
399
j134
399
j135
399
j135
399
j136
399
j136
399
j137
399
j137
399
j138
399
j138
399
j139
399
j139
399
j140
399
j140
399
j141
399
j141
540
j142
540
j142
540
j143
540
j143
540
j144
540
j144
540
j145
540
j145
540
j146
540
j146
540
j147
540
j147
540
j148
540
j148
540
j149
540
j149
540
j150
540
j150
540
j151
540
j151
540
j152
540
j152
540
j153
540
j153
540
j154
540
j154
540
j155
540
j155
540
j156
540
j156
540
j157
540
j157
540
j158
540
j158
540
j159
540
j159
540
j160
540
j160
540
j161
540
j161
540
j162
540
j162
540
j163
540
j163
540
j164
540
j164
540
j165
540
j165
540
j166
540
j166
540
j167
540
j167
540
j168
540
j168
540
j169
540
j169
540
j170
540
j170
540
j171
540
j171
540
j172
712
j172
712
j173
712
j173
712
j174
712
j174
712
j175
712
j175
712
j176
712
j176
712
j177
712
j177
712
j178
712
j178
712
j179
712
j179
712
j180
712
j180
712
j181
712
j181
712
j182
712
j182
712
j183
712
j183
712
j184
712
j184
712
j185
712
j185
712
j186
712
j186
712
j187
712
j187
712
j188
712
j188
900
j189
900
j189
900
j190
900
j190
900
j191
900
j191
900
j192
900
j192
900
j193
900
j193
900
j194
900
j194
900
j195
900
j195
900
j196
900
j196
900
j197
900
j197
900
j198
900
j198
900
j199
900
j199
900
j200
900
j200
900
j201
900
j201
900
j202
900
j202
900
j203
900
j203
900
j204
900
j204
900
j205
900
j205
900
j206
900
j206
900
j207
900
j207
900
j208
900
j208
900
j209
900
j209
900
j210
900
j210
900
j211
900
j211
900
j212
900
j212
900
j213
900
j213
900
j214
900
j214
900
j215
1115
j215
1115
j216
1115
j216
1115
j217
1115
j217
1115
j218
1115
j218
1115
j219
1115
j219
1115
j220
1115
j220
1115
j221
1115
j221
1115
j222
1115
j222
1115
j223
1115
j223
1115
j224
1115
j224
1115
j225
1115
j225
1115
j226
1115
j226
1115
j227
1115
j227
1115
j228
1115
j228
1115
j229
1115
j229
1115
j230
1115
j230
1115
j231
1115
j231
1115
j232
1115
j232
1115
j233
1115
j233
1115
j234
1115
j234
1115
j235
1115
j235
1350
j236
1350
j236
1350
j237
1350
j237
1350
j238
1350
j238
1350
j239
1350
j239
1350
j240
1350
j240
1350
j241
1350
j241
1350
j242
1350
j242
1350
j243
1350
j243
1350
j244
1350
j244
1350
j245
1350
j245
1350
j246
1350
j246
1350
j247
1350
j247
1350
j248
1350
j248
1350
j249
1350
j249
1350
j250
1350
j250
1350
j251
1350
j251
1350
j252
1350
j252
1350
j253
1350
j253
1350
j254
1350
j254
1350
j255
1350
j255
1350
j256
1350
j256
1350
j257
1350
j257
1350
j258
1608
j258
1608
j259
1608
j259
1608
j260
1608
j260
1608
j261
1608
j261
1608
j262
1608
j262
1608
j263
1608
j263
1608
j264
1608
j264
1608
j265
1608
j265
1608
j266
1608
j266
1608
j267
1608
j267
1608
j268
1608
j268
1608
j269
1608
j269
1608
j270
1608
j270
1608
j271
1608
j271
1608
j272
1608
j272
1608
j273
1608
j273
1608
j274
1608
j274
1608
j275
1608
j275
1608
j276
1608
j276
1608
j277
1608
j277
1608
j278
1608
j278
1608
j279
1608
j279
1608
j280
1608
j280
1608
j281
1608
j281
1608
j282
1608
j282
1890
j283
1890
j283
1890
j284
1890
j284
1890
j285
1890
j285
1890
j286
1890
j286
1890
j287
1890
j287
1890
j288
1890
j288
1890
j289
1890
j289
1890
j290
1890
j290
1890
j291
1890
j291
1890
j292
1890
j292
1890
j293
1890
j293
1890
j294
1890
j294
1890
j295
1890
j295
1890
j296
1890
j296
1890
j297
1890
j297
1890
j298
1890
j298
1890
j299
1890
j299
1890
j300
1890
j300
1890
j301
2191
j301
2191
j302
2191
j302
2191
j303
2191
j303
2191
j304
2191
j304
2191
j305
2191
j305
2191
j306
2191
j306
2191
j307
2191
j307
2191
j308
2191
j308
2191
j309
2191
j309
2191
j310
2191
j310
2191
j311
2191
j311
2191
j312
2191
j312
2191
j313
2191
j313
2191
j314
2191
j314
2191
j315
2191
j315
2191
j316
2191
j316
2191
j317
2191
j317
2191
j318
2191
j318
2191
j319
2191
j319
2191
j320
2191
j320
2191
j321
2191
j321
2191
j322
2191
j322
2191
j323
2191
j323
2191
j324
2191
j324
2191
j325
2191
j325
2191
j326
2191
j326
2191
j327
2191
j327
2191
j328
2191
j328
2191
j329
2191
j329
2520
j330
2520
j330
2520
j331
2520
j331
2520
j332
2520
j332
2520
j333
2520
j333
2520
j334
2520
j334
2520
j335
2520
j335
2520
j336
2520
j336
2520
j337
2520
j337
2520
j338
2520
j338
2520
j339
2520
j339
2520
j340
2520
j340
2520
j341
2520
j341
2520
j342
2520
j342
2520
j343
2520
j343
2520
j344
2864
j344
2864
j345
2864
j345
2864
j346
2864
j346
2864
j347
2864
j347
2864
j348
2864
j348
2864
j349
2864
j349
2864
j350
2864
j350
2864
j351
2864
j351
2864
j352
2864
j352
2864
j353
2864
j353
2864
j354
2864
j354
2864
j355
2864
j355
2864
j356
2864
j356
2864
j357
2864
j357
2864
j358
2864
j358
2864
j359
2864
j359
2864
j360
2864
j360
2864
j361
2864
j361
2864
j362
2864
j362
2864
j363
2864
j363
2864
j364
2864
j364
2864
j365
2864
j365
2864
j366
2864
j366
2864
j367
2864
j367
2864
j368
2864
j368
2864
j369
2864
j369
2864
j370
2864
j370
2864
j371
2864
j371
2864
j372
2864
j372
2864
j373
2864
j373
2864
j374
2864
j374
2864
j375
2864
j375
2864
j376
2864
j376
3240
j377
3240
j377
3240
j378
3240
j378
3240
j379
3240
j379
3240
j380
3240
j380
3240
j381
3240
j381
3240
j382
3240
j382
3240
j383
3240
j383
3240
j384
3240
j384
3240
j385
3240
j385
3240
j386
3240
j386
3240
j387
3627
j387
3627
j388
3627
j388
3627
j389
3627
j389
3627
j390
3627
j390
3627
j391
3627
j391
3627
j392
3627
j392
3627
j393
3627
j393
3627
j394
3627
j394
3627
j395
3627
j395
3627
j396
3627
j396
3627
j397
3627
j397
3627
j398
3627
j398
3627
j399
3627
j399
3627
j400
3627
j400
3627
j401
3627
j401
3627
j402
3627
j402
3627
j403
3627
j403
3627
j404
3627
j404
3627
j405
3627
j405
3627
j406
3627
j406
3627
j407
3627
j407
3627
j408
3627
j408
3627
j409
3627
j409
3627
j410
3627
j410
3627
j411
3627
j411
3627
j412
3627
j412
3627
j413
3627
j413
3627
j414
3627
j414
3627
j415
3627
j415
3627
j416
3627
j416
3627
j417
3627
j417
3627
j418
3627
j418
3627
j419
3627
j419
3627
j420
3627
j420
3627
j421
3627
j421
3627
j422
3627
j422
3627
j423
3627
j423
4050
j424
4050
j424
4050
j425
4050
j425
4050
j426
4050
j426
4050
j427
4050
j427
4050
j428
4050
j428
4050
j429
4050
j429
4050
j430
4480
j430
4480
j431
4480
j431
4480
j432
4480
j432
4480
j433
4480
j433
4480
j434
4480
j434
4480
j435
4480
j435
4480
j436
4480
j436
4480
j437
4480
j437
4480
j438
4480
j438
4480
j439
4480
j439
4480
j440
4480
j440
4480
j441
4480
j441
4480
j442
4480
j442
4480
j443
4480
j443
4480
j444
4480
j444
4480
j445
4480
j445
4480
j446
4480
j446
4480
j447
4480
j447
4480
j448
4480
j448
4480
j449
4480
j449
4480
j450
4480
j450
4480
j451
4480
j451
4480
j452
4480
j452
4480
j453
4480
j453
4480
j454
4480
j454
4480
j455
4480
j455
4480
j456
4480
j456
4480
j457
4480
j457
4480
j458
4480
j458
4480
j459
4480
j459
4480
j460
4480
j460
4480
j461
4480
j461
4480
j462
4480
j462
4480
j463
4480
j463
4480
j464
4480
j464
4480
j465
4480
j465
4480
j466
4480
j466
4480
j467
4480
j467
4480
j468
4480
j468
4480
j469
4480
j469
4480
j470
4480
j470
4950
j471
4950
j471
4950
j472
4950
j472
4950
j473
5423
j473
5423
j474
5423
j474
5423
j475
5423
j475
5423
j476
5423
j476
5423
j477
5423
j477
5423
j478
5423
j478
5423
j479
5423
j479
5423
j480
5423
j480
5423
j481
5423
j481
5423
j482
5423
j482
5423
j483
5423
j483
5423
j484
5423
j484
5423
j485
5423
j485
5423
j486
5423
j486
5423
j487
5423
j487
5423
j488
5423
j488
5423
j489
5423
j489
5423
j490
5423
j490
5423
j491
5423
j491
5423
j492
5423
j492
5423
j493
5423
j493
5423
j494
5423
j494
5423
j495
5423
j495
5423
j496
5423
j496
5423
j497
5423
j497
5423
j498
5423
j498
5423
j499
5423
j499
5423
j500
5423
j500
5423
j501
5423
j501
5423
j502
5423
j502
5423
j503
5423
j503
5423
j504
5423
j504
5423
j505
5423
j505
5423
j506
5423
j506
5423
j507
5423
j507
5423
j508
5423
j508
5423
j509
5423
j509
5423
j510
5423
j510
5423
j511
5423
j511
5423
j512
5423
j512
5423
j513
5423
j513
5423
j514
5423
j514
5423
j515
5423
j515
5423
j516
5939
j516
5939
j517
5939
j517
6456
j518
6456
j518
6456
j519
6456
j519
6456
j520
6456
j520
6456
j521
6456
j521
6456
j522
6456
j522
6456
j523
6456
j523
6456
j524
6456
j524
6456
j525
6456
j525
6456
j526
6456
j526
6456
j527
6456
j527
6456
j528
6456
j528
6456
j529
6456
j529
6456
j530
6456
j530
6456
j531
6456
j531
6456
j532
6456
j532
6456
j533
6456
j533
6456
j534
6456
j534
6456
j535
6456
j535
6456
j536
6456
j536
6456
j537
6456
j537
6456
j538
6456
j538
6456
j539
6456
j539
6456
j540
6456
j540
6456
j541
6456
j541
6456
j542
6456
j542
6456
j543
6456
j543
6456
j544
6456
j544
6456
j545
6456
j545
6456
j546
6456
j546
6456
j547
6456
j547
6456
j548
6456
j548
6456
j549
6456
j549
6456
j550
6456
j550
6456
j551
6456
j551
6456
j552
6456
j552
6456
j553
6456
j553
6456
j554
6456
j554
6456
j555
6456
j555
6456
j556
6456
j556
6456
j557
6456
j557
6456
j558
6456
j558
6456
j559
7015
j559
7015
j560
7015
j560
7015
j561
7015
j561
7015
j562
7015
j562
7015
j563
7015
j563
7015
j564
7015
j564
7579
j565
7579
j565
7579
j566
7579
j566
7579
j567
7579
j567
7579
j568
7579
j568
7579
j569
7579
j569
7579
j570
7579
j570
7579
j571
7579
j571
7579
j572
7579
j572
7579
j573
7579
j573
7579
j574
7579
j574
7579
j575
7579
j575
7579
j576
7579
j576
7579
j577
7579
j577
7579
j578
7579
j578
7579
j579
7579
j579
7579
j580
7579
j580
7579
j581
7579
j581
7579
j582
7579
j582
7579
j583
7579
j583
7579
j584
7579
j584
7579
j585
7579
j585
7579
j586
7579
j586
7579
j587
7579
j587
7579
j588
7579
j588
7579
j589
7579
j589
7579
j590
7579
j590
7579
j591
7579
j591
7579
j592
7579
j592
7579
j593
7579
j593
7579
j594
7579
j594
7579
j595
7579
j595
7579
j596
7579
j596
7579
j597
7579
j597
7579
j598
7579
j598
7579
j599
7579
j599
7579
j600
7579
j600
7579
j601
7579
j601
7579
j602
8181
j602
8181
j603
8181
j603
8181
j604
8181
j604
8181
j605
8181
j605
8181
j606
8181
j606
8181
j607
8181
j607
8181
j608
8181
j608
8181
j609
8181
j609
8181
j610
8181
j610
8181
j611
8181
j611
8792
j612
8792
j612
8792
j613
8792
j613
8792
j614
8792
j614
8792
j615
8792
j615
8792
j616
8792
j616
8792
j617
8792
j617
8792
j618
8792
j618
8792
j619
8792
j619
8792
j620
8792
j620
8792
j621
8792
j621
8792
j622
8792
j622
8792
j623
8792
j623
8792
j624
8792
j624
8792
j625
8792
j625
8792
j626
8792
j626
8792
j627
8792
j627
8792
j628
8792
j628
8792
j629
8792
j629
8792
j630
8792
j630
8792
j631
8792
j631
8792
j632
8792
j632
8792
j633
8792
j633
8792
j634
8792
j634
8792
j635
8792
j635
8792
j636
8792
j636
8792
j637
8792
j637
8792
j638
8792
j638
8792
j639
8792
j639
8792
j640
8792
j640
8792
j641
8792
j641
8792
j642
8792
j642
8792
j643
8792
j643
8792
j644
8792
j644
8792
j645
9437
j645
9437
j646
9437
j646
9437
j647
9437
j647
9437
j648
9437
j648
9437
j649
9437
j649
9437
j650
9437
j650
9437
j651
9437
j651
9437
j652
9437
j652
9437
j653
9437
j653
9437
j654
9437
j654
9437
j655
9437
j655
9437
j656
9437
j656
9437
j657
9437
j657
9437
j658
9437
j658
10095
j659
10095
j659
10095
j660
10095
j660
10095
j661
10095
j661
10095
j662
10095
j662
10095
j663
10095
j663
10095
j664
10095
j664
10095
j665
10095
j665
10095
j666
10095
j666
10095
j667
10095
j667
10095
j668
10095
j668
10095
j669
10095
j669
10095
j670
10095
j670
10095
j671
10095
j671
10095
j672
10095
j672
10095
j673
10095
j673
10095
j674
10095
j674
10095
j675
10095
j675
10095
j676
10095
j676
10095
j677
10095
j677
10095
j678
10095
j678
10095
j679
10095
j679
10095
j680
10095
j680
10095
j681
10095
j681
10095
j682
10095
j682
10095
j683
10095
j683
10095
j684
10095
j684
10095
j685
10095
j685
10095
j686
10095
j686
10095
j687
10095
j687
10095
j688
10783
j688
10783
j689
10783
j689
10783
j690
10783
j690
10783
j691
10783
j691
10783
j692
10783
j692
10783
j693
10783
j693
10783
j694
10783
j694
10783
j695
10783
j695
10783
j696
10783
j696
10783
j697
10783
j697
10783
j698
10783
j698
10783
j699
10783
j699
10783
j700
10783
j700
10783
j701
10783
j701
10783
j702
10783
j702
10783
j703
10783
j703
10783
j704
10783
j704
10783
j705
10783
j705
11488
j706
11488
j706
11488
j707
11488
j707
11488
j708
11488
j708
11488
j709
11488
j709
11488
j710
11488
j710
11488
j711
11488
j711
11488
j712
11488
j712
11488
j713
11488
j713
11488
j714
11488
j714
11488
j715
11488
j715
11488
j716
11488
j716
11488
j717
11488
j717
11488
j718
11488
j718
11488
j719
11488
j719
11488
j720
11488
j720
11488
j721
11488
j721
11488
j722
11488
j722
11488
j723
11488
j723
11488
j724
11488
j724
11488
j725
11488
j725
11488
j726
11488
j726
11488
j727
11488
j727
11488
j728
11488
j728
11488
j729
11488
j729
11488
j730
11488
j730
11488
j731
12219
j731
12219
j732
12219
j732
12219
j733
12219
j733
12219
j734
12219
j734
12219
j735
12219
j735
12219
j736
12219
j736
12219
j737
12219
j737
12219
j738
12219
j738
12219
j739
12219
j739
12219
j740
12219
j740
12219
j741
12219
j741
12219
j742
12219
j742
12219
j743
12219
j743
12219
j744
12219
j744
12219
j745
12219
j745
12219
j746
12219
j746
12219
j747
12219
j747
12219
j748
12219
j748
12219
j749
12219
j749
12219
j750
12219
j750
12219
j751
12219
j751
12219
j752
12219
j752
12971
j753
12971
j753
12971
j754
12971
j754
12971
j755
12971
j755
12971
j756
12971
j756
12971
j757
12971
j757
12971
j758
12971
j758
12971
j759
12971
j759
12971
j760
12971
j760
12971
j761
12971
j761
12971
j762
12971
j762
12971
j763
12971
j763
12971
j764
12971
j764
12971
j765
12971
j765
12971
j766
12971
j766
12971
j767
12971
j767
12971
j768
12971
j768
12971
j769
12971
j769
12971
j770
12971
j770
12971
j771
12971
j771
12971
j772
12971
j772
12971
j773
12971
j773
12971
j774
13745
j774
13745
j775
13745
j775
13745
j776
13745
j776
13745
j777
13745
j777
13745
j778
13745
j778
13745
j779
13745
j779
13745
j780
13745
j780
13745
j781
13745
j781
13745
j782
13745
j782
13745
j783
13745
j783
13745
j784
13745
j784
13745
j785
13745
j785
13745
j786
13745
j786
13745
j787
13745
j787
13745
j788
13745
j788
13745
j789
13745
j789
13745
j790
13745
j790
13745
j791
13745
j791
13745
j792
13745
j792
13745
j793
13745
j793
13745
j794
13745
j794
13745
j795
13745
j795
13745
j796
13745
j796
13745
j797
13745
j797
13745
j798
13745
j798
13745
j799
13745
j799
14544
j800
14544
j800
14544
j801
14544
j801
14544
j802
14544
j802
14544
j803
14544
j803
14544
j804
14544
j804
14544
j805
14544
j805
14544
j806
14544
j806
14544
j807
14544
j807
14544
j808
14544
j808
14544
j809
14544
j809
14544
j810
14544
j810
14544
j811
14544
j811
14544
j812
14544
j812
14544
j813
14544
j813
14544
j814
14544
j814
14544
j815
14544
j815
14544
j816
14544
j816
14544
j817
15361
j817
15361
j818
15361
j818
15361
j819
15361
j819
15361
j820
15361
j820
15361
j821
15361
j821
15361
j822
15361
j822
15361
j823
15361
j823
15361
j824
15361
j824
15361
j825
15361
j825
15361
j826
15361
j826
15361
j827
15361
j827
15361
j828
15361
j828
15361
j829
15361
j829
15361
j830
15361
j830
15361
j831
15361
j831
15361
j832
15361
j832
15361
j833
15361
j833
15361
j834
15361
j834
15361
j835
15361
j835
15361
j836
15361
j836
15361
j837
15361
j837
15361
j838
15361
j838
15361
j839
15361
j839
15361
j840
15361
j840
15361
j841
15361
j841
15361
j842
15361
j842
15361
j843
15361
j843
15361
j844
15361
j844
15361
j845
15361
j845
15361
j846
15361
j846
16207
j847
16207
j847
16207
j848
16207
j848
16207
j849
16207
j849
16207
j850
16207
j850
16207
j851
16207
j851
16207
j852
16207
j852
16207
j853
16207
j853
16207
j854
16207
j854
16207
j855
16207
j855
16207
j856
16207
j856
16207
j857
16207
j857
16207
j858
16207
j858
16207
j859
16207
j859
16207
j860
17067
j860
17067
j861
17067
j861
17067
j862
17067
j862
17067
j863
17067
j863
17067
j864
17067
j864
17067
j865
17067
j865
17067
j866
17067
j866
17067
j867
17067
j867
17067
j868
17067
j868
17067
j869
17067
j869
17067
j870
17067
j870
17067
j871
17067
j871
17067
j872
17067
j872
17067
j873
17067
j873
17067
j874
17067
j874
17067
j875
17067
j875
17067
j876
17067
j876
17067
j877
17067
j877
17067
j878
17067
j878
17067
j879
17067
j879
17067
j880
17067
j880
17067
j881
17067
j881
17067
j882
17067
j882
17067
j883
17067
j883
17067
j884
17067
j884
17067
j885
17067
j885
17067
j886
17067
j886
17067
j887
17067
j887
17067
j888
17067
j888
17067
j889
17067
j889
17067
j890
17067
j890
17067
j891
17067
j891
17067
j892
17067
j892
17067
j893
17067
j893
17960
j894
17960
j894
17960
j895
17960
j895
17960
j896
17960
j896
17960
j897
17960
j897
17960
j898
17960
j898
17960
j899
17960
j899
17960
j900
17960
j900
17960
j901
17960
j901
17960
j902
17960
j902
17960
j903
18863
j903
18863
j904
18863
j904
18863
j905
18863
j905
18863
j906
18863
j906
18863
j907
18863
j907
18863
j908
18863
j908
18863
j909
18863
j909
18863
j910
18863
j910
18863
j911
18863
j911
18863
j912
18863
j912
18863
j913
18863
j913
18863
j914
18863
j914
18863
j915
18863
j915
18863
j916
18863
j916
18863
j917
18863
j917
18863
j918
18863
j918
18863
j919
18863
j919
18863
j920
18863
j920
18863
j921
18863
j921
18863
j922
18863
j922
18863
j923
18863
j923
18863
j924
18863
j924
18863
j925
18863
j925
18863
j926
18863
j926
18863
j927
18863
j927
18863
j928
18863
j928
18863
j929
18863
j929
18863
j930
18863
j930
18863
j931
18863
j931
18863
j932
18863
j932
18863
j933
18863
j933
18863
j934
18863
j934
18863
j935
18863
j935
18863
j936
18863
j936
18863
j937
18863
j937
18863
j938
18863
j938
18863
j939
18863
j939
18863
j940
18863
j940
19803
j941
19803
j941
19803
j942
19803
j942
19803
j943
19803
j943
19803
j944
19803
j944
19803
j945
19803
j945
19803
j946
20749
j946
20749
j947
20749
j947
20749
j948
20749
j948
20749
j949
20749
j949
20749
j950
20749
j950
20749
j951
20749
j951
20749
j952
20749
j952
20749
j953
20749
j953
20749
j954
20749
j954
20749
j955
20749
j955
20749
j956
20749
j956
20749
j957
20749
j957
20749
j958
20749
j958
20749
j959
20749
j959
20749
j960
20749
j960
20749
j961
20749
j961
20749
j962
20749
j962
20749
j963
20749
j963
20749
j964
20749
j964
20749
j965
20749
j965
20749
j966
20749
j966
20749
j967
20749
j967
20749
j968
20749
j968
20749
j969
20749
j969
20749
j970
20749
j970
20749
j971
20749
j971
20749
j972
20749
j972
20749
j973
20749
j973
20749
j974
20749
j974
20749
j975
20749
j975
20749
j976
20749
j976
20749
j977
20749
j977
20749
j978
20749
j978
20749
j979
20749
j979
20749
j980
20749
j980
20749
j981
20749
j981
20749
j982
20749
j982
20749
j983
20749
j983
20749
j984
20749
j984
20749
j985
20749
j985
20749
j986
20749
j986
20749
j987
20749
j987
21736
j988
21736
j988
21736
j989
22725
j989
22725
j990
22725
j990
22725
j991
22725
j991
22725
j992
22725
j992
22725
j993
22725
j993
22725
j994
22725
j994
22725
j995
22725
j995
22725
j996
22725
j996
22725
j997
22725
j997
22725
j998
22725
j998
22725
j999
22725
j999
22725
j1000
22725
j1000
22725
j1001
22725
j1001
22725
j1002
22725
j1002
22725
j1003
22725
j1003
22725
j1004
22725
j1004
22725
j1005
22725
j1005
22725
j1006
22725
j1006
22725
j1007
22725
j1007
22725
j1008
22725
j1008
22725
j1009
22725
j1009
22725
j1010
22725
j1010
22725
j1011
22725
j1011
22725
j1012
22725
j1012
22725
j1013
22725
j1013
22725
j1014
22725
j1014
22725
j1015
22725
j1015
22725
j1016
22725
j1016
22725
j1017
22725
j1017
22725
j1018
22725
j1018
22725
j1019
22725
j1019
22725
j1020
22725
j1020
22725
j1021
22725
j1021
22725
j1022
22725
j1022
22725
j1023
22725
j1023
22725
j1024
22725
j1024
22725
j1025
22725
j1025
22725
j1026
22725
j1026
22725
j1027
22725
j1027
22725
j1028
22725
j1028
22725
j1029
22725
j1029
22725
j1030
22725
j1030
22725
j1031
22725
j1031
22725
j1032
23757
j1032
23757
j1033
23757
j1033
23757
j1034
23757
j1034
24791
j1035
24791
j1035
24791
j1036
24791
j1036
24791
j1037
24791
j1037
24791
j1038
24791
j1038
24791
j1039
24791
j1039
24791
j1040
24791
j1040
24791
j1041
24791
j1041
24791
j1042
24791
j1042
24791
j1043
24791
j1043
24791
j1044
24791
j1044
24791
j1045
24791
j1045
24791
j1046
24791
j1046
24791
j1047
24791
j1047
24791
j1048
24791
j1048
24791
j1049
24791
j1049
24791
j1050
24791
j1050
24791
j1051
24791
j1051
24791
j1052
24791
j1052
24791
j1053
24791
j1053
24791
j1054
24791
j1054
24791
j1055
24791
j1055
24791
j1056
24791
j1056
24791
j1057
24791
j1057
24791
j1058
24791
j1058
24791
j1059
24791
j1059
24791
j1060
24791
j1060
24791
j1061
24791
j1061
24791
j1062
24791
j1062
24791
j1063
24791
j1063
24791
j1064
24791
j1064
24791
j1065
24791
j1065
24791
j1066
24791
j1066
24791
j1067
24791
j1067
24791
j1068
24791
j1068
24791
j1069
24791
j1069
24791
j1070
24791
j1070
24791
j1071
24791
j1071
24791
j1072
24791
j1072
24791
j1073
24791
j1073
24791
j1074
24791
j1074
24791
j1075
25866
j1075
25866
j1076
25866
j1076
25866
j1077
25866
j1077
25866
j1078
25866
j1078
25866
j1079
25866
j1079
25866
j1080
25866
j1080
25866
j1081
25866
j1081
26947
j1082
26947
j1082
26947
j1083
26947
j1083
26947
j1084
26947
j1084
26947
j1085
26947
j1085
26947
j1086
26947
j1086
26947
j1087
26947
j1087
26947
j1088
26947
j1088
26947
j1089
26947
j1089
26947
j1090
26947
j1090
26947
j1091
26947
j1091
26947
j1092
26947
j1092
26947
j1093
26947
j1093
26947
j1094
26947
j1094
26947
j1095
26947
j1095
26947
j1096
26947
j1096
26947
j1097
26947
j1097
26947
j1098
26947
j1098
26947
j1099
26947
j1099
26947
j1100
26947
j1100
26947
j1101
26947
j1101
26947
j1102
26947
j1102
26947
j1103
26947
j1103
26947
j1104
26947
j1104
26947
j1105
26947
j1105
26947
j1106
26947
j1106
26947
j1107
26947
j1107
26947
j1108
26947
j1108
26947
j1109
26947
j1109
26947
j1110
26947
j1110
26947
j1111
26947
j1111
26947
j1112
26947
j1112
26947
j1113
26947
j1113
26947
j1114
26947
j1114
26947
j1115
26947
j1115
26947
j1116
26947
j1116
26947
j1117
26947
j1117
26947
j1118
28065
j1118
28065
j1119
28065
j1119
28065
j1120
28065
j1120
28065
j1121
28065
j1121
28065
j1122
28065
j1122
28065
j1123
28065
j1123
28065
j1124
28065
j1124
28065
j1125
28065
j1125
28065
j1126
28065
j1126
28065
j1127
28065
j1127
28065
j1128
28065
j1128
29193
j1129
29193
j1129
29193
j1130
29193
j1130
29193
j1131
29193
j1131
29193
j1132
29193
j1132
29193
j1133
29193
j1133
29193
j1134
29193
j1134
29193
j1135
29193
j1135
29193
j1136
29193
j1136
29193
j1137
29193
j1137
29193
j1138
29193
j1138
29193
j1139
29193
j1139
29193
j1140
29193
j1140
29193
j1141
29193
j1141
29193
j1142
29193
j1142
29193
j1143
29193
j1143
29193
j1144
29193
j1144
29193
j1145
29193
j1145
29193
j1146
29193
j1146
29193
j1147
29193
j1147
29193
j1148
29193
j1148
29193
j1149
29193
j1149
29193
j1150
29193
j1150
29193
j1151
29193
j1151
29193
j1152
29193
j1152
29193
j1153
29193
j1153
29193
j1154
29193
j1154
29193
j1155
29193
j1155
29193
j1156
29193
j1156
29193
j1157
29193
j1157
29193
j1158
29193
j1158
29193
j1159
29193
j1159
29193
j1160
29193
j1160
29193
j1161
30354
j1161
30354
j1162
30354
j1162
30354
j1163
30354
j1163
30354
j1164
30354
j1164
30354
j1165
30354
j1165
30354
j1166
30354
j1166
30354
j1167
30354
j1167
30354
j1168
30354
j1168
30354
j1169
30354
j1169
30354
j1170
30354
j1170
30354
j1171
30354
j1171
30354
j1172
30354
j1172
30354
j1173
30354
j1173
30354
j1174
30354
j1174
30354
j1175
30354
j1175
31529
j1176
31529
j1176
31529
j1177
31529
j1177
31529
j1178
31529
j1178
31529
j1179
31529
j1179
31529
j1180
31529
j1180
31529
j1181
31529
j1181
31529
j1182
31529
j1182
31529
j1183
31529
j1183
31529
j1184
31529
j1184
31529
j1185
31529
j1185
31529
j1186
31529
j1186
31529
j1187
31529
j1187
31529
j1188
31529
j1188
31529
j1189
31529
j1189
31529
j1190
31529
j1190
31529
j1191
31529
j1191
31529
j1192
31529
j1192
31529
j1193
31529
j1193
31529
j1194
31529
j1194
31529
j1195
31529
j1195
31529
j1196
31529
j1196
31529
j1197
31529
j1197
31529
j1198
31529
j1198
31529
j1199
31529
j1199
31529
j1200
31529
j1200
31529
j1201
31529
j1201
31529
j1202
31529
j1202
31529
j1203
31529
j1203
31529
j1204
32733
j1204
32733
j1205
32733
j1205
32733
j1206
32733
j1206
32733
j1207
32733
j1207
32733
j1208
32733
j1208
32733
j1209
32733
j1209
32733
j1210
32733
j1210
32733
j1211
32733
j1211
32733
j1212
32733
j1212
32733
j1213
32733
j1213
32733
j1214
32733
j1214
32733
j1215
32733
j1215
32733
j1216
32733
j1216
32733
j1217
32733
j1217
32733
j1218
32733
j1218
32733
j1219
32733
j1219
32733
j1220
32733
j1220
32733
j1221
32733
j1221
32733
j1222
32733
j1222
33955
j1223
33955
j1223
33955
j1224
33955
j1224
33955
j1225
33955
j1225
33955
j1226
33955
j1226
33955
j1227
33955
j1227
33955
j1228
33955
j1228
33955
j1229
33955
j1229
33955
j1230
33955
j1230
33955
j1231
33955
j1231
33955
j1232
33955
j1232
33955
j1233
33955
j1233
33955
j1234
33955
j1234
33955
j1235
33955
j1235
33955
j1236
33955
j1236
33955
j1237
33955
j1237
33955
j1238
33955
j1238
33955
j1239
33955
j1239
33955
j1240
33955
j1240
33955
j1241
33955
j1241
33955
j1242
33955
j1242
33955
j1243
33955
j1243
33955
j1244
33955
j1244
33955
j1245
33955
j1245
33955
j1246
33955
j1246
33955
j1247
35202
j1247
35202
j1248
35202
j1248
35202
j1249
35202
j1249
35202
j1250
35202
j1250
35202
j1251
35202
j1251
35202
j1252
35202
j1252
35202
j1253
35202
j1253
35202
j1254
35202
j1254
35202
j1255
35202
j1255
35202
j1256
35202
j1256
35202
j1257
35202
j1257
35202
j1258
35202
j1258
35202
j1259
35202
j1259
35202
j1260
35202
j1260
35202
j1261
35202
j1261
35202
j1262
35202
j1262
35202
j1263
35202
j1263
35202
j1264
35202
j1264
35202
j1265
35202
j1265
35202
j1266
35202
j1266
35202
j1267
35202
j1267
35202
j1268
35202
j1268
35202
j1269
35202
j1269
36471
j1270
36471
j1270
36471
j1271
36471
j1271
36471
j1272
36471
j1272
36471
j1273
36471
j1273
36471
j1274
36471
j1274
36471
j1275
36471
j1275
36471
j1276
36471
j1276
36471
j1277
36471
j1277
36471
j1278
36471
j1278
36471
j1279
36471
j1279
36471
j1280
36471
j1280
36471
j1281
36471
j1281
36471
j1282
36471
j1282
36471
j1283
36471
j1283
36471
j1284
36471
j1284
36471
j1285
36471
j1285
36471
j1286
36471
j1286
36471
j1287
36471
j1287
36471
j1288
36471
j1288
36471
j1289
36471
j1289
36471
j1290
37761
j1290
37761
j1291
37761
j1291
37761
j1292
37761
j1292
37761
j1293
37761
j1293
37761
j1294
37761
j1294
37761
j1295
37761
j1295
37761
j1296
37761
j1296
37761
j1297
37761
j1297
37761
j1298
37761
j1298
37761
j1299
37761
j1299
37761
j1300
37761
j1300
37761
j1301
37761
j1301
37761
j1302
37761
j1302
37761
j1303
37761
j1303
37761
j1304
37761
j1304
37761
j1305
37761
j1305
37761
j1306
37761
j1306
37761
j1307
37761
j1307
37761
j1308
37761
j1308
37761
j1309
37761
j1309
37761
j1310
37761
j1310
37761
j1311
37761
j1311
37761
j1312
37761
j1312
37761
j1313
37761
j1313
37761
j1314
37761
j1314
37761
j1315
37761
j1315
37761
j1316
37761
j1316
39077
j1317
39077
j1317
39077
j1318
39077
j1318
39077
j1319
39077
j1319
39077
j1320
39077
j1320
39077
j1321
39077
j1321
39077
j1322
39077
j1322
39077
j1323
39077
j1323
39077
j1324
39077
j1324
39077
j1325
39077
j1325
39077
j1326
39077
j1326
39077
j1327
39077
j1327
39077
j1328
39077
j1328
39077
j1329
39077
j1329
39077
j1330
39077
j1330
39077
j1331
39077
j1331
39077
j1332
39077
j1332
39077
j1333
40410
j1333
40410
j1334
40410
j1334
40410
j1335
40410
j1335
40410
j1336
40410
j1336
40410
j1337
40410
j1337
40410
j1338
40410
j1338
40410
j1339
40410
j1339
40410
j1340
40410
j1340
40410
j1341
40410
j1341
40410
j1342
40410
j1342
40410
j1343
40410
j1343
40410
j1344
40410
j1344
40410
j1345
40410
j1345
40410
j1346
40410
j1346
40410
j1347
40410
j1347
40410
j1348
40410
j1348
40410
j1349
40410
j1349
40410
j1350
40410
j1350
40410
j1351
40410
j1351
40410
j1352
40410
j1352
40410
j1353
40410
j1353
40410
j1354
40410
j1354
40410
j1355
40410
j1355
40410
j1356
40410
j1356
40410
j1357
40410
j1357
40410
j1358
40410
j1358
40410
j1359
40410
j1359
40410
j1360
40410
j1360
40410
j1361
40410
j1361
40410
j1362
40410
j1362
40410
j1363
40410
j1363
41773
j1364
41773
j1364
41773
j1365
41773
j1365
41773
j1366
41773
j1366
41773
j1367
41773
j1367
41773
j1368
41773
j1368
41773
j1369
41773
j1369
41773
j1370
41773
j1370
41773
j1371
41773
j1371
41773
j1372
41773
j1372
41773
j1373
41773
j1373
41773
j1374
41773
j1374
41773
j1375
41773
j1375
41773
j1376
43149
j1376
43149
j1377
43149
j1377
43149
j1378
43149
j1378
43149
j1379
43149
j1379
43149
j1380
43149
j1380
43149
j1381
43149
j1381
43149
j1382
43149
j1382
43149
j1383
43149
j1383
43149
j1384
43149
j1384
43149
j1385
43149
j1385
43149
j1386
43149
j1386
43149
j1387
43149
j1387
43149
j1388
43149
j1388
43149
j1389
43149
j1389
43149
j1390
43149
j1390
43149
j1391
43149
j1391
43149
j1392
43149
j1392
43149
j1393
43149
j1393
43149
j1394
43149
j1394
43149
j1395
43149
j1395
43149
j1396
43149
j1396
43149
j1397
43149
j1397
43149
j1398
43149
j1398
43149
j1399
43149
j1399
43149
j1400
43149
j1400
43149
j1401
43149
j1401
43149
j1402
43149
j1402
43149
j1403
43149
j1403
43149
j1404
43149
j1404
43149
j1405
43149
j1405
43149
j1406
43149
j1406
43149
j1407
43149
j1407
43149
j1408
43149
j1408
43149
j1409
43149
j1409
43149
j1410
43149
j1410
44559
j1411
44559
j1411
44559
j1412
44559
j1412
44559
j1413
44559
j1413
44559
j1414
44559
j1414
44559
j1415
44559
j1415
44559
j1416
44559
j1416
44559
j1417
44559
j1417
44559
j1418
44559
j1418
44559
j1419
45978
j1419
45978
j1420
45978
j1420
45978
j1421
45978
j1421
45978
j1422
45978
j1422
45978
j1423
45978
j1423
45978
j1424
45978
j1424
45978
j1425
45978
j1425
45978
j1426
45978
j1426
45978
j1427
45978
j1427
45978
j1428
45978
j1428
45978
j1429
45978
j1429
45978
j1430
45978
j1430
45978
j1431
45978
j1431
45978
j1432
45978
j1432
45978
j1433
45978
j1433
45978
j1434
45978
j1434
45978
j1435
45978
j1435
45978
j1436
45978
j1436
45978
j1437
45978
j1437
45978
j1438
45978
j1438
45978
j1439
45978
j1439
45978
j1440
45978
j1440
45978
j1441
45978
j1441
45978
j1442
45978
j1442
45978
j1443
45978
j1443
45978
j1444
45978
j1444
45978
j1445
45978
j1445
45978
j1446
45978
j1446
45978
j1447
45978
j1447
45978
j1448
45978
j1448
45978
j1449
45978
j1449
45978
j1450
45978
j1450
45978
j1451
45978
j1451
45978
j1452
45978
j1452
45978
j1453
45978
j1453
45978
j1454
45978
j1454
45978
j1455
45978
j1455
45978
j1456
45978
j1456
45978
j1457
45978
j1457
47435
j1458
47435
j1458
47435
j1459
47435
j1459
47435
j1460
47435
j1460
47435
j1461
47435
j1461
47435
j1462
48897
j1462
48897
j1463
48897
j1463
48897
j1464
48897
j1464
48897
j1465
48897
j1465
48897
j1466
48897
j1466
48897
j1467
48897
j1467
48897
j1468
48897
j1468
48897
j1469
48897
j1469
48897
j1470
48897
j1470
48897
j1471
48897
j1471
48897
j1472
48897
j1472
48897
j1473
48897
j1473
48897
j1474
48897
j1474
48897
j1475
48897
j1475
48897
j1476
48897
j1476
48897
j1477
48897
j1477
48897
j1478
48897
j1478
48897
j1479
48897
j1479
48897
j1480
48897
j1480
48897
j1481
48897
j1481
48897
j1482
48897
j1482
48897
j1483
48897
j1483
48897
j1484
48897
j1484
48897
j1485
48897
j1485
48897
j1486
48897
j1486
48897
j1487
48897
j1487
48897
j1488
48897
j1488
48897
j1489
48897
j1489
48897
j1490
48897
j1490
48897
j1491
48897
j1491
48897
j1492
48897
j1492
48897
j1493
48897
j1493
48897
j1494
48897
j1494
48897
j1495
48897
j1495
48897
j1496
48897
j1496
48897
j1497
48897
j1497
48897
j1498
48897
j1498
48897
j1499
48897
j1499
48897
j1500
48897
j1500
48897
j1501
48897
j1501
48897
j1502
48897
j1502
48897
j1503
48897
j1503
48897
j1504
48897
j1504
50401
j1505
51906
j1505
51906
j1506
51906
j1506
51906
j1507
51906
j1507
51906
j1508
51906
j1508
51906
j1509
51906
j1509
51906
j1510
51906
j1510
51906
j1511
51906
j1511
51906
j1512
51906
j1512
51906
j1513
51906
j1513
51906
j1514
51906
j1514
51906
j1515
51906
j1515
51906
j1516
51906
j1516
51906
j1517
51906
j1517
51906
j1518
51906
j1518
51906
j1519
51906
j1519
51906
j1520
51906
j1520
51906
j1521
51906
j1521
51906
j1522
51906
j1522
51906
j1523
51906
j1523
51906
j1524
51906
j1524
51906
j1525
51906
j1525
51906
j1526
51906
j1526
51906
j1527
51906
j1527
51906
j1528
51906
j1528
51906
j1529
51906
j1529
51906
j1530
51906
j1530
51906
j1531
51906
j1531
51906
j1532
51906
j1532
51906
j1533
51906
j1533
51906
j1534
51906
j1534
51906
j1535
51906
j1535
51906
j1536
51906
j1536
51906
j1537
51906
j1537
51906
j1538
51906
j1538
51906
j1539
51906
j1539
51906
j1540
51906
j1540
51906
j1541
51906
j1541
51906
j1542
51906
j1542
51906
j1543
51906
j1543
51906
j1544
51906
j1544
51906
j1545
51906
j1545
51906
j1546
51906
j1546
51906
j1547
51906
j1547
51906
j1548
53454
j1548
53454
j1549
53454
j1549
53454
j1550
53454
j1550
53454
j1551
53454
j1551
55005
j1552
55005
j1552
55005
j1553
55005
j1553
55005
j1554
55005
j1554
55005
j1555
55005
j1555
55005
j1556
55005
j1556
55005
j1557
55005
j1557
55005
j1558
55005
j1558
55005
j1559
55005
j1559
55005
j1560
55005
j1560
55005
j1561
55005
j1561
55005
j1562
55005
j1562
55005
j1563
55005
j1563
55005
j1564
55005
j1564
55005
j1565
55005
j1565
55005
j1566
55005
j1566
55005
j1567
55005
j1567
55005
j1568
55005
j1568
55005
j1569
55005
j1569
55005
j1570
55005
j1570
55005
j1571
55005
j1571
55005
j1572
55005
j1572
55005
j1573
55005
j1573
55005
j1574
55005
j1574
55005
j1575
55005
j1575
55005
j1576
55005
j1576
55005
j1577
55005
j1577
55005
j1578
55005
j1578
55005
j1579
55005
j1579
55005
j1580
55005
j1580
55005
j1581
55005
j1581
55005
j1582
55005
j1582
55005
j1583
55005
j1583
55005
j1584
55005
j1584
55005
j1585
55005
j1585
55005
j1586
55005
j1586
55005
j1587
55005
j1587
55005
j1588
55005
j1588
55005
j1589
55005
j1589
55005
j1590
55005
j1590
55005
j1591
56596
j1591
56596
j1592
56596
j1592
56596
j1593
56596
j1593
56596
j1594
56596
j1594
56596
j1595
56596
j1595
56596
j1596
56596
j1596
56596
j1597
56596
j1597
56596
j1598
56596
j1598
58194
j1599
58194
j1599
58194
j1600
58194
j1600
58194
j1601
58194
j1601
58194
j1602
58194
j1602
58194
j1603
58194
j1603
58194
j1604
58194
j1604
58194
j1605
58194
j1605
58194
j1606
58194
j1606
58194
j1607
58194
j1607
58194
j1608
58194
j1608
58194
j1609
58194
j1609
58194
j1610
58194
j1610
58194
j1611
58194
j1611
58194
j1612
58194
j1612
58194
j1613
58194
j1613
58194
j1614
58194
j1614
58194
j1615
58194
j1615
58194
j1616
58194
j1616
58194
j1617
58194
j1617
58194
j1618
58194
j1618
58194
j1619
58194
j1619
58194
j1620
58194
j1620
58194
j1621
58194
j1621
58194
j1622
58194
j1622
58194
j1623
58194
j1623
58194
j1624
58194
j1624
58194
j1625
58194
j1625
58194
j1626
58194
j1626
58194
j1627
58194
j1627
58194
j1628
58194
j1628
58194
j1629
58194
j1629
58194
j1630
58194
j1630
58194
j1631
58194
j1631
58194
j1632
58194
j1632
58194
j1633
58194
j1633
58194
j1634
59828
j1634
59828
j1635
59828
j1635
59828
j1636
59828
j1636
59828
j1637
59828
j1637
59828
j1638
59828
j1638
59828
j1639
59828
j1639
59828
j1640
59828
j1640
59828
j1641
59828
j1641
59828
j1642
59828
j1642
59828
j1643
59828
j1643
59828
j1644
59828
j1644
59828
j1645
59828
j1645
61473
j1646
61473
j1646
61473
j1647
61473
j1647
61473
j1648
61473
j1648
61473
j1649
61473
j1649
61473
j1650
61473
j1650
61473
j1651
61473
j1651
61473
j1652
61473
j1652
61473
j1653
61473
j1653
61473
j1654
61473
j1654
61473
j1655
61473
j1655
61473
j1656
61473
j1656
61473
j1657
61473
j1657
61473
j1658
61473
j1658
61473
j1659
61473
j1659
61473
j1660
61473
j1660
61473
j1661
61473
j1661
61473
j1662
61473
j1662
61473
j1663
61473
j1663
61473
j1664
61473
j1664
61473
j1665
61473
j1665
61473
j1666
61473
j1666
61473
j1667
61473
j1667
61473
j1668
61473
j1668
61473
j1669
61473
j1669
61473
j1670
61473
j1670
61473
j1671
61473
j1671
61473
j1672
61473
j1672
61473
j1673
61473
j1673
61473
j1674
61473
j1674
61473
j1675
61473
j1675
61473
j1676
61473
j1676
61473
j1677
63150
j1677
63150
j1678
63150
j1678
63150
j1679
63150
j1679
63150
j1680
63150
j1680
63150
j1681
63150
j1681
63150
j1682
63150
j1682
63150
j1683
63150
j1683
63150
j1684
63150
j1684
63150
j1685
63150
j1685
63150
j1686
63150
j1686
63150
j1687
63150
j1687
63150
j1688
63150
j1688
63150
j1689
63150
j1689
63150
j1690
63150
j1690
63150
j1691
63150
j1691
63150
j1692
63150
j1692
64842
j1693
64842
j1693
64842
j1694
64842
j1694
64842
j1695
64842
j1695
64842
j1696
64842
j1696
64842
j1697
64842
j1697
64842
j1698
64842
j1698
64842
j1699
64842
j1699
64842
j1700
64842
j1700
64842
j1701
64842
j1701
64842
j1702
64842
j1702
64842
j1703
64842
j1703
64842
j1704
64842
j1704
64842
j1705
64842
j1705
64842
j1706
64842
j1706
64842
j1707
64842
j1707
64842
j1708
64842
j1708
64842
j1709
64842
j1709
64842
j1710
64842
j1710
64842
j1711
64842
j1711
64842
j1712
64842
j1712
64842
j1713
64842
j1713
64842
j1714
64842
j1714
64842
j1715
64842
j1715
64842
j1716
64842
j1716
64842
j1717
64842
j1717
64842
j1718
64842
j1718
64842
j1719
64842
j1719
64842
j1720
66562
j1720
66562
j1721
66562
j1721
66562
j1722
66562
j1722
66562
j1723
66562
j1723
66562
j1724
66562
j1724
66562
j1725
66562
j1725
66562
j1726
66562
j1726
66562
j1727
66562
j1727
66562
j1728
66562
j1728
66562
j1729
66562
j1729
66562
j1730
66562
j1730
66562
j1731
66562
j1731
66562
j1732
66562
j1732
66562
j1733
66562
j1733
66562
j1734
66562
j1734
66562
j1735
66562
j1735
66562
j1736
66562
j1736
66562
j1737
66562
j1737
66562
j1738
66562
j1738
66562
j1739
66562
j1739
68301
j1740
68301
j1740
68301
j1741
68301
j1741
68301
j1742
68301
j1742
68301
j1743
68301
j1743
68301
j1744
68301
j1744
68301
j1745
68301
j1745
68301
j1746
68301
j1746
68301
j1747
68301
j1747
68301
j1748
68301
j1748
68301
j1749
68301
j1749
68301
j1750
68301
j1750
68301
j1751
68301
j1751
68301
j1752
68301
j1752
68301
j1753
68301
j1753
68301
j1754
68301
j1754
68301
j1755
68301
j1755
68301
j1756
68301
j1756
68301
j1757
68301
j1757
68301
j1758
68301
j1758
68301
j1759
68301
j1759
68301
j1760
68301
j1760
68301
j1761
68301
j1761
68301
j1762
68301
j1762
68301
j1763
70064
j1763
70064
j1764
70064
j1764
70064
j1765
70064
j1765
70064
j1766
70064
j1766
70064
j1767
70064
j1767
70064
j1768
70064
j1768
70064
j1769
70064
j1769
70064
j1770
70064
j1770
70064
j1771
70064
j1771
70064
j1772
70064
j1772
70064
j1773
70064
j1773
70064
j1774
70064
j1774
70064
j1775
70064
j1775
70064
j1776
70064
j1776
70064
j1777
70064
j1777
70064
j1778
70064
j1778
70064
j1779
70064
j1779
70064
j1780
70064
j1780
70064
j1781
70064
j1781
70064
j1782
70064
j1782
70064
j1783
70064
j1783
70064
j1784
70064
j1784
70064
j1785
70064
j1785
70064
j1786
70064
j1786
71850
j1787
71850
j1787
71850
j1788
71850
j1788
71850
j1789
71850
j1789
71850
j1790
71850
j1790
71850
j1791
71850
j1791
71850
j1792
71850
j1792
71850
j1793
71850
j1793
71850
j1794
71850
j1794
71850
j1795
71850
j1795
71850
j1796
71850
j1796
71850
j1797
71850
j1797
71850
j1798
71850
j1798
71850
j1799
71850
j1799
71850
j1800
71850
j1800
71850
j1801
71850
j1801
71850
j1802
71850
j1802
71850
j1803
71850
j1803
71850
j1804
71850
j1804
71850
j1805
71850
j1805
71850
j1806
73656
j1806
73656
j1807
73656
j1807
73656
j1808
73656
j1808
73656
j1809
73656
j1809
73656
j1810
73656
j1810
73656
j1811
73656
j1811
73656
j1812
73656
j1812
73656
j1813
73656
j1813
73656
j1814
73656
j1814
73656
j1815
73656
j1815
73656
j1816
73656
j1816
73656
j1817
73656
j1817
73656
j1818
73656
j1818
73656
j1819
73656
j1819
73656
j1820
73656
j1820
73656
j1821
73656
j1821
73656
j1822
73656
j1822
73656
j1823
73656
j1823
73656
j1824
73656
j1824
73656
j1825
73656
j1825
73656
j1826
73656
j1826
73656
j1827
73656
j1827
73656
j1828
73656
j1828
73656
j1829
73656
j1829
73656
j1830
73656
j1830
73656
j1831
73656
j1831
73656
j1832
73656
j1832
73656
j1833
73656
j1833
75489
j1834
75489
j1834
75489
j1835
75489
j1835
75489
j1836
75489
j1836
75489
j1837
75489
j1837
75489
j1838
75489
j1838
75489
j1839
75489
j1839
75489
j1840
75489
j1840
75489
j1841
75489
j1841
75489
j1842
75489
j1842
75489
j1843
75489
j1843
75489
j1844
75489
j1844
75489
j1845
75489
j1845
75489
j1846
75489
j1846
75489
j1847
75489
j1847
75489
j1848
75489
j1848
75489
j1849
77338
j1849
77338
j1850
77338
j1850
77338
j1851
77338
j1851
77338
j1852
77338
j1852
77338
j1853
77338
j1853
77338
j1854
77338
j1854
77338
j1855
77338
j1855
77338
j1856
77338
j1856
77338
j1857
77338
j1857
77338
j1858
77338
j1858
77338
j1859
77338
j1859
77338
j1860
77338
j1860
77338
j1861
77338
j1861
77338
j1862
77338
j1862
77338
j1863
77338
j1863
77338
j1864
77338
j1864
77338
j1865
77338
j1865
77338
j1866
77338
j1866
77338
j1867
77338
j1867
77338
j1868
77338
j1868
77338
j1869
77338
j1869
77338
j1870
77338
j1870
77338
j1871
77338
j1871
77338
j1872
77338
j1872
77338
j1873
77338
j1873
77338
j1874
77338
j1874
77338
j1875
77338
j1875
77338
j1876
77338
j1876
77338
j1877
77338
j1877
77338
j1878
77338
j1878
77338
j1879
77338
j1879
77338
j1880
77338
j1880
79218
j1881
79218
j1881
79218
j1882
79218
j1882
79218
j1883
79218
j1883
79218
j1884
79218
j1884
79218
j1885
79218
j1885
79218
j1886
79218
j1886
79218
j1887
79218
j1887
79218
j1888
79218
j1888
79218
j1889
79218
j1889
79218
j1890
79218
j1890
79218
j1891
79218
j1891
79218
j1892
81110
j1892
81110
j1893
81110
j1893
81110
j1894
81110
j1894
81110
j1895
81110
j1895
81110
j1896
81110
j1896
81110
j1897
81110
j1897
81110
j1898
81110
j1898
81110
j1899
81110
j1899
81110
j1900
81110
j1900
81110
j1901
81110
j1901
81110
j1902
81110
j1902
81110
j1903
81110
j1903
81110
j1904
81110
j1904
81110
j1905
81110
j1905
81110
j1906
81110
j1906
81110
j1907
81110
j1907
81110
j1908
81110
j1908
81110
j1909
81110
j1909
81110
j1910
81110
j1910
81110
j1911
81110
j1911
81110
j1912
81110
j1912
81110
j1913
81110
j1913
81110
j1914
81110
j1914
81110
j1915
81110
j1915
81110
j1916
81110
j1916
81110
j1917
81110
j1917
81110
j1918
81110
j1918
81110
j1919
81110
j1919
81110
j1920
81110
j1920
81110
j1921
81110
j1921
81110
j1922
81110
j1922
81110
j1923
81110
j1923
81110
j1924
81110
j1924
81110
j1925
81110
j1925
81110
j1926
81110
j1926
81110
j1927
81110
j1927
83037
j1928
83037
j1928
83037
j1929
83037
j1929
83037
j1930
83037
j1930
83037
j1931
83037
j1931
83037
j1932
83037
j1932
83037
j1933
83037
j1933
83037
j1934
83037
j1934
83037
j1935
84972
j1935
84972
j1936
84972
j1936
84972
j1937
84972
j1937
84972
j1938
84972
j1938
84972
j1939
84972
j1939
84972
j1940
84972
j1940
84972
j1941
84972
j1941
84972
j1942
84972
j1942
84972
j1943
84972
j1943
84972
j1944
84972
j1944
84972
j1945
84972
j1945
84972
j1946
84972
j1946
84972
j1947
84972
j1947
84972
j1948
84972
j1948
84972
j1949
84972
j1949
84972
j1950
84972
j1950
84972
j1951
84972
j1951
84972
j1952
84972
j1952
84972
j1953
84972
j1953
84972
j1954
84972
j1954
84972
j1955
84972
j1955
84972
j1956
84972
j1956
84972
j1957
84972
j1957
84972
j1958
84972
j1958
84972
j1959
84972
j1959
84972
j1960
84972
j1960
84972
j1961
84972
j1961
84972
j1962
84972
j1962
84972
j1963
84972
j1963
84972
j1964
84972
j1964
84972
j1965
84972
j1965
84972
j1966
84972
j1966
84972
j1967
84972
j1967
84972
j1968
84972
j1968
84972
j1969
84972
j1969
84972
j1970
84972
j1970
84972
j1971
84972
j1971
84972
j1972
84972
j1972
84972
j1973
84972
j1973
84972
j1974
84972
j1974
86946
j1975
86946
j1975
86946
j1976
86946
j1976
86946
j1977
86946
j1977
86946
j1978
88924
j1978
88924
j1979
88924
j1979
88924
j1980
88924
j1980
88924
j1981
88924
j1981
88924
j1982
88924
j1982
88924
j1983
88924
j1983
88924
j1984
88924
j1984
88924
j1985
88924
j1985
88924
j1986
88924
j1986
88924
j1987
88924
j1987
88924
j1988
88924
j1988
88924
j1989
88924
j1989
88924
j1990
88924
j1990
88924
j1991
88924
j1991
88924
j1992
88924
j1992
88924
j1993
88924
j1993
88924
j1994
88924
j1994
88924
j1995
88924
j1995
88924
j1996
88924
j1996
88924
j1997
88924
j1997
88924
j1998
88924
j1998
88924
j1999
88924
j1999
88924
j2000
88924
j2000
88924
j2001
88924
j2001
88924
j2002
88924
j2002
88924
j2003
88924
j2003
88924
j2004
88924
j2004
88924
j2005
88924
j2005
88924
j2006
88924
j2006
88924
j2007
88924
j2007
88924
j2008
88924
j2008
88924
j2009
88924
j2009
88924
j2010
88924
j2010
88924
j2011
88924
j2011
88924
j2012
88924
j2012
88924
j2013
88924
j2013
88924
j2014
88924
j2014
88924
j2015
88924
j2015
88924
j2016
88924
j2016
88924
j2017
88924
j2017
88924
j2018
88924
j2018
88924
j2019
88924
j2019
88924
j2020
88924
j2020
88924
j2021
90945
j2022
90945
j2022
90945
j2023
90945
j2023
90945
j2024
90945
j2024
90945
j2025
90945
j2025
90945
j2026
90945
j2026
90945
j2027
90945
j2027
90945
j2028
90945
j2028
90945
j2029
90945
j2029
90945
j2030
90945
j2030
90945
j2031
90945
j2031
90945
j2032
90945
j2032
90945
j2033
90945
j2033
90945
j2034
90945
j2034
90945
j2035
90945
j2035
90945
j2036
90945
j2036
90945
j2037
90945
j2037
90945
j2038
90945
j2038
90945
j2039
90945
j2039
90945
j2040
90945
j2040
90945
j2041
90945
j2041
90945
j2042
90945
j2042
90945
j2043
90945
j2043
90945
j2044
90945
j2044
90945
j2045
90945
j2045
90945
j2046
90945
j2046
90945
j2047
90945
j2047
90945
j2048
90945
j2048
90945
j2049
90945
j2049
90945
j2050
90945
j2050
90945
j2051
90945
j2051
90945
j2052
90945
j2052
90945
j2053
90945
j2053
90945
j2054
90945
j2054
90945
j2055
90945
j2055
90945
j2056
90945
j2056
90945
j2057
90945
j2057
90945
j2058
90945
j2058
90945
j2059
90945
j2059
90945
j2060
90945
j2060
90945
j2061
90945
j2061
90945
j2062
90945
j2062
90945
j2063
90945
j2063
90945
j2064
93009
j2064
93009
j2065
93009
j2065
93009
j2066
93009
j2066
93009
j2067
93009
j2067
93009
j2068
93009
j2068
95077
j2069
95077
j2069
95077
j2070
95077
j2070
95077
j2071
95077
j2071
95077
j2072
95077
j2072
95077
j2073
95077
j2073
95077
j2074
95077
j2074
95077
j2075
95077
j2075
95077
j2076
95077
j2076
95077
j2077
95077
j2077
95077
j2078
95077
j2078
95077
j2079
95077
j2079
95077
j2080
95077
j2080
95077
j2081
95077
j2081
95077
j2082
95077
j2082
95077
j2083
95077
j2083
95077
j2084
95077
j2084
95077
j2085
95077
j2085
95077
j2086
95077
j2086
95077
j2087
95077
j2087
95077
j2088
95077
j2088
95077
j2089
95077
j2089
95077
j2090
95077
j2090
95077
j2091
95077
j2091
95077
j2092
95077
j2092
95077
j2093
95077
j2093
95077
j2094
95077
j2094
95077
j2095
95077
j2095
95077
j2096
95077
j2096
95077
j2097
95077
j2097
95077
j2098
95077
j2098
95077
j2099
95077
j2099
95077
j2100
95077
j2100
95077
j2101
95077
j2101
95077
j2102
95077
j2102
95077
j2103
95077
j2103
95077
j2104
95077
j2104
95077
j2105
95077
j2105
95077
j2106
95077
j2106
95077
j2107
97184
j2107
97184
j2108
97184
j2108
97184
j2109
97184
j2109
97184
j2110
97184
j2110
97184
j2111
97184
j2111
97184
j2112
97184
j2112
97184
j2113
97184
j2113
97184
j2114
97184
j2114
97184
j2115
97184
j2115
99299
j2116
99299
j2116
99299
j2117
99299
j2117
99299
j2118
99299
j2118
99299
j2119
99299
j2119
99299
j2120
99299
j2120
99299
j2121
99299
j2121
99299
j2122
99299
j2122
99299
j2123
99299
j2123
99299
j2124
99299
j2124
99299
j2125
99299
j2125
99299
j2126
99299
j2126
99299
j2127
99299
j2127
99299
j2128
99299
j2128
99299
j2129
99299
j2129
99299
j2130
99299
j2130
99299
j2131
99299
j2131
99299
j2132
99299
j2132
99299
j2133
99299
j2133
99299
j2134
99299
j2134
99299
j2135
99299
j2135
99299
j2136
99299
j2136
99299
j2137
99299
j2137
99299
j2138
99299
j2138
99299
j2139
99299
j2139
99299
j2140
99299
j2140
99299
j2141
99299
j2141
99299
j2142
99299
j2142
99299
j2143
99299
j2143
99299
j2144
99299
j2144
99299
j2145
99299
j2145
99299
j2146
99299
j2146
99299
j2147
99299
j2147
99299
j2148
99299
j2148
99299
j2149
99299
j2149
99299
j2150
101449
j2150
101449
j2151
101449
j2151
101449
j2152
101449
j2152
101449
j2153
101449
j2153
101449
j2154
101449
j2154
101449
j2155
101449
j2155
101449
j2156
101449
j2156
101449
j2157
101449
j2157
101449
j2158
101449
j2158
101449
j2159
101449
j2159
101449
j2160
101449
j2160
101449
j2161
101449
j2161
101449
j2162
101449
j2162
103611
j2163
103611
j2163
103611
j2164
103611
j2164
103611
j2165
103611
j2165
103611
j2166
103611
j2166
103611
j2167
103611
j2167
103611
j2168
103611
j2168
103611
j2169
103611
j2169
103611
j2170
103611
j2170
103611
j2171
103611
j2171
103611
j2172
103611
j2172
103611
j2173
103611
j2173
103611
j2174
103611
j2174
103611
j2175
103611
j2175
103611
j2176
103611
j2176
103611
j2177
103611
j2177
103611
j2178
103611
j2178
103611
j2179
103611
j2179
103611
j2180
103611
j2180
103611
j2181
103611
j2181
103611
j2182
103611
j2182
103611
j2183
103611
j2183
103611
j2184
103611
j2184
103611
j2185
103611
j2185
103611
j2186
103611
j2186
103611
j2187
103611
j2187
103611
j2188
103611
j2188
103611
j2189
103611
j2189
103611
j2190
103611
j2190
103611
j2191
103611
j2191
103611
j2192
103611
j2192
103611
j2193
105804
j2193
105804
j2194
105804
j2194
105804
j2195
105804
j2195
105804
j2196
105804
j2196
105804
j2197
105804
j2197
105804
j2198
105804
j2198
105804
j2199
105804
j2199
105804
j2200
105804
j2200
105804
j2201
105804
j2201
105804
j2202
105804
j2202
105804
j2203
105804
j2203
105804
j2204
105804
j2204
105804
j2205
105804
j2205
105804
j2206
105804
j2206
105804
j2207
105804
j2207
105804
j2208
105804
j2208
105804
j2209
105804
j2209
108013
j2210
108013
j2210
108013
j2211
108013
j2211
108013
j2212
108013
j2212
108013
j2213
108013
j2213
108013
j2214
108013
j2214
108013
j2215
108013
j2215
108013
j2216
108013
j2216
108013
j2217
108013
j2217
108013
j2218
108013
j2218
108013
j2219
108013
j2219
108013
j2220
108013
j2220
108013
j2221
108013
j2221
108013
j2222
108013
j2222
108013
j2223
108013
j2223
108013
j2224
108013
j2224
108013
j2225
108013
j2225
108013
j2226
108013
j2226
108013
j2227
108013
j2227
108013
j2228
108013
j2228
108013
j2229
108013
j2229
108013
j2230
108013
j2230
108013
j2231
108013
j2231
108013
j2232
108013
j2232
108013
j2233
108013
j2233
108013
j2234
108013
j2234
108013
j2235
108013
j2235
108013
j2236
110249
j2236
110249
j2237
110249
j2237
110249
j2238
110249
j2238
110249
j2239
110249
j2239
110249
j2240
110249
j2240
110249
j2241
110249
j2241
110249
j2242
110249
j2242
110249
j2243
110249
j2243
110249
j2244
110249
j2244
110249
j2245
110249
j2245
110249
j2246
110249
j2246
110249
j2247
110249
j2247
110249
j2248
110249
j2248
110249
j2249
110249
j2249
110249
j2250
110249
j2250
110249
j2251
110249
j2251
110249
j2252
110249
j2252
110249
j2253
110249
j2253
110249
j2254
110249
j2254
110249
j2255
110249
j2255
110249
j2256
110249
j2256
112505
j2257
112505
j2257
112505
j2258
112505
j2258
112505
j2259
112505
j2259
112505
j2260
112505
j2260
112505
j2261
112505
j2261
112505
j2262
112505
j2262
112505
j2263
112505
j2263
112505
j2264
112505
j2264
112505
j2265
112505
j2265
112505
j2266
112505
j2266
112505
j2267
112505
j2267
112505
j2268
112505
j2268
112505
j2269
112505
j2269
112505
j2270
112505
j2270
112505
j2271
112505
j2271
112505
j2272
112505
j2272
112505
j2273
112505
j2273
112505
j2274
112505
j2274
112505
j2275
112505
j2275
112505
j2276
112505
j2276
112505
j2277
112505
j2277
112505
j2278
112505
j2278
112505
j2279
114784
j2279
114784
j2280
114784
j2280
114784
j2281
114784
j2281
114784
j2282
114784
j2282
114784
j2283
114784
j2283
114784
j2284
114784
j2284
114784
j2285
114784
j2285
114784
j2286
114784
j2286
114784
j2287
114784
j2287
114784
j2288
114784
j2288
114784
j2289
114784
j2289
114784
j2290
114784
j2290
114784
j2291
114784
j2291
114784
j2292
114784
j2292
114784
j2293
114784
j2293
114784
j2294
114784
j2294
114784
j2295
114784
j2295
114784
j2296
114784
j2296
114784
j2297
114784
j2297
114784
j2298
114784
j2298
114784
j2299
114784
j2299
114784
j2300
114784
j2300
114784
j2301
114784
j2301
114784
j2302
114784
j2302
114784
j2303
114784
j2303
117087
j2304
117087
j2304
117087
j2305
117087
j2305
117087
j2306
117087
j2306
117087
j2307
117087
j2307
117087
j2308
117087
j2308
117087
j2309
117087
j2309
117087
j2310
117087
j2310
117087
j2311
117087
j2311
117087
j2312
117087
j2312
117087
j2313
117087
j2313
117087
j2314
117087
j2314
117087
j2315
117087
j2315
117087
j2316
117087
j2316
117087
j2317
117087
j2317
117087
j2318
117087
j2318
117087
j2319
117087
j2319
117087
j2320
117087
j2320
117087
j2321
117087
j2321
117087
j2322
119409
j2322
119409
j2323
119409
j2323
119409
j2324
119409
j2324
119409
j2325
119409
j2325
119409
j2326
119409
j2326
119409
j2327
119409
j2327
119409
j2328
119409
j2328
119409
j2329
119409
j2329
119409
j2330
119409
j2330
119409
j2331
119409
j2331
119409
j2332
119409
j2332
119409
j2333
119409
j2333
119409
j2334
119409
j2334
119409
j2335
119409
j2335
119409
j2336
119409
j2336
119409
j2337
119409
j2337
119409
j2338
119409
j2338
119409
j2339
119409
j2339
119409
j2340
119409
j2340
119409
j2341
119409
j2341
119409
j2342
119409
j2342
119409
j2343
119409
j2343
119409
j2344
119409
j2344
119409
j2345
119409
j2345
119409
j2346
119409
j2346
119409
j2347
119409
j2347
119409
j2348
119409
j2348
119409
j2349
119409
j2349
119409
j2350
119409
j2350
121759
j2351
121759
j2351
121759
j2352
121759
j2352
121759
j2353
121759
j2353
121759
j2354
121759
j2354
121759
j2355
121759
j2355
121759
j2356
121759
j2356
121759
j2357
121759
j2357
121759
j2358
121759
j2358
121759
j2359
121759
j2359
121759
j2360
121759
j2360
121759
j2361
121759
j2361
121759
j2362
121759
j2362
121759
j2363
121759
j2363
121759
j2364
121759
j2364
121759
j2365
124124
j2365
124124
j2366
124124
j2366
124124
j2367
124124
j2367
124124
j2368
124124
j2368
124124
j2369
124124
j2369
124124
j2370
124124
j2370
124124
j2371
124124
j2371
124124
j2372
124124
j2372
124124
j2373
124124
j2373
124124
j2374
124124
j2374
124124
j2375
124124
j2375
124124
j2376
124124
j2376
124124
j2377
124124
j2377
124124
j2378
124124
j2378
124124
j2379
124124
j2379
124124
j2380
124124
j2380
124124
j2381
124124
j2381
124124
j2382
124124
j2382
124124
j2383
124124
j2383
124124
j2384
124124
j2384
124124
j2385
124124
j2385
124124
j2386
124124
j2386
124124
j2387
124124
j2387
124124
j2388
124124
j2388
124124
j2389
124124
j2389
124124
j2390
124124
j2390
124124
j2391
124124
j2391
124124
j2392
124124
j2392
124124
j2393
124124
j2393
124124
j2394
124124
j2394
124124
j2395
124124
j2395
124124
j2396
124124
j2396
124124
j2397
124124
j2397
126521
j2398
126521
j2398
126521
j2399
126521
j2399
126521
j2400
126521
j2400
126521
j2401
126521
j2401
126521
j2402
126521
j2402
126521
j2403
126521
j2403
126521
j2404
126521
j2404
126521
j2405
126521
j2405
126521
j2406
126521
j2406
126521
j2407
126521
j2407
126521
j2408
128929
j2408
128929
j2409
128929
j2409
128929
j2410
128929
j2410
128929
j2411
128929
j2411
128929
j2412
128929
j2412
128929
j2413
128929
j2413
128929
j2414
128929
j2414
128929
j2415
128929
j2415
128929
j2416
128929
j2416
128929
j2417
128929
j2417
128929
j2418
128929
j2418
128929
j2419
128929
j2419
128929
j2420
128929
j2420
128929
j2421
128929
j2421
128929
j2422
128929
j2422
128929
j2423
128929
j2423
128929
j2424
128929
j2424
128929
j2425
128929
j2425
128929
j2426
128929
j2426
128929
j2427
128929
j2427
128929
j2428
128929
j2428
128929
j2429
128929
j2429
128929
j2430
128929
j2430
128929
j2431
128929
j2431
128929
j2432
128929
j2432
128929
j2433
128929
j2433
128929
j2434
128929
j2434
128929
j2435
128929
j2435
128929
j2436
128929
j2436
128929
j2437
128929
j2437
128929
j2438
128929
j2438
128929
j2439
128929
j2439
128929
j2440
128929
j2440
128929
j2441
128929
j2441
128929
j2442
128929
j2442
128929
j2443
128929
j2443
128929
j2444
128929
j2444
131373
j2445
131373
j2445
131373
j2446
131373
j2446
131373
j2447
131373
j2447
131373
j2448
131373
j2448
131373
j2449
131373
j2449
131373
j2450
131373
j2450
131373
j2451
133824
j2451
133824
j2452
133824
j2452
133824
j2453
133824
j2453
133824
j2454
133824
j2454
133824
j2455
133824
j2455
133824
j2456
133824
j2456
133824
j2457
133824
j2457
133824
j2458
133824
j2458
133824
j2459
133824
j2459
133824
j2460
133824
j2460
133824
j2461
133824
j2461
133824
j2462
133824
j2462
133824
j2463
133824
j2463
133824
j2464
133824
j2464
133824
j2465
133824
j2465
133824
j2466
133824
j2466
133824
j2467
133824
j2467
133824
j2468
133824
j2468
133824
j2469
133824
j2469
133824
j2470
133824
j2470
133824
j2471
133824
j2471
133824
j2472
133824
j2472
133824
j2473
133824
j2473
133824
j2474
133824
j2474
133824
j2475
133824
j2475
133824
j2476
133824
j2476
133824
j2477
133824
j2477
133824
j2478
133824
j2478
133824
j2479
133824
j2479
133824
j2480
133824
j2480
133824
j2481
133824
j2481
133824
j2482
133824
j2482
133824
j2483
133824
j2483
133824
j2484
133824
j2484
133824
j2485
133824
j2485
133824
j2486
133824
j2486
133824
j2487
133824
j2487
133824
j2488
133824
j2488
133824
j2489
133824
j2489
133824
j2490
133824
j2490
133824
j2491
133824
j2491
136315
j2492
136315
j2492
136315
j2493
136315
j2493
136315
j2494
138809
j2494
138809
j2495
138809
j2495
138809
j2496
138809
j2496
138809
j2497
138809
j2497
138809
j2498
138809
j2498
138809
j2499
138809
j2499
138809
j2500
138809
j2500
138809
j2501
138809
j2501
138809
j2502
138809
j2502
138809
j2503
138809
j2503
138809
j2504
138809
j2504
138809
j2505
138809
j2505
138809
j2506
138809
j2506
138809
j2507
138809
j2507
138809
j2508
138809
j2508
138809
j2509
138809
j2509
138809
j2510
138809
j2510
138809
j2511
138809
j2511
138809
j2512
138809
j2512
138809
j2513
138809
j2513
138809
j2514
138809
j2514
138809
j2515
138809
j2515
138809
j2516
138809
j2516
138809
j2517
138809
j2517
138809
j2518
138809
j2518
138809
j2519
138809
j2519
138809
j2520
138809
j2520
138809
j2521
138809
j2521
138809
j2522
138809
j2522
138809
j2523
138809
j2523
138809
j2524
138809
j2524
138809
j2525
138809
j2525
138809
j2526
138809
j2526
138809
j2527
138809
j2527
138809
j2528
138809
j2528
138809
j2529
138809
j2529
138809
j2530
138809
j2530
138809
j2531
138809
j2531
138809
j2532
138809
j2532
138809
j2533
138809
j2533
138809
j2534
138809
j2534
138809
j2535
138809
j2535
138809
j2536
138809
j2536
138809
j2537
141346
j2537
141346
j2538
141346
j2538
143884
j2539
143884
j2539
143884
j2540
143884
j2540
143884
j2541
143884
j2541
143884
j2542
143884
j2542
143884
j2543
143884
j2543
143884
j2544
143884
j2544
143884
j2545
143884
j2545
143884
j2546
143884
j2546
143884
j2547
143884
j2547
143884
j2548
143884
j2548
143884
j2549
143884
j2549
143884
j2550
143884
j2550
143884
j2551
143884
j2551
143884
j2552
143884
j2552
143884
j2553
143884
j2553
143884
j2554
143884
j2554
143884
j2555
143884
j2555
143884
j2556
143884
j2556
143884
j2557
143884
j2557
143884
j2558
143884
j2558
143884
j2559
143884
j2559
143884
j2560
143884
j2560
143884
j2561
143884
j2561
143884
j2562
143884
j2562
143884
j2563
143884
j2563
143884
j2564
143884
j2564
143884
j2565
143884
j2565
143884
j2566
143884
j2566
143884
j2567
143884
j2567
143884
j2568
143884
j2568
143884
j2569
143884
j2569
143884
j2570
143884
j2570
143884
j2571
143884
j2571
143884
j2572
143884
j2572
143884
j2573
143884
j2573
143884
j2574
143884
j2574
143884
j2575
143884
j2575
143884
j2576
143884
j2576
143884
j2577
143884
j2577
143884
j2578
143884
j2578
143884
j2579
143884
j2579
143884
j2580
146464
j2580
146464
j2581
146464
j2581
146464
j2582
146464
j2582
146464
j2583
146464
j2583
146464
j2584
146464
j2584
146464
j2585
146464
j2585
149049
j2586
149049
j2586
149049
j2587
149049
j2587
149049
j2588
149049
j2588
149049
j2589
149049
j2589
149049
j2590
149049
j2590
149049
j2591
149049
j2591
149049
j2592
149049
j2592
149049
j2593
149049
j2593
149049
j2594
149049
j2594
149049
j2595
149049
j2595
149049
j2596
149049
j2596
149049
j2597
149049
j2597
149049
j2598
149049
j2598
149049
j2599
149049
j2599
149049
j2600
149049
j2600
149049
j2601
149049
j2601
149049
j2602
149049
j2602
149049
j2603
149049
j2603
149049
j2604
149049
j2604
149049
j2605
149049
j2605
149049
j2606
149049
j2606
149049
j2607
149049
j2607
149049
j2608
149049
j2608
149049
j2609
149049
j2609
149049
j2610
149049
j2610
149049
j2611
149049
j2611
149049
j2612
149049
j2612
149049
j2613
149049
j2613
149049
j2614
149049
j2614
149049
j2615
149049
j2615
149049
j2616
149049
j2616
149049
j2617
149049
j2617
149049
j2618
149049
j2618
149049
j2619
149049
j2619
149049
j2620
149049
j2620
149049
j2621
149049
j2621
149049
j2622
149049
j2622
149049
j2623
151672
j2623
151672
j2624
151672
j2624
151672
j2625
151672
j2625
151672
j2626
151672
j2626
151672
j2627
151672
j2627
151672
j2628
151672
j2628
151672
j2629
151672
j2629
151672
j2630
151672
j2630
151672
j2631
151672
j2631
151672
j2632
151672
j2632
154304
j2633
154304
j2633
154304
j2634
154304
j2634
154304
j2635
154304
j2635
154304
j2636
154304
j2636
154304
j2637
154304
j2637
154304
j2638
154304
j2638
154304
j2639
154304
j2639
154304
j2640
154304
j2640
154304
j2641
154304
j2641
154304
j2642
154304
j2642
154304
j2643
154304
j2643
154304
j2644
154304
j2644
154304
j2645
154304
j2645
154304
j2646
154304
j2646
154304
j2647
154304
j2647
154304
j2648
154304
j2648
154304
j2649
154304
j2649
154304
j2650
154304
j2650
154304
j2651
154304
j2651
154304
j2652
154304
j2652
154304
j2653
154304
j2653
154304
j2654
154304
j2654
154304
j2655
154304
j2655
154304
j2656
154304
j2656
154304
j2657
154304
j2657
154304
j2658
154304
j2658
154304
j2659
154304
j2659
154304
j2660
154304
j2660
154304
j2661
154304
j2661
154304
j2662
154304
j2662
154304
j2663
154304
j2663
154304
j2664
154304
j2664
154304
j2665
154304
j2665
154304
j2666
156970
j2666
156970
j2667
156970
j2667
156970
j2668
156970
j2668
156970
j2669
156970
j2669
156970
j2670
156970
j2670
156970
j2671
156970
j2671
156970
j2672
156970
j2672
156970
j2673
156970
j2673
156970
j2674
156970
j2674
156970
j2675
156970
j2675
156970
j2676
156970
j2676
156970
j2677
156970
j2677
156970
j2678
156970
j2678
156970
j2679
156970
j2679
159649
j2680
159649
j2680
159649
j2681
159649
j2681
159649
j2682
159649
j2682
159649
j2683
159649
j2683
159649
j2684
159649
j2684
159649
j2685
159649
j2685
159649
j2686
159649
j2686
159649
j2687
159649
j2687
159649
j2688
159649
j2688
159649
j2689
159649
j2689
159649
j2690
159649
j2690
159649
j2691
159649
j2691
159649
j2692
159649
j2692
159649
j2693
159649
j2693
159649
j2694
159649
j2694
159649
j2695
159649
j2695
159649
j2696
159649
j2696
159649
j2697
159649
j2697
159649
j2698
159649
j2698
159649
j2699
159649
j2699
159649
j2700
159649
j2700
159649
j2701
159649
j2701
159649
j2702
159649
j2702
159649
j2703
159649
j2703
159649
j2704
159649
j2704
159649
j2705
159649
j2705
159649
j2706
159649
j2706
159649
j2707
159649
j2707
159649
j2708
159649
j2708
159649
j2709
162358
j2709
162358
j2710
162358
j2710
162358
j2711
162358
j2711
162358
j2712
162358
j2712
162358
j2713
162358
j2713
162358
j2714
162358
j2714
162358
j2715
162358
j2715
162358
j2716
162358
j2716
162358
j2717
162358
j2717
162358
j2718
162358
j2718
162358
j2719
162358
j2719
162358
j2720
162358
j2720
162358
j2721
162358
j2721
162358
j2722
162358
j2722
162358
j2723
162358
j2723
162358
j2724
162358
j2724
162358
j2725
162358
j2725
162358
j2726
162358
j2726
165084
j2727
165084
j2727
165084
j2728
165084
j2728
165084
j2729
165084
j2729
165084
j2730
165084
j2730
165084
j2731
165084
j2731
165084
j2732
165084
j2732
165084
j2733
165084
j2733
165084
j2734
165084
j2734
165084
j2735
165084
j2735
165084
j2736
165084
j2736
165084
j2737
165084
j2737
165084
j2738
165084
j2738
165084
j2739
165084
j2739
165084
j2740
165084
j2740
165084
j2741
165084
j2741
165084
j2742
165084
j2742
165084
j2743
165084
j2743
165084
j2744
165084
j2744
165084
j2745
165084
j2745
165084
j2746
165084
j2746
165084
j2747
165084
j2747
165084
j2748
165084
j2748
165084
j2749
165084
j2749
165084
j2750
165084
j2750
165084
j2751
165084
j2751
165084
j2752
167836
j2752
167836
j2753
167836
j2753
167836
j2754
167836
j2754
167836
j2755
167836
j2755
167836
j2756
167836
j2756
167836
j2757
167836
j2757
167836
j2758
167836
j2758
167836
j2759
167836
j2759
167836
j2760
167836
j2760
167836
j2761
167836
j2761
167836
j2762
167836
j2762
167836
j2763
167836
j2763
167836
j2764
167836
j2764
167836
j2765
167836
j2765
167836
j2766
167836
j2766
167836
j2767
167836
j2767
167836
j2768
167836
j2768
167836
j2769
167836
j2769
167836
j2770
167836
j2770
167836
j2771
167836
j2771
167836
j2772
167836
j2772
167836
j2773
167836
j2773
170609
j2774
170609
j2774
170609
j2775
170609
j2775
170609
j2776
170609
j2776
170609
j2777
170609
j2777
170609
j2778
170609
j2778
170609
j2779
170609
j2779
170609
j2780
170609
j2780
170609
j2781
170609
j2781
170609
j2782
170609
j2782
170609
j2783
170609
j2783
170609
j2784
170609
j2784
170609
j2785
170609
j2785
170609
j2786
170609
j2786
170609
j2787
170609
j2787
170609
j2788
170609
j2788
170609
j2789
170609
j2789
170609
j2790
170609
j2790
170609
j2791
170609
j2791
170609
j2792
170609
j2792
170609
j2793
170609
j2793
170609
j2794
170609
j2794
170609
j2795
173404
j2795
173404
j2796
173404
j2796
173404
j2797
173404
j2797
173404
j2798
173404
j2798
173404
j2799
173404
j2799
173404
j2800
173404
j2800
173404
j2801
173404
j2801
173404
j2802
173404
j2802
173404
j2803
173404
j2803
173404
j2804
173404
j2804
173404
j2805
173404
j2805
173404
j2806
173404
j2806
173404
j2807
173404
j2807
173404
j2808
173404
j2808
173404
j2809
173404
j2809
173404
j2810
173404
j2810
173404
j2811
173404
j2811
173404
j2812
173404
j2812
173404
j2813
173404
j2813
173404
j2814
173404
j2814
173404
j2815
173404
j2815
173404
j2816
173404
j2816
173404
j2817
173404
j2817
173404
j2818
173404
j2818
173404
j2819
173404
j2819
173404
j2820
173404
j2820
176224
j2821
176224
j2821
176224
j2822
176224
j2822
176224
j2823
176224
j2823
176224
j2824
176224
j2824
176224
j2825
176224
j2825
176224
j2826
176224
j2826
176224
j2827
176224
j2827
176224
j2828
176224
j2828
176224
j2829
176224
j2829
176224
j2830
176224
j2830
176224
j2831
176224
j2831
176224
j2832
176224
j2832
176224
j2833
176224
j2833
176224
j2834
176224
j2834
176224
j2835
176224
j2835
176224
j2836
176224
j2836
176224
j2837
176224
j2837
176224
j2838
179062
j2838
179062
j2839
179062
j2839
179062
j2840
179062
j2840
179062
j2841
179062
j2841
179062
j2842
179062
j2842
179062
j2843
179062
j2843
179062
j2844
179062
j2844
179062
j2845
179062
j2845
179062
j2846
179062
j2846
179062
j2847
179062
j2847
179062
j2848
179062
j2848
179062
j2849
179062
j2849
179062
j2850
179062
j2850
179062
j2851
179062
j2851
179062
j2852
179062
j2852
179062
j2853
179062
j2853
179062
j2854
179062
j2854
179062
j2855
179062
j2855
179062
j2856
179062
j2856
179062
j2857
179062
j2857
179062
j2858
179062
j2858
179062
j2859
179062
j2859
179062
j2860
179062
j2860
179062
j2861
179062
j2861
179062
j2862
179062
j2862
179062
j2863
179062
j2863
179062
j2864
179062
j2864
179062
j2865
179062
j2865
179062
j2866
179062
j2866
179062
j2867
179062
j2867
181929
j2868
181929
j2868
181929
j2869
181929
j2869
181929
j2870
181929
j2870
181929
j2871
181929
j2871
181929
j2872
181929
j2872
181929
j2873
181929
j2873
181929
j2874
181929
j2874
181929
j2875
181929
j2875
181929
j2876
181929
j2876
181929
j2877
181929
j2877
181929
j2878
181929
j2878
181929
j2879
181929
j2879
181929
j2880
181929
j2880
181929
j2881
184810
j2881
184810
j2882
184810
j2882
184810
j2883
184810
j2883
184810
j2884
184810
j2884
184810
j2885
184810
j2885
184810
j2886
184810
j2886
184810
j2887
184810
j2887
184810
j2888
184810
j2888
184810
j2889
184810
j2889
184810
j2890
184810
j2890
184810
j2891
184810
j2891
184810
j2892
184810
j2892
184810
j2893
184810
j2893
184810
j2894
184810
j2894
184810
j2895
184810
j2895
184810
j2896
184810
j2896
184810
j2897
184810
j2897
184810
j2898
184810
j2898
184810
j2899
184810
j2899
184810
j2900
184810
j2900
184810
j2901
184810
j2901
184810
j2902
184810
j2902
184810
j2903
184810
j2903
184810
j2904
184810
j2904
184810
j2905
184810
j2905
184810
j2906
184810
j2906
184810
j2907
184810
j2907
184810
j2908
184810
j2908
184810
j2909
184810
j2909
184810
j2910
184810
j2910
184810
j2911
184810
j2911
184810
j2912
184810
j2912
184810
j2913
184810
j2913
184810
j2914
184810
j2914
187724
j2915
187724
j2915
187724
j2916
187724
j2916
187724
j2917
187724
j2917
187724
j2918
187724
j2918
187724
j2919
187724
j2919
187724
j2920
187724
j2920
187724
j2921
187724
j2921
187724
j2922
187724
j2922
187724
j2923
187724
j2923
187724
j2924
190648
j2924
190648
j2925
190648
j2925
190648
j2926
190648
j2926
190648
j2927
190648
j2927
190648
j2928
190648
j2928
190648
j2929
190648
j2929
190648
j2930
190648
j2930
190648
j2931
190648
j2931
190648
j2932
190648
j2932
190648
j2933
190648
j2933
190648
j2934
190648
j2934
190648
j2935
190648
j2935
190648
j2936
190648
j2936
190648
j2937
190648
j2937
190648
j2938
190648
j2938
190648
j2939
190648
j2939
190648
j2940
190648
j2940
190648
j2941
190648
j2941
190648
j2942
190648
j2942
190648
j2943
190648
j2943
190648
j2944
190648
j2944
190648
j2945
190648
j2945
190648
j2946
190648
j2946
190648
j2947
190648
j2947
190648
j2948
190648
j2948
190648
j2949
190648
j2949
190648
j2950
190648
j2950
190648
j2951
190648
j2951
190648
j2952
190648
j2952
190648
j2953
190648
j2953
190648
j2954
190648
j2954
190648
j2955
190648
j2955
190648
j2956
190648
j2956
190648
j2957
190648
j2957
190648
j2958
190648
j2958
190648
j2959
190648
j2959
190648
j2960
190648
j2960
190648
j2961
190648
j2961
193609
j2962
193609
j2962
193609
j2963
193609
j2963
193609
j2964
193609
j2964
193609
j2965
193609
j2965
193609
j2966
193609
j2966
193609
j2967
196576
j2967
196576
j2968
196576
j2968
196576
j2969
196576
j2969
196576
j2970
196576
j2970
196576
j2971
196576
j2971
196576
j2972
196576
j2972
196576
j2973
196576
j2973
196576
j2974
196576
j2974
196576
j2975
196576
j2975
196576
j2976
196576
j2976
196576
j2977
196576
j2977
196576
j2978
196576
j2978
196576
j2979
196576
j2979
196576
j2980
196576
j2980
196576
j2981
196576
j2981
196576
j2982
196576
j2982
196576
j2983
196576
j2983
196576
j2984
196576
j2984
196576
j2985
196576
j2985
196576
j2986
196576
j2986
196576
j2987
196576
j2987
196576
j2988
196576
j2988
196576
j2989
196576
j2989
196576
j2990
196576
j2990
196576
j2991
196576
j2991
196576
j2992
196576
j2992
196576
j2993
196576
j2993
196576
j2994
196576
j2994
196576
j2995
196576
j2995
196576
j2996
196576
j2996
196576
j2997
196576
j2997
196576
j2998
196576
j2998
196576
j2999
196576
j2999
196576
j3000
196576
j3000
196576
j3001
196576
j3001
196576
j3002
196576
j3002
196576
j3003
196576
j3003
196576
j3004
196576
j3004
196576
j3005
196576
j3005
196576
j3006
196576
j3006
196576
j3007
196576
j3007
196576
j3008
196576
j3008
199584
j3009
199584
j3009
199584
j3010
202594
j3010
202594
j3011
202594
j3011
202594
j3012
202594
j3012
202594
j3013
202594
j3013
202594
j3014
202594
j3014
202594
j3015
202594
j3015
202594
j3016
202594
j3016
202594
j3017
202594
j3017
202594
j3018
202594
j3018
202594
j3019
202594
j3019
202594
j3020
202594
j3020
202594
j3021
202594
j3021
202594
j3022
202594
j3022
202594
j3023
202594
j3023
202594
j3024
202594
j3024
202594
j3025
202594
j3025
202594
j3026
202594
j3026
202594
j3027
202594
j3027
202594
j3028
202594
j3028
202594
j3029
202594
j3029
202594
j3030
202594
j3030
202594
j3031
202594
j3031
202594
j3032
202594
j3032
202594
j3033
202594
j3033
202594
j3034
202594
j3034
202594
j3035
202594
j3035
202594
j3036
202594
j3036
202594
j3037
202594
j3037
202594
j3038
202594
j3038
202594
j3039
202594
j3039
202594
j3040
202594
j3040
202594
j3041
202594
j3041
202594
j3042
202594
j3042
202594
j3043
202594
j3043
202594
j3044
202594
j3044
202594
j3045
202594
j3045
202594
j3046
202594
j3046
202594
j3047
202594
j3047
202594
j3048
202594
j3048
202594
j3049
202594
j3049
202594
j3050
202594
j3050
202594
j3051
202594
j3051
202594
j3052
202594
j3052
202594
j3053
205647
j3053
205647
j3054
205647
j3054
205647
j3055
205647
j3055
208702
j3056
208702
j3056
208702
j3057
208702
j3057
208702
j3058
208702
j3058
208702
j3059
208702
j3059
208702
j3060
208702
j3060
208702
j3061
208702
j3061
208702
j3062
208702
j3062
208702
j3063
208702
j3063
208702
j3064
208702
j3064
208702
j3065
208702
j3065
208702
j3066
208702
j3066
208702
j3067
208702
j3067
208702
j3068
208702
j3068
208702
j3069
208702
j3069
208702
j3070
208702
j3070
208702
j3071
208702
j3071
208702
j3072
208702
j3072
208702
j3073
208702
j3073
208702
j3074
208702
j3074
208702
j3075
208702
j3075
208702
j3076
208702
j3076
208702
j3077
208702
j3077
208702
j3078
208702
j3078
208702
j3079
208702
j3079
208702
j3080
208702
j3080
208702
j3081
208702
j3081
208702
j3082
208702
j3082
208702
j3083
208702
j3083
208702
j3084
208702
j3084
208702
j3085
208702
j3085
208702
j3086
208702
j3086
208702
j3087
208702
j3087
208702
j3088
208702
j3088
208702
j3089
208702
j3089
208702
j3090
208702
j3090
208702
j3091
208702
j3091
208702
j3092
208702
j3092
208702
j3093
208702
j3093
208702
j3094
208702
j3094
208702
j3095
208702
j3095
208702
j3096
211798
j3096
211798
j3097
211798
j3097
211798
j3098
211798
j3098
211798
j3099
211798
j3099
211798
j3100
211798
j3100
211798
j3101
211798
j3101
211798
j3102
211798
j3102
214900
j3103
214900
j3103
214900
j3104
214900
j3104
214900
j3105
214900
j3105
214900
j3106
214900
j3106
214900
j3107
214900
j3107
214900
j3108
214900
j3108
214900
j3109
214900
j3109
214900
j3110
214900
j3110
214900
j3111
214900
j3111
214900
j3112
214900
j3112
214900
j3113
214900
j3113
214900
j3114
214900
j3114
214900
j3115
214900
j3115
214900
j3116
214900
j3116
214900
j3117
214900
j3117
214900
j3118
214900
j3118
214900
j3119
214900
j3119
214900
j3120
214900
j3120
214900
j3121
214900
j3121
214900
j3122
214900
j3122
214900
j3123
214900
j3123
214900
j3124
214900
j3124
214900
j3125
214900
j3125
214900
j3126
214900
j3126
214900
j3127
214900
j3127
214900
j3128
214900
j3128
214900
j3129
214900
j3129
214900
j3130
214900
j3130
214900
j3131
214900
j3131
214900
j3132
214900
j3132
214900
j3133
214900
j3133
214900
j3134
214900
j3134
214900
j3135
214900
j3135
214900
j3136
214900
j3136
214900
j3137
214900
j3137
214900
j3138
214900
j3138
214900
j3139
218039
j3139
218039
j3140
218039
j3140
218039
j3141
218039
j3141
218039
j3142
218039
j3142
218039
j3143
218039
j3143
218039
j3144
218039
j3144
218039
j3145
218039
j3145
218039
j3146
218039
j3146
218039
j3147
218039
j3147
218039
j3148
218039
j3148
218039
j3149
218039
j3149
221188
j3150
221188
j3150
221188
j3151
221188
j3151
221188
j3152
221188
j3152
221188
j3153
221188
j3153
221188
j3154
221188
j3154
221188
j3155
221188
j3155
221188
j3156
221188
j3156
221188
j3157
221188
j3157
221188
j3158
221188
j3158
221188
j3159
221188
j3159
221188
j3160
221188
j3160
221188
j3161
221188
j3161
221188
j3162
221188
j3162
221188
j3163
221188
j3163
221188
j3164
221188
j3164
221188
j3165
221188
j3165
221188
j3166
221188
j3166
221188
j3167
221188
j3167
221188
j3168
221188
j3168
221188
j3169
221188
j3169
221188
j3170
221188
j3170
221188
j3171
221188
j3171
221188
j3172
221188
j3172
221188
j3173
221188
j3173
221188
j3174
221188
j3174
221188
j3175
221188
j3175
221188
j3176
221188
j3176
221188
j3177
221188
j3177
221188
j3178
221188
j3178
221188
j3179
221188
j3179
221188
j3180
221188
j3180
221188
j3181
221188
j3181
221188
j3182
224370
j3182
224370
j3183
224370
j3183
224370
j3184
224370
j3184
224370
j3185
224370
j3185
224370
j3186
224370
j3186
224370
j3187
224370
j3187
224370
j3188
224370
j3188
224370
j3189
224370
j3189
224370
j3190
224370
j3190
224370
j3191
224370
j3191
224370
j3192
224370
j3192
224370
j3193
224370
j3193
224370
j3194
224370
j3194
224370
j3195
224370
j3195
224370
j3196
224370
j3196
227566
j3197
227566
j3197
227566
j3198
227566
j3198
227566
j3199
227566
j3199
227566
j3200
227566
j3200
227566
j3201
227566
j3201
227566
j3202
227566
j3202
227566
j3203
227566
j3203
227566
j3204
227566
j3204
227566
j3205
227566
j3205
227566
j3206
227566
j3206
227566
j3207
227566
j3207
227566
j3208
227566
j3208
227566
j3209
227566
j3209
227566
j3210
227566
j3210
227566
j3211
227566
j3211
227566
j3212
227566
j3212
227566
j3213
227566
j3213
227566
j3214
227566
j3214
227566
j3215
227566
j3215
227566
j3216
227566
j3216
227566
j3217
227566
j3217
227566
j3218
227566
j3218
227566
j3219
227566
j3219
227566
j3220
227566
j3220
227566
j3221
227566
j3221
227566
j3222
227566
j3222
227566
j3223
227566
j3223
227566
j3224
227566
j3224
227566
j3225
230791
j3225
230791
j3226
230791
j3226
230791
j3227
230791
j3227
230791
j3228
230791
j3228
230791
j3229
230791
j3229
230791
j3230
230791
j3230
230791
j3231
230791
j3231
230791
j3232
230791
j3232
230791
j3233
230791
j3233
230791
j3234
230791
j3234
230791
j3235
230791
j3235
230791
j3236
230791
j3236
230791
j3237
230791
j3237
230791
j3238
230791
j3238
230791
j3239
230791
j3239
230791
j3240
230791
j3240
230791
j3241
230791
j3241
230791
j3242
230791
j3242
230791
j3243
230791
j3243
234034
j3244
234034
j3244
234034
j3245
234034
j3245
234034
j3246
234034
j3246
234034
j3247
234034
j3247
234034
j3248
234034
j3248
234034
j3249
234034
j3249
234034
j3250
234034
j3250
234034
j3251
234034
j3251
234034
j3252
234034
j3252
234034
j3253
234034
j3253
234034
j3254
234034
j3254
234034
j3255
234034
j3255
234034
j3256
234034
j3256
234034
j3257
234034
j3257
234034
j3258
234034
j3258
234034
j3259
234034
j3259
234034
j3260
234034
j3260
234034
j3261
234034
j3261
234034
j3262
234034
j3262
234034
j3263
234034
j3263
234034
j3264
234034
j3264
234034
j3265
234034
j3265
234034
j3266
234034
j3266
234034
j3267
234034
j3267
234034
j3268
237302
j3268
237302
j3269
237302
j3269
237302
j3270
237302
j3270
237302
j3271
237302
j3271
237302
j3272
237302
j3272
237302
j3273
237302
j3273
237302
j3274
237302
j3274
237302
j3275
237302
j3275
237302
j3276
237302
j3276
237302
j3277
237302
j3277
237302
j3278
237302
j3278
237302
j3279
237302
j3279
237302
j3280
237302
j3280
237302
j3281
237302
j3281
237302
j3282
237302
j3282
237302
j3283
237302
j3283
237302
j3284
237302
j3284
237302
j3285
237302
j3285
237302
j3286
237302
j3286
237302
j3287
237302
j3287
237302
j3288
237302
j3288
237302
j3289
237302
j3289
237302
j3290
237302
j3290
240592
j3291
240592
j3291
240592
j3292
240592
j3292
240592
j3293
240592
j3293
240592
j3294
240592
j3294
240592
j3295
240592
j3295
240592
j3296
240592
j3296
240592
j3297
240592
j3297
240592
j3298
240592
j3298
240592
j3299
240592
j3299
240592
j3300
240592
j3300
240592
j3301
240592
j3301
240592
j3302
240592
j3302
240592
j3303
240592
j3303
240592
j3304
240592
j3304
240592
j3305
240592
j3305
240592
j3306
240592
j3306
240592
j3307
240592
j3307
240592
j3308
240592
j3308
240592
j3309
240592
j3309
240592
j3310
240592
j3310
240592
j3311
243903
j3311
243903
j3312
243903
j3312
243903
j3313
243903
j3313
243903
j3314
243903
j3314
243903
j3315
243903
j3315
243903
j3316
243903
j3316
243903
j3317
243903
j3317
243903
j3318
243903
j3318
243903
j3319
243903
j3319
243903
j3320
243903
j3320
243903
j3321
243903
j3321
243903
j3322
243903
j3322
243903
j3323
243903
j3323
243903
j3324
243903
j3324
243903
j3325
243903
j3325
243903
j3326
243903
j3326
243903
j3327
243903
j3327
243903
j3328
243903
j3328
243903
j3329
243903
j3329
243903
j3330
243903
j3330
243903
j3331
243903
j3331
243903
j3332
243903
j3332
243903
j3333
243903
j3333
243903
j3334
243903
j3334
243903
j3335
243903
j3335
243903
j3336
243903
j3336
243903
j3337
243903
j3337
247240
j3338
247240
j3338
247240
j3339
247240
j3339
247240
j3340
247240
j3340
247240
j3341
247240
j3341
247240
j3342
247240
j3342
247240
j3343
247240
j3343
247240
j3344
247240
j3344
247240
j3345
247240
j3345
247240
j3346
247240
j3346
247240
j3347
247240
j3347
247240
j3348
247240
j3348
247240
j3349
247240
j3349
247240
j3350
247240
j3350
247240
j3351
247240
j3351
247240
j3352
247240
j3352
247240
j3353
247240
j3353
247240
j3354
250594
j3354
250594
j3355
250594
j3355
250594
j3356
250594
j3356
250594
j3357
250594
j3357
250594
j3358
250594
j3358
250594
j3359
250594
j3359
250594
j3360
250594
j3360
250594
j3361
250594
j3361
250594
j3362
250594
j3362
250594
j3363
250594
j3363
250594
j3364
250594
j3364
250594
j3365
250594
j3365
250594
j3366
250594
j3366
250594
j3367
250594
j3367
250594
j3368
250594
j3368
250594
j3369
250594
j3369
250594
j3370
250594
j3370
250594
j3371
250594
j3371
250594
j3372
250594
j3372
250594
j3373
250594
j3373
250594
j3374
250594
j3374
250594
j3375
250594
j3375
250594
j3376
250594
j3376
250594
j3377
250594
j3377
250594
j3378
250594
j3378
250594
j3379
250594
j3379
250594
j3380
250594
j3380
250594
j3381
250594
j3381
250594
j3382
250594
j3382
250594
j3383
250594
j3383
250594
j3384
250594
j3384
253978
j3385
253978
j3385
253978
j3386
253978
j3386
253978
j3387
253978
j3387
253978
j3388
253978
j3388
253978
j3389
253978
j3389
253978
j3390
253978
j3390
253978
j3391
253978
j3391
253978
j3392
253978
j3392
253978
j3393
253978
j3393
253978
j3394
253978
j3394
253978
j3395
253978
j3395
253978
j3396
253978
j3396
253978
j3397
257375
j3397
257375
j3398
257375
j3398
257375
j3399
257375
j3399
257375
j3400
257375
j3400
257375
j3401
257375
j3401
257375
j3402
257375
j3402
257375
j3403
257375
j3403
257375
j3404
257375
j3404
257375
j3405
257375
j3405
257375
j3406
257375
j3406
257375
j3407
257375
j3407
257375
j3408
257375
j3408
257375
j3409
257375
j3409
257375
j3410
257375
j3410
257375
j3411
257375
j3411
257375
j3412
257375
j3412
257375
j3413
257375
j3413
257375
j3414
257375
j3414
257375
j3415
257375
j3415
257375
j3416
257375
j3416
257375
j3417
257375
j3417
257375
j3418
257375
j3418
257375
j3419
257375
j3419
257375
j3420
257375
j3420
257375
j3421
257375
j3421
257375
j3422
257375
j3422
257375
j3423
257375
j3423
257375
j3424
257375
j3424
257375
j3425
257375
j3425
257375
j3426
257375
j3426
257375
j3427
257375
j3427
257375
j3428
257375
j3428
257375
j3429
257375
j3429
257375
j3430
257375
j3430
257375
j3431
257375
j3431
260806
j3432
260806
j3432
260806
j3433
260806
j3433
260806
j3434
260806
j3434
260806
j3435
260806
j3435
260806
j3436
260806
j3436
260806
j3437
260806
j3437
260806
j3438
260806
j3438
260806
j3439
260806
j3439
260806
j3440
264246
j3440
264246
j3441
264246
j3441
264246
j3442
264246
j3442
264246
j3443
264246
j3443
264246
j3444
264246
j3444
264246
j3445
264246
j3445
264246
j3446
264246
j3446
264246
j3447
264246
j3447
264246
j3448
264246
j3448
264246
j3449
264246
j3449
264246
j3450
264246
j3450
264246
j3451
264246
j3451
264246
j3452
264246
j3452
264246
j3453
264246
j3453
264246
j3454
264246
j3454
264246
j3455
264246
j3455
264246
j3456
264246
j3456
264246
j3457
264246
j3457
264246
j3458
264246
j3458
264246
j3459
264246
j3459
264246
j3460
264246
j3460
264246
j3461
264246
j3461
264246
j3462
264246
j3462
264246
j3463
264246
j3463
264246
j3464
264246
j3464
264246
j3465
264246
j3465
264246
j3466
264246
j3466
264246
j3467
264246
j3467
264246
j3468
264246
j3468
264246
j3469
264246
j3469
264246
j3470
264246
j3470
264246
j3471
264246
j3471
264246
j3472
264246
j3472
264246
j3473
264246
j3473
264246
j3474
264246
j3474
264246
j3475
264246
j3475
264246
j3476
264246
j3476
264246
j3477
264246
j3477
264246
j3478
264246
j3478
267724
j3479
267724
j3479
267724
j3480
267724
j3480
267724
j3481
267724
j3481
267724
j3482
267724
j3482
267724
j3483
271207
j3483
271207
j3484
271207
j3484
271207
j3485
271207
j3485
271207
j3486
271207
j3486
271207
j3487
271207
j3487
271207
j3488
271207
j3488
271207
j3489
271207
j3489
271207
j3490
271207
j3490
271207
j3491
271207
j3491
271207
j3492
271207
j3492
271207
j3493
271207
j3493
271207
j3494
271207
j3494
271207
j3495
271207
j3495
271207
j3496
271207
j3496
271207
j3497
271207
j3497
271207
j3498
271207
j3498
271207
j3499
271207
j3499
271207
j3500
271207
j3500
271207
j3501
271207
j3501
271207
j3502
271207
j3502
271207
j3503
271207
j3503
271207
j3504
271207
j3504
271207
j3505
271207
j3505
271207
j3506
271207
j3506
271207
j3507
271207
j3507
271207
j3508
271207
j3508
271207
j3509
271207
j3509
271207
j3510
271207
j3510
271207
j3511
271207
j3511
271207
j3512
271207
j3512
271207
j3513
271207
j3513
271207
j3514
271207
j3514
271207
j3515
271207
j3515
271207
j3516
271207
j3516
271207
j3517
271207
j3517
271207
j3518
271207
j3518
271207
j3519
271207
j3519
271207
j3520
271207
j3520
271207
j3521
271207
j3521
271207
j3522
271207
j3522
271207
j3523
271207
j3523
271207
j3524
271207
j3524
271207
j3525
271207
j3525
274732
j3526
278258
j3526
278258
j3527
278258
j3527
278258
j3528
278258
j3528
278258
j3529
278258
j3529
278258
j3530
278258
j3530
278258
j3531
278258
j3531
278258
j3532
278258
j3532
278258
j3533
278258
j3533
278258
j3534
278258
j3534
278258
j3535
278258
j3535
278258
j3536
278258
j3536
278258
j3537
278258
j3537
278258
j3538
278258
j3538
278258
j3539
278258
j3539
278258
j3540
278258
j3540
278258
j3541
278258
j3541
278258
j3542
278258
j3542
278258
j3543
278258
j3543
278258
j3544
278258
j3544
278258
j3545
278258
j3545
278258
j3546
278258
j3546
278258
j3547
278258
j3547
278258
j3548
278258
j3548
278258
j3549
278258
j3549
278258
j3550
278258
j3550
278258
j3551
278258
j3551
278258
j3552
278258
j3552
278258
j3553
278258
j3553
278258
j3554
278258
j3554
278258
j3555
278258
j3555
278258
j3556
278258
j3556
278258
j3557
278258
j3557
278258
j3558
278258
j3558
278258
j3559
278258
j3559
278258
j3560
278258
j3560
278258
j3561
278258
j3561
278258
j3562
278258
j3562
278258
j3563
278258
j3563
278258
j3564
278258
j3564
278258
j3565
278258
j3565
278258
j3566
278258
j3566
278258
j3567
278258
j3567
278258
j3568
278258
j3568
278258
j3569
281827
j3569
281827
j3570
281827
j3570
281827
j3571
281827
j3571
281827
j3572
281827
j3572
285399
j3573
285399
j3573
285399
j3574
285399
j3574
285399
j3575
285399
j3575
285399
j3576
285399
j3576
285399
j3577
285399
j3577
285399
j3578
285399
j3578
285399
j3579
285399
j3579
285399
j3580
285399
j3580
285399
j3581
285399
j3581
285399
j3582
285399
j3582
285399
j3583
285399
j3583
285399
j3584
285399
j3584
285399
j3585
285399
j3585
285399
j3586
285399
j3586
285399
j3587
285399
j3587
285399
j3588
285399
j3588
285399
j3589
285399
j3589
285399
j3590
285399
j3590
285399
j3591
285399
j3591
285399
j3592
285399
j3592
285399
j3593
285399
j3593
285399
j3594
285399
j3594
285399
j3595
285399
j3595
285399
j3596
285399
j3596
285399
j3597
285399
j3597
285399
j3598
285399
j3598
285399
j3599
285399
j3599
285399
j3600
285399
j3600
285399
j3601
285399
j3601
285399
j3602
285399
j3602
285399
j3603
285399
j3603
285399
j3604
285399
j3604
285399
j3605
285399
j3605
285399
j3606
285399
j3606
285399
j3607
285399
j3607
285399
j3608
285399
j3608
285399
j3609
285399
j3609
285399
j3610
285399
j3610
285399
j3611
285399
j3611
285399
j3612
289011
j3612
289011
j3613
289011
j3613
289011
j3614
289011
j3614
289011
j3615
289011
j3615
289011
j3616
289011
j3616
289011
j3617
289011
j3617
289011
j3618
289011
j3618
289011
j3619
289011
j3619
292630
j3620
292630
j3620
292630
j3621
292630
j3621
292630
j3622
292630
j3622
292630
j3623
292630
j3623
292630
j3624
292630
j3624
292630
j3625
292630
j3625
292630
j3626
292630
j3626
292630
j3627
292630
j3627
292630
j3628
292630
j3628
292630
j3629
292630
j3629
292630
j3630
292630
j3630
292630
j3631
292630
j3631
292630
j3632
292630
j3632
292630
j3633
292630
j3633
292630
j3634
292630
j3634
292630
j3635
292630
j3635
292630
j3636
292630
j3636
292630
j3637
292630
j3637
292630
j3638
292630
j3638
292630
j3639
292630
j3639
292630
j3640
292630
j3640
292630
j3641
292630
j3641
292630
j3642
292630
j3642
292630
j3643
292630
j3643
292630
j3644
292630
j3644
292630
j3645
292630
j3645
292630
j3646
292630
j3646
292630
j3647
292630
j3647
292630
j3648
292630
j3648
292630
j3649
292630
j3649
292630
j3650
292630
j3650
292630
j3651
292630
j3651
292630
j3652
292630
j3652
292630
j3653
292630
j3653
292630
j3654
292630
j3654
292630
j3655
296285
j3655
296285
j3656
296285
j3656
296285
j3657
296285
j3657
296285
j3658
296285
j3658
296285
j3659
296285
j3659
296285
j3660
296285
j3660
296285
j3661
296285
j3661
296285
j3662
296285
j3662
296285
j3663
296285
j3663
296285
j3664
296285
j3664
296285
j3665
296285
j3665
296285
j3666
296285
j3666
299951
j3667
299951
j3667
299951
j3668
299951
j3668
299951
j3669
299951
j3669
299951
j3670
299951
j3670
299951
j3671
299951
j3671
299951
j3672
299951
j3672
299951
j3673
299951
j3673
299951
j3674
299951
j3674
299951
j3675
299951
j3675
299951
j3676
299951
j3676
299951
j3677
299951
j3677
299951
j3678
299951
j3678
299951
j3679
299951
j3679
299951
j3680
299951
j3680
299951
j3681
299951
j3681
299951
j3682
299951
j3682
299951
j3683
299951
j3683
299951
j3684
299951
j3684
299951
j3685
299951
j3685
299951
j3686
299951
j3686
299951
j3687
299951
j3687
299951
j3688
299951
j3688
299951
j3689
299951
j3689
299951
j3690
299951
j3690
299951
j3691
299951
j3691
299951
j3692
299951
j3692
299951
j3693
299951
j3693
299951
j3694
299951
j3694
299951
j3695
299951
j3695
299951
j3696
299951
j3696
299951
j3697
299951
j3697
299951
j3698
303649
j3698
303649
j3699
303649
j3699
303649
j3700
303649
j3700
303649
j3701
303649
j3701
303649
j3702
303649
j3702
303649
j3703
303649
j3703
303649
j3704
303649
j3704
303649
j3705
303649
j3705
303649
j3706
303649
j3706
303649
j3707
303649
j3707
303649
j3708
303649
j3708
303649
j3709
303649
j3709
303649
j3710
303649
j3710
303649
j3711
303649
j3711
303649
j3712
303649
j3712
303649
j3713
303649
j3713
307362
j3714
307362
j3714
307362
j3715
307362
j3715
307362
j3716
307362
j3716
307362
j3717
307362
j3717
307362
j3718
307362
j3718
307362
j3719
307362
j3719
307362
j3720
307362
j3720
307362
j3721
307362
j3721
307362
j3722
307362
j3722
307362
j3723
307362
j3723
307362
j3724
307362
j3724
307362
j3725
307362
j3725
307362
j3726
307362
j3726
307362
j3727
307362
j3727
307362
j3728
307362
j3728
307362
j3729
307362
j3729
307362
j3730
307362
j3730
307362
j3731
307362
j3731
307362
j3732
307362
j3732
307362
j3733
307362
j3733
307362
j3734
307362
j3734
307362
j3735
307362
j3735
307362
j3736
307362
j3736
307362
j3737
307362
j3737
307362
j3738
307362
j3738
307362
j3739
307362
j3739
307362
j3740
307362
j3740
307362
j3741
311103
j3741
311103
j3742
311103
j3742
311103
j3743
311103
j3743
311103
j3744
311103
j3744
311103
j3745
311103
j3745
311103
j3746
311103
j3746
311103
j3747
311103
j3747
311103
j3748
311103
j3748
311103
j3749
311103
j3749
311103
j3750
311103
j3750
311103
j3751
311103
j3751
311103
j3752
311103
j3752
311103
j3753
311103
j3753
311103
j3754
311103
j3754
311103
j3755
311103
j3755
311103
j3756
311103
j3756
311103
j3757
311103
j3757
311103
j3758
311103
j3758
311103
j3759
311103
j3759
311103
j3760
311103
j3760
314863
j3761
314863
j3761
314863
j3762
314863
j3762
314863
j3763
314863
j3763
314863
j3764
314863
j3764
314863
j3765
314863
j3765
314863
j3766
314863
j3766
314863
j3767
314863
j3767
314863
j3768
314863
j3768
314863
j3769
314863
j3769
314863
j3770
314863
j3770
314863
j3771
314863
j3771
314863
j3772
314863
j3772
314863
j3773
314863
j3773
314863
j3774
314863
j3774
314863
j3775
314863
j3775
314863
j3776
314863
j3776
314863
j3777
314863
j3777
314863
j3778
314863
j3778
314863
j3779
314863
j3779
314863
j3780
314863
j3780
314863
j3781
314863
j3781
314863
j3782
314863
j3782
314863
j3783
314863
j3783
314863
j3784
318647
j3784
318647
j3785
318647
j3785
318647
j3786
318647
j3786
318647
j3787
318647
j3787
318647
j3788
318647
j3788
318647
j3789
318647
j3789
318647
j3790
318647
j3790
318647
j3791
318647
j3791
318647
j3792
318647
j3792
318647
j3793
318647
j3793
318647
j3794
318647
j3794
318647
j3795
318647
j3795
318647
j3796
318647
j3796
318647
j3797
318647
j3797
318647
j3798
318647
j3798
318647
j3799
318647
j3799
318647
j3800
318647
j3800
318647
j3801
318647
j3801
318647
j3802
318647
j3802
318647
j3803
318647
j3803
318647
j3804
318647
j3804
318647
j3805
318647
j3805
318647
j3806
318647
j3806
318647
j3807
318647
j3807
322454
j3808
322454
j3808
322454
j3809
322454
j3809
322454
j3810
322454
j3810
322454
j3811
322454
j3811
322454
j3812
322454
j3812
322454
j3813
322454
j3813
322454
j3814
322454
j3814
322454
j3815
322454
j3815
322454
j3816
322454
j3816
322454
j3817
322454
j3817
322454
j3818
322454
j3818
322454
j3819
322454
j3819
322454
j3820
322454
j3820
322454
j3821
322454
j3821
322454
j3822
322454
j3822
322454
j3823
322454
j3823
322454
j3824
322454
j3824
322454
j3825
322454
j3825
322454
j3826
322454
j3826
322454
j3827
326281
j3827
326281
j3828
326281
j3828
326281
j3829
326281
j3829
326281
j3830
326281
j3830
326281
j3831
326281
j3831
326281
j3832
326281
j3832
326281
j3833
326281
j3833
326281
j3834
326281
j3834
326281
j3835
326281
j3835
326281
j3836
326281
j3836
326281
j3837
326281
j3837
326281
j3838
326281
j3838
326281
j3839
326281
j3839
326281
j3840
326281
j3840
326281
j3841
326281
j3841
326281
j3842
326281
j3842
326281
j3843
326281
j3843
326281
j3844
326281
j3844
326281
j3845
326281
j3845
326281
j3846
326281
j3846
326281
j3847
326281
j3847
326281
j3848
326281
j3848
326281
j3849
326281
j3849
326281
j3850
326281
j3850
326281
j3851
326281
j3851
326281
j3852
326281
j3852
326281
j3853
326281
j3853
326281
j3854
326281
j3854
330135
j3855
330135
j3855
330135
j3856
330135
j3856
330135
j3857
330135
j3857
330135
j3858
330135
j3858
330135
j3859
330135
j3859
330135
j3860
330135
j3860
330135
j3861
330135
j3861
330135
j3862
330135
j3862
330135
j3863
330135
j3863
330135
j3864
330135
j3864
330135
j3865
330135
j3865
330135
j3866
330135
j3866
330135
j3867
330135
j3867
330135
j3868
330135
j3868
330135
j3869
330135
j3869
330135
j3870
334005
j3870
334005
j3871
334005
j3871
334005
j3872
334005
j3872
334005
j3873
334005
j3873
334005
j3874
334005
j3874
334005
j3875
334005
j3875
334005
j3876
334005
j3876
334005
j3877
334005
j3877
334005
j3878
334005
j3878
334005
j3879
334005
j3879
334005
j3880
334005
j3880
334005
j3881
334005
j3881
334005
j3882
334005
j3882
334005
j3883
334005
j3883
334005
j3884
334005
j3884
334005
j3885
334005
j3885
334005
j3886
334005
j3886
334005
j3887
334005
j3887
334005
j3888
334005
j3888
334005
j3889
334005
j3889
334005
j3890
334005
j3890
334005
j3891
334005
j3891
334005
j3892
334005
j3892
334005
j3893
334005
j3893
334005
j3894
334005
j3894
334005
j3895
334005
j3895
334005
j3896
334005
j3896
334005
j3897
334005
j3897
334005
j3898
334005
j3898
334005
j3899
334005
j3899
334005
j3900
334005
j3900
334005
j3901
334005
j3901
337906
j3902
337906
j3902
337906
j3903
337906
j3903
337906
j3904
337906
j3904
337906
j3905
337906
j3905
337906
j3906
337906
j3906
337906
j3907
337906
j3907
337906
j3908
337906
j3908
337906
j3909
337906
j3909
337906
j3910
337906
j3910
337906
j3911
337906
j3911
337906
j3912
337906
j3912
337906
j3913
341819
j3913
341819
j3914
341819
j3914
341819
j3915
341819
j3915
341819
j3916
341819
j3916
341819
j3917
341819
j3917
341819
j3918
341819
j3918
341819
j3919
341819
j3919
341819
j3920
341819
j3920
341819
j3921
341819
j3921
341819
j3922
341819
j3922
341819
j3923
341819
j3923
341819
j3924
341819
j3924
341819
j3925
341819
j3925
341819
j3926
341819
j3926
341819
j3927
341819
j3927
341819
j3928
341819
j3928
341819
j3929
341819
j3929
341819
j3930
341819
j3930
341819
j3931
341819
j3931
341819
j3932
341819
j3932
341819
j3933
341819
j3933
341819
j3934
341819
j3934
341819
j3935
341819
j3935
341819
j3936
341819
j3936
341819
j3937
341819
j3937
341819
j3938
341819
j3938
341819
j3939
341819
j3939
341819
j3940
341819
j3940
341819
j3941
341819
j3941
341819
j3942
341819
j3942
341819
j3943
341819
j3943
341819
j3944
341819
j3944
341819
j3945
341819
j3945
341819
j3946
341819
j3946
341819
j3947
341819
j3947
341819
j3948
341819
j3948
345767
j3949
345767
j3949
345767
j3950
345767
j3950
345767
j3951
345767
j3951
345767
j3952
345767
j3952
345767
j3953
345767
j3953
345767
j3954
345767
j3954
345767
j3955
345767
j3955
345767
j3956
349723
j3956
349723
j3957
349723
j3957
349723
j3958
349723
j3958
349723
j3959
349723
j3959
349723
j3960
349723
j3960
349723
j3961
349723
j3961
349723
j3962
349723
j3962
349723
j3963
349723
j3963
349723
j3964
349723
j3964
349723
j3965
349723
j3965
349723
j3966
349723
j3966
349723
j3967
349723
j3967
349723
j3968
349723
j3968
349723
j3969
349723
j3969
349723
j3970
349723
j3970
349723
j3971
349723
j3971
349723
j3972
349723
j3972
349723
j3973
349723
j3973
349723
j3974
349723
j3974
349723
j3975
349723
j3975
349723
j3976
349723
j3976
349723
j3977
349723
j3977
349723
j3978
349723
j3978
349723
j3979
349723
j3979
349723
j3980
349723
j3980
349723
j3981
349723
j3981
349723
j3982
349723
j3982
349723
j3983
349723
j3983
349723
j3984
349723
j3984
349723
j3985
349723
j3985
349723
j3986
349723
j3986
349723
j3987
349723
j3987
349723
j3988
349723
j3988
349723
j3989
349723
j3989
349723
j3990
349723
j3990
349723
j3991
349723
j3991
349723
j3992
349723
j3992
349723
j3993
349723
j3993
349723
j3994
349723
j3994
349723
j3995
349723
j3995
353718
j3996
353718
j3996
353718
j3997
353718
j3997
353718
j3998
353718
j3998
353718
j3999
357717
j3999
357717
j4000
357717
j4000
357717
j4001
357717
j4001
357717
j4002
357717
j4002
357717
j4003
357717
j4003
357717
j4004
357717
j4004
357717
j4005
357717
j4005
357717
j4006
357717
j4006
357717
j4007
357717
j4007
357717
j4008
357717
j4008
357717
j4009
357717
j4009
357717
j4010
357717
j4010
357717
j4011
357717
j4011
357717
j4012
357717
j4012
357717
j4013
357717
j4013
357717
j4014
357717
j4014
357717
j4015
357717
j4015
357717
j4016
357717
j4016
357717
j4017
357717
j4017
357717
j4018
357717
j4018
357717
j4019
357717
j4019
357717
j4020
357717
j4020
357717
j4021
357717
j4021
357717
j4022
357717
j4022
357717
j4023
357717
j4023
357717
j4024
357717
j4024
357717
j4025
357717
j4025
357717
j4026
357717
j4026
357717
j4027
357717
j4027
357717
j4028
357717
j4028
357717
j4029
357717
j4029
357717
j4030
357717
j4030
357717
j4031
357717
j4031
357717
j4032
357717
j4032
357717
j4033
357717
j4033
357717
j4034
357717
j4034
357717
j4035
357717
j4035
357717
j4036
357717
j4036
357717
j4037
357717
j4037
357717
j4038
357717
j4038
357717
j4039
357717
j4039
357717
j4040
357717
j4040
357717
j4041
357717
j4041
357717
j4042
361759
j4043
361759
j4043
361759
j4044
361759
j4044
361759
j4045
361759
j4045
361759
j4046
361759
j4046
361759
j4047
361759
j4047
361759
j4048
361759
j4048
361759
j4049
361759
j4049
361759
j4050
361759
j4050
361759
j4051
361759
j4051
361759
j4052
361759
j4052
361759
j4053
361759
j4053
361759
j4054
361759
j4054
361759
j4055
361759
j4055
361759
j4056
361759
j4056
361759
j4057
361759
j4057
361759
j4058
361759
j4058
361759
j4059
361759
j4059
361759
j4060
361759
j4060
361759
j4061
361759
j4061
361759
j4062
361759
j4062
361759
j4063
361759
j4063
361759
j4064
361759
j4064
361759
j4065
361759
j4065
361759
j4066
361759
j4066
361759
j4067
361759
j4067
361759
j4068
361759
j4068
361759
j4069
361759
j4069
361759
j4070
361759
j4070
361759
j4071
361759
j4071
361759
j4072
361759
j4072
361759
j4073
361759
j4073
361759
j4074
361759
j4074
361759
j4075
361759
j4075
361759
j4076
361759
j4076
361759
j4077
361759
j4077
361759
j4078
361759
j4078
361759
j4079
361759
j4079
361759
j4080
361759
j4080
361759
j4081
361759
j4081
361759
j4082
361759
j4082
361759
j4083
361759
j4083
361759
j4084
361759
j4084
361759
j4085
365844
j4085
365844
j4086
365844
j4086
365844
j4087
365844
j4087
365844
j4088
365844
j4088
365844
j4089
365844
j4089
369933
j4090
369933
j4090
369933
j4091
369933
j4091
369933
j4092
369933
j4092
369933
j4093
369933
j4093
369933
j4094
369933
j4094
369933
j4095
369933
j4095
369933
j4096
369933
j4096
369933
j4097
369933
j4097
369933
j4098
369933
j4098
369933
j4099
369933
j4099
369933
j4100
369933
j4100
369933
j4101
369933
j4101
369933
j4102
369933
j4102
369933
j4103
369933
j4103
369933
j4104
369933
j4104
369933
j4105
369933
j4105
369933
j4106
369933
j4106
369933
j4107
369933
j4107
369933
j4108
369933
j4108
369933
j4109
369933
j4109
369933
j4110
369933
j4110
369933
j4111
369933
j4111
369933
j4112
369933
j4112
369933
j4113
369933
j4113
369933
j4114
369933
j4114
369933
j4115
369933
j4115
369933
j4116
369933
j4116
369933
j4117
369933
j4117
369933
j4118
369933
j4118
369933
j4119
369933
j4119
369933
j4120
369933
j4120
369933
j4121
369933
j4121
369933
j4122
369933
j4122
369933
j4123
369933
j4123
369933
j4124
369933
j4124
369933
j4125
369933
j4125
369933
j4126
369933
j4126
369933
j4127
369933
j4127
369933
j4128
374061
j4128
374061
j4129
374061
j4129
374061
j4130
374061
j4130
374061
j4131
374061
j4131
374061
j4132
374061
j4132
374061
j4133
374061
j4133
374061
j4134
374061
j4134
374061
j4135
374061
j4135
374061
j4136
374061
j4136
378197
j4137
378197
j4137
378197
j4138
378197
j4138
378197
j4139
378197
j4139
378197
j4140
378197
j4140
378197
j4141
378197
j4141
378197
j4142
378197
j4142
378197
j4143
378197
j4143
378197
j4144
378197
j4144
378197
j4145
378197
j4145
378197
j4146
378197
j4146
378197
j4147
378197
j4147
378197
j4148
378197
j4148
378197
j4149
378197
j4149
378197
j4150
378197
j4150
378197
j4151
378197
j4151
378197
j4152
378197
j4152
378197
j4153
378197
j4153
378197
j4154
378197
j4154
378197
j4155
378197
j4155
378197
j4156
378197
j4156
378197
j4157
378197
j4157
378197
j4158
378197
j4158
378197
j4159
378197
j4159
378197
j4160
378197
j4160
378197
j4161
378197
j4161
378197
j4162
378197
j4162
378197
j4163
378197
j4163
378197
j4164
378197
j4164
378197
j4165
378197
j4165
378197
j4166
378197
j4166
378197
j4167
378197
j4167
378197
j4168
378197
j4168
378197
j4169
378197
j4169
378197
j4170
378197
j4170
378197
j4171
382368
j4171
382368
j4172
382368
j4172
382368
j4173
382368
j4173
382368
j4174
382368
j4174
382368
j4175
382368
j4175
382368
j4176
382368
j4176
382368
j4177
382368
j4177
382368
j4178
382368
j4178
382368
j4179
382368
j4179
382368
j4180
382368
j4180
382368
j4181
382368
j4181
382368
j4182
382368
j4182
382368
j4183
382368
j4183
386551
j4184
386551
j4184
386551
j4185
386551
j4185
386551
j4186
386551
j4186
386551
j4187
386551
j4187
386551
j4188
386551
j4188
386551
j4189
386551
j4189
386551
j4190
386551
j4190
386551
j4191
386551
j4191
386551
j4192
386551
j4192
386551
j4193
386551
j4193
386551
j4194
386551
j4194
386551
j4195
386551
j4195
386551
j4196
386551
j4196
386551
j4197
386551
j4197
386551
j4198
386551
j4198
386551
j4199
386551
j4199
386551
j4200
386551
j4200
386551
j4201
386551
j4201
386551
j4202
386551
j4202
386551
j4203
386551
j4203
386551
j4204
386551
j4204
386551
j4205
386551
j4205
386551
j4206
386551
j4206
386551
j4207
386551
j4207
386551
j4208
386551
j4208
386551
j4209
386551
j4209
386551
j4210
386551
j4210
386551
j4211
386551
j4211
386551
j4212
386551
j4212
386551
j4213
386551
j4213
386551
j4214
390765
j4214
390765
j4215
390765
j4215
390765
j4216
390765
j4216
390765
j4217
390765
j4217
390765
j4218
390765
j4218
390765
j4219
390765
j4219
390765
j4220
390765
j4220
390765
j4221
390765
j4221
390765
j4222
390765
j4222
390765
j4223
390765
j4223
390765
j4224
390765
j4224
390765
j4225
390765
j4225
390765
j4226
390765
j4226
390765
j4227
390765
j4227
390765
j4228
390765
j4228
390765
j4229
390765
j4229
390765
j4230
390765
j4230
394995
j4231
394995
j4231
394995
j4232
394995
j4232
394995
j4233
394995
j4233
394995
j4234
394995
j4234
394995
j4235
394995
j4235
394995
j4236
394995
j4236
394995
j4237
394995
j4237
394995
j4238
394995
j4238
394995
j4239
394995
j4239
394995
j4240
394995
j4240
394995
j4241
394995
j4241
394995
j4242
394995
j4242
394995
j4243
394995
j4243
394995
j4244
394995
j4244
394995
j4245
394995
j4245
394995
j4246
394995
j4246
394995
j4247
394995
j4247
394995
j4248
394995
j4248
394995
j4249
394995
j4249
394995
j4250
394995
j4250
394995
j4251
394995
j4251
394995
j4252
394995
j4252
394995
j4253
394995
j4253
394995
j4254
394995
j4254
394995
j4255
394995
j4255
394995
j4256
394995
j4256
394995
j4257
399252
j4257
399252
j4258
399252
j4258
399252
j4259
399252
j4259
399252
j4260
399252
j4260
399252
j4261
399252
j4261
399252
j4262
399252
j4262
399252
j4263
399252
j4263
399252
j4264
399252
j4264
399252
j4265
399252
j4265
399252
j4266
399252
j4266
399252
j4267
399252
j4267
399252
j4268
399252
j4268
399252
j4269
399252
j4269
399252
j4270
399252
j4270
399252
j4271
399252
j4271
399252
j4272
399252
j4272
399252
j4273
399252
j4273
399252
j4274
399252
j4274
399252
j4275
399252
j4275
399252
j4276
399252
j4276
399252
j4277
399252
j4277
403529
j4278
403529
j4278
403529
j4279
403529
j4279
403529
j4280
403529
j4280
403529
j4281
403529
j4281
403529
j4282
403529
j4282
403529
j4283
403529
j4283
403529
j4284
403529
j4284
403529
j4285
403529
j4285
403529
j4286
403529
j4286
403529
j4287
403529
j4287
403529
j4288
403529
j4288
403529
j4289
403529
j4289
403529
j4290
403529
j4290
403529
j4291
403529
j4291
403529
j4292
403529
j4292
403529
j4293
403529
j4293
403529
j4294
403529
j4294
403529
j4295
403529
j4295
403529
j4296
403529
j4296
403529
j4297
403529
j4297
403529
j4298
403529
j4298
403529
j4299
403529
j4299
403529
j4300
407829
j4300
407829
j4301
407829
j4301
407829
j4302
407829
j4302
407829
j4303
407829
j4303
407829
j4304
407829
j4304
407829
j4305
407829
j4305
407829
j4306
407829
j4306
407829
j4307
407829
j4307
407829
j4308
407829
j4308
407829
j4309
407829
j4309
407829
j4310
407829
j4310
407829
j4311
407829
j4311
407829
j4312
407829
j4312
407829
j4313
407829
j4313
407829
j4314
407829
j4314
407829
j4315
407829
j4315
407829
j4316
407829
j4316
407829
j4317
407829
j4317
407829
j4318
407829
j4318
407829
j4319
407829
j4319
407829
j4320
407829
j4320
407829
j4321
407829
j4321
407829
j4322
407829
j4322
407829
j4323
407829
j4323
407829
j4324
407829
j4324
412153
j4325
412153
j4325
412153
j4326
412153
j4326
412153
j4327
412153
j4327
412153
j4328
412153
j4328
412153
j4329
412153
j4329
412153
j4330
412153
j4330
412153
j4331
412153
j4331
412153
j4332
412153
j4332
412153
j4333
412153
j4333
412153
j4334
412153
j4334
412153
j4335
412153
j4335
412153
j4336
412153
j4336
412153
j4337
412153
j4337
412153
j4338
412153
j4338
412153
j4339
412153
j4339
412153
j4340
412153
j4340
412153
j4341
412153
j4341
412153
j4342
412153
j4342
412153
j4343
416496
j4343
416496
j4344
416496
j4344
416496
j4345
416496
j4345
416496
j4346
416496
j4346
416496
j4347
416496
j4347
416496
j4348
416496
j4348
416496
j4349
416496
j4349
416496
j4350
416496
j4350
416496
j4351
416496
j4351
416496
j4352
416496
j4352
416496
j4353
416496
j4353
416496
j4354
416496
j4354
416496
j4355
416496
j4355
416496
j4356
416496
j4356
416496
j4357
416496
j4357
416496
j4358
416496
j4358
416496
j4359
416496
j4359
416496
j4360
416496
j4360
416496
j4361
416496
j4361
416496
j4362
416496
j4362
416496
j4363
416496
j4363
416496
j4364
416496
j4364
416496
j4365
416496
j4365
416496
j4366
416496
j4366
416496
j4367
416496
j4367
416496
j4368
416496
j4368
416496
j4369
416496
j4369
416496
j4370
416496
j4370
416496
j4371
416496
j4371
420867
j4372
420867
j4372
420867
j4373
420867
j4373
420867
j4374
420867
j4374
420867
j4375
420867
j4375
420867
j4376
420867
j4376
420867
j4377
420867
j4377
420867
j4378
420867
j4378
420867
j4379
420867
j4379
420867
j4380
420867
j4380
420867
j4381
420867
j4381
420867
j4382
420867
j4382
420867
j4383
420867
j4383
420867
j4384
420867
j4384
420867
j4385
420867
j4385
420867
j4386
425253
j4386
425253
j4387
425253
j4387
425253
j4388
425253
j4388
425253
j4389
425253
j4389
425253
j4390
425253
j4390
425253
j4391
425253
j4391
425253
j4392
425253
j4392
425253
j4393
425253
j4393
425253
j4394
425253
j4394
425253
j4395
425253
j4395
425253
j4396
425253
j4396
425253
j4397
425253
j4397
425253
j4398
425253
j4398
425253
j4399
425253
j4399
425253
j4400
425253
j4400
425253
j4401
425253
j4401
425253
j4402
425253
j4402
425253
j4403
425253
j4403
425253
j4404
425253
j4404
425253
j4405
425253
j4405
425253
j4406
425253
j4406
425253
j4407
425253
j4407
425253
j4408
425253
j4408
425253
j4409
425253
j4409
425253
j4410
425253
j4410
425253
j4411
425253
j4411
425253
j4412
425253
j4412
425253
j4413
425253
j4413
425253
j4414
425253
j4414
425253
j4415
425253
j4415
425253
j4416
425253
j4416
425253
j4417
425253
j4417
425253
j4418
425253
j4418
429671
j4419
429671
j4419
429671
j4420
429671
j4420
429671
j4421
429671
j4421
429671
j4422
429671
j4422
429671
j4423
429671
j4423
429671
j4424
429671
j4424
429671
j4425
429671
j4425
429671
j4426
429671
j4426
429671
j4427
429671
j4427
429671
j4428
429671
j4428
429671
j4429
434100
j4429
434100
j4430
434100
j4430
434100
j4431
434100
j4431
434100
j4432
434100
j4432
434100
j4433
434100
j4433
434100
j4434
434100
j4434
434100
j4435
434100
j4435
434100
j4436
434100
j4436
434100
j4437
434100
j4437
434100
j4438
434100
j4438
434100
j4439
434100
j4439
434100
j4440
434100
j4440
434100
j4441
434100
j4441
434100
j4442
434100
j4442
434100
j4443
434100
j4443
434100
j4444
434100
j4444
434100
j4445
434100
j4445
434100
j4446
434100
j4446
434100
j4447
434100
j4447
434100
j4448
434100
j4448
434100
j4449
434100
j4449
434100
j4450
434100
j4450
434100
j4451
434100
j4451
434100
j4452
434100
j4452
434100
j4453
434100
j4453
434100
j4454
434100
j4454
434100
j4455
434100
j4455
434100
j4456
434100
j4456
434100
j4457
434100
j4457
434100
j4458
434100
j4458
434100
j4459
434100
j4459
434100
j4460
434100
j4460
434100
j4461
434100
j4461
434100
j4462
434100
j4462
434100
j4463
434100
j4463
434100
j4464
434100
j4464
434100
j4465
434100
j4465
438565
j4466
438565
j4466
438565
j4467
438565
j4467
438565
j4468
438565
j4468
438565
j4469
438565
j4469
438565
j4470
438565
j4470
438565
j4471
438565
j4471
438565
j4472
443037
j4472
443037
j4473
443037
j4473
443037
j4474
443037
j4474
443037
j4475
443037
j4475
443037
j4476
443037
j4476
443037
j4477
443037
j4477
443037
j4478
443037
j4478
443037
j4479
443037
j4479
443037
j4480
443037
j4480
443037
j4481
443037
j4481
443037
j4482
443037
j4482
443037
j4483
443037
j4483
443037
j4484
443037
j4484
443037
j4485
443037
j4485
443037
j4486
443037
j4486
443037
j4487
443037
j4487
443037
j4488
443037
j4488
443037
j4489
443037
j4489
443037
j4490
443037
j4490
443037
j4491
443037
j4491
443037
j4492
443037
j4492
443037
j4493
443037
j4493
443037
j4494
443037
j4494
443037
j4495
443037
j4495
443037
j4496
443037
j4496
443037
j4497
443037
j4497
443037
j4498
443037
j4498
443037
j4499
443037
j4499
443037
j4500
443037
j4500
443037
j4501
443037
j4501
443037
j4502
443037
j4502
443037
j4503
443037
j4503
443037
j4504
443037
j4504
443037
j4505
443037
j4505
443037
j4506
443037
j4506
443037
j4507
443037
j4507
443037
j4508
443037
j4508
443037
j4509
443037
j4509
443037
j4510
443037
j4510
443037
j4511
443037
j4511
443037
j4512
443037
j4512
447549
j4513
447549
j4513
447549
j4514
447549
j4514
447549
j4515
452064
j4515
452064
j4516
452064
j4516
452064
j4517
452064
j4517
452064
j4518
452064
j4518
452064
j4519
452064
j4519
452064
j4520
452064
j4520
452064
j4521
452064
j4521
452064
j4522
452064
j4522
452064
j4523
452064
j4523
452064
j4524
452064
j4524
452064
j4525
452064
j4525
452064
j4526
452064
j4526
452064
j4527
452064
j4527
452064
j4528
452064
j4528
452064
j4529
452064
j4529
452064
j4530
452064
j4530
452064
j4531
452064
j4531
452064
j4532
452064
j4532
452064
j4533
452064
j4533
452064
j4534
452064
j4534
452064
j4535
452064
j4535
452064
j4536
452064
j4536
452064
j4537
452064
j4537
452064
j4538
452064
j4538
452064
j4539
452064
j4539
452064
j4540
452064
j4540
452064
j4541
452064
j4541
452064
j4542
452064
j4542
452064
j4543
452064
j4543
452064
j4544
452064
j4544
452064
j4545
452064
j4545
452064
j4546
452064
j4546
452064
j4547
452064
j4547
452064
j4548
452064
j4548
452064
j4549
452064
j4549
452064
j4550
452064
j4550
452064
j4551
452064
j4551
452064
j4552
452064
j4552
452064
j4553
452064
j4553
452064
j4554
452064
j4554
452064
j4555
452064
j4555
452064
j4556
452064
j4556
452064
j4557
452064
j4557
452064
j4558
456622
j4558
456622
j4559
456622
j4559
461181
j4560
461181
j4560
461181
j4561
461181
j4561
461181
j4562
461181
j4562
461181
j4563
461181
j4563
461181
j4564
461181
j4564
461181
j4565
461181
j4565
461181
j4566
461181
j4566
461181
j4567
461181
j4567
461181
j4568
461181
j4568
461181
j4569
461181
j4569
461181
j4570
461181
j4570
461181
j4571
461181
j4571
461181
j4572
461181
j4572
461181
j4573
461181
j4573
461181
j4574
461181
j4574
461181
j4575
461181
j4575
461181
j4576
461181
j4576
461181
j4577
461181
j4577
461181
j4578
461181
j4578
461181
j4579
461181
j4579
461181
j4580
461181
j4580
461181
j4581
461181
j4581
461181
j4582
461181
j4582
461181
j4583
461181
j4583
461181
j4584
461181
j4584
461181
j4585
461181
j4585
461181
j4586
461181
j4586
461181
j4587
461181
j4587
461181
j4588
461181
j4588
461181
j4589
461181
j4589
461181
j4590
461181
j4590
461181
j4591
461181
j4591
461181
j4592
461181
j4592
461181
j4593
461181
j4593
461181
j4594
461181
j4594
461181
j4595
461181
j4595
461181
j4596
461181
j4596
461181
j4597
461181
j4597
461181
j4598
461181
j4598
461181
j4599
461181
j4599
461181
j4600
461181
j4600
461181
j4601
465782
j4601
465782
j4602
465782
j4602
465782
j4603
465782
j4603
465782
j4604
465782
j4604
465782
j4605
465782
j4605
465782
j4606
465782
j4606
470388
j4607
470388
j4607
470388
j4608
470388
j4608
470388
j4609
470388
j4609
470388
j4610
470388
j4610
470388
j4611
470388
j4611
470388
j4612
470388
j4612
470388
j4613
470388
j4613
470388
j4614
470388
j4614
470388
j4615
470388
j4615
470388
j4616
470388
j4616
470388
j4617
470388
j4617
470388
j4618
470388
j4618
470388
j4619
470388
j4619
470388
j4620
470388
j4620
470388
j4621
470388
j4621
470388
j4622
470388
j4622
470388
j4623
470388
j4623
470388
j4624
470388
j4624
470388
j4625
470388
j4625
470388
j4626
470388
j4626
470388
j4627
470388
j4627
470388
j4628
470388
j4628
470388
j4629
470388
j4629
470388
j4630
470388
j4630
470388
j4631
470388
j4631
470388
j4632
470388
j4632
470388
j4633
470388
j4633
470388
j4634
470388
j4634
470388
j4635
470388
j4635
470388
j4636
470388
j4636
470388
j4637
470388
j4637
470388
j4638
470388
j4638
470388
j4639
470388
j4639
470388
j4640
470388
j4640
470388
j4641
470388
j4641
470388
j4642
470388
j4642
470388
j4643
470388
j4643
470388
j4644
475032
j4644
475032
j4645
475032
j4645
475032
j4646
475032
j4646
475032
j4647
475032
j4647
475032
j4648
475032
j4648
475032
j4649
475032
j4649
475032
j4650
475032
j4650
475032
j4651
475032
j4651
475032
j4652
475032
j4652
475032
j4653
475032
j4653
479685
j4654
479685
j4654
479685
j4655
479685
j4655
479685
j4656
479685
j4656
479685
j4657
479685
j4657
479685
j4658
479685
j4658
479685
j4659
479685
j4659
479685
j4660
479685
j4660
479685
j4661
479685
j4661
479685
j4662
479685
j4662
479685
j4663
479685
j4663
479685
j4664
479685
j4664
479685
j4665
479685
j4665
479685
j4666
479685
j4666
479685
j4667
479685
j4667
479685
j4668
479685
j4668
479685
j4669
479685
j4669
479685
j4670
479685
j4670
479685
j4671
479685
j4671
479685
j4672
479685
j4672
479685
j4673
479685
j4673
479685
j4674
479685
j4674
479685
j4675
479685
j4675
479685
j4676
479685
j4676
479685
j4677
479685
j4677
479685
j4678
479685
j4678
479685
j4679
479685
j4679
479685
j4680
479685
j4680
479685
j4681
479685
j4681
479685
j4682
479685
j4682
479685
j4683
479685
j4683
479685
j4684
479685
j4684
479685
j4685
479685
j4685
479685
j4686
479685
j4686
479685
j4687
484372
j4687
484372
j4688
484372
j4688
484372
j4689
484372
j4689
484372
j4690
484372
j4690
484372
j4691
484372
j4691
484372
j4692
484372
j4692
484372
j4693
484372
j4693
484372
j4694
484372
j4694
484372
j4695
484372
j4695
484372
j4696
484372
j4696
484372
j4697
484372
j4697
484372
j4698
484372
j4698
484372
j4699
484372
j4699
484372
j4700
484372
j4700
489072
j4701
489072
j4701
489072
j4702
489072
j4702
489072
j4703
489072
j4703
489072
j4704
489072
j4704
489072
j4705
489072
j4705
489072
j4706
489072
j4706
489072
j4707
489072
j4707
489072
j4708
489072
j4708
489072
j4709
489072
j4709
489072
j4710
489072
j4710
489072
j4711
489072
j4711
489072
j4712
489072
j4712
489072
j4713
489072
j4713
489072
j4714
489072
j4714
489072
j4715
489072
j4715
489072
j4716
489072
j4716
489072
j4717
489072
j4717
489072
j4718
489072
j4718
489072
j4719
489072
j4719
489072
j4720
489072
j4720
489072
j4721
489072
j4721
489072
j4722
489072
j4722
489072
j4723
489072
j4723
489072
j4724
489072
j4724
489072
j4725
489072
j4725
489072
j4726
489072
j4726
489072
j4727
489072
j4727
489072
j4728
489072
j4728
489072
j4729
489072
j4729
489072
j4730
493802
j4730
493802
j4731
493802
j4731
493802
j4732
493802
j4732
493802
j4733
493802
j4733
493802
j4734
493802
j4734
493802
j4735
493802
j4735
493802
j4736
493802
j4736
493802
j4737
493802
j4737
493802
j4738
493802
j4738
493802
j4739
493802
j4739
493802
j4740
493802
j4740
493802
j4741
493802
j4741
493802
j4742
493802
j4742
493802
j4743
493802
j4743
493802
j4744
493802
j4744
493802
j4745
493802
j4745
493802
j4746
493802
j4746
493802
j4747
493802
j4747
498549
j4748
498549
j4748
498549
j4749
498549
j4749
498549
j4750
498549
j4750
498549
j4751
498549
j4751
498549
j4752
498549
j4752
498549
j4753
498549
j4753
498549
j4754
498549
j4754
498549
j4755
498549
j4755
498549
j4756
498549
j4756
498549
j4757
498549
j4757
498549
j4758
498549
j4758
498549
j4759
498549
j4759
498549
j4760
498549
j4760
498549
j4761
498549
j4761
498549
j4762
498549
j4762
498549
j4763
498549
j4763
498549
j4764
498549
j4764
498549
j4765
498549
j4765
498549
j4766
498549
j4766
498549
j4767
498549
j4767
498549
j4768
498549
j4768
498549
j4769
498549
j4769
498549
j4770
498549
j4770
498549
j4771
498549
j4771
498549
j4772
498549
j4772
498549
j4773
503322
j4773
503322
j4774
503322
j4774
503322
j4775
503322
j4775
503322
j4776
503322
j4776
503322
j4777
503322
j4777
503322
j4778
503322
j4778
503322
j4779
503322
j4779
503322
j4780
503322
j4780
503322
j4781
503322
j4781
503322
j4782
503322
j4782
503322
j4783
503322
j4783
503322
j4784
503322
j4784
503322
j4785
503322
j4785
503322
j4786
503322
j4786
503322
j4787
503322
j4787
503322
j4788
503322
j4788
503322
j4789
503322
j4789
503322
j4790
503322
j4790
503322
j4791
503322
j4791
503322
j4792
503322
j4792
503322
j4793
503322
j4793
503322
j4794
503322
j4794
508116
j4795
508116
j4795
508116
j4796
508116
j4796
508116
j4797
508116
j4797
508116
j4798
508116
j4798
508116
j4799
508116
j4799
508116
j4800
508116
j4800
508116
j4801
508116
j4801
508116
j4802
508116
j4802
508116
j4803
508116
j4803
508116
j4804
508116
j4804
508116
j4805
508116
j4805
508116
j4806
508116
j4806
508116
j4807
508116
j4807
508116
j4808
508116
j4808
508116
j4809
508116
j4809
508116
j4810
508116
j4810
508116
j4811
508116
j4811
508116
j4812
508116
j4812
508116
j4813
508116
j4813
508116
j4814
508116
j4814
508116
j4815
508116
j4815
508116
j4816
512932
j4816
512932
j4817
512932
j4817
512932
j4818
512932
j4818
512932
j4819
512932
j4819
512932
j4820
512932
j4820
512932
j4821
512932
j4821
512932
j4822
512932
j4822
512932
j4823
512932
j4823
512932
j4824
512932
j4824
512932
j4825
512932
j4825
512932
j4826
512932
j4826
512932
j4827
512932
j4827
512932
j4828
512932
j4828
512932
j4829
512932
j4829
512932
j4830
512932
j4830
512932
j4831
512932
j4831
512932
j4832
512932
j4832
512932
j4833
512932
j4833
512932
j4834
512932
j4834
512932
j4835
512932
j4835
512932
j4836
512932
j4836
512932
j4837
512932
j4837
512932
j4838
512932
j4838
512932
j4839
512932
j4839
512932
j4840
512932
j4840
512932
j4841
512932
j4841
517773
j4842
517773
j4842
517773
j4843
517773
j4843
517773
j4844
517773
j4844
517773
j4845
517773
j4845
517773
j4846
517773
j4846
517773
j4847
517773
j4847
517773
j4848
517773
j4848
517773
j4849
517773
j4849
517773
j4850
517773
j4850
517773
j4851
517773
j4851
517773
j4852
517773
j4852
517773
j4853
517773
j4853
517773
j4854
517773
j4854
517773
j4855
517773
j4855
517773
j4856
517773
j4856
517773
j4857
517773
j4857
517773
j4858
517773
j4858
517773
j4859
522632
j4859
522632
j4860
522632
j4860
522632
j4861
522632
j4861
522632
j4862
522632
j4862
522632
j4863
522632
j4863
522632
j4864
522632
j4864
522632
j4865
522632
j4865
522632
j4866
522632
j4866
522632
j4867
522632
j4867
522632
j4868
522632
j4868
522632
j4869
522632
j4869
522632
j4870
522632
j4870
522632
j4871
522632
j4871
522632
j4872
522632
j4872
522632
j4873
522632
j4873
522632
j4874
522632
j4874
522632
j4875
522632
j4875
522632
j4876
522632
j4876
522632
j4877
522632
j4877
522632
j4878
522632
j4878
522632
j4879
522632
j4879
522632
j4880
522632
j4880
522632
j4881
522632
j4881
522632
j4882
522632
j4882
522632
j4883
522632
j4883
522632
j4884
522632
j4884
522632
j4885
522632
j4885
522632
j4886
522632
j4886
522632
j4887
522632
j4887
522632
j4888
522632
j4888
527520
j4889
527520
j4889
527520
j4890
527520
j4890
527520
j4891
527520
j4891
527520
j4892
527520
j4892
527520
j4893
527520
j4893
527520
j4894
527520
j4894
527520
j4895
527520
j4895
527520
j4896
527520
j4896
527520
j4897
527520
j4897
527520
j4898
527520
j4898
527520
j4899
527520
j4899
527520
j4900
527520
j4900
527520
j4901
527520
j4901
527520
j4902
532422
j4902
532422
j4903
532422
j4903
532422
j4904
532422
j4904
532422
j4905
532422
j4905
532422
j4906
532422
j4906
532422
j4907
532422
j4907
532422
j4908
532422
j4908
532422
j4909
532422
j4909
532422
j4910
532422
j4910
532422
j4911
532422
j4911
532422
j4912
532422
j4912
532422
j4913
532422
j4913
532422
j4914
532422
j4914
532422
j4915
532422
j4915
532422
j4916
532422
j4916
532422
j4917
532422
j4917
532422
j4918
532422
j4918
532422
j4919
532422
j4919
532422
j4920
532422
j4920
532422
j4921
532422
j4921
532422
j4922
532422
j4922
532422
j4923
532422
j4923
532422
j4924
532422
j4924
532422
j4925
532422
j4925
532422
j4926
532422
j4926
532422
j4927
532422
j4927
532422
j4928
532422
j4928
532422
j4929
532422
j4929
532422
j4930
532422
j4930
532422
j4931
532422
j4931
532422
j4932
532422
j4932
532422
j4933
532422
j4933
532422
j4934
532422
j4934
532422
j4935
532422
j4935
537357
j4936
537357
j4936
537357
j4937
537357
j4937
537357
j4938
537357
j4938
537357
j4939
537357
j4939
537357
j4940
537357
j4940
537357
j4941
537357
j4941
537357
j4942
537357
j4942
537357
j4943
537357
j4943
537357
j4944
537357
j4944
537357
j4945
542302
j4945
542302
j4946
542302
j4946
542302
j4947
542302
j4947
542302
j4948
542302
j4948
542302
j4949
542302
j4949
542302
j4950
542302
j4950
542302
j4951
542302
j4951
542302
j4952
542302
j4952
542302
j4953
542302
j4953
542302
j4954
542302
j4954
542302
j4955
542302
j4955
542302
j4956
542302
j4956
542302
j4957
542302
j4957
542302
j4958
542302
j4958
542302
j4959
542302
j4959
542302
j4960
542302
j4960
542302
j4961
542302
j4961
542302
j4962
542302
j4962
542302
j4963
542302
j4963
542302
j4964
542302
j4964
542302
j4965
542302
j4965
542302
j4966
542302
j4966
542302
j4967
542302
j4967
542302
j4968
542302
j4968
542302
j4969
542302
j4969
542302
j4970
542302
j4970
542302
j4971
542302
j4971
542302
j4972
542302
j4972
542302
j4973
542302
j4973
542302
j4974
542302
j4974
542302
j4975
542302
j4975
542302
j4976
542302
j4976
542302
j4977
542302
j4977
542302
j4978
542302
j4978
542302
j4979
542302
j4979
542302
j4980
542302
j4980
542302
j4981
542302
j4981
542302
j4982
542302
j4982
547284
j4983
547284
j4983
547284
j4984
547284
j4984
547284
j4985
547284
j4985
547284
j4986
547284
j4986
547284
j4987
547284
j4987
547284
j4988
552272
j4988
552272
j4989
552272
j4989
552272
j4990
552272
j4990
552272
j4991
552272
j4991
552272
j4992
552272
j4992
552272
j4993
552272
j4993
552272
j4994
552272
j4994
552272
j4995
552272
j4995
552272
j4996
552272
j4996
552272
j4997
552272
j4997
552272
j4998
552272
j4998
552272
j4999
552272
j4999
552272
j5000
552272
j5000
552272
j5001
552272
j5001
552272
j5002
552272
j5002
552272
j5003
552272
j5003
552272
j5004
552272
j5004
552272
j5005
552272
j5005
552272
j5006
552272
j5006
552272
j5007
552272
j5007
552272
j5008
552272
j5008
552272
j5009
552272
j5009
552272
j5010
552272
j5010
552272
j5011
552272
j5011
552272
j5012
552272
j5012
552272
j5013
552272
j5013
552272
j5014
552272
j5014
552272
j5015
552272
j5015
552272
j5016
552272
j5016
552272
j5017
552272
j5017
552272
j5018
552272
j5018
552272
j5019
552272
j5019
552272
j5020
552272
j5020
552272
j5021
552272
j5021
552272
j5022
552272
j5022
552272
j5023
552272
j5023
552272
j5024
552272
j5024
552272
j5025
552272
j5025
552272
j5026
552272
j5026
552272
j5027
552272
j5027
552272
j5028
552272
j5028
552272
j5029
552272
j5029
557301
j5030
557301
j5030
557301
j5031
562332
j5031
562332
j5032
562332
j5032
562332
j5033
562332
j5033
562332
j5034
562332
j5034
562332
j5035
562332
j5035
562332
j5036
562332
j5036
562332
j5037
562332
j5037
562332
j5038
562332
j5038
562332
j5039
562332
j5039
562332
j5040
562332
j5040
562332
j5041
562332
j5041
562332
j5042
562332
j5042
562332
j5043
562332
j5043
562332
j5044
562332
j5044
562332
j5045
562332
j5045
562332
j5046
562332
j5046
562332
j5047
562332
j5047
562332
j5048
562332
j5048
562332
j5049
562332
j5049
562332
j5050
562332
j5050
562332
j5051
562332
j5051
562332
j5052
562332
j5052
562332
j5053
562332
j5053
562332
j5054
562332
j5054
562332
j5055
562332
j5055
562332
j5056
562332
j5056
562332
j5057
562332
j5057
562332
j5058
562332
j5058
562332
j5059
562332
j5059
562332
j5060
562332
j5060
562332
j5061
562332
j5061
562332
j5062
562332
j5062
562332
j5063
562332
j5063
562332
j5064
562332
j5064
562332
j5065
562332
j5065
562332
j5066
562332
j5066
562332
j5067
562332
j5067
562332
j5068
562332
j5068
562332
j5069
562332
j5069
562332
j5070
562332
j5070
562332
j5071
562332
j5071
562332
j5072
562332
j5072
562332
j5073
562332
j5073
562332
j5074
567406
j5074
567406
j5075
567406
j5075
567406
j5076
567406
j5076
572482
j5077
572482
j5077
572482
j5078
572482
j5078
572482
j5079
572482
j5079
572482
j5080
572482
j5080
572482
j5081
572482
j5081
572482
j5082
572482
j5082
572482
j5083
572482
j5083
572482
j5084
572482
j5084
572482
j5085
572482
j5085
572482
j5086
572482
j5086
572482
j5087
572482
j5087
572482
j5088
572482
j5088
572482
j5089
572482
j5089
572482
j5090
572482
j5090
572482
j5091
572482
j5091
572482
j5092
572482
j5092
572482
j5093
572482
j5093
572482
j5094
572482
j5094
572482
j5095
572482
j5095
572482
j5096
572482
j5096
572482
j5097
572482
j5097
572482
j5098
572482
j5098
572482
j5099
572482
j5099
572482
j5100
572482
j5100
572482
j5101
572482
j5101
572482
j5102
572482
j5102
572482
j5103
572482
j5103
572482
j5104
572482
j5104
572482
j5105
572482
j5105
572482
j5106
572482
j5106
572482
j5107
572482
j5107
572482
j5108
572482
j5108
572482
j5109
572482
j5109
572482
j5110
572482
j5110
572482
j5111
572482
j5111
572482
j5112
572482
j5112
572482
j5113
572482
j5113
572482
j5114
572482
j5114
572482
j5115
572482
j5115
572482
j5116
572482
j5116
572482
j5117
577599
j5117
577599
j5118
577599
j5118
577599
j5119
577599
j5119
577599
j5120
577599
j5120
577599
j5121
577599
j5121
577599
j5122
577599
j5122
577599
j5123
577599
j5123
582722
j5124
582722
j5124
582722
j5125
582722
j5125
582722
j5126
582722
j5126
582722
j5127
582722
j5127
582722
j5128
582722
j5128
582722
j5129
582722
j5129
582722
j5130
582722
j5130
582722
j5131
582722
j5131
582722
j5132
582722
j5132
582722
j5133
582722
j5133
582722
j5134
582722
j5134
582722
j5135
582722
j5135
582722
j5136
582722
j5136
582722
j5137
582722
j5137
582722
j5138
582722
j5138
582722
j5139
582722
j5139
582722
j5140
582722
j5140
582722
j5141
582722
j5141
582722
j5142
582722
j5142
582722
j5143
582722
j5143
582722
j5144
582722
j5144
582722
j5145
582722
j5145
582722
j5146
582722
j5146
582722
j5147
582722
j5147
582722
j5148
582722
j5148
582722
j5149
582722
j5149
582722
j5150
582722
j5150
582722
j5151
582722
j5151
582722
j5152
582722
j5152
582722
j5153
582722
j5153
582722
j5154
582722
j5154
582722
j5155
582722
j5155
582722
j5156
582722
j5156
582722
j5157
582722
j5157
582722
j5158
582722
j5158
582722
j5159
582722
j5159
582722
j5160
587882
j5160
587882
j5161
587882
j5161
587882
j5162
587882
j5162
587882
j5163
587882
j5163
587882
j5164
587882
j5164
587882
j5165
587882
j5165
587882
j5166
587882
j5166
587882
j5167
587882
j5167
587882
j5168
587882
j5168
587882
j5169
587882
j5169
587882
j5170
587882
j5170
593052
j5171
593052
j5171
593052
j5172
593052
j5172
593052
j5173
593052
j5173
593052
j5174
593052
j5174
593052
j5175
593052
j5175
593052
j5176
593052
j5176
593052
j5177
593052
j5177
593052
j5178
593052
j5178
593052
j5179
593052
j5179
593052
j5180
593052
j5180
593052
j5181
593052
j5181
593052
j5182
593052
j5182
593052
j5183
593052
j5183
593052
j5184
593052
j5184
593052
j5185
593052
j5185
593052
j5186
593052
j5186
593052
j5187
593052
j5187
593052
j5188
593052
j5188
593052
j5189
593052
j5189
593052
j5190
593052
j5190
593052
j5191
593052
j5191
593052
j5192
593052
j5192
593052
j5193
593052
j5193
593052
j5194
593052
j5194
593052
j5195
593052
j5195
593052
j5196
593052
j5196
593052
j5197
593052
j5197
593052
j5198
593052
j5198
593052
j5199
593052
j5199
593052
j5200
593052
j5200
593052
j5201
593052
j5201
593052
j5202
593052
j5202
593052
j5203
598255
j5203
598255
j5204
598255
j5204
598255
j5205
598255
j5205
598255
j5206
598255
j5206
598255
j5207
598255
j5207
598255
j5208
598255
j5208
598255
j5209
598255
j5209
598255
j5210
598255
j5210
598255
j5211
598255
j5211
598255
j5212
598255
j5212
598255
j5213
598255
j5213
598255
j5214
598255
j5214
598255
j5215
598255
j5215
598255
j5216
598255
j5216
598255
j5217
598255
j5217
603472
j5218
603472
j5218
603472
j5219
603472
j5219
603472
j5220
603472
j5220
603472
j5221
603472
j5221
603472
j5222
603472
j5222
603472
j5223
603472
j5223
603472
j5224
603472
j5224
603472
j5225
603472
j5225
603472
j5226
603472
j5226
603472
j5227
603472
j5227
603472
j5228
603472
j5228
603472
j5229
603472
j5229
603472
j5230
603472
j5230
603472
j5231
603472
j5231
603472
j5232
603472
j5232
603472
j5233
603472
j5233
603472
j5234
603472
j5234
603472
j5235
603472
j5235
603472
j5236
603472
j5236
603472
j5237
603472
j5237
603472
j5238
603472
j5238
603472
j5239
603472
j5239
603472
j5240
603472
j5240
603472
j5241
603472
j5241
603472
j5242
603472
j5242
603472
j5243
603472
j5243
603472
j5244
603472
j5244
603472
j5245
603472
j5245
603472
j5246
608718
j5246
608718
j5247
608718
j5247
608718
j5248
608718
j5248
608718
j5249
608718
j5249
608718
j5250
608718
j5250
608718
j5251
608718
j5251
608718
j5252
608718
j5252
608718
j5253
608718
j5253
608718
j5254
608718
j5254
608718
j5255
608718
j5255
608718
j5256
608718
j5256
608718
j5257
608718
j5257
608718
j5258
608718
j5258
608718
j5259
608718
j5259
608718
j5260
608718
j5260
608718
j5261
608718
j5261
608718
j5262
608718
j5262
608718
j5263
608718
j5263
608718
j5264
608718
j5264
613982
j5265
613982
j5265
613982
j5266
613982
j5266
613982
j5267
613982
j5267
613982
j5268
613982
j5268
613982
j5269
613982
j5269
613982
j5270
613982
j5270
613982
j5271
613982
j5271
613982
j5272
613982
j5272
613982
j5273
613982
j5273
613982
j5274
613982
j5274
613982
j5275
613982
j5275
613982
j5276
613982
j5276
613982
j5277
613982
j5277
613982
j5278
613982
j5278
613982
j5279
613982
j5279
613982
j5280
613982
j5280
613982
j5281
613982
j5281
613982
j5282
613982
j5282
613982
j5283
613982
j5283
613982
j5284
613982
j5284
613982
j5285
613982
j5285
613982
j5286
613982
j5286
613982
j5287
613982
j5287
613982
j5288
613982
j5288
613982
j5289
619271
j5289
619271
j5290
619271
j5290
619271
j5291
619271
j5291
619271
j5292
619271
j5292
619271
j5293
619271
j5293
619271
j5294
619271
j5294
619271
j5295
619271
j5295
619271
j5296
619271
j5296
619271
j5297
619271
j5297
619271
j5298
619271
j5298
619271
j5299
619271
j5299
619271
j5300
619271
j5300
619271
j5301
619271
j5301
619271
j5302
619271
j5302
619271
j5303
619271
j5303
619271
j5304
619271
j5304
619271
j5305
619271
j5305
619271
j5306
619271
j5306
619271
j5307
619271
j5307
619271
j5308
619271
j5308
619271
j5309
619271
j5309
619271
j5310
619271
j5310
619271
j5311
619271
j5311
624582
j5312
624582
j5312
624582
j5313
624582
j5313
624582
j5314
624582
j5314
624582
j5315
624582
j5315
624582
j5316
624582
j5316
624582
j5317
624582
j5317
624582
j5318
624582
j5318
624582
j5319
624582
j5319
624582
j5320
624582
j5320
624582
j5321
624582
j5321
624582
j5322
624582
j5322
624582
j5323
624582
j5323
624582
j5324
624582
j5324
624582
j5325
624582
j5325
624582
j5326
624582
j5326
624582
j5327
624582
j5327
624582
j5328
624582
j5328
624582
j5329
624582
j5329
624582
j5330
624582
j5330
624582
j5331
624582
j5331
624582
j5332
629914
j5332
629914
j5333
629914
j5333
629914
j5334
629914
j5334
629914
j5335
629914
j5335
629914
j5336
629914
j5336
629914
j5337
629914
j5337
629914
j5338
629914
j5338
629914
j5339
629914
j5339
629914
j5340
629914
j5340
629914
j5341
629914
j5341
629914
j5342
629914
j5342
629914
j5343
629914
j5343
629914
j5344
629914
j5344
629914
j5345
629914
j5345
629914
j5346
629914
j5346
629914
j5347
629914
j5347
629914
j5348
629914
j5348
629914
j5349
629914
j5349
629914
j5350
629914
j5350
629914
j5351
629914
j5351
629914
j5352
629914
j5352
629914
j5353
629914
j5353
629914
j5354
629914
j5354
629914
j5355
629914
j5355
629914
j5356
629914
j5356
629914
j5357
629914
j5357
629914
j5358
629914
j5358
635272
j5359
635272
j5359
635272
j5360
635272
j5360
635272
j5361
635272
j5361
635272
j5362
635272
j5362
635272
j5363
635272
j5363
635272
j5364
635272
j5364
635272
j5365
635272
j5365
635272
j5366
635272
j5366
635272
j5367
635272
j5367
635272
j5368
635272
j5368
635272
j5369
635272
j5369
635272
j5370
635272
j5370
635272
j5371
635272
j5371
635272
j5372
635272
j5372
635272
j5373
635272
j5373
635272
j5374
635272
j5374
635272
j5375
640647
j5375
640647
j5376
640647
j5376
640647
j5377
640647
j5377
640647
j5378
640647
j5378
640647
j5379
640647
j5379
640647
j5380
640647
j5380
640647
j5381
640647
j5381
640647
j5382
640647
j5382
640647
j5383
640647
j5383
640647
j5384
640647
j5384
640647
j5385
640647
j5385
640647
j5386
640647
j5386
640647
j5387
640647
j5387
640647
j5388
640647
j5388
640647
j5389
640647
j5389
640647
j5390
640647
j5390
640647
j5391
640647
j5391
640647
j5392
640647
j5392
640647
j5393
640647
j5393
640647
j5394
640647
j5394
640647
j5395
640647
j5395
640647
j5396
640647
j5396
640647
j5397
640647
j5397
640647
j5398
640647
j5398
640647
j5399
640647
j5399
640647
j5400
640647
j5400
640647
j5401
640647
j5401
640647
j5402
640647
j5402
640647
j5403
640647
j5403
640647
j5404
640647
j5404
640647
j5405
640647
j5405
646052
j5406
646052
j5406
646052
j5407
646052
j5407
646052
j5408
646052
j5408
646052
j5409
646052
j5409
646052
j5410
646052
j5410
646052
j5411
646052
j5411
646052
j5412
646052
j5412
646052
j5413
646052
j5413
646052
j5414
646052
j5414
646052
j5415
646052
j5415
646052
j5416
646052
j5416
646052
j5417
646052
j5417
646052
j5418
651470
j5418
651470
j5419
651470
j5419
651470
j5420
651470
j5420
651470
j5421
651470
j5421
651470
j5422
651470
j5422
651470
j5423
651470
j5423
651470
j5424
651470
j5424
651470
j5425
651470
j5425
651470
j5426
651470
j5426
651470
j5427
651470
j5427
651470
j5428
651470
j5428
651470
j5429
651470
j5429
651470
j5430
651470
j5430
651470
j5431
651470
j5431
651470
j5432
651470
j5432
651470
j5433
651470
j5433
651470
j5434
651470
j5434
651470
j5435
651470
j5435
651470
j5436
651470
j5436
651470
j5437
651470
j5437
651470
j5438
651470
j5438
651470
j5439
651470
j5439
651470
j5440
651470
j5440
651470
j5441
651470
j5441
651470
j5442
651470
j5442
651470
j5443
651470
j5443
651470
j5444
651470
j5444
651470
j5445
651470
j5445
651470
j5446
651470
j5446
651470
j5447
651470
j5447
651470
j5448
651470
j5448
651470
j5449
651470
j5449
651470
j5450
651470
j5450
651470
j5451
651470
j5451
651470
j5452
651470
j5452
656922
j5453
656922
j5453
656922
j5454
656922
j5454
656922
j5455
656922
j5455
656922
j5456
656922
j5456
656922
j5457
656922
j5457
656922
j5458
656922
j5458
656922
j5459
656922
j5459
656922
j5460
656922
j5460
656922
j5461
662383
j5461
662383
j5462
662383
j5462
662383
j5463
662383
j5463
662383
j5464
662383
j5464
662383
j5465
662383
j5465
662383
j5466
662383
j5466
662383
j5467
662383
j5467
662383
j5468
662383
j5468
662383
j5469
662383
j5469
662383
j5470
662383
j5470
662383
j5471
662383
j5471
662383
j5472
662383
j5472
662383
j5473
662383
j5473
662383
j5474
662383
j5474
662383
j5475
662383
j5475
662383
j5476
662383
j5476
662383
j5477
662383
j5477
662383
j5478
662383
j5478
662383
j5479
662383
j5479
662383
j5480
662383
j5480
662383
j5481
662383
j5481
662383
j5482
662383
j5482
662383
j5483
662383
j5483
662383
j5484
662383
j5484
662383
j5485
662383
j5485
662383
j5486
662383
j5486
662383
j5487
662383
j5487
662383
j5488
662383
j5488
662383
j5489
662383
j5489
662383
j5490
662383
j5490
662383
j5491
662383
j5491
662383
j5492
662383
j5492
662383
j5493
662383
j5493
662383
j5494
662383
j5494
662383
j5495
662383
j5495
662383
j5496
662383
j5496
662383
j5497
662383
j5497
662383
j5498
662383
j5498
662383
j5499
662383
j5499
667882
j5500
667882
j5500
667882
j5501
667882
j5501
667882
j5502
667882
j5502
667882
j5503
667882
j5503
667882
j5504
673386
j5504
673386
j5505
673386
j5505
673386
j5506
673386
j5506
673386
j5507
673386
j5507
673386
j5508
673386
j5508
673386
j5509
673386
j5509
673386
j5510
673386
j5510
673386
j5511
673386
j5511
673386
j5512
673386
j5512
673386
j5513
673386
j5513
673386
j5514
673386
j5514
673386
j5515
673386
j5515
673386
j5516
673386
j5516
673386
j5517
673386
j5517
673386
j5518
673386
j5518
673386
j5519
673386
j5519
673386
j5520
673386
j5520
673386
j5521
673386
j5521
673386
j5522
673386
j5522
673386
j5523
673386
j5523
673386
j5524
673386
j5524
673386
j5525
673386
j5525
673386
j5526
673386
j5526
673386
j5527
673386
j5527
673386
j5528
673386
j5528
673386
j5529
673386
j5529
673386
j5530
673386
j5530
673386
j5531
673386
j5531
673386
j5532
673386
j5532
673386
j5533
673386
j5533
673386
j5534
673386
j5534
673386
j5535
673386
j5535
673386
j5536
673386
j5536
673386
j5537
673386
j5537
673386
j5538
673386
j5538
673386
j5539
673386
j5539
673386
j5540
673386
j5540
673386
j5541
673386
j5541
673386
j5542
673386
j5542
673386
j5543
673386
j5543
673386
j5544
673386
j5544
673386
j5545
673386
j5545
673386
j5546
673386
j5546
678932
j5547
684479
j5547
684479
j5548
684479
j5548
684479
j5549
684479
j5549
684479
j5550
684479
j5550
684479
j5551
684479
j5551
684479
j5552
684479
j5552
684479
j5553
684479
j5553
684479
j5554
684479
j5554
684479
j5555
684479
j5555
684479
j5556
684479
j5556
684479
j5557
684479
j5557
684479
j5558
684479
j5558
684479
j5559
684479
j5559
684479
j5560
684479
j5560
684479
j5561
684479
j5561
684479
j5562
684479
j5562
684479
j5563
684479
j5563
684479
j5564
684479
j5564
684479
j5565
684479
j5565
684479
j5566
684479
j5566
684479
j5567
684479
j5567
684479
j5568
684479
j5568
684479
j5569
684479
j5569
684479
j5570
684479
j5570
684479
j5571
684479
j5571
684479
j5572
684479
j5572
684479
j5573
684479
j5573
684479
j5574
684479
j5574
684479
j5575
684479
j5575
684479
j5576
684479
j5576
684479
j5577
684479
j5577
684479
j5578
684479
j5578
684479
j5579
684479
j5579
684479
j5580
684479
j5580
684479
j5581
684479
j5581
684479
j5582
684479
j5582
684479
j5583
684479
j5583
684479
j5584
684479
j5584
684479
j5585
684479
j5585
684479
j5586
684479
j5586
684479
j5587
684479
j5587
684479
j5588
684479
j5588
684479
j5589
684479
j5589
684479
j5590
690069
j5590
690069
j5591
690069
j5591
690069
j5592
690069
j5592
690069
j5593
690069
j5593
695662
j5594
695662
j5594
695662
j5595
695662
j5595
695662
j5596
695662
j5596
695662
j5597
695662
j5597
695662
j5598
695662
j5598
695662
j5599
695662
j5599
695662
j5600
695662
j5600
695662
j5601
695662
j5601
695662
j5602
695662
j5602
695662
j5603
695662
j5603
695662
j5604
695662
j5604
695662
j5605
695662
j5605
695662
j5606
695662
j5606
695662
j5607
695662
j5607
695662
j5608
695662
j5608
695662
j5609
695662
j5609
695662
j5610
695662
j5610
695662
j5611
695662
j5611
695662
j5612
695662
j5612
695662
j5613
695662
j5613
695662
j5614
695662
j5614
695662
j5615
695662
j5615
695662
j5616
695662
j5616
695662
j5617
695662
j5617
695662
j5618
695662
j5618
695662
j5619
695662
j5619
695662
j5620
695662
j5620
695662
j5621
695662
j5621
695662
j5622
695662
j5622
695662
j5623
695662
j5623
695662
j5624
695662
j5624
695662
j5625
695662
j5625
695662
j5626
695662
j5626
695662
j5627
695662
j5627
695662
j5628
695662
j5628
695662
j5629
695662
j5629
695662
j5630
695662
j5630
695662
j5631
695662
j5631
695662
j5632
695662
j5632
695662
j5633
701295
j5633
701295
j5634
701295
j5634
701295
j5635
701295
j5635
701295
j5636
701295
j5636
701295
j5637
701295
j5637
701295
j5638
701295
j5638
701295
j5639
701295
j5639
701295
j5640
701295
j5640
706935
j5641
706935
j5641
706935
j5642
706935
j5642
706935
j5643
706935
j5643
706935
j5644
706935
j5644
706935
j5645
706935
j5645
706935
j5646
706935
j5646
706935
j5647
706935
j5647
706935
j5648
706935
j5648
706935
j5649
706935
j5649
706935
j5650
706935
j5650
706935
j5651
706935
j5651
706935
j5652
706935
j5652
706935
j5653
706935
j5653
706935
j5654
706935
j5654
706935
j5655
706935
j5655
706935
j5656
706935
j5656
706935
j5657
706935
j5657
706935
j5658
706935
j5658
706935
j5659
706935
j5659
706935
j5660
706935
j5660
706935
j5661
706935
j5661
706935
j5662
706935
j5662
706935
j5663
706935
j5663
706935
j5664
706935
j5664
706935
j5665
706935
j5665
706935
j5666
706935
j5666
706935
j5667
706935
j5667
706935
j5668
706935
j5668
706935
j5669
706935
j5669
706935
j5670
706935
j5670
706935
j5671
706935
j5671
706935
j5672
706935
j5672
706935
j5673
706935
j5673
706935
j5674
706935
j5674
706935
j5675
706935
j5675
706935
j5676
712611
j5676
712611
j5677
712611
j5677
712611
j5678
712611
j5678
712611
j5679
712611
j5679
712611
j5680
712611
j5680
712611
j5681
712611
j5681
712611
j5682
712611
j5682
712611
j5683
712611
j5683
712611
j5684
712611
j5684
712611
j5685
712611
j5685
712611
j5686
712611
j5686
712611
j5687
712611
j5687
718298
j5688
718298
j5688
718298
j5689
718298
j5689
718298
j5690
718298
j5690
718298
j5691
718298
j5691
718298
j5692
718298
j5692
718298
j5693
718298
j5693
718298
j5694
718298
j5694
718298
j5695
718298
j5695
718298
j5696
718298
j5696
718298
j5697
718298
j5697
718298
j5698
718298
j5698
718298
j5699
718298
j5699
718298
j5700
718298
j5700
718298
j5701
718298
j5701
718298
j5702
718298
j5702
718298
j5703
718298
j5703
718298
j5704
718298
j5704
718298
j5705
718298
j5705
718298
j5706
718298
j5706
718298
j5707
718298
j5707
718298
j5708
718298
j5708
718298
j5709
718298
j5709
718298
j5710
718298
j5710
718298
j5711
718298
j5711
718298
j5712
718298
j5712
718298
j5713
718298
j5713
718298
j5714
718298
j5714
718298
j5715
718298
j5715
718298
j5716
718298
j5716
718298
j5717
718298
j5717
718298
j5718
718298
j5718
718298
j5719
724017
j5719
724017
j5720
724017
j5720
724017
j5721
724017
j5721
724017
j5722
724017
j5722
724017
j5723
724017
j5723
724017
j5724
724017
j5724
724017
j5725
724017
j5725
724017
j5726
724017
j5726
724017
j5727
724017
j5727
724017
j5728
724017
j5728
724017
j5729
724017
j5729
724017
j5730
724017
j5730
724017
j5731
724017
j5731
724017
j5732
724017
j5732
724017
j5733
724017
j5733
724017
j5734
724017
j5734
729751
j5735
729751
j5735
729751
j5736
729751
j5736
729751
j5737
729751
j5737
729751
j5738
729751
j5738
729751
j5739
729751
j5739
729751
j5740
729751
j5740
729751
j5741
729751
j5741
729751
j5742
729751
j5742
729751
j5743
729751
j5743
729751
j5744
729751
j5744
729751
j5745
729751
j5745
729751
j5746
729751
j5746
729751
j5747
729751
j5747
729751
j5748
729751
j5748
729751
j5749
729751
j5749
729751
j5750
729751
j5750
729751
j5751
729751
j5751
729751
j5752
729751
j5752
729751
j5753
729751
j5753
729751
j5754
729751
j5754
729751
j5755
729751
j5755
729751
j5756
729751
j5756
729751
j5757
729751
j5757
729751
j5758
729751
j5758
729751
j5759
729751
j5759
729751
j5760
729751
j5760
729751
j5761
729751
j5761
729751
j5762
735513
j5762
735513
j5763
735513
j5763
735513
j5764
735513
j5764
735513
j5765
735513
j5765
735513
j5766
735513
j5766
735513
j5767
735513
j5767
735513
j5768
735513
j5768
735513
j5769
735513
j5769
735513
j5770
735513
j5770
735513
j5771
735513
j5771
735513
j5772
735513
j5772
735513
j5773
735513
j5773
735513
j5774
735513
j5774
735513
j5775
735513
j5775
735513
j5776
735513
j5776
735513
j5777
735513
j5777
735513
j5778
735513
j5778
735513
j5779
735513
j5779
735513
j5780
735513
j5780
735513
j5781
735513
j5781
741294
j5782
741294
j5782
741294
j5783
741294
j5783
741294
j5784
741294
j5784
741294
j5785
741294
j5785
741294
j5786
741294
j5786
741294
j5787
741294
j5787
741294
j5788
741294
j5788
741294
j5789
741294
j5789
741294
j5790
741294
j5790
741294
j5791
741294
j5791
741294
j5792
741294
j5792
741294
j5793
741294
j5793
741294
j5794
741294
j5794
741294
j5795
741294
j5795
741294
j5796
741294
j5796
741294
j5797
741294
j5797
741294
j5798
741294
j5798
741294
j5799
741294
j5799
741294
j5800
741294
j5800
741294
j5801
741294
j5801
741294
j5802
741294
j5802
741294
j5803
741294
j5803
741294
j5804
741294
j5804
741294
j5805
747099
j5805
747099
j5806
747099
j5806
747099
j5807
747099
j5807
747099
j5808
747099
j5808
747099
j5809
747099
j5809
747099
j5810
747099
j5810
747099
j5811
747099
j5811
747099
j5812
747099
j5812
747099
j5813
747099
j5813
747099
j5814
747099
j5814
747099
j5815
747099
j5815
747099
j5816
747099
j5816
747099
j5817
747099
j5817
747099
j5818
747099
j5818
747099
j5819
747099
j5819
747099
j5820
747099
j5820
747099
j5821
747099
j5821
747099
j5822
747099
j5822
747099
j5823
747099
j5823
747099
j5824
747099
j5824
747099
j5825
747099
j5825
747099
j5826
747099
j5826
747099
j5827
747099
j5827
747099
j5828
747099
j5828
752927
j5829
752927
j5829
752927
j5830
752927
j5830
752927
j5831
752927
j5831
752927
j5832
752927
j5832
752927
j5833
752927
j5833
752927
j5834
752927
j5834
752927
j5835
752927
j5835
752927
j5836
752927
j5836
752927
j5837
752927
j5837
752927
j5838
752927
j5838
752927
j5839
752927
j5839
752927
j5840
752927
j5840
752927
j5841
752927
j5841
752927
j5842
752927
j5842
752927
j5843
752927
j5843
752927
j5844
752927
j5844
752927
j5845
752927
j5845
752927
j5846
752927
j5846
752927
j5847
752927
j5847
752927
j5848
758775
j5848
758775
j5849
758775
j5849
758775
j5850
758775
j5850
758775
j5851
758775
j5851
758775
j5852
758775
j5852
758775
j5853
758775
j5853
758775
j5854
758775
j5854
758775
j5855
758775
j5855
758775
j5856
758775
j5856
758775
j5857
758775
j5857
758775
j5858
758775
j5858
758775
j5859
758775
j5859
758775
j5860
758775
j5860
758775
j5861
758775
j5861
758775
j5862
758775
j5862
758775
j5863
758775
j5863
758775
j5864
758775
j5864
758775
j5865
758775
j5865
758775
j5866
758775
j5866
758775
j5867
758775
j5867
758775
j5868
758775
j5868
758775
j5869
758775
j5869
758775
j5870
758775
j5870
758775
j5871
758775
j5871
758775
j5872
758775
j5872
758775
j5873
758775
j5873
758775
j5874
758775
j5874
758775
j5875
758775
j5875
764650
j5876
764650
j5876
764650
j5877
764650
j5877
764650
j5878
764650
j5878
764650
j5879
764650
j5879
764650
j5880
764650
j5880
764650
j5881
764650
j5881
764650
j5882
764650
j5882
764650
j5883
764650
j5883
764650
j5884
764650
j5884
764650
j5885
764650
j5885
764650
j5886
764650
j5886
764650
j5887
764650
j5887
764650
j5888
764650
j5888
764650
j5889
764650
j5889
764650
j5890
764650
j5890
764650
j5891
770541
j5891
770541
j5892
770541
j5892
770541
j5893
770541
j5893
770541
j5894
770541
j5894
770541
j5895
770541
j5895
770541
j5896
770541
j5896
770541
j5897
770541
j5897
770541
j5898
770541
j5898
770541
j5899
770541
j5899
770541
j5900
770541
j5900
770541
j5901
770541
j5901
770541
j5902
770541
j5902
770541
j5903
770541
j5903
770541
j5904
770541
j5904
770541
j5905
770541
j5905
770541
j5906
770541
j5906
770541
j5907
770541
j5907
770541
j5908
770541
j5908
770541
j5909
770541
j5909
770541
j5910
770541
j5910
770541
j5911
770541
j5911
770541
j5912
770541
j5912
770541
j5913
770541
j5913
770541
j5914
770541
j5914
770541
j5915
770541
j5915
770541
j5916
770541
j5916
770541
j5917
770541
j5917
770541
j5918
770541
j5918
770541
j5919
770541
j5919
770541
j5920
770541
j5920
770541
j5921
770541
j5921
770541
j5922
770541
j5922
776463
j5923
776463
j5923
776463
j5924
776463
j5924
776463
j5925
776463
j5925
776463
j5926
776463
j5926
776463
j5927
776463
j5927
776463
j5928
776463
j5928
776463
j5929
776463
j5929
776463
j5930
776463
j5930
776463
j5931
776463
j5931
776463
j5932
776463
j5932
776463
j5933
776463
j5933
776463
j5934
782397
j5934
782397
j5935
782397
j5935
782397
j5936
782397
j5936
782397
j5937
782397
j5937
782397
j5938
782397
j5938
782397
j5939
782397
j5939
782397
j5940
782397
j5940
782397
j5941
782397
j5941
782397
j5942
782397
j5942
782397
j5943
782397
j5943
782397
j5944
782397
j5944
782397
j5945
782397
j5945
782397
j5946
782397
j5946
782397
j5947
782397
j5947
782397
j5948
782397
j5948
782397
j5949
782397
j5949
782397
j5950
782397
j5950
782397
j5951
782397
j5951
782397
j5952
782397
j5952
782397
j5953
782397
j5953
782397
j5954
782397
j5954
782397
j5955
782397
j5955
782397
j5956
782397
j5956
782397
j5957
782397
j5957
782397
j5958
782397
j5958
782397
j5959
782397
j5959
782397
j5960
782397
j5960
782397
j5961
782397
j5961
782397
j5962
782397
j5962
782397
j5963
782397
j5963
782397
j5964
782397
j5964
782397
j5965
782397
j5965
782397
j5966
782397
j5966
782397
j5967
782397
j5967
782397
j5968
782397
j5968
782397
j5969
782397
j5969
788366
j5970
788366
j5970
788366
j5971
788366
j5971
788366
j5972
788366
j5972
788366
j5973
788366
j5973
788366
j5974
788366
j5974
788366
j5975
788366
j5975
788366
j5976
788366
j5976
788366
j5977
794343
j5977
794343
j5978
794343
j5978
794343
j5979
794343
j5979
794343
j5980
794343
j5980
794343
j5981
794343
j5981
794343
j5982
794343
j5982
794343
j5983
794343
j5983
794343
j5984
794343
j5984
794343
j5985
794343
j5985
794343
j5986
794343
j5986
794343
j5987
794343
j5987
794343
j5988
794343
j5988
794343
j5989
794343
j5989
794343
j5990
794343
j5990
794343
j5991
794343
j5991
794343
j5992
794343
j5992
794343
j5993
794343
j5993
794343
j5994
794343
j5994
794343
j5995
794343
j5995
794343
j5996
794343
j5996
794343
j5997
794343
j5997
794343
j5998
794343
j5998
794343
j5999
794343
j5999
794343
j6000
794343
j6000
794343
j6001
794343
j6001
794343
j6002
794343
j6002
794343
j6003
794343
j6003
794343
j6004
794343
j6004
794343
j6005
794343
j6005
794343
j6006
794343
j6006
794343
j6007
794343
j6007
794343
j6008
794343
j6008
794343
j6009
794343
j6009
794343
j6010
794343
j6010
794343
j6011
794343
j6011
794343
j6012
794343
j6012
794343
j6013
794343
j6013
794343
j6014
794343
j6014
794343
j6015
794343
j6015
794343
j6016
794343
j6016
800359
j6017
800359
j6017
800359
j6018
800359
j6018
800359
j6019
800359
j6019
800359
j6020
806379
j6020
806379
j6021
806379
j6021
806379
j6022
806379
j6022
806379
j6023
806379
j6023
806379
j6024
806379
j6024
806379
j6025
806379
j6025
806379
j6026
806379
j6026
806379
j6027
806379
j6027
806379
j6028
806379
j6028
806379
j6029
806379
j6029
806379
j6030
806379
j6030
806379
j6031
806379
j6031
806379
j6032
806379
j6032
806379
j6033
806379
j6033
806379
j6034
806379
j6034
806379
j6035
806379
j6035
806379
j6036
806379
j6036
806379
j6037
806379
j6037
806379
j6038
806379
j6038
806379
j6039
806379
j6039
806379
j6040
806379
j6040
806379
j6041
806379
j6041
806379
j6042
806379
j6042
806379
j6043
806379
j6043
806379
j6044
806379
j6044
806379
j6045
806379
j6045
806379
j6046
806379
j6046
806379
j6047
806379
j6047
806379
j6048
806379
j6048
806379
j6049
806379
j6049
806379
j6050
806379
j6050
806379
j6051
806379
j6051
806379
j6052
806379
j6052
806379
j6053
806379
j6053
806379
j6054
806379
j6054
806379
j6055
806379
j6055
806379
j6056
806379
j6056
806379
j6057
806379
j6057
806379
j6058
806379
j6058
806379
j6059
806379
j6059
806379
j6060
806379
j6060
806379
j6061
806379
j6061
806379
j6062
806379
j6062
806379
j6063
812442
j6064
812442
j6064
812442
j6065
812442
j6065
812442
j6066
812442
j6066
812442
j6067
812442
j6067
812442
j6068
812442
j6068
812442
j6069
812442
j6069
812442
j6070
812442
j6070
812442
j6071
812442
j6071
812442
j6072
812442
j6072
812442
j6073
812442
j6073
812442
j6074
812442
j6074
812442
j6075
812442
j6075
812442
j6076
812442
j6076
812442
j6077
812442
j6077
812442
j6078
812442
j6078
812442
j6079
812442
j6079
812442
j6080
812442
j6080
812442
j6081
812442
j6081
812442
j6082
812442
j6082
812442
j6083
812442
j6083
812442
j6084
812442
j6084
812442
j6085
812442
j6085
812442
j6086
812442
j6086
812442
j6087
812442
j6087
812442
j6088
812442
j6088
812442
j6089
812442
j6089
812442
j6090
812442
j6090
812442
j6091
812442
j6091
812442
j6092
812442
j6092
812442
j6093
812442
j6093
812442
j6094
812442
j6094
812442
j6095
812442
j6095
812442
j6096
812442
j6096
812442
j6097
812442
j6097
812442
j6098
812442
j6098
812442
j6099
812442
j6099
812442
j6100
812442
j6100
812442
j6101
812442
j6101
812442
j6102
812442
j6102
812442
j6103
812442
j6103
812442
j6104
812442
j6104
812442
j6105
812442
j6105
812442
j6106
818548
j6106
818548
j6107
818548
j6107
818548
j6108
818548
j6108
818548
j6109
818548
j6109
818548
j6110
818548
j6110
824658
j6111
824658
j6111
824658
j6112
824658
j6112
824658
j6113
824658
j6113
824658
j6114
824658
j6114
824658
j6115
824658
j6115
824658
j6116
824658
j6116
824658
j6117
824658
j6117
824658
j6118
824658
j6118
824658
j6119
824658
j6119
824658
j6120
824658
j6120
824658
j6121
824658
j6121
824658
j6122
824658
j6122
824658
j6123
824658
j6123
824658
j6124
824658
j6124
824658
j6125
824658
j6125
824658
j6126
824658
j6126
824658
j6127
824658
j6127
824658
j6128
824658
j6128
824658
j6129
824658
j6129
824658
j6130
824658
j6130
824658
j6131
824658
j6131
824658
j6132
824658
j6132
824658
j6133
824658
j6133
824658
j6134
824658
j6134
824658
j6135
824658
j6135
824658
j6136
824658
j6136
824658
j6137
824658
j6137
824658
j6138
824658
j6138
824658
j6139
824658
j6139
824658
j6140
824658
j6140
824658
j6141
824658
j6141
824658
j6142
824658
j6142
824658
j6143
824658
j6143
824658
j6144
824658
j6144
824658
j6145
824658
j6145
824658
j6146
824658
j6146
824658
j6147
824658
j6147
824658
j6148
824658
j6148
824658
j6149
830807
j6149
830807
j6150
830807
j6150
830807
j6151
830807
j6151
830807
j6152
830807
j6152
830807
j6153
830807
j6153
830807
j6154
830807
j6154
830807
j6155
830807
j6155
830807
j6156
830807
j6156
830807
j6157
830807
j6157
836964
j6158
836964
j6158
836964
j6159
836964
j6159
836964
j6160
836964
j6160
836964
j6161
836964
j6161
836964
j6162
836964
j6162
836964
j6163
836964
j6163
836964
j6164
836964
j6164
836964
j6165
836964
j6165
836964
j6166
836964
j6166
836964
j6167
836964
j6167
836964
j6168
836964
j6168
836964
j6169
836964
j6169
836964
j6170
836964
j6170
836964
j6171
836964
j6171
836964
j6172
836964
j6172
836964
j6173
836964
j6173
836964
j6174
836964
j6174
836964
j6175
836964
j6175
836964
j6176
836964
j6176
836964
j6177
836964
j6177
836964
j6178
836964
j6178
836964
j6179
836964
j6179
836964
j6180
836964
j6180
836964
j6181
836964
j6181
836964
j6182
836964
j6182
836964
j6183
836964
j6183
836964
j6184
836964
j6184
836964
j6185
836964
j6185
836964
j6186
836964
j6186
836964
j6187
836964
j6187
836964
j6188
836964
j6188
836964
j6189
836964
j6189
836964
j6190
836964
j6190
836964
j6191
836964
j6191
836964
j6192
843156
j6192
843156
j6193
843156
j6193
843156
j6194
843156
j6194
843156
j6195
843156
j6195
843156
j6196
843156
j6196
843156
j6197
843156
j6197
843156
j6198
843156
j6198
843156
j6199
843156
j6199
843156
j6200
843156
j6200
843156
j6201
843156
j6201
843156
j6202
843156
j6202
843156
j6203
843156
j6203
843156
j6204
843156
j6204
849360
j6205
849360
j6205
849360
j6206
849360
j6206
849360
j6207
849360
j6207
849360
j6208
849360
j6208
849360
j6209
849360
j6209
849360
j6210
849360
j6210
849360
j6211
849360
j6211
849360
j6212
849360
j6212
849360
j6213
849360
j6213
849360
j6214
849360
j6214
849360
j6215
849360
j6215
849360
j6216
849360
j6216
849360
j6217
849360
j6217
849360
j6218
849360
j6218
849360
j6219
849360
j6219
849360
j6220
849360
j6220
849360
j6221
849360
j6221
849360
j6222
849360
j6222
849360
j6223
849360
j6223
849360
j6224
849360
j6224
849360
j6225
849360
j6225
849360
j6226
849360
j6226
849360
j6227
849360
j6227
849360
j6228
849360
j6228
849360
j6229
849360
j6229
849360
j6230
849360
j6230
849360
j6231
849360
j6231
849360
j6232
849360
j6232
849360
j6233
849360
j6233
849360
j6234
849360
j6234
849360
j6235
855595
j6235
855595
j6236
855595
j6236
855595
j6237
855595
j6237
855595
j6238
855595
j6238
855595
j6239
855595
j6239
855595
j6240
855595
j6240
855595
j6241
855595
j6241
855595
j6242
855595
j6242
855595
j6243
855595
j6243
855595
j6244
855595
j6244
855595
j6245
855595
j6245
855595
j6246
855595
j6246
855595
j6247
855595
j6247
855595
j6248
855595
j6248
855595
j6249
855595
j6249
855595
j6250
855595
j6250
855595
j6251
855595
j6251
861846
j6252
861846
j6252
861846
j6253
861846
j6253
861846
j6254
861846
j6254
861846
j6255
861846
j6255
861846
j6256
861846
j6256
861846
j6257
861846
j6257
861846
j6258
861846
j6258
861846
j6259
861846
j6259
861846
j6260
861846
j6260
861846
j6261
861846
j6261
861846
j6262
861846
j6262
861846
j6263
861846
j6263
861846
j6264
861846
j6264
861846
j6265
861846
j6265
861846
j6266
861846
j6266
861846
j6267
861846
j6267
861846
j6268
861846
j6268
861846
j6269
861846
j6269
861846
j6270
861846
j6270
861846
j6271
861846
j6271
861846
j6272
861846
j6272
861846
j6273
861846
j6273
861846
j6274
861846
j6274
861846
j6275
861846
j6275
861846
j6276
861846
j6276
861846
j6277
861846
j6277
861846
j6278
868124
j6278
868124
j6279
868124
j6279
868124
j6280
868124
j6280
868124
j6281
868124
j6281
868124
j6282
868124
j6282
868124
j6283
868124
j6283
868124
j6284
868124
j6284
868124
j6285
868124
j6285
868124
j6286
868124
j6286
868124
j6287
868124
j6287
868124
j6288
868124
j6288
868124
j6289
868124
j6289
868124
j6290
868124
j6290
868124
j6291
868124
j6291
868124
j6292
868124
j6292
868124
j6293
868124
j6293
868124
j6294
868124
j6294
868124
j6295
868124
j6295
868124
j6296
868124
j6296
868124
j6297
868124
j6297
868124
j6298
868124
j6298
874422
j6299
874422
j6299
874422
j6300
874422
j6300
874422
j6301
874422
j6301
874422
j6302
874422
j6302
874422
j6303
874422
j6303
874422
j6304
874422
j6304
874422
j6305
874422
j6305
874422
j6306
874422
j6306
874422
j6307
874422
j6307
874422
j6308
874422
j6308
874422
j6309
874422
j6309
874422
j6310
874422
j6310
874422
j6311
874422
j6311
874422
j6312
874422
j6312
874422
j6313
874422
j6313
874422
j6314
874422
j6314
874422
j6315
874422
j6315
874422
j6316
874422
j6316
874422
j6317
874422
j6317
874422
j6318
874422
j6318
874422
j6319
874422
j6319
874422
j6320
874422
j6320
874422
j6321
880743
j6321
880743
j6322
880743
j6322
880743
j6323
880743
j6323
880743
j6324
880743
j6324
880743
j6325
880743
j6325
880743
j6326
880743
j6326
880743
j6327
880743
j6327
880743
j6328
880743
j6328
880743
j6329
880743
j6329
880743
j6330
880743
j6330
880743
j6331
880743
j6331
880743
j6332
880743
j6332
880743
j6333
880743
j6333
880743
j6334
880743
j6334
880743
j6335
880743
j6335
880743
j6336
880743
j6336
880743
j6337
880743
j6337
880743
j6338
880743
j6338
880743
j6339
880743
j6339
880743
j6340
880743
j6340
880743
j6341
880743
j6341
880743
j6342
880743
j6342
880743
j6343
880743
j6343
880743
j6344
880743
j6344
880743
j6345
880743
j6345
887088
j6346
887088
j6346
887088
j6347
887088
j6347
887088
j6348
887088
j6348
887088
j6349
887088
j6349
887088
j6350
887088
j6350
887088
j6351
887088
j6351
887088
j6352
887088
j6352
887088
j6353
887088
j6353
887088
j6354
887088
j6354
887088
j6355
887088
j6355
887088
j6356
887088
j6356
887088
j6357
887088
j6357
887088
j6358
887088
j6358
887088
j6359
887088
j6359
887088
j6360
887088
j6360
887088
j6361
887088
j6361
887088
j6362
887088
j6362
887088
j6363
887088
j6363
887088
j6364
893452
j6364
893452
j6365
893452
j6365
893452
j6366
893452
j6366
893452
j6367
893452
j6367
893452
j6368
893452
j6368
893452
j6369
893452
j6369
893452
j6370
893452
j6370
893452
j6371
893452
j6371
893452
j6372
893452
j6372
893452
j6373
893452
j6373
893452
j6374
893452
j6374
893452
j6375
893452
j6375
893452
j6376
893452
j6376
893452
j6377
893452
j6377
893452
j6378
893452
j6378
893452
j6379
893452
j6379
893452
j6380
893452
j6380
893452
j6381
893452
j6381
893452
j6382
893452
j6382
893452
j6383
893452
j6383
893452
j6384
893452
j6384
893452
j6385
893452
j6385
893452
j6386
893452
j6386
893452
j6387
893452
j6387
893452
j6388
893452
j6388
893452
j6389
893452
j6389
893452
j6390
893452
j6390
893452
j6391
893452
j6391
893452
j6392
893452
j6392
899844
j6393
899844
j6393
899844
j6394
899844
j6394
899844
j6395
899844
j6395
899844
j6396
899844
j6396
899844
j6397
899844
j6397
899844
j6398
899844
j6398
899844
j6399
899844
j6399
899844
j6400
899844
j6400
899844
j6401
899844
j6401
899844
j6402
899844
j6402
899844
j6403
899844
j6403
899844
j6404
899844
j6404
899844
j6405
899844
j6405
899844
j6406
899844
j6406
899844
j6407
906251
j6407
906251
j6408
906251
j6408
906251
j6409
906251
j6409
906251
j6410
906251
j6410
906251
j6411
906251
j6411
906251
j6412
906251
j6412
906251
j6413
906251
j6413
906251
j6414
906251
j6414
906251
j6415
906251
j6415
906251
j6416
906251
j6416
906251
j6417
906251
j6417
906251
j6418
906251
j6418
906251
j6419
906251
j6419
906251
j6420
906251
j6420
906251
j6421
906251
j6421
906251
j6422
906251
j6422
906251
j6423
906251
j6423
906251
j6424
906251
j6424
906251
j6425
906251
j6425
906251
j6426
906251
j6426
906251
j6427
906251
j6427
906251
j6428
906251
j6428
906251
j6429
906251
j6429
906251
j6430
906251
j6430
906251
j6431
906251
j6431
906251
j6432
906251
j6432
906251
j6433
906251
j6433
906251
j6434
906251
j6434
906251
j6435
906251
j6435
906251
j6436
906251
j6436
906251
j6437
906251
j6437
906251
j6438
906251
j6438
906251
j6439
906251
j6439
912690
j6440
912690
j6440
912690
j6441
912690
j6441
912690
j6442
912690
j6442
912690
j6443
912690
j6443
912690
j6444
912690
j6444
912690
j6445
912690
j6445
912690
j6446
912690
j6446
912690
j6447
912690
j6447
912690
j6448
912690
j6448
912690
j6449
912690
j6449
912690
j6450
919140
j6450
919140
j6451
919140
j6451
919140
j6452
919140
j6452
919140
j6453
919140
j6453
919140
j6454
919140
j6454
919140
j6455
919140
j6455
919140
j6456
919140
j6456
919140
j6457
919140
j6457
919140
j6458
919140
j6458
919140
j6459
919140
j6459
919140
j6460
919140
j6460
919140
j6461
919140
j6461
919140
j6462
919140
j6462
919140
j6463
919140
j6463
919140
j6464
919140
j6464
919140
j6465
919140
j6465
919140
j6466
919140
j6466
919140
j6467
919140
j6467
919140
j6468
919140
j6468
919140
j6469
919140
j6469
919140
j6470
919140
j6470
919140
j6471
919140
j6471
919140
j6472
919140
j6472
919140
j6473
919140
j6473
919140
j6474
919140
j6474
919140
j6475
919140
j6475
919140
j6476
919140
j6476
919140
j6477
919140
j6477
919140
j6478
919140
j6478
919140
j6479
919140
j6479
919140
j6480
919140
j6480
919140
j6481
919140
j6481
919140
j6482
919140
j6482
919140
j6483
919140
j6483
919140
j6484
919140
j6484
919140
j6485
919140
j6485
919140
j6486
919140
j6486
925626
j6487
925626
j6487
925626
j6488
925626
j6488
925626
j6489
925626
j6489
925626
j6490
925626
j6490
925626
j6491
925626
j6491
925626
j6492
925626
j6492
925626
j6493
932119
j6493
932119
j6494
932119
j6494
932119
j6495
932119
j6495
932119
j6496
932119
j6496
932119
j6497
932119
j6497
932119
j6498
932119
j6498
932119
j6499
932119
j6499
932119
j6500
932119
j6500
932119
j6501
932119
j6501
932119
j6502
932119
j6502
932119
j6503
932119
j6503
932119
j6504
932119
j6504
932119
j6505
932119
j6505
932119
j6506
932119
j6506
932119
j6507
932119
j6507
932119
j6508
932119
j6508
932119
j6509
932119
j6509
932119
j6510
932119
j6510
932119
j6511
932119
j6511
932119
j6512
932119
j6512
932119
j6513
932119
j6513
932119
j6514
932119
j6514
932119
j6515
932119
j6515
932119
j6516
932119
j6516
932119
j6517
932119
j6517
932119
j6518
932119
j6518
932119
j6519
932119
j6519
932119
j6520
932119
j6520
932119
j6521
932119
j6521
932119
j6522
932119
j6522
932119
j6523
932119
j6523
932119
j6524
932119
j6524
932119
j6525
932119
j6525
932119
j6526
932119
j6526
932119
j6527
932119
j6527
932119
j6528
932119
j6528
932119
j6529
932119
j6529
932119
j6530
932119
j6530
932119
j6531
932119
j6531
932119
j6532
932119
j6532
932119
j6533
932119
j6533
938652
j6534
938652
j6534
938652
j6535
938652
j6535
938652
j6536
945188
j6536
945188
j6537
945188
j6537
945188
j6538
945188
j6538
945188
j6539
945188
j6539
945188
j6540
945188
j6540
945188
j6541
945188
j6541
945188
j6542
945188
j6542
945188
j6543
945188
j6543
945188
j6544
945188
j6544
945188
j6545
945188
j6545
945188
j6546
945188
j6546
945188
j6547
945188
j6547
945188
j6548
945188
j6548
945188
j6549
945188
j6549
945188
j6550
945188
j6550
945188
j6551
945188
j6551
945188
j6552
945188
j6552
945188
j6553
945188
j6553
945188
j6554
945188
j6554
945188
j6555
945188
j6555
945188
j6556
945188
j6556
945188
j6557
945188
j6557
945188
j6558
945188
j6558
945188
j6559
945188
j6559
945188
j6560
945188
j6560
945188
j6561
945188
j6561
945188
j6562
945188
j6562
945188
j6563
945188
j6563
945188
j6564
945188
j6564
945188
j6565
945188
j6565
945188
j6566
945188
j6566
945188
j6567
945188
j6567
945188
j6568
945188
j6568
945188
j6569
945188
j6569
945188
j6570
945188
j6570
945188
j6571
945188
j6571
945188
j6572
945188
j6572
945188
j6573
945188
j6573
945188
j6574
945188
j6574
945188
j6575
945188
j6575
945188
j6576
945188
j6576
945188
j6577
945188
j6577
945188
j6578
945188
j6578
945188
j6579
951767
j6579
951767
j6580
951767
j6580
958347
j6581
958347
j6581
958347
j6582
958347
j6582
958347
j6583
958347
j6583
958347
j6584
958347
j6584
958347
j6585
958347
j6585
958347
j6586
958347
j6586
958347
j6587
958347
j6587
958347
j6588
958347
j6588
958347
j6589
958347
j6589
958347
j6590
958347
j6590
958347
j6591
958347
j6591
958347
j6592
958347
j6592
958347
j6593
958347
j6593
958347
j6594
958347
j6594
958347
j6595
958347
j6595
958347
j6596
958347
j6596
958347
j6597
958347
j6597
958347
j6598
958347
j6598
958347
j6599
958347
j6599
958347
j6600
958347
j6600
958347
j6601
958347
j6601
958347
j6602
958347
j6602
958347
j6603
958347
j6603
958347
j6604
958347
j6604
958347
j6605
958347
j6605
958347
j6606
958347
j6606
958347
j6607
958347
j6607
958347
j6608
958347
j6608
958347
j6609
958347
j6609
958347
j6610
958347
j6610
958347
j6611
958347
j6611
958347
j6612
958347
j6612
958347
j6613
958347
j6613
958347
j6614
958347
j6614
958347
j6615
958347
j6615
958347
j6616
958347
j6616
958347
j6617
958347
j6617
958347
j6618
958347
j6618
958347
j6619
958347
j6619
958347
j6620
958347
j6620
958347
j6621
958347
j6621
958347
j6622
964969
j6622
964969
j6623
964969
j6623
964969
j6624
964969
j6624
964969
j6625
964969
j6625
964969
j6626
964969
j6626
964969
j6627
964969
j6627
971596
j6628
971596
j6628
971596
j6629
971596
j6629
971596
j6630
971596
j6630
971596
j6631
971596
j6631
971596
j6632
971596
j6632
971596
j6633
971596
j6633
971596
j6634
971596
j6634
971596
j6635
971596
j6635
971596
j6636
971596
j6636
971596
j6637
971596
j6637
971596
j6638
971596
j6638
971596
j6639
971596
j6639
971596
j6640
971596
j6640
971596
j6641
971596
j6641
971596
j6642
971596
j6642
971596
j6643
971596
j6643
971596
j6644
971596
j6644
971596
j6645
971596
j6645
971596
j6646
971596
j6646
971596
j6647
971596
j6647
971596
j6648
971596
j6648
971596
j6649
971596
j6649
971596
j6650
971596
j6650
971596
j6651
971596
j6651
971596
j6652
971596
j6652
971596
j6653
971596
j6653
971596
j6654
971596
j6654
971596
j6655
971596
j6655
971596
j6656
971596
j6656
971596
j6657
971596
j6657
971596
j6658
971596
j6658
971596
j6659
971596
j6659
971596
j6660
971596
j6660
971596
j6661
971596
j6661
971596
j6662
971596
j6662
971596
j6663
971596
j6663
971596
j6664
971596
j6664
971596
j6665
978261
j6665
978261
j6666
978261
j6666
978261
j6667
978261
j6667
978261
j6668
978261
j6668
978261
j6669
978261
j6669
978261
j6670
978261
j6670
978261
j6671
978261
j6671
978261
j6672
978261
j6672
978261
j6673
978261
j6673
978261
j6674
978261
j6674
984935
j6675
984935
j6675
984935
j6676
984935
j6676
984935
j6677
984935
j6677
984935
j6678
984935
j6678
984935
j6679
984935
j6679
984935
j6680
984935
j6680
984935
j6681
984935
j6681
984935
j6682
984935
j6682
984935
j6683
984935
j6683
984935
j6684
984935
j6684
984935
j6685
984935
j6685
984935
j6686
984935
j6686
984935
j6687
984935
j6687
984935
j6688
984935
j6688
984935
j6689
984935
j6689
984935
j6690
984935
j6690
984935
j6691
984935
j6691
984935
j6692
984935
j6692
984935
j6693
984935
j6693
984935
j6694
984935
j6694
984935
j6695
984935
j6695
984935
j6696
984935
j6696
984935
j6697
984935
j6697
984935
j6698
984935
j6698
984935
j6699
984935
j6699
984935
j6700
984935
j6700
984935
j6701
984935
j6701
984935
j6702
984935
j6702
984935
j6703
984935
j6703
984935
j6704
984935
j6704
984935
j6705
984935
j6705
984935
j6706
984935
j6706
984935
j6707
984935
j6707
984935
j6708
991643
j6708
991643
j6709
991643
j6709
991643
j6710
991643
j6710
991643
j6711
991643
j6711
991643
j6712
991643
j6712
991643
j6713
991643
j6713
991643
j6714
991643
j6714
991643
j6715
991643
j6715
991643
j6716
991643
j6716
991643
j6717
991643
j6717
991643
j6718
991643
j6718
991643
j6719
991643
j6719
991643
j6720
991643
j6720
991643
j6721
991643
j6721
998364
j6722
998364
j6722
998364
j6723
998364
j6723
998364
j6724
998364
j6724
998364
j6725
998364
j6725
998364
j6726
998364
j6726
998364
j6727
998364
j6727
998364
j6728
998364
j6728
998364
j6729
998364
j6729
998364
j6730
998364
j6730
998364
j6731
998364
j6731
998364
j6732
998364
j6732
998364
j6733
998364
j6733
998364
j6734
998364
j6734
998364
j6735
998364
j6735
998364
j6736
998364
j6736
998364
j6737
998364
j6737
998364
j6738
998364
j6738
998364
j6739
998364
j6739
998364
j6740
998364
j6740
998364
j6741
998364
j6741
998364
j6742
998364
j6742
998364
j6743
998364
j6743
998364
j6744
998364
j6744
998364
j6745
998364
j6745
998364
j6746
998364
j6746
998364
j6747
998364
j6747
998364
j6748
998364
j6748
998364
j6749
998364
j6749
998364
j6750
998364
j6750
998364
j6751
1005115
j6751
1005115
j6752
1005115
j6752
1005115
j6753
1005115
j6753
1005115
j6754
1005115
j6754
1005115
j6755
1005115
j6755
1005115
j6756
1005115
j6756
1005115
j6757
1005115
j6757
1005115
j6758
1005115
j6758
1005115
j6759
1005115
j6759
1005115
j6760
1005115
j6760
1005115
j6761
1005115
j6761
1005115
j6762
1005115
j6762
1005115
j6763
1005115
j6763
1005115
j6764
1005115
j6764
1005115
j6765
1005115
j6765
1005115
j6766
1005115
j6766
1005115
j6767
1005115
j6767
1005115
j6768
1005115
j6768
1011883
j6769
1011883
j6769
1011883
j6770
1011883
j6770
1011883
j6771
1011883
j6771
1011883
j6772
1011883
j6772
1011883
j6773
1011883
j6773
1011883
j6774
1011883
j6774
1011883
j6775
1011883
j6775
1011883
j6776
1011883
j6776
1011883
j6777
1011883
j6777
1011883
j6778
1011883
j6778
1011883
j6779
1011883
j6779
1011883
j6780
1011883
j6780
1011883
j6781
1011883
j6781
1011883
j6782
1011883
j6782
1011883
j6783
1011883
j6783
1011883
j6784
1011883
j6784
1011883
j6785
1011883
j6785
1011883
j6786
1011883
j6786
1011883
j6787
1011883
j6787
1011883
j6788
1011883
j6788
1011883
j6789
1011883
j6789
1011883
j6790
1011883
j6790
1011883
j6791
1011883
j6791
1011883
j6792
1011883
j6792
1011883
j6793
1011883
j6793
1011883
j6794
1018677
j6794
1018677
j6795
1018677
j6795
1018677
j6796
1018677
j6796
1018677
j6797
1018677
j6797
1018677
j6798
1018677
j6798
1018677
j6799
1018677
j6799
1018677
j6800
1018677
j6800
1018677
j6801
1018677
j6801
1018677
j6802
1018677
j6802
1018677
j6803
1018677
j6803
1018677
j6804
1018677
j6804
1018677
j6805
1018677
j6805
1018677
j6806
1018677
j6806
1018677
j6807
1018677
j6807
1018677
j6808
1018677
j6808
1018677
j6809
1018677
j6809
1018677
j6810
1018677
j6810
1018677
j6811
1018677
j6811
1018677
j6812
1018677
j6812
1018677
j6813
1018677
j6813
1018677
j6814
1018677
j6814
1018677
j6815
1018677
j6815
1025492
j6816
1025492
j6816
1025492
j6817
1025492
j6817
1025492
j6818
1025492
j6818
1025492
j6819
1025492
j6819
1025492
j6820
1025492
j6820
1025492
j6821
1025492
j6821
1025492
j6822
1025492
j6822
1025492
j6823
1025492
j6823
1025492
j6824
1025492
j6824
1025492
j6825
1025492
j6825
1025492
j6826
1025492
j6826
1025492
j6827
1025492
j6827
1025492
j6828
1025492
j6828
1025492
j6829
1025492
j6829
1025492
j6830
1025492
j6830
1025492
j6831
1025492
j6831
1025492
j6832
1025492
j6832
1025492
j6833
1025492
j6833
1025492
j6834
1025492
j6834
1025492
j6835
1025492
j6835
1025492
j6836
1025492
j6836
1025492
j6837
1032329
j6837
1032329
j6838
1032329
j6838
1032329
j6839
1032329
j6839
1032329
j6840
1032329
j6840
1032329
j6841
1032329
j6841
1032329
j6842
1032329
j6842
1032329
j6843
1032329
j6843
1032329
j6844
1032329
j6844
1032329
j6845
1032329
j6845
1032329
j6846
1032329
j6846
1032329
j6847
1032329
j6847
1032329
j6848
1032329
j6848
1032329
j6849
1032329
j6849
1032329
j6850
1032329
j6850
1032329
j6851
1032329
j6851
1032329
j6852
1032329
j6852
1032329
j6853
1032329
j6853
1032329
j6854
1032329
j6854
1032329
j6855
1032329
j6855
1032329
j6856
1032329
j6856
1032329
j6857
1032329
j6857
1032329
j6858
1032329
j6858
1032329
j6859
1032329
j6859
1032329
j6860
1032329
j6860
1032329
j6861
1032329
j6861
1032329
j6862
1032329
j6862
1039191
j6863
1039191
j6863
1039191
j6864
1039191
j6864
1039191
j6865
1039191
j6865
1039191
j6866
1039191
j6866
1039191
j6867
1039191
j6867
1039191
j6868
1039191
j6868
1039191
j6869
1039191
j6869
1039191
j6870
1039191
j6870
1039191
j6871
1039191
j6871
1039191
j6872
1039191
j6872
1039191
j6873
1039191
j6873
1039191
j6874
1039191
j6874
1039191
j6875
1039191
j6875
1039191
j6876
1039191
j6876
1039191
j6877
1039191
j6877
1039191
j6878
1039191
j6878
1039191
j6879
1039191
j6879
1039191
j6880
1046071
j6880
1046071
j6881
1046071
j6881
1046071
j6882
1046071
j6882
1046071
j6883
1046071
j6883
1046071
j6884
1046071
j6884
1046071
j6885
1046071
j6885
1046071
j6886
1046071
j6886
1046071
j6887
1046071
j6887
1046071
j6888
1046071
j6888
1046071
j6889
1046071
j6889
1046071
j6890
1046071
j6890
1046071
j6891
1046071
j6891
1046071
j6892
1046071
j6892
1046071
j6893
1046071
j6893
1046071
j6894
1046071
j6894
1046071
j6895
1046071
j6895
1046071
j6896
1046071
j6896
1046071
j6897
1046071
j6897
1046071
j6898
1046071
j6898
1046071
j6899
1046071
j6899
1046071
j6900
1046071
j6900
1046071
j6901
1046071
j6901
1046071
j6902
1046071
j6902
1046071
j6903
1046071
j6903
1046071
j6904
1046071
j6904
1046071
j6905
1046071
j6905
1046071
j6906
1046071
j6906
1046071
j6907
1046071
j6907
1046071
j6908
1046071
j6908
1046071
j6909
1046071
j6909
1052980
j6910
1052980
j6910
1052980
j6911
1052980
j6911
1052980
j6912
1052980
j6912
1052980
j6913
1052980
j6913
1052980
j6914
1052980
j6914
1052980
j6915
1052980
j6915
1052980
j6916
1052980
j6916
1052980
j6917
1052980
j6917
1052980
j6918
1052980
j6918
1052980
j6919
1052980
j6919
1052980
j6920
1052980
j6920
1052980
j6921
1052980
j6921
1052980
j6922
1052980
j6922
1052980
j6923
1059903
j6923
1059903
j6924
1059903
j6924
1059903
j6925
1059903
j6925
1059903
j6926
1059903
j6926
1059903
j6927
1059903
j6927
1059903
j6928
1059903
j6928
1059903
j6929
1059903
j6929
1059903
j6930
1059903
j6930
1059903
j6931
1059903
j6931
1059903
j6932
1059903
j6932
1059903
j6933
1059903
j6933
1059903
j6934
1059903
j6934
1059903
j6935
1059903
j6935
1059903
j6936
1059903
j6936
1059903
j6937
1059903
j6937
1059903
j6938
1059903
j6938
1059903
j6939
1059903
j6939
1059903
j6940
1059903
j6940
1059903
j6941
1059903
j6941
1059903
j6942
1059903
j6942
1059903
j6943
1059903
j6943
1059903
j6944
1059903
j6944
1059903
j6945
1059903
j6945
1059903
j6946
1059903
j6946
1059903
j6947
1059903
j6947
1059903
j6948
1059903
j6948
1059903
j6949
1059903
j6949
1059903
j6950
1059903
j6950
1059903
j6951
1059903
j6951
1059903
j6952
1059903
j6952
1059903
j6953
1059903
j6953
1059903
j6954
1059903
j6954
1059903
j6955
1059903
j6955
1059903
j6956
1059903
j6956
1066859
j6957
1066859
j6957
1066859
j6958
1066859
j6958
1066859
j6959
1066859
j6959
1066859
j6960
1066859
j6960
1066859
j6961
1066859
j6961
1066859
j6962
1066859
j6962
1066859
j6963
1066859
j6963
1066859
j6964
1066859
j6964
1066859
j6965
1066859
j6965
1066859
j6966
1073825
j6966
1073825
j6967
1073825
j6967
1073825
j6968
1073825
j6968
1073825
j6969
1073825
j6969
1073825
j6970
1073825
j6970
1073825
j6971
1073825
j6971
1073825
j6972
1073825
j6972
1073825
j6973
1073825
j6973
1073825
j6974
1073825
j6974
1073825
j6975
1073825
j6975
1073825
j6976
1073825
j6976
1073825
j6977
1073825
j6977
1073825
j6978
1073825
j6978
1073825
j6979
1073825
j6979
1073825
j6980
1073825
j6980
1073825
j6981
1073825
j6981
1073825
j6982
1073825
j6982
1073825
j6983
1073825
j6983
1073825
j6984
1073825
j6984
1073825
j6985
1073825
j6985
1073825
j6986
1073825
j6986
1073825
j6987
1073825
j6987
1073825
j6988
1073825
j6988
1073825
j6989
1073825
j6989
1073825
j6990
1073825
j6990
1073825
j6991
1073825
j6991
1073825
j6992
1073825
j6992
1073825
j6993
1073825
j6993
1073825
j6994
1073825
j6994
1073825
j6995
1073825
j6995
1073825
j6996
1073825
j6996
1073825
j6997
1073825
j6997
1073825
j6998
1073825
j6998
1073825
j6999
1073825
j6999
1073825
j7000
1073825
j7000
1073825
j7001
1073825
j7001
1073825
j7002
1073825
j7002
1073825
j7003
1073825
j7003
1080828
j7004
1080828
j7004
1080828
j7005
1080828
j7005
1080828
j7006
1080828
j7006
1080828
j7007
1080828
j7007
1080828
j7008
1080828
j7008
1080828
j7009
1087837
j7009
1087837
j7010
1087837
j7010
1087837
j7011
1087837
j7011
1087837
j7012
1087837
j7012
1087837
j7013
1087837
j7013
1087837
j7014
1087837
j7014
1087837
j7015
1087837
j7015
1087837
j7016
1087837
j7016
1087837
j7017
1087837
j7017
1087837
j7018
1087837
j7018
1087837
j7019
1087837
j7019
1087837
j7020
1087837
j7020
1087837
j7021
1087837
j7021
1087837
j7022
1087837
j7022
1087837
j7023
1087837
j7023
1087837
j7024
1087837
j7024
1087837
j7025
1087837
j7025
1087837
j7026
1087837
j7026
1087837
j7027
1087837
j7027
1087837
j7028
1087837
j7028
1087837
j7029
1087837
j7029
1087837
j7030
1087837
j7030
1087837
j7031
1087837
j7031
1087837
j7032
1087837
j7032
1087837
j7033
1087837
j7033
1087837
j7034
1087837
j7034
1087837
j7035
1087837
j7035
1087837
j7036
1087837
j7036
1087837
j7037
1087837
j7037
1087837
j7038
1087837
j7038
1087837
j7039
1087837
j7039
1087837
j7040
1087837
j7040
1087837
j7041
1087837
j7041
1087837
j7042
1087837
j7042
1087837
j7043
1087837
j7043
1087837
j7044
1087837
j7044
1087837
j7045
1087837
j7045
1087837
j7046
1087837
j7046
1087837
j7047
1087837
j7047
1087837
j7048
1087837
j7048
1087837
j7049
1087837
j7049
1087837
j7050
1087837
j7050
1094887
j7051
1094887
j7051
1094887
j7052
1101939
j7052
1101939
j7053
1101939
j7053
1101939
j7054
1101939
j7054
1101939
j7055
1101939
j7055
1101939
j7056
1101939
j7056
1101939
j7057
1101939
j7057
1101939
j7058
1101939
j7058
1101939
j7059
1101939
j7059
1101939
j7060
1101939
j7060
1101939
j7061
1101939
j7061
1101939
j7062
1101939
j7062
1101939
j7063
1101939
j7063
1101939
j7064
1101939
j7064
1101939
j7065
1101939
j7065
1101939
j7066
1101939
j7066
1101939
j7067
1101939
j7067
1101939
j7068
1101939
j7068
1101939
j7069
1101939
j7069
1101939
j7070
1101939
j7070
1101939
j7071
1101939
j7071
1101939
j7072
1101939
j7072
1101939
j7073
1101939
j7073
1101939
j7074
1101939
j7074
1101939
j7075
1101939
j7075
1101939
j7076
1101939
j7076
1101939
j7077
1101939
j7077
1101939
j7078
1101939
j7078
1101939
j7079
1101939
j7079
1101939
j7080
1101939
j7080
1101939
j7081
1101939
j7081
1101939
j7082
1101939
j7082
1101939
j7083
1101939
j7083
1101939
j7084
1101939
j7084
1101939
j7085
1101939
j7085
1101939
j7086
1101939
j7086
1101939
j7087
1101939
j7087
1101939
j7088
1101939
j7088
1101939
j7089
1101939
j7089
1101939
j7090
1101939
j7090
1101939
j7091
1101939
j7091
1101939
j7092
1101939
j7092
1101939
j7093
1101939
j7093
1101939
j7094
1101939
j7094
1101939
j7095
1109034
j7095
1109034
j7096
1109034
j7096
1109034
j7097
1109034
j7097
1116131
j7098
1116131
j7098
1116131
j7099
1116131
j7099
1116131
j7100
1116131
j7100
1116131
j7101
1116131
j7101
1116131
j7102
1116131
j7102
1116131
j7103
1116131
j7103
1116131
j7104
1116131
j7104
1116131
j7105
1116131
j7105
1116131
j7106
1116131
j7106
1116131
j7107
1116131
j7107
1116131
j7108
1116131
j7108
1116131
j7109
1116131
j7109
1116131
j7110
1116131
j7110
1116131
j7111
1116131
j7111
1116131
j7112
1116131
j7112
1116131
j7113
1116131
j7113
1116131
j7114
1116131
j7114
1116131
j7115
1116131
j7115
1116131
j7116
1116131
j7116
1116131
j7117
1116131
j7117
1116131
j7118
1116131
j7118
1116131
j7119
1116131
j7119
1116131
j7120
1116131
j7120
1116131
j7121
1116131
j7121
1116131
j7122
1116131
j7122
1116131
j7123
1116131
j7123
1116131
j7124
1116131
j7124
1116131
j7125
1116131
j7125
1116131
j7126
1116131
j7126
1116131
j7127
1116131
j7127
1116131
j7128
1116131
j7128
1116131
j7129
1116131
j7129
1116131
j7130
1116131
j7130
1116131
j7131
1116131
j7131
1116131
j7132
1116131
j7132
1116131
j7133
1116131
j7133
1116131
j7134
1116131
j7134
1116131
j7135
1116131
j7135
1116131
j7136
1116131
j7136
1116131
j7137
1116131
j7137
1116131
j7138
1123269
j7138
1123269
j7139
1123269
j7139
1123269
j7140
1123269
j7140
1123269
j7141
1123269
j7141
1123269
j7142
1123269
j7142
1123269
j7143
1123269
j7143
1123269
j7144
1123269
j7144
1130413
j7145
1130413
j7145
1130413
j7146
1130413
j7146
1130413
j7147
1130413
j7147
1130413
j7148
1130413
j7148
1130413
j7149
1130413
j7149
1130413
j7150
1130413
j7150
1130413
j7151
1130413
j7151
1130413
j7152
1130413
j7152
1130413
j7153
1130413
j7153
1130413
j7154
1130413
j7154
1130413
j7155
1130413
j7155
1130413
j7156
1130413
j7156
1130413
j7157
1130413
j7157
1130413
j7158
1130413
j7158
1130413
j7159
1130413
j7159
1130413
j7160
1130413
j7160
1130413
j7161
1130413
j7161
1130413
j7162
1130413
j7162
1130413
j7163
1130413
j7163
1130413
j7164
1130413
j7164
1130413
j7165
1130413
j7165
1130413
j7166
1130413
j7166
1130413
j7167
1130413
j7167
1130413
j7168
1130413
j7168
1130413
j7169
1130413
j7169
1130413
j7170
1130413
j7170
1130413
j7171
1130413
j7171
1130413
j7172
1130413
j7172
1130413
j7173
1130413
j7173
1130413
j7174
1130413
j7174
1130413
j7175
1130413
j7175
1130413
j7176
1130413
j7176
1130413
j7177
1130413
j7177
1130413
j7178
1130413
j7178
1130413
j7179
1130413
j7179
1130413
j7180
1130413
j7180
1130413
j7181
1137594
j7181
1137594
j7182
1137594
j7182
1137594
j7183
1137594
j7183
1137594
j7184
1137594
j7184
1137594
j7185
1137594
j7185
1137594
j7186
1137594
j7186
1137594
j7187
1137594
j7187
1137594
j7188
1137594
j7188
1137594
j7189
1137594
j7189
1137594
j7190
1137594
j7190
1137594
j7191
1137594
j7191
1144785
j7192
1144785
j7192
1144785
j7193
1144785
j7193
1144785
j7194
1144785
j7194
1144785
j7195
1144785
j7195
1144785
j7196
1144785
j7196
1144785
j7197
1144785
j7197
1144785
j7198
1144785
j7198
1144785
j7199
1144785
j7199
1144785
j7200
1144785
j7200
1144785
j7201
1144785
j7201
1144785
j7202
1144785
j7202
1144785
j7203
1144785
j7203
1144785
j7204
1144785
j7204
1144785
j7205
1144785
j7205
1144785
j7206
1144785
j7206
1144785
j7207
1144785
j7207
1144785
j7208
1144785
j7208
1144785
j7209
1144785
j7209
1144785
j7210
1144785
j7210
1144785
j7211
1144785
j7211
1144785
j7212
1144785
j7212
1144785
j7213
1144785
j7213
1144785
j7214
1144785
j7214
1144785
j7215
1144785
j7215
1144785
j7216
1144785
j7216
1144785
j7217
1144785
j7217
1144785
j7218
1144785
j7218
1144785
j7219
1144785
j7219
1144785
j7220
1144785
j7220
1144785
j7221
1144785
j7221
1144785
j7222
1144785
j7222
1144785
j7223
1144785
j7223
1144785
j7224
1152009
j7224
1152009
j7225
1152009
j7225
1152009
j7226
1152009
j7226
1152009
j7227
1152009
j7227
1152009
j7228
1152009
j7228
1152009
j7229
1152009
j7229
1152009
j7230
1152009
j7230
1152009
j7231
1152009
j7231
1152009
j7232
1152009
j7232
1152009
j7233
1152009
j7233
1152009
j7234
1152009
j7234
1152009
j7235
1152009
j7235
1152009
j7236
1152009
j7236
1152009
j7237
1152009
j7237
1152009
j7238
1152009
j7238
1159247
j7239
1159247
j7239
1159247
j7240
1159247
j7240
1159247
j7241
1159247
j7241
1159247
j7242
1159247
j7242
1159247
j7243
1159247
j7243
1159247
j7244
1159247
j7244
1159247
j7245
1159247
j7245
1159247
j7246
1159247
j7246
1159247
j7247
1159247
j7247
1159247
j7248
1159247
j7248
1159247
j7249
1159247
j7249
1159247
j7250
1159247
j7250
1159247
j7251
1159247
j7251
1159247
j7252
1159247
j7252
1159247
j7253
1159247
j7253
1159247
j7254
1159247
j7254
1159247
j7255
1159247
j7255
1159247
j7256
1159247
j7256
1159247
j7257
1159247
j7257
1159247
j7258
1159247
j7258
1159247
j7259
1159247
j7259
1159247
j7260
1159247
j7260
1159247
j7261
1159247
j7261
1159247
j7262
1159247
j7262
1159247
j7263
1159247
j7263
1159247
j7264
1159247
j7264
1159247
j7265
1159247
j7265
1159247
j7266
1159247
j7266
1159247
j7267
1166514
j7267
1166514
j7268
1166514
j7268
1166514
j7269
1166514
j7269
1166514
j7270
1166514
j7270
1166514
j7271
1166514
j7271
1166514
j7272
1166514
j7272
1166514
j7273
1166514
j7273
1166514
j7274
1166514
j7274
1166514
j7275
1166514
j7275
1166514
j7276
1166514
j7276
1166514
j7277
1166514
j7277
1166514
j7278
1166514
j7278
1166514
j7279
1166514
j7279
1166514
j7280
1166514
j7280
1166514
j7281
1166514
j7281
1166514
j7282
1166514
j7282
1166514
j7283
1166514
j7283
1166514
j7284
1166514
j7284
1166514
j7285
1166514
j7285
1173799
j7286
1173799
j7286
1173799
j7287
1173799
j7287
1173799
j7288
1173799
j7288
1173799
j7289
1173799
j7289
1173799
j7290
1173799
j7290
1173799
j7291
1173799
j7291
1173799
j7292
1173799
j7292
1173799
j7293
1173799
j7293
1173799
j7294
1173799
j7294
1173799
j7295
1173799
j7295
1173799
j7296
1173799
j7296
1173799
j7297
1173799
j7297
1173799
j7298
1173799
j7298
1173799
j7299
1173799
j7299
1173799
j7300
1173799
j7300
1173799
j7301
1173799
j7301
1173799
j7302
1173799
j7302
1173799
j7303
1173799
j7303
1173799
j7304
1173799
j7304
1173799
j7305
1173799
j7305
1173799
j7306
1173799
j7306
1173799
j7307
1173799
j7307
1173799
j7308
1173799
j7308
1173799
j7309
1173799
j7309
1173799
j7310
1181109
j7310
1181109
j7311
1181109
j7311
1181109
j7312
1181109
j7312
1181109
j7313
1181109
j7313
1181109
j7314
1181109
j7314
1181109
j7315
1181109
j7315
1181109
j7316
1181109
j7316
1181109
j7317
1181109
j7317
1181109
j7318
1181109
j7318
1181109
j7319
1181109
j7319
1181109
j7320
1181109
j7320
1181109
j7321
1181109
j7321
1181109
j7322
1181109
j7322
1181109
j7323
1181109
j7323
1181109
j7324
1181109
j7324
1181109
j7325
1181109
j7325
1181109
j7326
1181109
j7326
1181109
j7327
1181109
j7327
1181109
j7328
1181109
j7328
1181109
j7329
1181109
j7329
1181109
j7330
1181109
j7330
1181109
j7331
1181109
j7331
1181109
j7332
1181109
j7332
1188441
j7333
1188441
j7333
1188441
j7334
1188441
j7334
1188441
j7335
1188441
j7335
1188441
j7336
1188441
j7336
1188441
j7337
1188441
j7337
1188441
j7338
1188441
j7338
1188441
j7339
1188441
j7339
1188441
j7340
1188441
j7340
1188441
j7341
1188441
j7341
1188441
j7342
1188441
j7342
1188441
j7343
1188441
j7343
1188441
j7344
1188441
j7344
1188441
j7345
1188441
j7345
1188441
j7346
1188441
j7346
1188441
j7347
1188441
j7347
1188441
j7348
1188441
j7348
1188441
j7349
1188441
j7349
1188441
j7350
1188441
j7350
1188441
j7351
1188441
j7351
1188441
j7352
1188441
j7352
1188441
j7353
1195794
j7353
1195794
j7354
1195794
j7354
1195794
j7355
1195794
j7355
1195794
j7356
1195794
j7356
1195794
j7357
1195794
j7357
1195794
j7358
1195794
j7358
1195794
j7359
1195794
j7359
1195794
j7360
1195794
j7360
1195794
j7361
1195794
j7361
1195794
j7362
1195794
j7362
1195794
j7363
1195794
j7363
1195794
j7364
1195794
j7364
1195794
j7365
1195794
j7365
1195794
j7366
1195794
j7366
1195794
j7367
1195794
j7367
1195794
j7368
1195794
j7368
1195794
j7369
1195794
j7369
1195794
j7370
1195794
j7370
1195794
j7371
1195794
j7371
1195794
j7372
1195794
j7372
1195794
j7373
1195794
j7373
1195794
j7374
1195794
j7374
1195794
j7375
1195794
j7375
1195794
j7376
1195794
j7376
1195794
j7377
1195794
j7377
1195794
j7378
1195794
j7378
1195794
j7379
1195794
j7379
1203173
j7380
1203173
j7380
1203173
j7381
1203173
j7381
1203173
j7382
1203173
j7382
1203173
j7383
1203173
j7383
1203173
j7384
1203173
j7384
1203173
j7385
1203173
j7385
1203173
j7386
1203173
j7386
1203173
j7387
1203173
j7387
1203173
j7388
1203173
j7388
1203173
j7389
1203173
j7389
1203173
j7390
1203173
j7390
1203173
j7391
1203173
j7391
1203173
j7392
1203173
j7392
1203173
j7393
1203173
j7393
1203173
j7394
1203173
j7394
1203173
j7395
1203173
j7395
1203173
j7396
1210569
j7396
1210569
j7397
1210569
j7397
1210569
j7398
1210569
j7398
1210569
j7399
1210569
j7399
1210569
j7400
1210569
j7400
1210569
j7401
1210569
j7401
1210569
j7402
1210569
j7402
1210569
j7403
1210569
j7403
1210569
j7404
1210569
j7404
1210569
j7405
1210569
j7405
1210569
j7406
1210569
j7406
1210569
j7407
1210569
j7407
1210569
j7408
1210569
j7408
1210569
j7409
1210569
j7409
1210569
j7410
1210569
j7410
1210569
j7411
1210569
j7411
1210569
j7412
1210569
j7412
1210569
j7413
1210569
j7413
1210569
j7414
1210569
j7414
1210569
j7415
1210569
j7415
1210569
j7416
1210569
j7416
1210569
j7417
1210569
j7417
1210569
j7418
1210569
j7418
1210569
j7419
1210569
j7419
1210569
j7420
1210569
j7420
1210569
j7421
1210569
j7421
1210569
j7422
1210569
j7422
1210569
j7423
1210569
j7423
1210569
j7424
1210569
j7424
1210569
j7425
1210569
j7425
1210569
j7426
1210569
j7426
1217995
j7427
1217995
j7427
1217995
j7428
1217995
j7428
1217995
j7429
1217995
j7429
1217995
j7430
1217995
j7430
1217995
j7431
1217995
j7431
1217995
j7432
1217995
j7432
1217995
j7433
1217995
j7433
1217995
j7434
1217995
j7434
1217995
j7435
1217995
j7435
1217995
j7436
1217995
j7436
1217995
j7437
1217995
j7437
1217995
j7438
1217995
j7438
1217995
j7439
1225434
j7439
1225434
j7440
1225434
j7440
1225434
j7441
1225434
j7441
1225434
j7442
1225434
j7442
1225434
j7443
1225434
j7443
1225434
j7444
1225434
j7444
1225434
j7445
1225434
j7445
1225434
j7446
1225434
j7446
1225434
j7447
1225434
j7447
1225434
j7448
1225434
j7448
1225434
j7449
1225434
j7449
1225434
j7450
1225434
j7450
1225434
j7451
1225434
j7451
1225434
j7452
1225434
j7452
1225434
j7453
1225434
j7453
1225434
j7454
1225434
j7454
1225434
j7455
1225434
j7455
1225434
j7456
1225434
j7456
1225434
j7457
1225434
j7457
1225434
j7458
1225434
j7458
1225434
j7459
1225434
j7459
1225434
j7460
1225434
j7460
1225434
j7461
1225434
j7461
1225434
j7462
1225434
j7462
1225434
j7463
1225434
j7463
1225434
j7464
1225434
j7464
1225434
j7465
1225434
j7465
1225434
j7466
1225434
j7466
1225434
j7467
1225434
j7467
1225434
j7468
1225434
j7468
1225434
j7469
1225434
j7469
1225434
j7470
1225434
j7470
1225434
j7471
1225434
j7471
1225434
j7472
1225434
j7472
1225434
j7473
1225434
j7473
1232907
j7474
1232907
j7474
1232907
j7475
1232907
j7475
1232907
j7476
1232907
j7476
1232907
j7477
1232907
j7477
1232907
j7478
1232907
j7478
1232907
j7479
1232907
j7479
1232907
j7480
1232907
j7480
1232907
j7481
1232907
j7481
1232907
j7482
1240389
j7482
1240389
j7483
1240389
j7483
1240389
j7484
1240389
j7484
1240389
j7485
1240389
j7485
1240389
j7486
1240389
j7486
1240389
j7487
1240389
j7487
1240389
j7488
1240389
j7488
1240389
j7489
1240389
j7489
1240389
j7490
1240389
j7490
1240389
j7491
1240389
j7491
1240389
j7492
1240389
j7492
1240389
j7493
1240389
j7493
1240389
j7494
1240389
j7494
1240389
j7495
1240389
j7495
1240389
j7496
1240389
j7496
1240389
j7497
1240389
j7497
1240389
j7498
1240389
j7498
1240389
j7499
1240389
j7499
1240389
j7500
1240389
j7500
1240389
j7501
1240389
j7501
1240389
j7502
1240389
j7502
1240389
j7503
1240389
j7503
1240389
j7504
1240389
j7504
1240389
j7505
1240389
j7505
1240389
j7506
1240389
j7506
1240389
j7507
1240389
j7507
1240389
j7508
1240389
j7508
1240389
j7509
1240389
j7509
1240389
j7510
1240389
j7510
1240389
j7511
1240389
j7511
1240389
j7512
1240389
j7512
1240389
j7513
1240389
j7513
1240389
j7514
1240389
j7514
1240389
j7515
1240389
j7515
1240389
j7516
1240389
j7516
1240389
j7517
1240389
j7517
1240389
j7518
1240389
j7518
1240389
j7519
1240389
j7519
1240389
j7520
1240389
j7520
1247909
j7521
1247909
j7521
1247909
j7522
1247909
j7522
1247909
j7523
1247909
j7523
1247909
j7524
1247909
j7524
1247909
j7525
1255434
j7525
1255434
j7526
1255434
j7526
1255434
j7527
1255434
j7527
1255434
j7528
1255434
j7528
1255434
j7529
1255434
j7529
1255434
j7530
1255434
j7530
1255434
j7531
1255434
j7531
1255434
j7532
1255434
j7532
1255434
j7533
1255434
j7533
1255434
j7534
1255434
j7534
1255434
j7535
1255434
j7535
1255434
j7536
1255434
j7536
1255434
j7537
1255434
j7537
1255434
j7538
1255434
j7538
1255434
j7539
1255434
j7539
1255434
j7540
1255434
j7540
1255434
j7541
1255434
j7541
1255434
j7542
1255434
j7542
1255434
j7543
1255434
j7543
1255434
j7544
1255434
j7544
1255434
j7545
1255434
j7545
1255434
j7546
1255434
j7546
1255434
j7547
1255434
j7547
1255434
j7548
1255434
j7548
1255434
j7549
1255434
j7549
1255434
j7550
1255434
j7550
1255434
j7551
1255434
j7551
1255434
j7552
1255434
j7552
1255434
j7553
1255434
j7553
1255434
j7554
1255434
j7554
1255434
j7555
1255434
j7555
1255434
j7556
1255434
j7556
1255434
j7557
1255434
j7557
1255434
j7558
1255434
j7558
1255434
j7559
1255434
j7559
1255434
j7560
1255434
j7560
1255434
j7561
1255434
j7561
1255434
j7562
1255434
j7562
1255434
j7563
1255434
j7563
1255434
j7564
1255434
j7564
1255434
j7565
1255434
j7565
1255434
j7566
1255434
j7566
1255434
j7567
1255434
j7567
1263001
j7568
1270569
j7568
1270569
j7569
1270569
j7569
1270569
j7570
1270569
j7570
1270569
j7571
1270569
j7571
1270569
j7572
1270569
j7572
1270569
j7573
1270569
j7573
1270569
j7574
1270569
j7574
1270569
j7575
1270569
j7575
1270569
j7576
1270569
j7576
1270569
j7577
1270569
j7577
1270569
j7578
1270569
j7578
1270569
j7579
1270569
j7579
1270569
j7580
1270569
j7580
1270569
j7581
1270569
j7581
1270569
j7582
1270569
j7582
1270569
j7583
1270569
j7583
1270569
j7584
1270569
j7584
1270569
j7585
1270569
j7585
1270569
j7586
1270569
j7586
1270569
j7587
1270569
j7587
1270569
j7588
1270569
j7588
1270569
j7589
1270569
j7589
1270569
j7590
1270569
j7590
1270569
j7591
1270569
j7591
1270569
j7592
1270569
j7592
1270569
j7593
1270569
j7593
1270569
j7594
1270569
j7594
1270569
j7595
1270569
j7595
1270569
j7596
1270569
j7596
1270569
j7597
1270569
j7597
1270569
j7598
1270569
j7598
1270569
j7599
1270569
j7599
1270569
j7600
1270569
j7600
1270569
j7601
1270569
j7601
1270569
j7602
1270569
j7602
1270569
j7603
1270569
j7603
1270569
j7604
1270569
j7604
1270569
j7605
1270569
j7605
1270569
j7606
1270569
j7606
1270569
j7607
1270569
j7607
1270569
j7608
1270569
j7608
1270569
j7609
1270569
j7609
1270569
j7610
1270569
j7610
1270569
j7611
1278180
j7611
1278180
j7612
1278180
j7612
1278180
j7613
1278180
j7613
1278180
j7614
1278180
j7614
1285794
j7615
1285794
j7615
1285794
j7616
1285794
j7616
1285794
j7617
1285794
j7617
1285794
j7618
1285794
j7618
1285794
j7619
1285794
j7619
1285794
j7620
1285794
j7620
1285794
j7621
1285794
j7621
1285794
j7622
1285794
j7622
1285794
j7623
1285794
j7623
1285794
j7624
1285794
j7624
1285794
j7625
1285794
j7625
1285794
j7626
1285794
j7626
1285794
j7627
1285794
j7627
1285794
j7628
1285794
j7628
1285794
j7629
1285794
j7629
1285794
j7630
1285794
j7630
1285794
j7631
1285794
j7631
1285794
j7632
1285794
j7632
1285794
j7633
1285794
j7633
1285794
j7634
1285794
j7634
1285794
j7635
1285794
j7635
1285794
j7636
1285794
j7636
1285794
j7637
1285794
j7637
1285794
j7638
1285794
j7638
1285794
j7639
1285794
j7639
1285794
j7640
1285794
j7640
1285794
j7641
1285794
j7641
1285794
j7642
1285794
j7642
1285794
j7643
1285794
j7643
1285794
j7644
1285794
j7644
1285794
j7645
1285794
j7645
1285794
j7646
1285794
j7646
1285794
j7647
1285794
j7647
1285794
j7648
1285794
j7648
1285794
j7649
1285794
j7649
1285794
j7650
1285794
j7650
1285794
j7651
1285794
j7651
1285794
j7652
1285794
j7652
1285794
j7653
1285794
j7653
1285794
j7654
1293448
j7654
1293448
j7655
1293448
j7655
1293448
j7656
1293448
j7656
1293448
j7657
1293448
j7657
1293448
j7658
1293448
j7658
1293448
j7659
1293448
j7659
1293448
j7660
1293448
j7660
1293448
j7661
1293448
j7661
1301109
j7662
1301109
j7662
1301109
j7663
1301109
j7663
1301109
j7664
1301109
j7664
1301109
j7665
1301109
j7665
1301109
j7666
1301109
j7666
1301109
j7667
1301109
j7667
1301109
j7668
1301109
j7668
1301109
j7669
1301109
j7669
1301109
j7670
1301109
j7670
1301109
j7671
1301109
j7671
1301109
j7672
1301109
j7672
1301109
j7673
1301109
j7673
1301109
j7674
1301109
j7674
1301109
j7675
1301109
j7675
1301109
j7676
1301109
j7676
1301109
j7677
1301109
j7677
1301109
j7678
1301109
j7678
1301109
j7679
1301109
j7679
1301109
j7680
1301109
j7680
1301109
j7681
1301109
j7681
1301109
j7682
1301109
j7682
1301109
j7683
1301109
j7683
1301109
j7684
1301109
j7684
1301109
j7685
1301109
j7685
1301109
j7686
1301109
j7686
1301109
j7687
1301109
j7687
1301109
j7688
1301109
j7688
1301109
j7689
1301109
j7689
1301109
j7690
1301109
j7690
1301109
j7691
1301109
j7691
1301109
j7692
1301109
j7692
1301109
j7693
1301109
j7693
1301109
j7694
1301109
j7694
1301109
j7695
1301109
j7695
1301109
j7696
1301109
j7696
1301109
j7697
1308806
j7697
1308806
j7698
1308806
j7698
1308806
j7699
1308806
j7699
1308806
j7700
1308806
j7700
1308806
j7701
1308806
j7701
1308806
j7702
1308806
j7702
1308806
j7703
1308806
j7703
1308806
j7704
1308806
j7704
1308806
j7705
1308806
j7705
1308806
j7706
1308806
j7706
1308806
j7707
1308806
j7707
1308806
j7708
1308806
j7708
1316514
j7709
1316514
j7709
1316514
j7710
1316514
j7710
1316514
j7711
1316514
j7711
1316514
j7712
1316514
j7712
1316514
j7713
1316514
j7713
1316514
j7714
1316514
j7714
1316514
j7715
1316514
j7715
1316514
j7716
1316514
j7716
1316514
j7717
1316514
j7717
1316514
j7718
1316514
j7718
1316514
j7719
1316514
j7719
1316514
j7720
1316514
j7720
1316514
j7721
1316514
j7721
1316514
j7722
1316514
j7722
1316514
j7723
1316514
j7723
1316514
j7724
1316514
j7724
1316514
j7725
1316514
j7725
1316514
j7726
1316514
j7726
1316514
j7727
1316514
j7727
1316514
j7728
1316514
j7728
1316514
j7729
1316514
j7729
1316514
j7730
1316514
j7730
1316514
j7731
1316514
j7731
1316514
j7732
1316514
j7732
1316514
j7733
1316514
j7733
1316514
j7734
1316514
j7734
1316514
j7735
1316514
j7735
1316514
j7736
1316514
j7736
1316514
j7737
1316514
j7737
1316514
j7738
1316514
j7738
1316514
j7739
1316514
j7739
1316514
j7740
1324254
j7740
1324254
j7741
1324254
j7741
1324254
j7742
1324254
j7742
1324254
j7743
1324254
j7743
1324254
j7744
1324254
j7744
1324254
j7745
1324254
j7745
1324254
j7746
1324254
j7746
1324254
j7747
1324254
j7747
1324254
j7748
1324254
j7748
1324254
j7749
1324254
j7749
1324254
j7750
1324254
j7750
1324254
j7751
1324254
j7751
1324254
j7752
1324254
j7752
1324254
j7753
1324254
j7753
1324254
j7754
1324254
j7754
1324254
j7755
1324254
j7755
1332009
j7756
1332009
j7756
1332009
j7757
1332009
j7757
1332009
j7758
1332009
j7758
1332009
j7759
1332009
j7759
1332009
j7760
1332009
j7760
1332009
j7761
1332009
j7761
1332009
j7762
1332009
j7762
1332009
j7763
1332009
j7763
1332009
j7764
1332009
j7764
1332009
j7765
1332009
j7765
1332009
j7766
1332009
j7766
1332009
j7767
1332009
j7767
1332009
j7768
1332009
j7768
1332009
j7769
1332009
j7769
1332009
j7770
1332009
j7770
1332009
j7771
1332009
j7771
1332009
j7772
1332009
j7772
1332009
j7773
1332009
j7773
1332009
j7774
1332009
j7774
1332009
j7775
1332009
j7775
1332009
j7776
1332009
j7776
1332009
j7777
1332009
j7777
1332009
j7778
1332009
j7778
1332009
j7779
1332009
j7779
1332009
j7780
1332009
j7780
1332009
j7781
1332009
j7781
1332009
j7782
1332009
j7782
1332009
j7783
1339792
j7783
1339792
j7784
1339792
j7784
1339792
j7785
1339792
j7785
1339792
j7786
1339792
j7786
1339792
j7787
1339792
j7787
1339792
j7788
1339792
j7788
1339792
j7789
1339792
j7789
1339792
j7790
1339792
j7790
1339792
j7791
1339792
j7791
1339792
j7792
1339792
j7792
1339792
j7793
1339792
j7793
1339792
j7794
1339792
j7794
1339792
j7795
1339792
j7795
1339792
j7796
1339792
j7796
1339792
j7797
1339792
j7797
1339792
j7798
1339792
j7798
1339792
j7799
1339792
j7799
1339792
j7800
1339792
j7800
1339792
j7801
1339792
j7801
1339792
j7802
1339792
j7802
1347594
j7803
1347594
j7803
1347594
j7804
1347594
j7804
1347594
j7805
1347594
j7805
1347594
j7806
1347594
j7806
1347594
j7807
1347594
j7807
1347594
j7808
1347594
j7808
1347594
j7809
1347594
j7809
1347594
j7810
1347594
j7810
1347594
j7811
1347594
j7811
1347594
j7812
1347594
j7812
1347594
j7813
1347594
j7813
1347594
j7814
1347594
j7814
1347594
j7815
1347594
j7815
1347594
j7816
1347594
j7816
1347594
j7817
1347594
j7817
1347594
j7818
1347594
j7818
1347594
j7819
1347594
j7819
1347594
j7820
1347594
j7820
1347594
j7821
1347594
j7821
1347594
j7822
1347594
j7822
1347594
j7823
1347594
j7823
1347594
j7824
1347594
j7824
1347594
j7825
1347594
j7825
1347594
j7826
1355420
j7826
1355420
j7827
1355420
j7827
1355420
j7828
1355420
j7828
1355420
j7829
1355420
j7829
1355420
j7830
1355420
j7830
1355420
j7831
1355420
j7831
1355420
j7832
1355420
j7832
1355420
j7833
1355420
j7833
1355420
j7834
1355420
j7834
1355420
j7835
1355420
j7835
1355420
j7836
1355420
j7836
1355420
j7837
1355420
j7837
1355420
j7838
1355420
j7838
1355420
j7839
1355420
j7839
1355420
j7840
1355420
j7840
1355420
j7841
1355420
j7841
1355420
j7842
1355420
j7842
1355420
j7843
1355420
j7843
1355420
j7844
1355420
j7844
1355420
j7845
1355420
j7845
1355420
j7846
1355420
j7846
1355420
j7847
1355420
j7847
1355420
j7848
1355420
j7848
1355420
j7849
1355420
j7849
1363269
j7850
1363269
j7850
1363269
j7851
1363269
j7851
1363269
j7852
1363269
j7852
1363269
j7853
1363269
j7853
1363269
j7854
1363269
j7854
1363269
j7855
1363269
j7855
1363269
j7856
1363269
j7856
1363269
j7857
1363269
j7857
1363269
j7858
1363269
j7858
1363269
j7859
1363269
j7859
1363269
j7860
1363269
j7860
1363269
j7861
1363269
j7861
1363269
j7862
1363269
j7862
1363269
j7863
1363269
j7863
1363269
j7864
1363269
j7864
1363269
j7865
1363269
j7865
1363269
j7866
1363269
j7866
1363269
j7867
1363269
j7867
1363269
j7868
1363269
j7868
1363269
j7869
1371138
j7869
1371138
j7870
1371138
j7870
1371138
j7871
1371138
j7871
1371138
j7872
1371138
j7872
1371138
j7873
1371138
j7873
1371138
j7874
1371138
j7874
1371138
j7875
1371138
j7875
1371138
j7876
1371138
j7876
1371138
j7877
1371138
j7877
1371138
j7878
1371138
j7878
1371138
j7879
1371138
j7879
1371138
j7880
1371138
j7880
1371138
j7881
1371138
j7881
1371138
j7882
1371138
j7882
1371138
j7883
1371138
j7883
1371138
j7884
1371138
j7884
1371138
j7885
1371138
j7885
1371138
j7886
1371138
j7886
1371138
j7887
1371138
j7887
1371138
j7888
1371138
j7888
1371138
j7889
1371138
j7889
1371138
j7890
1371138
j7890
1371138
j7891
1371138
j7891
1371138
j7892
1371138
j7892
1371138
j7893
1371138
j7893
1371138
j7894
1371138
j7894
1371138
j7895
1371138
j7895
1371138
j7896
1371138
j7896
1379034
j7897
1379034
j7897
1379034
j7898
1379034
j7898
1379034
j7899
1379034
j7899
1379034
j7900
1379034
j7900
1379034
j7901
1379034
j7901
1379034
j7902
1379034
j7902
1379034
j7903
1379034
j7903
1379034
j7904
1379034
j7904
1379034
j7905
1379034
j7905
1379034
j7906
1379034
j7906
1379034
j7907
1379034
j7907
1379034
j7908
1379034
j7908
1379034
j7909
1379034
j7909
1379034
j7910
1379034
j7910
1379034
j7911
1379034
j7911
1379034
j7912
1386946
j7912
1386946
j7913
1386946
j7913
1386946
j7914
1386946
j7914
1386946
j7915
1386946
j7915
1386946
j7916
1386946
j7916
1386946
j7917
1386946
j7917
1386946
j7918
1386946
j7918
1386946
j7919
1386946
j7919
1386946
j7920
1386946
j7920
1386946
j7921
1386946
j7921
1386946
j7922
1386946
j7922
1386946
j7923
1386946
j7923
1386946
j7924
1386946
j7924
1386946
j7925
1386946
j7925
1386946
j7926
1386946
j7926
1386946
j7927
1386946
j7927
1386946
j7928
1386946
j7928
1386946
j7929
1386946
j7929
1386946
j7930
1386946
j7930
1386946
j7931
1386946
j7931
1386946
j7932
1386946
j7932
1386946
j7933
1386946
j7933
1386946
j7934
1386946
j7934
1386946
j7935
1386946
j7935
1386946
j7936
1386946
j7936
1386946
j7937
1386946
j7937
1386946
j7938
1386946
j7938
1386946
j7939
1386946
j7939
1386946
j7940
1386946
j7940
1386946
j7941
1386946
j7941
1386946
j7942
1386946
j7942
1386946
j7943
1386946
j7943
1394889
j7944
1394889
j7944
1394889
j7945
1394889
j7945
1394889
j7946
1394889
j7946
1394889
j7947
1394889
j7947
1394889
j7948
1394889
j7948
1394889
j7949
1394889
j7949
1394889
j7950
1394889
j7950
1394889
j7951
1394889
j7951
1394889
j7952
1394889
j7952
1394889
j7953
1394889
j7953
1394889
j7954
1394889
j7954
1394889
j7955
1402844
j7955
1402844
j7956
1402844
j7956
1402844
j7957
1402844
j7957
1402844
j7958
1402844
j7958
1402844
j7959
1402844
j7959
1402844
j7960
1402844
j7960
1402844
j7961
1402844
j7961
1402844
j7962
1402844
j7962
1402844
j7963
1402844
j7963
1402844
j7964
1402844
j7964
1402844
j7965
1402844
j7965
1402844
j7966
1402844
j7966
1402844
j7967
1402844
j7967
1402844
j7968
1402844
j7968
1402844
j7969
1402844
j7969
1402844
j7970
1402844
j7970
1402844
j7971
1402844
j7971
1402844
j7972
1402844
j7972
1402844
j7973
1402844
j7973
1402844
j7974
1402844
j7974
1402844
j7975
1402844
j7975
1402844
j7976
1402844
j7976
1402844
j7977
1402844
j7977
1402844
j7978
1402844
j7978
1402844
j7979
1402844
j7979
1402844
j7980
1402844
j7980
1402844
j7981
1402844
j7981
1402844
j7982
1402844
j7982
1402844
j7983
1402844
j7983
1402844
j7984
1402844
j7984
1402844
j7985
1402844
j7985
1402844
j7986
1402844
j7986
1402844
j7987
1402844
j7987
1402844
j7988
1402844
j7988
1402844
j7989
1402844
j7989
1402844
j7990
1402844
j7990
1410834
j7991
1410834
j7991
1410834
j7992
1410834
j7992
1410834
j7993
1410834
j7993
1410834
j7994
1410834
j7994
1410834
j7995
1410834
j7995
1410834
j7996
1410834
j7996
1410834
j7997
1410834
j7997
1410834
j7998
1418832
j7998
1418832
j7999
1418832
j7999
1418832
j8000
1418832
j8000
1418832
j8001
1418832
j8001
1418832
j8002
1418832
j8002
1418832
j8003
1418832
j8003
1418832
j8004
1418832
j8004
1418832
j8005
1418832
j8005
1418832
j8006
1418832
j8006
1418832
j8007
1418832
j8007
1418832
j8008
1418832
j8008
1418832
j8009
1418832
j8009
1418832
j8010
1418832
j8010
1418832
j8011
1418832
j8011
1418832
j8012
1418832
j8012
1418832
j8013
1418832
j8013
1418832
j8014
1418832
j8014
1418832
j8015
1418832
j8015
1418832
j8016
1418832
j8016
1418832
j8017
1418832
j8017
1418832
j8018
1418832
j8018
1418832
j8019
1418832
j8019
1418832
j8020
1418832
j8020
1418832
j8021
1418832
j8021
1418832
j8022
1418832
j8022
1418832
j8023
1418832
j8023
1418832
j8024
1418832
j8024
1418832
j8025
1418832
j8025
1418832
j8026
1418832
j8026
1418832
j8027
1418832
j8027
1418832
j8028
1418832
j8028
1418832
j8029
1418832
j8029
1418832
j8030
1418832
j8030
1418832
j8031
1418832
j8031
1418832
j8032
1418832
j8032
1418832
j8033
1418832
j8033
1418832
j8034
1418832
j8034
1418832
j8035
1418832
j8035
1418832
j8036
1418832
j8036
1418832
j8037
1418832
j8037
1426869
j8038
1426869
j8038
1426869
j8039
1426869
j8039
1426869
j8040
1426869
j8040
1426869
j8041
1434910
j8041
1434910
j8042
1434910
j8042
1434910
j8043
1434910
j8043
1434910
j8044
1434910
j8044
1434910
j8045
1434910
j8045
1434910
j8046
1434910
j8046
1434910
j8047
1434910
j8047
1434910
j8048
1434910
j8048
1434910
j8049
1434910
j8049
1434910
j8050
1434910
j8050
1434910
j8051
1434910
j8051
1434910
j8052
1434910
j8052
1434910
j8053
1434910
j8053
1434910
j8054
1434910
j8054
1434910
j8055
1434910
j8055
1434910
j8056
1434910
j8056
1434910
j8057
1434910
j8057
1434910
j8058
1434910
j8058
1434910
j8059
1434910
j8059
1434910
j8060
1434910
j8060
1434910
j8061
1434910
j8061
1434910
j8062
1434910
j8062
1434910
j8063
1434910
j8063
1434910
j8064
1434910
j8064
1434910
j8065
1434910
j8065
1434910
j8066
1434910
j8066
1434910
j8067
1434910
j8067
1434910
j8068
1434910
j8068
1434910
j8069
1434910
j8069
1434910
j8070
1434910
j8070
1434910
j8071
1434910
j8071
1434910
j8072
1434910
j8072
1434910
j8073
1434910
j8073
1434910
j8074
1434910
j8074
1434910
j8075
1434910
j8075
1434910
j8076
1434910
j8076
1434910
j8077
1434910
j8077
1434910
j8078
1434910
j8078
1434910
j8079
1434910
j8079
1434910
j8080
1434910
j8080
1434910
j8081
1434910
j8081
1434910
j8082
1434910
j8082
1434910
j8083
1434910
j8083
1434910
j8084
1442994
j8085
1442994
j8085
1442994
j8086
1442994
j8086
1442994
j8087
1442994
j8087
1442994
j8088
1442994
j8088
1442994
j8089
1442994
j8089
1442994
j8090
1442994
j8090
1442994
j8091
1442994
j8091
1442994
j8092
1442994
j8092
1442994
j8093
1442994
j8093
1442994
j8094
1442994
j8094
1442994
j8095
1442994
j8095
1442994
j8096
1442994
j8096
1442994
j8097
1442994
j8097
1442994
j8098
1442994
j8098
1442994
j8099
1442994
j8099
1442994
j8100
1442994
j8100
1442994
j8101
1442994
j8101
1442994
j8102
1442994
j8102
1442994
j8103
1442994
j8103
1442994
j8104
1442994
j8104
1442994
j8105
1442994
j8105
1442994
j8106
1442994
j8106
1442994
j8107
1442994
j8107
1442994
j8108
1442994
j8108
1442994
j8109
1442994
j8109
1442994
j8110
1442994
j8110
1442994
j8111
1442994
j8111
1442994
j8112
1442994
j8112
1442994
j8113
1442994
j8113
1442994
j8114
1442994
j8114
1442994
j8115
1442994
j8115
1442994
j8116
1442994
j8116
1442994
j8117
1442994
j8117
1442994
j8118
1442994
j8118
1442994
j8119
1442994
j8119
1442994
j8120
1442994
j8120
1442994
j8121
1442994
j8121
1442994
j8122
1442994
j8122
1442994
j8123
1442994
j8123
1442994
j8124
1442994
j8124
1442994
j8125
1442994
j8125
1442994
j8126
1442994
j8126
1442994
j8127
1451121
j8127
1451121
j8128
1451121
j8128
1451121
j8129
1451121
j8129
1451121
j8130
1451121
j8130
1451121
j8131
1451121
j8131
1459252
j8132
1459252
j8132
1459252
j8133
1459252
j8133
1459252
j8134
1459252
j8134
1459252
j8135
1459252
j8135
1459252
j8136
1459252
j8136
1459252
j8137
1459252
j8137
1459252
j8138
1459252
j8138
1459252
j8139
1459252
j8139
1459252
j8140
1459252
j8140
1459252
j8141
1459252
j8141
1459252
j8142
1459252
j8142
1459252
j8143
1459252
j8143
1459252
j8144
1459252
j8144
1459252
j8145
1459252
j8145
1459252
j8146
1459252
j8146
1459252
j8147
1459252
j8147
1459252
j8148
1459252
j8148
1459252
j8149
1459252
j8149
1459252
j8150
1459252
j8150
1459252
j8151
1459252
j8151
1459252
j8152
1459252
j8152
1459252
j8153
1459252
j8153
1459252
j8154
1459252
j8154
1459252
j8155
1459252
j8155
1459252
j8156
1459252
j8156
1459252
j8157
1459252
j8157
1459252
j8158
1459252
j8158
1459252
j8159
1459252
j8159
1459252
j8160
1459252
j8160
1459252
j8161
1459252
j8161
1459252
j8162
1459252
j8162
1459252
j8163
1459252
j8163
1459252
j8164
1459252
j8164
1459252
j8165
1459252
j8165
1459252
j8166
1459252
j8166
1459252
j8167
1459252
j8167
1459252
j8168
1459252
j8168
1459252
j8169
1459252
j8169
1459252
j8170
1467422
j8170
1467422
j8171
1467422
j8171
1467422
j8172
1467422
j8172
1467422
j8173
1467422
j8173
1467422
j8174
1467422
j8174
1467422
j8175
1467422
j8175
1467422
j8176
1467422
j8176
1467422
j8177
1467422
j8177
1467422
j8178
1467422
j8178
1475600
j8179
1475600
j8179
1475600
j8180
1475600
j8180
1475600
j8181
1475600
j8181
1475600
j8182
1475600
j8182
1475600
j8183
1475600
j8183
1475600
j8184
1475600
j8184
1475600
j8185
1475600
j8185
1475600
j8186
1475600
j8186
1475600
j8187
1475600
j8187
1475600
j8188
1475600
j8188
1475600
j8189
1475600
j8189
1475600
j8190
1475600
j8190
1475600
j8191
1475600
j8191
1475600
j8192
1475600
j8192
1475600
j8193
1475600
j8193
1475600
j8194
1475600
j8194
1475600
j8195
1475600
j8195
1475600
j8196
1475600
j8196
1475600
j8197
1475600
j8197
1475600
j8198
1475600
j8198
1475600
j8199
1475600
j8199
1475600
j8200
1475600
j8200
1475600
j8201
1475600
j8201
1475600
j8202
1475600
j8202
1475600
j8203
1475600
j8203
1475600
j8204
1475600
j8204
1475600
j8205
1475600
j8205
1475600
j8206
1475600
j8206
1475600
j8207
1475600
j8207
1475600
j8208
1475600
j8208
1475600
j8209
1475600
j8209
1475600
j8210
1475600
j8210
1475600
j8211
1475600
j8211
1475600
j8212
1475600
j8212
1475600
j8213
1483813
j8213
1483813
j8214
1483813
j8214
1483813
j8215
1483813
j8215
1483813
j8216
1483813
j8216
1483813
j8217
1483813
j8217
1483813
j8218
1483813
j8218
1483813
j8219
1483813
j8219
1483813
j8220
1483813
j8220
1483813
j8221
1483813
j8221
1483813
j8222
1483813
j8222
1483813
j8223
1483813
j8223
1483813
j8224
1483813
j8224
1483813
j8225
1483813
j8225
1492038
j8226
1492038
j8226
1492038
j8227
1492038
j8227
1492038
j8228
1492038
j8228
1492038
j8229
1492038
j8229
1492038
j8230
1492038
j8230
1492038
j8231
1492038
j8231
1492038
j8232
1492038
j8232
1492038
j8233
1492038
j8233
1492038
j8234
1492038
j8234
1492038
j8235
1492038
j8235
1492038
j8236
1492038
j8236
1492038
j8237
1492038
j8237
1492038
j8238
1492038
j8238
1492038
j8239
1492038
j8239
1492038
j8240
1492038
j8240
1492038
j8241
1492038
j8241
1492038
j8242
1492038
j8242
1492038
j8243
1492038
j8243
1492038
j8244
1492038
j8244
1492038
j8245
1492038
j8245
1492038
j8246
1492038
j8246
1492038
j8247
1492038
j8247
1492038
j8248
1492038
j8248
1492038
j8249
1492038
j8249
1492038
j8250
1492038
j8250
1492038
j8251
1492038
j8251
1492038
j8252
1492038
j8252
1492038
j8253
1492038
j8253
1492038
j8254
1492038
j8254
1492038
j8255
1492038
j8255
1492038
j8256
1500294
j8256
1500294
j8257
1500294
j8257
1500294
j8258
1500294
j8258
1500294
j8259
1500294
j8259
1500294
j8260
1500294
j8260
1500294
j8261
1500294
j8261
1500294
j8262
1500294
j8262
1500294
j8263
1500294
j8263
1500294
j8264
1500294
j8264
1500294
j8265
1500294
j8265
1500294
j8266
1500294
j8266
1500294
j8267
1500294
j8267
1500294
j8268
1500294
j8268
1500294
j8269
1500294
j8269
1500294
j8270
1500294
j8270
1500294
j8271
1500294
j8271
1500294
j8272
1500294
j8272
1508566
j8273
1508566
j8273
1508566
j8274
1508566
j8274
1508566
j8275
1508566
j8275
1508566
j8276
1508566
j8276
1508566
j8277
1508566
j8277
1508566
j8278
1508566
j8278
1508566
j8279
1508566
j8279
1508566
j8280
1508566
j8280
1508566
j8281
1508566
j8281
1508566
j8282
1508566
j8282
1508566
j8283
1508566
j8283
1508566
j8284
1508566
j8284
1508566
j8285
1508566
j8285
1508566
j8286
1508566
j8286
1508566
j8287
1508566
j8287
1508566
j8288
1508566
j8288
1508566
j8289
1508566
j8289
1508566
j8290
1508566
j8290
1508566
j8291
1508566
j8291
1508566
j8292
1508566
j8292
1508566
j8293
1508566
j8293
1508566
j8294
1508566
j8294
1508566
j8295
1508566
j8295
1508566
j8296
1508566
j8296
1508566
j8297
1508566
j8297
1508566
j8298
1508566
j8298
1508566
j8299
1516865
j8299
1516865
j8300
1516865
j8300
1516865
j8301
1516865
j8301
1516865
j8302
1516865
j8302
1516865
j8303
1516865
j8303
1516865
j8304
1516865
j8304
1516865
j8305
1516865
j8305
1516865
j8306
1516865
j8306
1516865
j8307
1516865
j8307
1516865
j8308
1516865
j8308
1516865
j8309
1516865
j8309
1516865
j8310
1516865
j8310
1516865
j8311
1516865
j8311
1516865
j8312
1516865
j8312
1516865
j8313
1516865
j8313
1516865
j8314
1516865
j8314
1516865
j8315
1516865
j8315
1516865
j8316
1516865
j8316
1516865
j8317
1516865
j8317
1516865
j8318
1516865
j8318
1516865
j8319
1516865
j8319
1525184
j8320
1525184
j8320
1525184
j8321
1525184
j8321
1525184
j8322
1525184
j8322
1525184
j8323
1525184
j8323
1525184
j8324
1525184
j8324
1525184
j8325
1525184
j8325
1525184
j8326
1525184
j8326
1525184
j8327
1525184
j8327
1525184
j8328
1525184
j8328
1525184
j8329
1525184
j8329
1525184
j8330
1525184
j8330
1525184
j8331
1525184
j8331
1525184
j8332
1525184
j8332
1525184
j8333
1525184
j8333
1525184
j8334
1525184
j8334
1525184
j8335
1525184
j8335
1525184
j8336
1525184
j8336
1525184
j8337
1525184
j8337
1525184
j8338
1525184
j8338
1525184
j8339
1525184
j8339
1525184
j8340
1525184
j8340
1525184
j8341
1525184
j8341
1525184
j8342
1533526
j8342
1533526
j8343
1533526
j8343
1533526
j8344
1533526
j8344
1533526
j8345
1533526
j8345
1533526
j8346
1533526
j8346
1533526
j8347
1533526
j8347
1533526
j8348
1533526
j8348
1533526
j8349
1533526
j8349
1533526
j8350
1533526
j8350
1533526
j8351
1533526
j8351
1533526
j8352
1533526
j8352
1533526
j8353
1533526
j8353
1533526
j8354
1533526
j8354
1533526
j8355
1533526
j8355
1533526
j8356
1533526
j8356
1533526
j8357
1533526
j8357
1533526
j8358
1533526
j8358
1533526
j8359
1533526
j8359
1533526
j8360
1533526
j8360
1533526
j8361
1533526
j8361
1533526
j8362
1533526
j8362
1533526
j8363
1533526
j8363
1533526
j8364
1533526
j8364
1533526
j8365
1533526
j8365
1533526
j8366
1533526
j8366
1541892
j8367
1541892
j8367
1541892
j8368
1541892
j8368
1541892
j8369
1541892
j8369
1541892
j8370
1541892
j8370
1541892
j8371
1541892
j8371
1541892
j8372
1541892
j8372
1541892
j8373
1541892
j8373
1541892
j8374
1541892
j8374
1541892
j8375
1541892
j8375
1541892
j8376
1541892
j8376
1541892
j8377
1541892
j8377
1541892
j8378
1541892
j8378
1541892
j8379
1541892
j8379
1541892
j8380
1541892
j8380
1541892
j8381
1541892
j8381
1541892
j8382
1541892
j8382
1541892
j8383
1541892
j8383
1541892
j8384
1541892
j8384
1541892
j8385
1550277
j8385
1550277
j8386
1550277
j8386
1550277
j8387
1550277
j8387
1550277
j8388
1550277
j8388
1550277
j8389
1550277
j8389
1550277
j8390
1550277
j8390
1550277
j8391
1550277
j8391
1550277
j8392
1550277
j8392
1550277
j8393
1550277
j8393
1550277
j8394
1550277
j8394
1550277
j8395
1550277
j8395
1550277
j8396
1550277
j8396
1550277
j8397
1550277
j8397
1550277
j8398
1550277
j8398
1550277
j8399
1550277
j8399
1550277
j8400
1550277
j8400
1550277
j8401
1550277
j8401
1550277
j8402
1550277
j8402
1550277
j8403
1550277
j8403
1550277
j8404
1550277
j8404
1550277
j8405
1550277
j8405
1550277
j8406
1550277
j8406
1550277
j8407
1550277
j8407
1550277
j8408
1550277
j8408
1550277
j8409
1550277
j8409
1550277
j8410
1550277
j8410
1550277
j8411
1550277
j8411
1550277
j8412
1550277
j8412
1550277
j8413
1550277
j8413
1558690
j8414
1558690
j8414
1558690
j8415
1558690
j8415
1558690
j8416
1558690
j8416
1558690
j8417
1558690
j8417
1558690
j8418
1558690
j8418
1558690
j8419
1558690
j8419
1558690
j8420
1558690
j8420
1558690
j8421
1558690
j8421
1558690
j8422
1558690
j8422
1558690
j8423
1558690
j8423
1558690
j8424
1558690
j8424
1558690
j8425
1558690
j8425
1558690
j8426
1558690
j8426
1558690
j8427
1558690
j8427
1558690
j8428
1567118
j8428
1567118
j8429
1567118
j8429
1567118
j8430
1567118
j8430
1567118
j8431
1567118
j8431
1567118
j8432
1567118
j8432
1567118
j8433
1567118
j8433
1567118
j8434
1567118
j8434
1567118
j8435
1567118
j8435
1567118
j8436
1567118
j8436
1567118
j8437
1567118
j8437
1567118
j8438
1567118
j8438
1567118
j8439
1567118
j8439
1567118
j8440
1567118
j8440
1567118
j8441
1567118
j8441
1567118
j8442
1567118
j8442
1567118
j8443
1567118
j8443
1567118
j8444
1567118
j8444
1567118
j8445
1567118
j8445
1567118
j8446
1567118
j8446
1567118
j8447
1567118
j8447
1567118
j8448
1567118
j8448
1567118
j8449
1567118
j8449
1567118
j8450
1567118
j8450
1567118
j8451
1567118
j8451
1567118
j8452
1567118
j8452
1567118
j8453
1567118
j8453
1567118
j8454
1567118
j8454
1567118
j8455
1567118
j8455
1567118
j8456
1567118
j8456
1567118
j8457
1567118
j8457
1567118
j8458
1567118
j8458
1567118
j8459
1567118
j8459
1567118
j8460
1567118
j8460
1575578
j8461
1575578
j8461
1575578
j8462
1575578
j8462
1575578
j8463
1575578
j8463
1575578
j8464
1575578
j8464
1575578
j8465
1575578
j8465
1575578
j8466
1575578
j8466
1575578
j8467
1575578
j8467
1575578
j8468
1575578
j8468
1575578
j8469
1575578
j8469
1575578
j8470
1575578
j8470
1575578
j8471
1584049
j8471
1584049
j8472
1584049
j8472
1584049
j8473
1584049
j8473
1584049
j8474
1584049
j8474
1584049
j8475
1584049
j8475
1584049
j8476
1584049
j8476
1584049
j8477
1584049
j8477
1584049
j8478
1584049
j8478
1584049
j8479
1584049
j8479
1584049
j8480
1584049
j8480
1584049
j8481
1584049
j8481
1584049
j8482
1584049
j8482
1584049
j8483
1584049
j8483
1584049
j8484
1584049
j8484
1584049
j8485
1584049
j8485
1584049
j8486
1584049
j8486
1584049
j8487
1584049
j8487
1584049
j8488
1584049
j8488
1584049
j8489
1584049
j8489
1584049
j8490
1584049
j8490
1584049
j8491
1584049
j8491
1584049
j8492
1584049
j8492
1584049
j8493
1584049
j8493
1584049
j8494
1584049
j8494
1584049
j8495
1584049
j8495
1584049
j8496
1584049
j8496
1584049
j8497
1584049
j8497
1584049
j8498
1584049
j8498
1584049
j8499
1584049
j8499
1584049
j8500
1584049
j8500
1584049
j8501
1584049
j8501
1584049
j8502
1584049
j8502
1584049
j8503
1584049
j8503
1584049
j8504
1584049
j8504
1584049
j8505
1584049
j8505
1584049
j8506
1584049
j8506
1584049
j8507
1584049
j8507
1592556
j8508
1592556
j8508
1592556
j8509
1592556
j8509
1592556
j8510
1592556
j8510
1592556
j8511
1592556
j8511
1592556
j8512
1592556
j8512
1592556
j8513
1592556
j8513
1592556
j8514
1601070
j8514
1601070
j8515
1601070
j8515
1601070
j8516
1601070
j8516
1601070
j8517
1601070
j8517
1601070
j8518
1601070
j8518
1601070
j8519
1601070
j8519
1601070
j8520
1601070
j8520
1601070
j8521
1601070
j8521
1601070
j8522
1601070
j8522
1601070
j8523
1601070
j8523
1601070
j8524
1601070
j8524
1601070
j8525
1601070
j8525
1601070
j8526
1601070
j8526
1601070
j8527
1601070
j8527
1601070
j8528
1601070
j8528
1601070
j8529
1601070
j8529
1601070
j8530
1601070
j8530
1601070
j8531
1601070
j8531
1601070
j8532
1601070
j8532
1601070
j8533
1601070
j8533
1601070
j8534
1601070
j8534
1601070
j8535
1601070
j8535
1601070
j8536
1601070
j8536
1601070
j8537
1601070
j8537
1601070
j8538
1601070
j8538
1601070
j8539
1601070
j8539
1601070
j8540
1601070
j8540
1601070
j8541
1601070
j8541
1601070
j8542
1601070
j8542
1601070
j8543
1601070
j8543
1601070
j8544
1601070
j8544
1601070
j8545
1601070
j8545
1601070
j8546
1601070
j8546
1601070
j8547
1601070
j8547
1601070
j8548
1601070
j8548
1601070
j8549
1601070
j8549
1601070
j8550
1601070
j8550
1601070
j8551
1601070
j8551
1601070
j8552
1601070
j8552
1601070
j8553
1601070
j8553
1601070
j8554
1601070
j8554
1609624
j8555
1609624
j8555
1609624
j8556
1609624
j8556
1609624
j8557
1618181
j8557
1618181
j8558
1618181
j8558
1618181
j8559
1618181
j8559
1618181
j8560
1618181
j8560
1618181
j8561
1618181
j8561
1618181
j8562
1618181
j8562
1618181
j8563
1618181
j8563
1618181
j8564
1618181
j8564
1618181
j8565
1618181
j8565
1618181
j8566
1618181
j8566
1618181
j8567
1618181
j8567
1618181
j8568
1618181
j8568
1618181
j8569
1618181
j8569
1618181
j8570
1618181
j8570
1618181
j8571
1618181
j8571
1618181
j8572
1618181
j8572
1618181
j8573
1618181
j8573
1618181
j8574
1618181
j8574
1618181
j8575
1618181
j8575
1618181
j8576
1618181
j8576
1618181
j8577
1618181
j8577
1618181
j8578
1618181
j8578
1618181
j8579
1618181
j8579
1618181
j8580
1618181
j8580
1618181
j8581
1618181
j8581
1618181
j8582
1618181
j8582
1618181
j8583
1618181
j8583
1618181
j8584
1618181
j8584
1618181
j8585
1618181
j8585
1618181
j8586
1618181
j8586
1618181
j8587
1618181
j8587
1618181
j8588
1618181
j8588
1618181
j8589
1618181
j8589
1618181
j8590
1618181
j8590
1618181
j8591
1618181
j8591
1618181
j8592
1618181
j8592
1618181
j8593
1618181
j8593
1618181
j8594
1618181
j8594
1618181
j8595
1618181
j8595
1618181
j8596
1618181
j8596
1618181
j8597
1618181
j8597
1618181
j8598
1618181
j8598
1618181
j8599
1618181
j8599
1618181
j8600
1626781
j8600
1626781
j8601
1626781
j8601
1635382
j8602
1635382
j8602
1635382
j8603
1635382
j8603
1635382
j8604
1635382
j8604
1635382
j8605
1635382
j8605
1635382
j8606
1635382
j8606
1635382
j8607
1635382
j8607
1635382
j8608
1635382
j8608
1635382
j8609
1635382
j8609
1635382
j8610
1635382
j8610
1635382
j8611
1635382
j8611
1635382
j8612
1635382
j8612
1635382
j8613
1635382
j8613
1635382
j8614
1635382
j8614
1635382
j8615
1635382
j8615
1635382
j8616
1635382
j8616
1635382
j8617
1635382
j8617
1635382
j8618
1635382
j8618
1635382
j8619
1635382
j8619
1635382
j8620
1635382
j8620
1635382
j8621
1635382
j8621
1635382
j8622
1635382
j8622
1635382
j8623
1635382
j8623
1635382
j8624
1635382
j8624
1635382
j8625
1635382
j8625
1635382
j8626
1635382
j8626
1635382
j8627
1635382
j8627
1635382
j8628
1635382
j8628
1635382
j8629
1635382
j8629
1635382
j8630
1635382
j8630
1635382
j8631
1635382
j8631
1635382
j8632
1635382
j8632
1635382
j8633
1635382
j8633
1635382
j8634
1635382
j8634
1635382
j8635
1635382
j8635
1635382
j8636
1635382
j8636
1635382
j8637
1635382
j8637
1635382
j8638
1635382
j8638
1635382
j8639
1635382
j8639
1635382
j8640
1635382
j8640
1635382
j8641
1635382
j8641
1635382
j8642
1635382
j8642
1635382
j8643
1644025
j8643
1644025
j8644
1644025
j8644
1644025
j8645
1644025
j8645
1644025
j8646
1644025
j8646
1644025
j8647
1644025
j8647
1644025
j8648
1644025
j8648
1652673
j8649
1652673
j8649
1652673
j8650
1652673
j8650
1652673
j8651
1652673
j8651
1652673
j8652
1652673
j8652
1652673
j8653
1652673
j8653
1652673
j8654
1652673
j8654
1652673
j8655
1652673
j8655
1652673
j8656
1652673
j8656
1652673
j8657
1652673
j8657
1652673
j8658
1652673
j8658
1652673
j8659
1652673
j8659
1652673
j8660
1652673
j8660
1652673
j8661
1652673
j8661
1652673
j8662
1652673
j8662
1652673
j8663
1652673
j8663
1652673
j8664
1652673
j8664
1652673
j8665
1652673
j8665
1652673
j8666
1652673
j8666
1652673
j8667
1652673
j8667
1652673
j8668
1652673
j8668
1652673
j8669
1652673
j8669
1652673
j8670
1652673
j8670
1652673
j8671
1652673
j8671
1652673
j8672
1652673
j8672
1652673
j8673
1652673
j8673
1652673
j8674
1652673
j8674
1652673
j8675
1652673
j8675
1652673
j8676
1652673
j8676
1652673
j8677
1652673
j8677
1652673
j8678
1652673
j8678
1652673
j8679
1652673
j8679
1652673
j8680
1652673
j8680
1652673
j8681
1652673
j8681
1652673
j8682
1652673
j8682
1652673
j8683
1652673
j8683
1652673
j8684
1652673
j8684
1652673
j8685
1652673
j8685
1652673
j8686
1661359
j8686
1661359
j8687
1661359
j8687
1661359
j8688
1661359
j8688
1661359
j8689
1661359
j8689
1661359
j8690
1661359
j8690
1661359
j8691
1661359
j8691
1661359
j8692
1661359
j8692
1661359
j8693
1661359
j8693
1661359
j8694
1661359
j8694
1661359
j8695
1661359
j8695
1670054
j8696
1670054
j8696
1670054
j8697
1670054
j8697
1670054
j8698
1670054
j8698
1670054
j8699
1670054
j8699
1670054
j8700
1670054
j8700
1670054
j8701
1670054
j8701
1670054
j8702
1670054
j8702
1670054
j8703
1670054
j8703
1670054
j8704
1670054
j8704
1670054
j8705
1670054
j8705
1670054
j8706
1670054
j8706
1670054
j8707
1670054
j8707
1670054
j8708
1670054
j8708
1670054
j8709
1670054
j8709
1670054
j8710
1670054
j8710
1670054
j8711
1670054
j8711
1670054
j8712
1670054
j8712
1670054
j8713
1670054
j8713
1670054
j8714
1670054
j8714
1670054
j8715
1670054
j8715
1670054
j8716
1670054
j8716
1670054
j8717
1670054
j8717
1670054
j8718
1670054
j8718
1670054
j8719
1670054
j8719
1670054
j8720
1670054
j8720
1670054
j8721
1670054
j8721
1670054
j8722
1670054
j8722
1670054
j8723
1670054
j8723
1670054
j8724
1670054
j8724
1670054
j8725
1670054
j8725
1670054
j8726
1670054
j8726
1670054
j8727
1670054
j8727
1670054
j8728
1670054
j8728
1670054
j8729
1678783
j8729
1678783
j8730
1678783
j8730
1678783
j8731
1678783
j8731
1678783
j8732
1678783
j8732
1678783
j8733
1678783
j8733
1678783
j8734
1678783
j8734
1678783
j8735
1678783
j8735
1678783
j8736
1678783
j8736
1678783
j8737
1678783
j8737
1678783
j8738
1678783
j8738
1678783
j8739
1678783
j8739
1678783
j8740
1678783
j8740
1678783
j8741
1678783
j8741
1678783
j8742
1678783
j8742
1687525
j8743
1687525
j8743
1687525
j8744
1687525
j8744
1687525
j8745
1687525
j8745
1687525
j8746
1687525
j8746
1687525
j8747
1687525
j8747
1687525
j8748
1687525
j8748
1687525
j8749
1687525
j8749
1687525
j8750
1687525
j8750
1687525
j8751
1687525
j8751
1687525
j8752
1687525
j8752
1687525
j8753
1687525
j8753
1687525
j8754
1687525
j8754
1687525
j8755
1687525
j8755
1687525
j8756
1687525
j8756
1687525
j8757
1687525
j8757
1687525
j8758
1687525
j8758
1687525
j8759
1687525
j8759
1687525
j8760
1687525
j8760
1687525
j8761
1687525
j8761
1687525
j8762
1687525
j8762
1687525
j8763
1687525
j8763
1687525
j8764
1687525
j8764
1687525
j8765
1687525
j8765
1687525
j8766
1687525
j8766
1687525
j8767
1687525
j8767
1687525
j8768
1687525
j8768
1687525
j8769
1687525
j8769
1687525
j8770
1687525
j8770
1687525
j8771
1687525
j8771
1687525
j8772
1696297
j8772
1696297
j8773
1696297
j8773
1696297
j8774
1696297
j8774
1696297
j8775
1696297
j8775
1696297
j8776
1696297
j8776
1696297
j8777
1696297
j8777
1696297
j8778
1696297
j8778
1696297
j8779
1696297
j8779
1696297
j8780
1696297
j8780
1696297
j8781
1696297
j8781
1696297
j8782
1696297
j8782
1696297
j8783
1696297
j8783
1696297
j8784
1696297
j8784
1696297
j8785
1696297
j8785
1696297
j8786
1696297
j8786
1696297
j8787
1696297
j8787
1696297
j8788
1696297
j8788
1696297
j8789
1696297
j8789
1705086
j8790
1705086
j8790
1705086
j8791
1705086
j8791
1705086
j8792
1705086
j8792
1705086
j8793
1705086
j8793
1705086
j8794
1705086
j8794
1705086
j8795
1705086
j8795
1705086
j8796
1705086
j8796
1705086
j8797
1705086
j8797
1705086
j8798
1705086
j8798
1705086
j8799
1705086
j8799
1705086
j8800
1705086
j8800
1705086
j8801
1705086
j8801
1705086
j8802
1705086
j8802
1705086
j8803
1705086
j8803
1705086
j8804
1705086
j8804
1705086
j8805
1705086
j8805
1705086
j8806
1705086
j8806
1705086
j8807
1705086
j8807
1705086
j8808
1705086
j8808
1705086
j8809
1705086
j8809
1705086
j8810
1705086
j8810
1705086
j8811
1705086
j8811
1705086
j8812
1705086
j8812
1705086
j8813
1705086
j8813
1705086
j8814
1705086
j8814
1705086
j8815
1713901
j8815
1713901
j8816
1713901
j8816
1713901
j8817
1713901
j8817
1713901
j8818
1713901
j8818
1713901
j8819
1713901
j8819
1713901
j8820
1713901
j8820
1713901
j8821
1713901
j8821
1713901
j8822
1713901
j8822
1713901
j8823
1713901
j8823
1713901
j8824
1713901
j8824
1713901
j8825
1713901
j8825
1713901
j8826
1713901
j8826
1713901
j8827
1713901
j8827
1713901
j8828
1713901
j8828
1713901
j8829
1713901
j8829
1713901
j8830
1713901
j8830
1713901
j8831
1713901
j8831
1713901
j8832
1713901
j8832
1713901
j8833
1713901
j8833
1713901
j8834
1713901
j8834
1713901
j8835
1713901
j8835
1713901
j8836
1713901
j8836
1722737
j8837
1722737
j8837
1722737
j8838
1722737
j8838
1722737
j8839
1722737
j8839
1722737
j8840
1722737
j8840
1722737
j8841
1722737
j8841
1722737
j8842
1722737
j8842
1722737
j8843
1722737
j8843
1722737
j8844
1722737
j8844
1722737
j8845
1722737
j8845
1722737
j8846
1722737
j8846
1722737
j8847
1722737
j8847
1722737
j8848
1722737
j8848
1722737
j8849
1722737
j8849
1722737
j8850
1722737
j8850
1722737
j8851
1722737
j8851
1722737
j8852
1722737
j8852
1722737
j8853
1722737
j8853
1722737
j8854
1722737
j8854
1722737
j8855
1722737
j8855
1722737
j8856
1722737
j8856
1722737
j8857
1722737
j8857
1722737
j8858
1731595
j8858
1731595
j8859
1731595
j8859
1731595
j8860
1731595
j8860
1731595
j8861
1731595
j8861
1731595
j8862
1731595
j8862
1731595
j8863
1731595
j8863
1731595
j8864
1731595
j8864
1731595
j8865
1731595
j8865
1731595
j8866
1731595
j8866
1731595
j8867
1731595
j8867
1731595
j8868
1731595
j8868
1731595
j8869
1731595
j8869
1731595
j8870
1731595
j8870
1731595
j8871
1731595
j8871
1731595
j8872
1731595
j8872
1731595
j8873
1731595
j8873
1731595
j8874
1731595
j8874
1731595
j8875
1731595
j8875
1731595
j8876
1731595
j8876
1731595
j8877
1731595
j8877
1731595
j8878
1731595
j8878
1731595
j8879
1731595
j8879
1731595
j8880
1731595
j8880
1731595
j8881
1731595
j8881
1731595
j8882
1731595
j8882
1731595
j8883
1731595
j8883
1740478
j8884
1740478
j8884
1740478
j8885
1740478
j8885
1740478
j8886
1740478
j8886
1740478
j8887
1740478
j8887
1740478
j8888
1740478
j8888
1740478
j8889
1740478
j8889
1740478
j8890
1740478
j8890
1740478
j8891
1740478
j8891
1740478
j8892
1740478
j8892
1740478
j8893
1740478
j8893
1740478
j8894
1740478
j8894
1740478
j8895
1740478
j8895
1740478
j8896
1740478
j8896
1740478
j8897
1740478
j8897
1740478
j8898
1740478
j8898
1740478
j8899
1740478
j8899
1740478
j8900
1740478
j8900
1740478
j8901
1749379
j8901
1749379
j8902
1749379
j8902
1749379
j8903
1749379
j8903
1749379
j8904
1749379
j8904
1749379
j8905
1749379
j8905
1749379
j8906
1749379
j8906
1749379
j8907
1749379
j8907
1749379
j8908
1749379
j8908
1749379
j8909
1749379
j8909
1749379
j8910
1749379
j8910
1749379
j8911
1749379
j8911
1749379
j8912
1749379
j8912
1749379
j8913
1749379
j8913
1749379
j8914
1749379
j8914
1749379
j8915
1749379
j8915
1749379
j8916
1749379
j8916
1749379
j8917
1749379
j8917
1749379
j8918
1749379
j8918
1749379
j8919
1749379
j8919
1749379
j8920
1749379
j8920
1749379
j8921
1749379
j8921
1749379
j8922
1749379
j8922
1749379
j8923
1749379
j8923
1749379
j8924
1749379
j8924
1749379
j8925
1749379
j8925
1749379
j8926
1749379
j8926
1749379
j8927
1749379
j8927
1749379
j8928
1749379
j8928
1749379
j8929
1749379
j8929
1749379
j8930
1749379
j8930
1758309
j8931
1758309
j8931
1758309
j8932
1758309
j8932
1758309
j8933
1758309
j8933
1758309
j8934
1758309
j8934
1758309
j8935
1758309
j8935
1758309
j8936
1758309
j8936
1758309
j8937
1758309
j8937
1758309
j8938
1758309
j8938
1758309
j8939
1758309
j8939
1758309
j8940
1758309
j8940
1758309
j8941
1758309
j8941
1758309
j8942
1758309
j8942
1758309
j8943
1758309
j8943
1758309
j8944
1767253
j8944
1767253
j8945
1767253
j8945
1767253
j8946
1767253
j8946
1767253
j8947
1767253
j8947
1767253
j8948
1767253
j8948
1767253
j8949
1767253
j8949
1767253
j8950
1767253
j8950
1767253
j8951
1767253
j8951
1767253
j8952
1767253
j8952
1767253
j8953
1767253
j8953
1767253
j8954
1767253
j8954
1767253
j8955
1767253
j8955
1767253
j8956
1767253
j8956
1767253
j8957
1767253
j8957
1767253
j8958
1767253
j8958
1767253
j8959
1767253
j8959
1767253
j8960
1767253
j8960
1767253
j8961
1767253
j8961
1767253
j8962
1767253
j8962
1767253
j8963
1767253
j8963
1767253
j8964
1767253
j8964
1767253
j8965
1767253
j8965
1767253
j8966
1767253
j8966
1767253
j8967
1767253
j8967
1767253
j8968
1767253
j8968
1767253
j8969
1767253
j8969
1767253
j8970
1767253
j8970
1767253
j8971
1767253
j8971
1767253
j8972
1767253
j8972
1767253
j8973
1767253
j8973
1767253
j8974
1767253
j8974
1767253
j8975
1767253
j8975
1767253
j8976
1767253
j8976
1767253
j8977
1767253
j8977
1776230
j8978
1776230
j8978
1776230
j8979
1776230
j8979
1776230
j8980
1776230
j8980
1776230
j8981
1776230
j8981
1776230
j8982
1776230
j8982
1776230
j8983
1776230
j8983
1776230
j8984
1776230
j8984
1776230
j8985
1776230
j8985
1776230
j8986
1776230
j8986
1776230
j8987
1785217
j8987
1785217
j8988
1785217
j8988
1785217
j8989
1785217
j8989
1785217
j8990
1785217
j8990
1785217
j8991
1785217
j8991
1785217
j8992
1785217
j8992
1785217
j8993
1785217
j8993
1785217
j8994
1785217
j8994
1785217
j8995
1785217
j8995
1785217
j8996
1785217
j8996
1785217
j8997
1785217
j8997
1785217
j8998
1785217
j8998
1785217
j8999
1785217
j8999
1785217
j9000
1785217
j9000
1785217
j9001
1785217
j9001
1785217
j9002
1785217
j9002
1785217
j9003
1785217
j9003
1785217
j9004
1785217
j9004
1785217
j9005
1785217
j9005
1785217
j9006
1785217
j9006
1785217
j9007
1785217
j9007
1785217
j9008
1785217
j9008
1785217
j9009
1785217
j9009
1785217
j9010
1785217
j9010
1785217
j9011
1785217
j9011
1785217
j9012
1785217
j9012
1785217
j9013
1785217
j9013
1785217
j9014
1785217
j9014
1785217
j9015
1785217
j9015
1785217
j9016
1785217
j9016
1785217
j9017
1785217
j9017
1785217
j9018
1785217
j9018
1785217
j9019
1785217
j9019
1785217
j9020
1785217
j9020
1785217
j9021
1785217
j9021
1785217
j9022
1785217
j9022
1785217
j9023
1785217
j9023
1785217
j9024
1785217
j9024
1794241
j9025
1794241
j9025
1794241
j9026
1794241
j9026
1794241
j9027
1794241
j9027
1794241
j9028
1794241
j9028
1794241
j9029
1794241
j9029
1794241
j9030
1803271
j9030
1803271
j9031
1803271
j9031
1803271
j9032
1803271
j9032
1803271
j9033
1803271
j9033
1803271
j9034
1803271
j9034
1803271
j9035
1803271
j9035
1803271
j9036
1803271
j9036
1803271
j9037
1803271
j9037
1803271
j9038
1803271
j9038
1803271
j9039
1803271
j9039
1803271
j9040
1803271
j9040
1803271
j9041
1803271
j9041
1803271
j9042
1803271
j9042
1803271
j9043
1803271
j9043
1803271
j9044
1803271
j9044
1803271
j9045
1803271
j9045
1803271
j9046
1803271
j9046
1803271
j9047
1803271
j9047
1803271
j9048
1803271
j9048
1803271
j9049
1803271
j9049
1803271
j9050
1803271
j9050
1803271
j9051
1803271
j9051
1803271
j9052
1803271
j9052
1803271
j9053
1803271
j9053
1803271
j9054
1803271
j9054
1803271
j9055
1803271
j9055
1803271
j9056
1803271
j9056
1803271
j9057
1803271
j9057
1803271
j9058
1803271
j9058
1803271
j9059
1803271
j9059
1803271
j9060
1803271
j9060
1803271
j9061
1803271
j9061
1803271
j9062
1803271
j9062
1803271
j9063
1803271
j9063
1803271
j9064
1803271
j9064
1803271
j9065
1803271
j9065
1803271
j9066
1803271
j9066
1803271
j9067
1803271
j9067
1803271
j9068
1803271
j9068
1803271
j9069
1803271
j9069
1803271
j9070
1803271
j9070
1803271
j9071
1803271
j9071
1812342
j9072
1812342
j9072
1812342
j9073
1821415
j9073
1821415
j9074
1821415
j9074
1821415
j9075
1821415
j9075
1821415
j9076
1821415
j9076
1821415
j9077
1821415
j9077
1821415
j9078
1821415
j9078
1821415
j9079
1821415
j9079
1821415
j9080
1821415
j9080
1821415
j9081
1821415
j9081
1821415
j9082
1821415
j9082
1821415
j9083
1821415
j9083
1821415
j9084
1821415
j9084
1821415
j9085
1821415
j9085
1821415
j9086
1821415
j9086
1821415
j9087
1821415
j9087
1821415
j9088
1821415
j9088
1821415
j9089
1821415
j9089
1821415
j9090
1821415
j9090
1821415
j9091
1821415
j9091
1821415
j9092
1821415
j9092
1821415
j9093
1821415
j9093
1821415
j9094
1821415
j9094
1821415
j9095
1821415
j9095
1821415
j9096
1821415
j9096
1821415
j9097
1821415
j9097
1821415
j9098
1821415
j9098
1821415
j9099
1821415
j9099
1821415
j9100
1821415
j9100
1821415
j9101
1821415
j9101
1821415
j9102
1821415
j9102
1821415
j9103
1821415
j9103
1821415
j9104
1821415
j9104
1821415
j9105
1821415
j9105
1821415
j9106
1821415
j9106
1821415
j9107
1821415
j9107
1821415
j9108
1821415
j9108
1821415
j9109
1821415
j9109
1821415
j9110
1821415
j9110
1821415
j9111
1821415
j9111
1821415
j9112
1821415
j9112
1821415
j9113
1821415
j9113
1821415
j9114
1821415
j9114
1821415
j9115
1821415
j9115
1821415
j9116
1830531
j9116
1830531
j9117
1830531
j9117
1830531
j9118
1830531
j9118
1839649
j9119
1839649
j9119
1839649
j9120
1839649
j9120
1839649
j9121
1839649
j9121
1839649
j9122
1839649
j9122
1839649
j9123
1839649
j9123
1839649
j9124
1839649
j9124
1839649
j9125
1839649
j9125
1839649
j9126
1839649
j9126
1839649
j9127
1839649
j9127
1839649
j9128
1839649
j9128
1839649
j9129
1839649
j9129
1839649
j9130
1839649
j9130
1839649
j9131
1839649
j9131
1839649
j9132
1839649
j9132
1839649
j9133
1839649
j9133
1839649
j9134
1839649
j9134
1839649
j9135
1839649
j9135
1839649
j9136
1839649
j9136
1839649
j9137
1839649
j9137
1839649
j9138
1839649
j9138
1839649
j9139
1839649
j9139
1839649
j9140
1839649
j9140
1839649
j9141
1839649
j9141
1839649
j9142
1839649
j9142
1839649
j9143
1839649
j9143
1839649
j9144
1839649
j9144
1839649
j9145
1839649
j9145
1839649
j9146
1839649
j9146
1839649
j9147
1839649
j9147
1839649
j9148
1839649
j9148
1839649
j9149
1839649
j9149
1839649
j9150
1839649
j9150
1839649
j9151
1839649
j9151
1839649
j9152
1839649
j9152
1839649
j9153
1839649
j9153
1839649
j9154
1839649
j9154
1839649
j9155
1839649
j9155
1839649
j9156
1839649
j9156
1839649
j9157
1839649
j9157
1839649
j9158
1839649
j9158
1839649
j9159
1848808
j9159
1848808
j9160
1848808
j9160
1848808
j9161
1848808
j9161
1848808
j9162
1848808
j9162
1848808
j9163
1848808
j9163
1848808
j9164
1848808
j9164
1848808
j9165
1848808
j9165
1857973
j9166
1857973
j9166
1857973
j9167
1857973
j9167
1857973
j9168
1857973
j9168
1857973
j9169
1857973
j9169
1857973
j9170
1857973
j9170
1857973
j9171
1857973
j9171
1857973
j9172
1857973
j9172
1857973
j9173
1857973
j9173
1857973
j9174
1857973
j9174
1857973
j9175
1857973
j9175
1857973
j9176
1857973
j9176
1857973
j9177
1857973
j9177
1857973
j9178
1857973
j9178
1857973
j9179
1857973
j9179
1857973
j9180
1857973
j9180
1857973
j9181
1857973
j9181
1857973
j9182
1857973
j9182
1857973
j9183
1857973
j9183
1857973
j9184
1857973
j9184
1857973
j9185
1857973
j9185
1857973
j9186
1857973
j9186
1857973
j9187
1857973
j9187
1857973
j9188
1857973
j9188
1857973
j9189
1857973
j9189
1857973
j9190
1857973
j9190
1857973
j9191
1857973
j9191
1857973
j9192
1857973
j9192
1857973
j9193
1857973
j9193
1857973
j9194
1857973
j9194
1857973
j9195
1857973
j9195
1857973
j9196
1857973
j9196
1857973
j9197
1857973
j9197
1857973
j9198
1857973
j9198
1857973
j9199
1857973
j9199
1857973
j9200
1857973
j9200
1857973
j9201
1857973
j9201
1857973
j9202
1867175
j9202
1867175
j9203
1867175
j9203
1867175
j9204
1867175
j9204
1867175
j9205
1867175
j9205
1867175
j9206
1867175
j9206
1867175
j9207
1867175
j9207
1867175
j9208
1867175
j9208
1867175
j9209
1867175
j9209
1867175
j9210
1867175
j9210
1867175
j9211
1867175
j9211
1867175
j9212
1867175
j9212
1876387
j9213
1876387
j9213
1876387
j9214
1876387
j9214
1876387
j9215
1876387
j9215
1876387
j9216
1876387
j9216
1876387
j9217
1876387
j9217
1876387
j9218
1876387
j9218
1876387
j9219
1876387
j9219
1876387
j9220
1876387
j9220
1876387
j9221
1876387
j9221
1876387
j9222
1876387
j9222
1876387
j9223
1876387
j9223
1876387
j9224
1876387
j9224
1876387
j9225
1876387
j9225
1876387
j9226
1876387
j9226
1876387
j9227
1876387
j9227
1876387
j9228
1876387
j9228
1876387
j9229
1876387
j9229
1876387
j9230
1876387
j9230
1876387
j9231
1876387
j9231
1876387
j9232
1876387
j9232
1876387
j9233
1876387
j9233
1876387
j9234
1876387
j9234
1876387
j9235
1876387
j9235
1876387
j9236
1876387
j9236
1876387
j9237
1876387
j9237
1876387
j9238
1876387
j9238
1876387
j9239
1876387
j9239
1876387
j9240
1876387
j9240
1876387
j9241
1876387
j9241
1876387
j9242
1876387
j9242
1876387
j9243
1876387
j9243
1876387
j9244
1876387
j9244
1876387
j9245
1885632
j9245
1885632
j9246
1885632
j9246
1885632
j9247
1885632
j9247
1885632
j9248
1885632
j9248
1885632
j9249
1885632
j9249
1885632
j9250
1885632
j9250
1885632
j9251
1885632
j9251
1885632
j9252
1885632
j9252
1885632
j9253
1885632
j9253
1885632
j9254
1885632
j9254
1885632
j9255
1885632
j9255
1885632
j9256
1885632
j9256
1885632
j9257
1885632
j9257
1885632
j9258
1885632
j9258
1885632
j9259
1885632
j9259
1894891
j9260
1894891
j9260
1894891
j9261
1894891
j9261
1894891
j9262
1894891
j9262
1894891
j9263
1894891
j9263
1894891
j9264
1894891
j9264
1894891
j9265
1894891
j9265
1894891
j9266
1894891
j9266
1894891
j9267
1894891
j9267
1894891
j9268
1894891
j9268
1894891
j9269
1894891
j9269
1894891
j9270
1894891
j9270
1894891
j9271
1894891
j9271
1894891
j9272
1894891
j9272
1894891
j9273
1894891
j9273
1894891
j9274
1894891
j9274
1894891
j9275
1894891
j9275
1894891
j9276
1894891
j9276
1894891
j9277
1894891
j9277
1894891
j9278
1894891
j9278
1894891
j9279
1894891
j9279
1894891
j9280
1894891
j9280
1894891
j9281
1894891
j9281
1894891
j9282
1894891
j9282
1894891
j9283
1894891
j9283
1894891
j9284
1894891
j9284
1894891
j9285
1894891
j9285
1894891
j9286
1894891
j9286
1894891
j9287
1894891
j9287
1894891
j9288
1904179
j9288
1904179
j9289
1904179
j9289
1904179
j9290
1904179
j9290
1904179
j9291
1904179
j9291
1904179
j9292
1904179
j9292
1904179
j9293
1904179
j9293
1904179
j9294
1904179
j9294
1904179
j9295
1904179
j9295
1904179
j9296
1904179
j9296
1904179
j9297
1904179
j9297
1904179
j9298
1904179
j9298
1904179
j9299
1904179
j9299
1904179
j9300
1904179
j9300
1904179
j9301
1904179
j9301
1904179
j9302
1904179
j9302
1904179
j9303
1904179
j9303
1904179
j9304
1904179
j9304
1904179
j9305
1904179
j9305
1904179
j9306
1904179
j9306
1913485
j9307
1913485
j9307
1913485
j9308
1913485
j9308
1913485
j9309
1913485
j9309
1913485
j9310
1913485
j9310
1913485
j9311
1913485
j9311
1913485
j9312
1913485
j9312
1913485
j9313
1913485
j9313
1913485
j9314
1913485
j9314
1913485
j9315
1913485
j9315
1913485
j9316
1913485
j9316
1913485
j9317
1913485
j9317
1913485
j9318
1913485
j9318
1913485
j9319
1913485
j9319
1913485
j9320
1913485
j9320
1913485
j9321
1913485
j9321
1913485
j9322
1913485
j9322
1913485
j9323
1913485
j9323
1913485
j9324
1913485
j9324
1913485
j9325
1913485
j9325
1913485
j9326
1913485
j9326
1913485
j9327
1913485
j9327
1913485
j9328
1913485
j9328
1913485
j9329
1913485
j9329
1913485
j9330
1913485
j9330
1913485
j9331
1922816
j9331
1922816
j9332
1922816
j9332
1922816
j9333
1922816
j9333
1922816
j9334
1922816
j9334
1922816
j9335
1922816
j9335
1922816
j9336
1922816
j9336
1922816
j9337
1922816
j9337
1922816
j9338
1922816
j9338
1922816
j9339
1922816
j9339
1922816
j9340
1922816
j9340
1922816
j9341
1922816
j9341
1922816
j9342
1922816
j9342
1922816
j9343
1922816
j9343
1922816
j9344
1922816
j9344
1922816
j9345
1922816
j9345
1922816
j9346
1922816
j9346
1922816
j9347
1922816
j9347
1922816
j9348
1922816
j9348
1922816
j9349
1922816
j9349
1922816
j9350
1922816
j9350
1922816
j9351
1922816
j9351
1922816
j9352
1922816
j9352
1922816
j9353
1922816
j9353
1932169
j9354
1932169
j9354
1932169
j9355
1932169
j9355
1932169
j9356
1932169
j9356
1932169
j9357
1932169
j9357
1932169
j9358
1932169
j9358
1932169
j9359
1932169
j9359
1932169
j9360
1932169
j9360
1932169
j9361
1932169
j9361
1932169
j9362
1932169
j9362
1932169
j9363
1932169
j9363
1932169
j9364
1932169
j9364
1932169
j9365
1932169
j9365
1932169
j9366
1932169
j9366
1932169
j9367
1932169
j9367
1932169
j9368
1932169
j9368
1932169
j9369
1932169
j9369
1932169
j9370
1932169
j9370
1932169
j9371
1932169
j9371
1932169
j9372
1932169
j9372
1932169
j9373
1932169
j9373
1932169
j9374
1941543
j9374
1941543
j9375
1941543
j9375
1941543
j9376
1941543
j9376
1941543
j9377
1941543
j9377
1941543
j9378
1941543
j9378
1941543
j9379
1941543
j9379
1941543
j9380
1941543
j9380
1941543
j9381
1941543
j9381
1941543
j9382
1941543
j9382
1941543
j9383
1941543
j9383
1941543
j9384
1941543
j9384
1941543
j9385
1941543
j9385
1941543
j9386
1941543
j9386
1941543
j9387
1941543
j9387
1941543
j9388
1941543
j9388
1941543
j9389
1941543
j9389
1941543
j9390
1941543
j9390
1941543
j9391
1941543
j9391
1941543
j9392
1941543
j9392
1941543
j9393
1941543
j9393
1941543
j9394
1941543
j9394
1941543
j9395
1941543
j9395
1941543
j9396
1941543
j9396
1941543
j9397
1941543
j9397
1941543
j9398
1941543
j9398
1941543
j9399
1941543
j9399
1941543
j9400
1941543
j9400
1950943
j9401
1950943
j9401
1950943
j9402
1950943
j9402
1950943
j9403
1950943
j9403
1950943
j9404
1950943
j9404
1950943
j9405
1950943
j9405
1950943
j9406
1950943
j9406
1950943
j9407
1950943
j9407
1950943
j9408
1950943
j9408
1950943
j9409
1950943
j9409
1950943
j9410
1950943
j9410
1950943
j9411
1950943
j9411
1950943
j9412
1950943
j9412
1950943
j9413
1950943
j9413
1950943
j9414
1950943
j9414
1950943
j9415
1950943
j9415
1950943
j9416
1950943
j9416
1950943
j9417
1960360
j9417
1960360
j9418
1960360
j9418
1960360
j9419
1960360
j9419
1960360
j9420
1960360
j9420
1960360
j9421
1960360
j9421
1960360
j9422
1960360
j9422
1960360
j9423
1960360
j9423
1960360
j9424
1960360
j9424
1960360
j9425
1960360
j9425
1960360
j9426
1960360
j9426
1960360
j9427
1960360
j9427
1960360
j9428
1960360
j9428
1960360
j9429
1960360
j9429
1960360
j9430
1960360
j9430
1960360
j9431
1960360
j9431
1960360
j9432
1960360
j9432
1960360
j9433
1960360
j9433
1960360
j9434
1960360
j9434
1960360
j9435
1960360
j9435
1960360
j9436
1960360
j9436
1960360
j9437
1960360
j9437
1960360
j9438
1960360
j9438
1960360
j9439
1960360
j9439
1960360
j9440
1960360
j9440
1960360
j9441
1960360
j9441
1960360
j9442
1960360
j9442
1960360
j9443
1960360
j9443
1960360
j9444
1960360
j9444
1960360
j9445
1960360
j9445
1960360
j9446
1960360
j9446
1960360
j9447
1960360
j9447
1969807
j9448
1969807
j9448
1969807
j9449
1969807
j9449
1969807
j9450
1969807
j9450
1969807
j9451
1969807
j9451
1969807
j9452
1969807
j9452
1969807
j9453
1969807
j9453
1969807
j9454
1969807
j9454
1969807
j9455
1969807
j9455
1969807
j9456
1969807
j9456
1969807
j9457
1969807
j9457
1969807
j9458
1969807
j9458
1969807
j9459
1969807
j9459
1969807
j9460
1979267
j9460
1979267
j9461
1979267
j9461
1979267
j9462
1979267
j9462
1979267
j9463
1979267
j9463
1979267
j9464
1979267
j9464
1979267
j9465
1979267
j9465
1979267
j9466
1979267
j9466
1979267
j9467
1979267
j9467
1979267
j9468
1979267
j9468
1979267
j9469
1979267
j9469
1979267
j9470
1979267
j9470
1979267
j9471
1979267
j9471
1979267
j9472
1979267
j9472
1979267
j9473
1979267
j9473
1979267
j9474
1979267
j9474
1979267
j9475
1979267
j9475
1979267
j9476
1979267
j9476
1979267
j9477
1979267
j9477
1979267
j9478
1979267
j9478
1979267
j9479
1979267
j9479
1979267
j9480
1979267
j9480
1979267
j9481
1979267
j9481
1979267
j9482
1979267
j9482
1979267
j9483
1979267
j9483
1979267
j9484
1979267
j9484
1979267
j9485
1979267
j9485
1979267
j9486
1979267
j9486
1979267
j9487
1979267
j9487
1979267
j9488
1979267
j9488
1979267
j9489
1979267
j9489
1979267
j9490
1979267
j9490
1979267
j9491
1979267
j9491
1979267
j9492
1979267
j9492
1979267
j9493
1979267
j9493
1979267
j9494
1979267
j9494
1988761
j9495
1988761
j9495
1988761
j9496
1988761
j9496
1988761
j9497
1988761
j9497
1988761
j9498
1988761
j9498
1988761
j9499
1988761
j9499
1988761
j9500
1988761
j9500
1988761
j9501
1988761
j9501
1988761
j9502
1988761
j9502
1988761
j9503
1998264
j9503
1998264
j9504
1998264
j9504
1998264
j9505
1998264
j9505
1998264
j9506
1998264
j9506
1998264
j9507
1998264
j9507
1998264
j9508
1998264
j9508
1998264
j9509
1998264
j9509
1998264
j9510
1998264
j9510
1998264
j9511
1998264
j9511
1998264
j9512
1998264
j9512
1998264
j9513
1998264
j9513
1998264
j9514
1998264
j9514
1998264
j9515
1998264
j9515
1998264
j9516
1998264
j9516
1998264
j9517
1998264
j9517
1998264
j9518
1998264
j9518
1998264
j9519
1998264
j9519
1998264
j9520
1998264
j9520
1998264
j9521
1998264
j9521
1998264
j9522
1998264
j9522
1998264
j9523
1998264
j9523
1998264
j9524
1998264
j9524
1998264
j9525
1998264
j9525
1998264
j9526
1998264
j9526
1998264
j9527
1998264
j9527
1998264
j9528
1998264
j9528
1998264
j9529
1998264
j9529
1998264
j9530
1998264
j9530
1998264
j9531
1998264
j9531
1998264
j9532
1998264
j9532
1998264
j9533
1998264
j9533
1998264
j9534
1998264
j9534
1998264
j9535
1998264
j9535
1998264
j9536
1998264
j9536
1998264
j9537
1998264
j9537
1998264
j9538
1998264
j9538
1998264
j9539
1998264
j9539
1998264
j9540
1998264
j9540
1998264
j9541
1998264
j9541
2007805
j9542
2007805
j9542
2007805
j9543
2007805
j9543
2007805
j9544
2007805
j9544
2007805
j9545
2007805
j9545
2007805
j9546
2017351
j9546
2017351
j9547
2017351
j9547
2017351
j9548
2017351
j9548
2017351
j9549
2017351
j9549
2017351
j9550
2017351
j9550
2017351
j9551
2017351
j9551
2017351
j9552
2017351
j9552
2017351
j9553
2017351
j9553
2017351
j9554
2017351
j9554
2017351
j9555
2017351
j9555
2017351
j9556
2017351
j9556
2017351
j9557
2017351
j9557
2017351
j9558
2017351
j9558
2017351
j9559
2017351
j9559
2017351
j9560
2017351
j9560
2017351
j9561
2017351
j9561
2017351
j9562
2017351
j9562
2017351
j9563
2017351
j9563
2017351
j9564
2017351
j9564
2017351
j9565
2017351
j9565
2017351
j9566
2017351
j9566
2017351
j9567
2017351
j9567
2017351
j9568
2017351
j9568
2017351
j9569
2017351
j9569
2017351
j9570
2017351
j9570
2017351
j9571
2017351
j9571
2017351
j9572
2017351
j9572
2017351
j9573
2017351
j9573
2017351
j9574
2017351
j9574
2017351
j9575
2017351
j9575
2017351
j9576
2017351
j9576
2017351
j9577
2017351
j9577
2017351
j9578
2017351
j9578
2017351
j9579
2017351
j9579
2017351
j9580
2017351
j9580
2017351
j9581
2017351
j9581
2017351
j9582
2017351
j9582
2017351
j9583
2017351
j9583
2017351
j9584
2017351
j9584
2017351
j9585
2017351
j9585
2017351
j9586
2017351
j9586
2017351
j9587
2017351
j9587
2017351
j9588
2017351
j9588
2026939
j9589
2036528
j9589
2036528
j9590
2036528
j9590
2036528
j9591
2036528
j9591
2036528
j9592
2036528
j9592
2036528
j9593
2036528
j9593
2036528
j9594
2036528
j9594
2036528
j9595
2036528
j9595
2036528
j9596
2036528
j9596
2036528
j9597
2036528
j9597
2036528
j9598
2036528
j9598
2036528
j9599
2036528
j9599
2036528
j9600
2036528
j9600
2036528
j9601
2036528
j9601
2036528
j9602
2036528
j9602
2036528
j9603
2036528
j9603
2036528
j9604
2036528
j9604
2036528
j9605
2036528
j9605
2036528
j9606
2036528
j9606
2036528
j9607
2036528
j9607
2036528
j9608
2036528
j9608
2036528
j9609
2036528
j9609
2036528
j9610
2036528
j9610
2036528
j9611
2036528
j9611
2036528
j9612
2036528
j9612
2036528
j9613
2036528
j9613
2036528
j9614
2036528
j9614
2036528
j9615
2036528
j9615
2036528
j9616
2036528
j9616
2036528
j9617
2036528
j9617
2036528
j9618
2036528
j9618
2036528
j9619
2036528
j9619
2036528
j9620
2036528
j9620
2036528
j9621
2036528
j9621
2036528
j9622
2036528
j9622
2036528
j9623
2036528
j9623
2036528
j9624
2036528
j9624
2036528
j9625
2036528
j9625
2036528
j9626
2036528
j9626
2036528
j9627
2036528
j9627
2036528
j9628
2036528
j9628
2036528
j9629
2036528
j9629
2036528
j9630
2036528
j9630
2036528
j9631
2036528
j9631
2036528
j9632
2046160
j9632
2046160
j9633
2046160
j9633
2046160
j9634
2046160
j9634
2046160
j9635
2046160
j9635
2055795
j9636
2055795
j9636
2055795
j9637
2055795
j9637
2055795
j9638
2055795
j9638
2055795
j9639
2055795
j9639
2055795
j9640
2055795
j9640
2055795
j9641
2055795
j9641
2055795
j9642
2055795
j9642
2055795
j9643
2055795
j9643
2055795
j9644
2055795
j9644
2055795
j9645
2055795
j9645
2055795
j9646
2055795
j9646
2055795
j9647
2055795
j9647
2055795
j9648
2055795
j9648
2055795
j9649
2055795
j9649
2055795
j9650
2055795
j9650
2055795
j9651
2055795
j9651
2055795
j9652
2055795
j9652
2055795
j9653
2055795
j9653
2055795
j9654
2055795
j9654
2055795
j9655
2055795
j9655
2055795
j9656
2055795
j9656
2055795
j9657
2055795
j9657
2055795
j9658
2055795
j9658
2055795
j9659
2055795
j9659
2055795
j9660
2055795
j9660
2055795
j9661
2055795
j9661
2055795
j9662
2055795
j9662
2055795
j9663
2055795
j9663
2055795
j9664
2055795
j9664
2055795
j9665
2055795
j9665
2055795
j9666
2055795
j9666
2055795
j9667
2055795
j9667
2055795
j9668
2055795
j9668
2055795
j9669
2055795
j9669
2055795
j9670
2055795
j9670
2055795
j9671
2055795
j9671
2055795
j9672
2055795
j9672
2055795
j9673
2055795
j9673
2055795
j9674
2055795
j9674
2055795
j9675
2065470
j9675
2065470
j9676
2065470
j9676
2065470
j9677
2065470
j9677
2065470
j9678
2065470
j9678
2065470
j9679
2065470
j9679
2065470
j9680
2065470
j9680
2065470
j9681
2065470
j9681
2065470
j9682
2065470
j9682
2075152
j9683
2075152
j9683
2075152
j9684
2075152
j9684
2075152
j9685
2075152
j9685
2075152
j9686
2075152
j9686
2075152
j9687
2075152
j9687
2075152
j9688
2075152
j9688
2075152
j9689
2075152
j9689
2075152
j9690
2075152
j9690
2075152
j9691
2075152
j9691
2075152
j9692
2075152
j9692
2075152
j9693
2075152
j9693
2075152
j9694
2075152
j9694
2075152
j9695
2075152
j9695
2075152
j9696
2075152
j9696
2075152
j9697
2075152
j9697
2075152
j9698
2075152
j9698
2075152
j9699
2075152
j9699
2075152
j9700
2075152
j9700
2075152
j9701
2075152
j9701
2075152
j9702
2075152
j9702
2075152
j9703
2075152
j9703
2075152
j9704
2075152
j9704
2075152
j9705
2075152
j9705
2075152
j9706
2075152
j9706
2075152
j9707
2075152
j9707
2075152
j9708
2075152
j9708
2075152
j9709
2075152
j9709
2075152
j9710
2075152
j9710
2075152
j9711
2075152
j9711
2075152
j9712
2075152
j9712
2075152
j9713
2075152
j9713
2075152
j9714
2075152
j9714
2075152
j9715
2075152
j9715
2075152
j9716
2075152
j9716
2075152
j9717
2075152
j9717
2075152
j9718
2084870
j9718
2084870
j9719
2084870
j9719
2084870
j9720
2084870
j9720
2084870
j9721
2084870
j9721
2084870
j9722
2084870
j9722
2084870
j9723
2084870
j9723
2084870
j9724
2084870
j9724
2084870
j9725
2084870
j9725
2084870
j9726
2084870
j9726
2084870
j9727
2084870
j9727
2084870
j9728
2084870
j9728
2084870
j9729
2084870
j9729
2094599
j9730
2094599
j9730
2094599
j9731
2094599
j9731
2094599
j9732
2094599
j9732
2094599
j9733
2094599
j9733
2094599
j9734
2094599
j9734
2094599
j9735
2094599
j9735
2094599
j9736
2094599
j9736
2094599
j9737
2094599
j9737
2094599
j9738
2094599
j9738
2094599
j9739
2094599
j9739
2094599
j9740
2094599
j9740
2094599
j9741
2094599
j9741
2094599
j9742
2094599
j9742
2094599
j9743
2094599
j9743
2094599
j9744
2094599
j9744
2094599
j9745
2094599
j9745
2094599
j9746
2094599
j9746
2094599
j9747
2094599
j9747
2094599
j9748
2094599
j9748
2094599
j9749
2094599
j9749
2094599
j9750
2094599
j9750
2094599
j9751
2094599
j9751
2094599
j9752
2094599
j9752
2094599
j9753
2094599
j9753
2094599
j9754
2094599
j9754
2094599
j9755
2094599
j9755
2094599
j9756
2094599
j9756
2094599
j9757
2094599
j9757
2094599
j9758
2094599
j9758
2094599
j9759
2094599
j9759
2094599
j9760
2094599
j9760
2094599
j9761
2104360
j9761
2104360
j9762
2104360
j9762
2104360
j9763
2104360
j9763
2104360
j9764
2104360
j9764
2104360
j9765
2104360
j9765
2104360
j9766
2104360
j9766
2104360
j9767
2104360
j9767
2104360
j9768
2104360
j9768
2104360
j9769
2104360
j9769
2104360
j9770
2104360
j9770
2104360
j9771
2104360
j9771
2104360
j9772
2104360
j9772
2104360
j9773
2104360
j9773
2104360
j9774
2104360
j9774
2104360
j9775
2104360
j9775
2104360
j9776
2104360
j9776
2114136
j9777
2114136
j9777
2114136
j9778
2114136
j9778
2114136
j9779
2114136
j9779
2114136
j9780
2114136
j9780
2114136
j9781
2114136
j9781
2114136
j9782
2114136
j9782
2114136
j9783
2114136
j9783
2114136
j9784
2114136
j9784
2114136
j9785
2114136
j9785
2114136
j9786
2114136
j9786
2114136
j9787
2114136
j9787
2114136
j9788
2114136
j9788
2114136
j9789
2114136
j9789
2114136
j9790
2114136
j9790
2114136
j9791
2114136
j9791
2114136
j9792
2114136
j9792
2114136
j9793
2114136
j9793
2114136
j9794
2114136
j9794
2114136
j9795
2114136
j9795
2114136
j9796
2114136
j9796
2114136
j9797
2114136
j9797
2114136
j9798
2114136
j9798
2114136
j9799
2114136
j9799
2114136
j9800
2114136
j9800
2114136
j9801
2114136
j9801
2114136
j9802
2114136
j9802
2114136
j9803
2114136
j9803
2114136
j9804
2123940
j9804
2123940
j9805
2123940
j9805
2123940
j9806
2123940
j9806
2123940
j9807
2123940
j9807
2123940
j9808
2123940
j9808
2123940
j9809
2123940
j9809
2123940
j9810
2123940
j9810
2123940
j9811
2123940
j9811
2123940
j9812
2123940
j9812
2123940
j9813
2123940
j9813
2123940
j9814
2123940
j9814
2123940
j9815
2123940
j9815
2123940
j9816
2123940
j9816
2123940
j9817
2123940
j9817
2123940
j9818
2123940
j9818
2123940
j9819
2123940
j9819
2123940
j9820
2123940
j9820
2123940
j9821
2123940
j9821
2123940
j9822
2123940
j9822
2123940
j9823
2123940
j9823
2133763
j9824
2133763
j9824
2133763
j9825
2133763
j9825
2133763
j9826
2133763
j9826
2133763
j9827
2133763
j9827
2133763
j9828
2133763
j9828
2133763
j9829
2133763
j9829
2133763
j9830
2133763
j9830
2133763
j9831
2133763
j9831
2133763
j9832
2133763
j9832
2133763
j9833
2133763
j9833
2133763
j9834
2133763
j9834
2133763
j9835
2133763
j9835
2133763
j9836
2133763
j9836
2133763
j9837
2133763
j9837
2133763
j9838
2133763
j9838
2133763
j9839
2133763
j9839
2133763
j9840
2133763
j9840
2133763
j9841
2133763
j9841
2133763
j9842
2133763
j9842
2133763
j9843
2133763
j9843
2133763
j9844
2133763
j9844
2133763
j9845
2133763
j9845
2133763
j9846
2133763
j9846
2133763
j9847
2143610
j9847
2143610
j9848
2143610
j9848
2143610
j9849
2143610
j9849
2143610
j9850
2143610
j9850
2143610
j9851
2143610
j9851
2143610
j9852
2143610
j9852
2143610
j9853
2143610
j9853
2143610
j9854
2143610
j9854
2143610
j9855
2143610
j9855
2143610
j9856
2143610
j9856
2143610
j9857
2143610
j9857
2143610
j9858
2143610
j9858
2143610
j9859
2143610
j9859
2143610
j9860
2143610
j9860
2143610
j9861
2143610
j9861
2143610
j9862
2143610
j9862
2143610
j9863
2143610
j9863
2143610
j9864
2143610
j9864
2143610
j9865
2143610
j9865
2143610
j9866
2143610
j9866
2143610
j9867
2143610
j9867
2143610
j9868
2143610
j9868
2143610
j9869
2143610
j9869
2143610
j9870
2143610
j9870
2153480
j9871
2153480
j9871
2153480
j9872
2153480
j9872
2153480
j9873
2153480
j9873
2153480
j9874
2153480
j9874
2153480
j9875
2153480
j9875
2153480
j9876
2153480
j9876
2153480
j9877
2153480
j9877
2153480
j9878
2153480
j9878
2153480
j9879
2153480
j9879
2153480
j9880
2153480
j9880
2153480
j9881
2153480
j9881
2153480
j9882
2153480
j9882
2153480
j9883
2153480
j9883
2153480
j9884
2153480
j9884
2153480
j9885
2153480
j9885
2153480
j9886
2153480
j9886
2153480
j9887
2153480
j9887
2153480
j9888
2153480
j9888
2153480
j9889
2153480
j9889
2153480
j9890
2163370
j9890
2163370
j9891
2163370
j9891
2163370
j9892
2163370
j9892
2163370
j9893
2163370
j9893
2163370
j9894
2163370
j9894
2163370
j9895
2163370
j9895
2163370
j9896
2163370
j9896
2163370
j9897
2163370
j9897
2163370
j9898
2163370
j9898
2163370
j9899
2163370
j9899
2163370
j9900
2163370
j9900
2163370
j9901
2163370
j9901
2163370
j9902
2163370
j9902
2163370
j9903
2163370
j9903
2163370
j9904
2163370
j9904
2163370
j9905
2163370
j9905
2163370
j9906
2163370
j9906
2163370
j9907
2163370
j9907
2163370
j9908
2163370
j9908
2163370
j9909
2163370
j9909
2163370
j9910
2163370
j9910
2163370
j9911
2163370
j9911
2163370
j9912
2163370
j9912
2163370
j9913
2163370
j9913
2163370
j9914
2163370
j9914
2163370
j9915
2163370
j9915
2163370
j9916
2163370
j9916
2163370
j9917
2163370
j9917
2173287
j9918
2173287
j9918
2173287
j9919
2173287
j9919
2173287
j9920
2173287
j9920
2173287
j9921
2173287
j9921
2173287
j9922
2173287
j9922
2173287
j9923
2173287
j9923
2173287
j9924
2173287
j9924
2173287
j9925
2173287
j9925
2173287
j9926
2173287
j9926
2173287
j9927
2173287
j9927
2173287
j9928
2173287
j9928
2173287
j9929
2173287
j9929
2173287
j9930
2173287
j9930
2173287
j9931
2173287
j9931
2173287
j9932
2173287
j9932
2173287
j9933
2183220
j9933
2183220
j9934
2183220
j9934
2183220
j9935
2183220
j9935
2183220
j9936
2183220
j9936
2183220
j9937
2183220
j9937
2183220
j9938
2183220
j9938
2183220
j9939
2183220
j9939
2183220
j9940
2183220
j9940
2183220
j9941
2183220
j9941
2183220
j9942
2183220
j9942
2183220
j9943
2183220
j9943
2183220
j9944
2183220
j9944
2183220
j9945
2183220
j9945
2183220
j9946
2183220
j9946
2183220
j9947
2183220
j9947
2183220
j9948
2183220
j9948
2183220
j9949
2183220
j9949
2183220
j9950
2183220
j9950
2183220
j9951
2183220
j9951
2183220
j9952
2183220
j9952
2183220
j9953
2183220
j9953
2183220
j9954
2183220
j9954
2183220
j9955
2183220
j9955
2183220
j9956
2183220
j9956
2183220
j9957
2183220
j9957
2183220
j9958
2183220
j9958
2183220
j9959
2183220
j9959
2183220
j9960
2183220
j9960
2183220
j9961
2183220
j9961
2183220
j9962
2183220
j9962
2183220
j9963
2183220
j9963
2183220
j9964
2183220
j9964
2193184
j9965
2193184
j9965
2193184
j9966
2193184
j9966
2193184
j9967
2193184
j9967
2193184
j9968
2193184
j9968
2193184
j9969
2193184
j9969
2193184
j9970
2193184
j9970
2193184
j9971
2193184
j9971
2193184
j9972
2193184
j9972
2193184
j9973
2193184
j9973
2193184
j9974
2193184
j9974
2193184
j9975
2193184
j9975
2193184
j9976
2203160
j9976
2203160
j9977
2203160
j9977
2203160
j9978
2203160
j9978
2203160
j9979
2203160
j9979
2203160
j9980
2203160
j9980
2203160
j9981
2203160
j9981
2203160
j9982
2203160
j9982
2203160
j9983
2203160
j9983
2203160
j9984
2203160
j9984
2203160
j9985
2203160
j9985
2203160
j9986
2203160
j9986
2203160
j9987
2203160
j9987
2203160
j9988
2203160
j9988
2203160
j9989
2203160
j9989
2203160
j9990
2203160
j9990
2203160
j9991
2203160
j9991
2203160
j9992
2203160
j9992
2203160
j9993
2203160
j9993
2203160
j9994
2203160
j9994
2203160
j9995
2203160
j9995
2203160
j9996
2203160
j9996
2203160
j9997
2203160
j9997
2203160
j9998
2203160
j9998
2203160
j9999
2203160
j9999
2203160
j1
0
j1
0
j2
0
j2
0
j3
3
j3
3
j4
3
j4
3
j5
3
j5
8
j6
14
j6
14
j7
14
j7
14
j8
14
j8
14
j9
23
j9
23
j10
23
j10
33
j11
33
j11
33
j12
45
j12
45
j13
45
j13
45
j14
45
j14
45
j15
60
j16
60
j16
60
j17
60
j17
60
j18
78
j18
78
j19
78
j19
78
j20
78
j20
98
j21
119
j21
119
j22
119
j22
119
j23
119
j23
119
j24
143
j24
143
j25
143
j25
168
j26
168
j26
168
j27
195
j27
195
j28
195
j28
195
j29
195
j29
195
j30
225
j31
225
j31
225
j32
225
j32
225
j33
258
j33
258
j34
258
j34
258
j35
258
j35
293
j36
329
j36
329
j37
329
j37
329
j38
329
j38
329
j39
368
j39
368
j40
368
j40
408
j41
408
j41
408
j42
450
j42
450
j43
450
j43
450
j44
450
j44
450
j45
495
j46
495
j46
495
j47
495
j47
495
j48
543
j48
543
j49
543
j49
543
j50
543
j50
593
j51
644
j51
644
j52
644
j52
644
j53
644
j53
644
j54
698
j54
698
j55
698
j55
753
j56
753
j56
753
j57
810
j57
810
j58
810
j58
810
j59
810
j59
810
j60
870
j61
870
j61
870
j62
870
j62
870
j63
933
j63
933
j64
933
j64
933
j65
933
j65
998
j66
1064
j66
1064
j67
1064
j67
1064
j68
1064
j68
1064
j69
1133
j69
1133
j70
1133
j70
1203
j71
1203
j71
1203
j72
1275
j72
1275
j73
1275
j73
1275
j74
1275
j74
1275
j75
1350
j76
1350
j76
1350
j77
1350
j77
1350
j78
1428
j78
1428
j79
1428
j79
1428
j80
1428
j80
1508
j81
1589
j81
1589
j82
1589
j82
1589
j83
1589
j83
1589
j84
1673
j84
1673
j85
1673
j85
1758
j86
1758
j86
1758
j87
1845
j87
1845
j88
1845
j88
1845
j89
1845
j89
1845
j90
1935
j91
1935
j91
1935
j92
1935
j92
1935
j93
2028
j93
2028
j94
2028
j94
2028
j95
2028
j95
2123
j96
2219
j96
2219
j97
2219
j97
2219
j98
2219
j98
2219
j99
2318
j99
2318
j100
2318
j100
2418
j101
2418
j101
2418
j102
2520
j102
2520
j103
2520
j103
2520
j104
2520
j104
2520
j105
2625
j106
2625
j106
2625
j107
2625
j107
2625
j108
2733
j108
2733
j109
2733
j109
2733
j110
2733
j110
2843
j111
2954
j111
2954
j112
2954
j112
2954
j113
2954
j113
2954
j114
3068
j114
3068
j115
3068
j115
3183
j116
3183
j116
3183
j117
3300
j117
3300
j118
3300
j118
3300
j119
3300
j119
3300
j120
3420
j121
3420
j121
3420
j122
3420
j122
3420
j123
3543
j123
3543
j124
3543
j124
3543
j125
3543
j125
3668
j126
3794
j126
3794
j127
3794
j127
3794
j128
3794
j128
3794
j129
3923
j129
3923
j130
3923
j130
4053
j131
4053
j131
4053
j132
4185
j132
4185
j133
4185
j133
4185
j134
4185
j134
4185
j135
4320
j136
4320
j136
4320
j137
4320
j137
4320
j138
4458
j138
4458
j139
4458
j139
4458
j140
4458
j140
4598
j141
4739
j141
4739
j142
4739
j142
4739
j143
4739
j143
4739
j144
4883
j144
4883
j145
4883
j145
5028
j146
5028
j146
5028
j147
5175
j147
5175
j148
5175
j148
5175
j149
5175
j149
5175
j150
5325
j151
5325
j151
5325
j152
5325
j152
5325
j153
5478
j153
5478
j154
5478
j154
5478
j155
5478
j155
5633
j156
5789
j156
5789
j157
5789
j157
5789
j158
5789
j158
5789
j159
5948
j159
5948
j160
5948
j160
6108
j161
6108
j161
6108
j162
6270
j162
6270
j163
6270
j163
6270
j164
6270
j164
6270
j165
6435
j166
6435
j166
6435
j167
6435
j167
6435
j168
6603
j168
6603
j169
6603
j169
6603
j170
6603
j170
6773
j171
6944
j171
6944
j172
6944
j172
6944
j173
6944
j173
6944
j174
7118
j174
7118
j175
7118
j175
7293
j176
7293
j176
7293
j177
7470
j177
7470
j178
7470
j178
7470
j179
7470
j179
7470
j180
7650
j181
7650
j181
7650
j182
7650
j182
7650
j183
7833
j183
7833
j184
7833
j184
7833
j185
7833
j185
8018
j186
8204
j186
8204
j187
8204
j187
8204
j188
8204
j188
8204
j189
8393
j189
8393
j190
8393
j190
8583
j191
8583
j191
8583
j192
8775
j192
8775
j193
8775
j193
8775
j194
8775
j194
8775
j195
8970
j196
8970
j196
8970
j197
8970
j197
8970
j198
9168
j198
9168
j199
9168
j199
9168
j200
9168
j200
9368
j201
9569
j201
9569
j202
9569
j202
9569
j203
9569
j203
9569
j204
9773
j204
9773
j205
9773
j205
9978
j206
9978
j206
9978
j207
10185
j207
10185
j208
10185
j208
10185
j209
10185
j209
10185
j210
10395
j211
10395
j211
10395
j212
10395
j212
10395
j213
10608
j213
10608
j214
10608
j214
10608
j215
10608
j215
10823
j216
11039
j216
11039
j217
11039
j217
11039
j218
11039
j218
11039
j219
11258
j219
11258
j220
11258
j220
11478
j221
11478
j221
11478
j222
11700
j222
11700
j223
11700
j223
11700
j224
11700
j224
11700
j225
11925
j226
11925
j226
11925
j227
11925
j227
11925
j228
12153
j228
12153
j229
12153
j229
12153
j230
12153
j230
12383
j231
12614
j231
12614
j232
12614
j232
12614
j233
12614
j233
12614
j234
12848
j234
12848
j235
12848
j235
13083
j236
13083
j236
13083
j237
13320
j237
13320
j238
13320
j238
13320
j239
13320
j239
13320
j240
13560
j241
13560
j241
13560
j242
13560
j242
13560
j243
13803
j243
13803
j244
13803
j244
13803
j245
13803
j245
14048
j246
14294
j246
14294
j247
14294
j247
14294
j248
14294
j248
14294
j249
14543
j249
14543
j250
14543
j250
14793
j251
14793
j251
14793
j252
15045
j252
15045
j253
15045
j253
15045
j254
15045
j254
15045
j255
15300
j256
15300
j256
15300
j257
15300
j257
15300
j258
15558
j258
15558
j259
15558
j259
15558
j260
15558
j260
15818
j261
16079
j261
16079
j262
16079
j262
16079
j263
16079
j263
16079
j264
16343
j264
16343
j265
16343
j265
16608
j266
16608
j266
16608
j267
16875
j267
16875
j268
16875
j268
16875
j269
16875
j269
16875
j270
17145
j271
17145
j271
17145
j272
17145
j272
17145
j273
17418
j273
17418
j274
17418
j274
17418
j275
17418
j275
17693
j276
17969
j276
17969
j277
17969
j277
17969
j278
17969
j278
17969
j279
18248
j279
18248
j280
18248
j280
18528
j281
18528
j281
18528
j282
18810
j282
18810
j283
18810
j283
18810
j284
18810
j284
18810
j285
19095
j286
19095
j286
19095
j287
19095
j287
19095
j288
19383
j288
19383
j289
19383
j289
19383
j290
19383
j290
19673
j291
19964
j291
19964
j292
19964
j292
19964
j293
19964
j293
19964
j294
20258
j294
20258
j295
20258
j295
20553
j296
20553
j296
20553
j297
20850
j297
20850
j298
20850
j298
20850
j299
20850
j299
20850
j300
21150
j301
21150
j301
21150
j302
21150
j302
21150
j303
21453
j303
21453
j304
21453
j304
21453
j305
21453
j305
21758
j306
22064
j306
22064
j307
22064
j307
22064
j308
22064
j308
22064
j309
22373
j309
22373
j310
22373
j310
22683
j311
22683
j311
22683
j312
22995
j312
22995
j313
22995
j313
22995
j314
22995
j314
22995
j315
23310
j316
23310
j316
23310
j317
23310
j317
23310
j318
23628
j318
23628
j319
23628
j319
23628
j320
23628
j320
23948
j321
24269
j321
24269
j322
24269
j322
24269
j323
24269
j323
24269
j324
24593
j324
24593
j325
24593
j325
24918
j326
24918
j326
24918
j327
25245
j327
25245
j328
25245
j328
25245
j329
25245
j329
25245
j330
25575
j331
25575
j331
25575
j332
25575
j332
25575
j333
25908
j333
25908
j334
25908
j334
25908
j335
25908
j335
26243
j336
26579
j336
26579
j337
26579
j337
26579
j338
26579
j338
26579
j339
26918
j339
26918
j340
26918
j340
27258
j341
27258
j341
27258
j342
27600
j342
27600
j343
27600
j343
27600
j344
27600
j344
27600
j345
27945
j346
27945
j346
27945
j347
27945
j347
27945
j348
28293
j348
28293
j349
28293
j349
28293
j350
28293
j350
28643
j351
28994
j351
28994
j352
28994
j352
28994
j353
28994
j353
28994
j354
29348
j354
29348
j355
29348
j355
29703
j356
29703
j356
29703
j357
30060
j357
30060
j358
30060
j358
30060
j359
30060
j359
30060
j360
30420
j361
30420
j361
30420
j362
30420
j362
30420
j363
30783
j363
30783
j364
30783
j364
30783
j365
30783
j365
31148
j366
31514
j366
31514
j367
31514
j367
31514
j368
31514
j368
31514
j369
31883
j369
31883
j370
31883
j370
32253
j371
32253
j371
32253
j372
32625
j372
32625
j373
32625
j373
32625
j374
32625
j374
32625
j375
33000
j376
33000
j376
33000
j377
33000
j377
33000
j378
33378
j378
33378
j379
33378
j379
33378
j380
33378
j380
33758
j381
34139
j381
34139
j382
34139
j382
34139
j383
34139
j383
34139
j384
34523
j384
34523
j385
34523
j385
34908
j386
34908
j386
34908
j387
35295
j387
35295
j388
35295
j388
35295
j389
35295
j389
35295
j390
35685
j391
35685
j391
35685
j392
35685
j392
35685
j393
36078
j393
36078
j394
36078
j394
36078
j395
36078
j395
36473
j396
36869
j396
36869
j397
36869
j397
36869
j398
36869
j398
36869
j399
37268
j399
37268
j400
37268
j400
37668
j401
37668
j401
37668
j402
38070
j402
38070
j403
38070
j403
38070
j404
38070
j404
38070
j405
38475
j406
38475
j406
38475
j407
38475
j407
38475
j408
38883
j408
38883
j409
38883
j409
38883
j410
38883
j410
39293
j411
39704
j411
39704
j412
39704
j412
39704
j413
39704
j413
39704
j414
40118
j414
40118
j415
40118
j415
40533
j416
40533
j416
40533
j417
40950
j417
40950
j418
40950
j418
40950
j419
40950
j419
40950
j420
41370
j421
41370
j421
41370
j422
41370
j422
41370
j423
41793
j423
41793
j424
41793
j424
41793
j425
41793
j425
42218
j426
42644
j426
42644
j427
42644
j427
42644
j428
42644
j428
42644
j429
43073
j429
43073
j430
43073
j430
43503
j431
43503
j431
43503
j432
43935
j432
43935
j433
43935
j433
43935
j434
43935
j434
43935
j435
44370
j436
44370
j436
44370
j437
44370
j437
44370
j438
44808
j438
44808
j439
44808
j439
44808
j440
44808
j440
45248
j441
45689
j441
45689
j442
45689
j442
45689
j443
45689
j443
45689
j444
46133
j444
46133
j445
46133
j445
46578
j446
46578
j446
46578
j447
47025
j447
47025
j448
47025
j448
47025
j449
47025
j449
47025
j450
47475
j451
47475
j451
47475
j452
47475
j452
47475
j453
47928
j453
47928
j454
47928
j454
47928
j455
47928
j455
48383
j456
48839
j456
48839
j457
48839
j457
48839
j458
48839
j458
48839
j459
49298
j459
49298
j460
49298
j460
49758
j461
49758
j461
49758
j462
50220
j462
50220
j463
50220
j463
50220
j464
50220
j464
50220
j465
50685
j466
50685
j466
50685
j467
50685
j467
50685
j468
51153
j468
51153
j469
51153
j469
51153
j470
51153
j470
51623
j471
52094
j471
52094
j472
52094
j472
52094
j473
52094
j473
52094
j474
52568
j474
52568
j475
52568
j475
53043
j476
53043
j476
53043
j477
53520
j477
53520
j478
53520
j478
53520
j479
53520
j479
53520
j480
54000
j481
54000
j481
54000
j482
54000
j482
54000
j483
54483
j483
54483
j484
54483
j484
54483
j485
54483
j485
54968
j486
55454
j486
55454
j487
55454
j487
55454
j488
55454
j488
55454
j489
55943
j489
55943
j490
55943
j490
56433
j491
56433
j491
56433
j492
56925
j492
56925
j493
56925
j493
56925
j494
56925
j494
56925
j495
57420
j496
57420
j496
57420
j497
57420
j497
57420
j498
57918
j498
57918
j499
57918
j499
57918
j500
57918
j500
58418
j501
58919
j501
58919
j502
58919
j502
58919
j503
58919
j503
58919
j504
59423
j504
59423
j505
59423
j505
59928
j506
59928
j506
59928
j507
60435
j507
60435
j508
60435
j508
60435
j509
60435
j509
60435
j510
60945
j511
60945
j511
60945
j512
60945
j512
60945
j513
61458
j513
61458
j514
61458
j514
61458
j515
61458
j515
61973
j516
62489
j516
62489
j517
62489
j517
62489
j518
62489
j518
62489
j519
63008
j519
63008
j520
63008
j520
63528
j521
63528
j521
63528
j522
64050
j522
64050
j523
64050
j523
64050
j524
64050
j524
64050
j525
64575
j526
64575
j526
64575
j527
64575
j527
64575
j528
65103
j528
65103
j529
65103
j529
65103
j530
65103
j530
65633
j531
66164
j531
66164
j532
66164
j532
66164
j533
66164
j533
66164
j534
66698
j534
66698
j535
66698
j535
67233
j536
67233
j536
67233
j537
67770
j537
67770
j538
67770
j538
67770
j539
67770
j539
67770
j540
68310
j541
68310
j541
68310
j542
68310
j542
68310
j543
68853
j543
68853
j544
68853
j544
68853
j545
68853
j545
69398
j546
69944
j546
69944
j547
69944
j547
69944
j548
69944
j548
69944
j549
70493
j549
70493
j550
70493
j550
71043
j551
71043
j551
71043
j552
71595
j552
71595
j553
71595
j553
71595
j554
71595
j554
71595
j555
72150
j556
72150
j556
72150
j557
72150
j557
72150
j558
72708
j558
72708
j559
72708
j559
72708
j560
72708
j560
73268
j561
73829
j561
73829
j562
73829
j562
73829
j563
73829
j563
73829
j564
74393
j564
74393
j565
74393
j565
74958
j566
74958
j566
74958
j567
75525
j567
75525
j568
75525
j568
75525
j569
75525
j569
75525
j570
76095
j571
76095
j571
76095
j572
76095
j572
76095
j573
76668
j573
76668
j574
76668
j574
76668
j575
76668
j575
77243
j576
77819
j576
77819
j577
77819
j577
77819
j578
77819
j578
77819
j579
78398
j579
78398
j580
78398
j580
78978
j581
78978
j581
78978
j582
79560
j582
79560
j583
79560
j583
79560
j584
79560
j584
79560
j585
80145
j586
80145
j586
80145
j587
80145
j587
80145
j588
80733
j588
80733
j589
80733
j589
80733
j590
80733
j590
81323
j591
81914
j591
81914
j592
81914
j592
81914
j593
81914
j593
81914
j594
82508
j594
82508
j595
82508
j595
83103
j596
83103
j596
83103
j597
83700
j597
83700
j598
83700
j598
83700
j599
83700
j599
83700
j600
84300
j601
84300
j601
84300
j602
84300
j602
84300
j603
84903
j603
84903
j604
84903
j604
84903
j605
84903
j605
85508
j606
86114
j606
86114
j607
86114
j607
86114
j608
86114
j608
86114
j609
86723
j609
86723
j610
86723
j610
87333
j611
87333
j611
87333
j612
87945
j612
87945
j613
87945
j613
87945
j614
87945
j614
87945
j615
88560
j616
88560
j616
88560
j617
88560
j617
88560
j618
89178
j618
89178
j619
89178
j619
89178
j620
89178
j620
89798
j621
90419
j621
90419
j622
90419
j622
90419
j623
90419
j623
90419
j624
91043
j624
91043
j625
91043
j625
91668
j626
91668
j626
91668
j627
92295
j627
92295
j628
92295
j628
92295
j629
92295
j629
92295
j630
92925
j631
92925
j631
92925
j632
92925
j632
92925
j633
93558
j633
93558
j634
93558
j634
93558
j635
93558
j635
94193
j636
94829
j636
94829
j637
94829
j637
94829
j638
94829
j638
94829
j639
95468
j639
95468
j640
95468
j640
96108
j641
96108
j641
96108
j642
96750
j642
96750
j643
96750
j643
96750
j644
96750
j644
96750
j645
97395
j646
97395
j646
97395
j647
97395
j647
97395
j648
98043
j648
98043
j649
98043
j649
98043
j650
98043
j650
98693
j651
99344
j651
99344
j652
99344
j652
99344
j653
99344
j653
99344
j654
99998
j654
99998
j655
99998
j655
100653
j656
100653
j656
100653
j657
101310
j657
101310
j658
101310
j658
101310
j659
101310
j659
101310
j660
101970
j661
101970
j661
101970
j662
101970
j662
101970
j663
102633
j663
102633
j664
102633
j664
102633
j665
102633
j665
103298
j666
103964
j666
103964
j667
103964
j667
103964
j668
103964
j668
103964
j669
104633
j669
104633
j670
104633
j670
105303
j671
105303
j671
105303
j672
105975
j672
105975
j673
105975
j673
105975
j674
105975
j674
105975
j675
106650
j676
106650
j676
106650
j677
106650
j677
106650
j678
107328
j678
107328
j679
107328
j679
107328
j680
107328
j680
108008
j681
108689
j681
108689
j682
108689
j682
108689
j683
108689
j683
108689
j684
109373
j684
109373
j685
109373
j685
110058
j686
110058
j686
110058
j687
110745
j687
110745
j688
110745
j688
110745
j689
110745
j689
110745
j690
111435
j691
111435
j691
111435
j692
111435
j692
111435
j693
112128
j693
112128
j694
112128
j694
112128
j695
112128
j695
112823
j696
113519
j696
113519
j697
113519
j697
113519
j698
113519
j698
113519
j699
114218
j699
114218
j700
114218
j700
114918
j701
114918
j701
114918
j702
115620
j702
115620
j703
115620
j703
115620
j704
115620
j704
115620
j705
116325
j706
116325
j706
116325
j707
116325
j707
116325
j708
117033
j708
117033
j709
117033
j709
117033
j710
117033
j710
117743
j711
118454
j711
118454
j712
118454
j712
118454
j713
118454
j713
118454
j714
119168
j714
119168
j715
119168
j715
119883
j716
119883
j716
119883
j717
120600
j717
120600
j718
120600
j718
120600
j719
120600
j719
120600
j720
121320
j721
121320
j721
121320
j722
121320
j722
121320
j723
122043
j723
122043
j724
122043
j724
122043
j725
122043
j725
122768
j726
123494
j726
123494
j727
123494
j727
123494
j728
123494
j728
123494
j729
124223
j729
124223
j730
124223
j730
124953
j731
124953
j731
124953
j732
125685
j732
125685
j733
125685
j733
125685
j734
125685
j734
125685
j735
126420
j736
126420
j736
126420
j737
126420
j737
126420
j738
127158
j738
127158
j739
127158
j739
127158
j740
127158
j740
127898
j741
128639
j741
128639
j742
128639
j742
128639
j743
128639
j743
128639
j744
129383
j744
129383
j745
129383
j745
130128
j746
130128
j746
130128
j747
130875
j747
130875
j748
130875
j748
130875
j749
130875
j749
130875
j750
131625
j751
131625
j751
131625
j752
131625
j752
131625
j753
132378
j753
132378
j754
132378
j754
132378
j755
132378
j755
133133
j756
133889
j756
133889
j757
133889
j757
133889
j758
133889
j758
133889
j759
134648
j759
134648
j760
134648
j760
135408
j761
135408
j761
135408
j762
136170
j762
136170
j763
136170
j763
136170
j764
136170
j764
136170
j765
136935
j766
136935
j766
136935
j767
136935
j767
136935
j768
137703
j768
137703
j769
137703
j769
137703
j770
137703
j770
138473
j771
139244
j771
139244
j772
139244
j772
139244
j773
139244
j773
139244
j774
140018
j774
140018
j775
140018
j775
140793
j776
140793
j776
140793
j777
141570
j777
141570
j778
141570
j778
141570
j779
141570
j779
141570
j780
142350
j781
142350
j781
142350
j782
142350
j782
142350
j783
143133
j783
143133
j784
143133
j784
143133
j785
143133
j785
143918
j786
144704
j786
144704
j787
144704
j787
144704
j788
144704
j788
144704
j789
145493
j789
145493
j790
145493
j790
146283
j791
146283
j791
146283
j792
147075
j792
147075
j793
147075
j793
147075
j794
147075
j794
147075
j795
147870
j796
147870
j796
147870
j797
147870
j797
147870
j798
148668
j798
148668
j799
148668
j799
148668
j800
148668
j800
149468
j801
150269
j801
150269
j802
150269
j802
150269
j803
150269
j803
150269
j804
151073
j804
151073
j805
151073
j805
151878
j806
151878
j806
151878
j807
152685
j807
152685
j808
152685
j808
152685
j809
152685
j809
152685
j810
153495
j811
153495
j811
153495
j812
153495
j812
153495
j813
154308
j813
154308
j814
154308
j814
154308
j815
154308
j815
155123
j816
155939
j816
155939
j817
155939
j817
155939
j818
155939
j818
155939
j819
156758
j819
156758
j820
156758
j820
157578
j821
157578
j821
157578
j822
158400
j822
158400
j823
158400
j823
158400
j824
158400
j824
158400
j825
159225
j826
159225
j826
159225
j827
159225
j827
159225
j828
160053
j828
160053
j829
160053
j829
160053
j830
160053
j830
160883
j831
161714
j831
161714
j832
161714
j832
161714
j833
161714
j833
161714
j834
162548
j834
162548
j835
162548
j835
163383
j836
163383
j836
163383
j837
164220
j837
164220
j838
164220
j838
164220
j839
164220
j839
164220
j840
165060
j841
165060
j841
165060
j842
165060
j842
165060
j843
165903
j843
165903
j844
165903
j844
165903
j845
165903
j845
166748
j846
167594
j846
167594
j847
167594
j847
167594
j848
167594
j848
167594
j849
168443
j849
168443
j850
168443
j850
169293
j851
169293
j851
169293
j852
170145
j852
170145
j853
170145
j853
170145
j854
170145
j854
170145
j855
171000
j856
171000
j856
171000
j857
171000
j857
171000
j858
171858
j858
171858
j859
171858
j859
171858
j860
171858
j860
172718
j861
173579
j861
173579
j862
173579
j862
173579
j863
173579
j863
173579
j864
174443
j864
174443
j865
174443
j865
175308
j866
175308
j866
175308
j867
176175
j867
176175
j868
176175
j868
176175
j869
176175
j869
176175
j870
177045
j871
177045
j871
177045
j872
177045
j872
177045
j873
177918
j873
177918
j874
177918
j874
177918
j875
177918
j875
178793
j876
179669
j876
179669
j877
179669
j877
179669
j878
179669
j878
179669
j879
180548
j879
180548
j880
180548
j880
181428
j881
181428
j881
181428
j882
182310
j882
182310
j883
182310
j883
182310
j884
182310
j884
182310
j885
183195
j886
183195
j886
183195
j887
183195
j887
183195
j888
184083
j888
184083
j889
184083
j889
184083
j890
184083
j890
184973
j891
185864
j891
185864
j892
185864
j892
185864
j893
185864
j893
185864
j894
186758
j894
186758
j895
186758
j895
187653
j896
187653
j896
187653
j897
188550
j897
188550
j898
188550
j898
188550
j899
188550
j899
188550
j900
189450
j901
189450
j901
189450
j902
189450
j902
189450
j903
190353
j903
190353
j904
190353
j904
190353
j905
190353
j905
191258
j906
192164
j906
192164
j907
192164
j907
192164
j908
192164
j908
192164
j909
193073
j909
193073
j910
193073
j910
193983
j911
193983
j911
193983
j912
194895
j912
194895
j913
194895
j913
194895
j914
194895
j914
194895
j915
195810
j916
195810
j916
195810
j917
195810
j917
195810
j918
196728
j918
196728
j919
196728
j919
196728
j920
196728
j920
197648
j921
198569
j921
198569
j922
198569
j922
198569
j923
198569
j923
198569
j924
199493
j924
199493
j925
199493
j925
200418
j926
200418
j926
200418
j927
201345
j927
201345
j928
201345
j928
201345
j929
201345
j929
201345
j930
202275
j931
202275
j931
202275
j932
202275
j932
202275
j933
203208
j933
203208
j934
203208
j934
203208
j935
203208
j935
204143
j936
205079
j936
205079
j937
205079
j937
205079
j938
205079
j938
205079
j939
206018
j939
206018
j940
206018
j940
206958
j941
206958
j941
206958
j942
207900
j942
207900
j943
207900
j943
207900
j944
207900
j944
207900
j945
208845
j946
208845
j946
208845
j947
208845
j947
208845
j948
209793
j948
209793
j949
209793
j949
209793
j950
209793
j950
210743
j951
211694
j951
211694
j952
211694
j952
211694
j953
211694
j953
211694
j954
212648
j954
212648
j955
212648
j955
213603
j956
213603
j956
213603
j957
214560
j957
214560
j958
214560
j958
214560
j959
214560
j959
214560
j960
215520
j961
215520
j961
215520
j962
215520
j962
215520
j963
216483
j963
216483
j964
216483
j964
216483
j965
216483
j965
217448
j966
218414
j966
218414
j967
218414
j967
218414
j968
218414
j968
218414
j969
219383
j969
219383
j970
219383
j970
220353
j971
220353
j971
220353
j972
221325
j972
221325
j973
221325
j973
221325
j974
221325
j974
221325
j975
222300
j976
222300
j976
222300
j977
222300
j977
222300
j978
223278
j978
223278
j979
223278
j979
223278
j980
223278
j980
224258
j981
225239
j981
225239
j982
225239
j982
225239
j983
225239
j983
225239
j984
226223
j984
226223
j985
226223
j985
227208
j986
227208
j986
227208
j987
228195
j987
228195
j988
228195
j988
228195
j989
228195
j989
228195
j990
229185
j991
229185
j991
229185
j992
229185
j992
229185
j993
230178
j993
230178
j994
230178
j994
230178
j995
230178
j995
231173
j996
232169
j996
232169
j997
232169
j997
232169
j998
232169
j998
232169
j999
233168
j999
233168
j1
0
j1
0
j2
0
j2
0
j3
0
j3
0
j4
4
j4
4
j5
4
j5
4
j6
4
j6
10
j7
10
j7
10
j8
18
j8
18
j9
18
j9
18
j10
18
j10
18
j11
18
j11
18
j12
30
j13
30
j13
30
j14
30
j14
30
j1
1
j2
3
j3
6
j4
10
j5
15
j6
21
j7
28
j8
36
j9
45
j10
55
j11
66
j12
78
j13
91
j14
105
j15
120
j16
136
j17
153
j18
171
j19
190
j20
210
j21
231
j22
253
j23
276
j24
300
j25
325
j26
351
j27
378
j28
406
j29
435
j30
465
j31
496
j32
528
j33
561
j34
595
j35
630
j36
666
j37
703
j38
741
j39
780
j40
820
j41
861
j42
903
j43
946
j44
990
j45
1035
j46
1081
j47
1128
j48
1176
j49
1225
j50
1275
j51
1326
j52
1378
j53
1431
j54
1485
j55
1540
j56
1596
j57
1653
j58
1711
j59
1770
j60
1830
j61
1891
j62
1953
j63
2016
j64
2080
j65
2145
j66
2211
j67
2278
j68
2346
j69
2415
j70
2485
j71
2556
j72
2628
j73
2701
j74
2775
j75
2850
j76
2926
j77
3003
j78
3081
j79
3160
j80
3240
j81
3321
j82
3403
j83
3486
j84
3570
j85
3655
j86
3741
j87
3828
j88
3916
j89
4005
j90
4095
j91
4186
j92
4278
j93
4371
j94
4465
j95
4560
j96
4656
j97
4753
j98
4851
j99
4950
j1
0
j1
0
j2
0
j2
0
j3
3
j3
3
j4
3
j4
3
j5
3
j5
8
j6
14
j6
14
j7
14
j7
14
j8
14
j8
14
j9
23
j9
23
j10
23
j10
33
j11
33
j11
33
j12
45
j12
45
j13
45
j13
45
j14
45
j14
45
j15
60
j16
60
j16
60
j17
60
j17
60
j18
78
j18
78
j19
78
j19
78
j20
78
j20
98
j21
119
j21
119
j22
119
j22
119
j23
119
j23
119
j24
143
j24
143
j25
143
j25
168
j26
168
j26
168
j27
195
j27
195
j28
195
j28
195
j29
195
j29
195
j30
225
j31
225
j31
225
j32
225
j32
225
j33
258
j33
258
j34
258
j34
258
j35
258
j35
293
j36
329
j36
329
j37
329
j37
329
j38
329
j38
329
j39
368
j39
368
j40
368
j40
408
j41
408
j41
408
j42
450
j42
450
j43
450
j43
450
j44
450
j44
450
j45
495
j46
495
j46
495
j47
495
j47
495
j48
543
j48
543
j49
543
j49
543
j50
543
j50
593
j51
644
j51
644
j52
644
j52
644
j53
644
j53
644
j54
698
j54
698
j55
698
j55
753
j56
753
j56
753
j57
810
j57
810
j58
810
j58
810
j59
810
j59
810
j60
870
j61
870
j61
870
j62
870
j62
870
j63
933
j63
933
j64
933
j64
933
j65
933
j65
998
j66
1064
j66
1064
j67
1064
j67
1064
j68
1064
j68
1064
j69
1133
j69
1133
j70
1133
j70
1203
j71
1203
j71
1203
j72
1275
j72
1275
j73
1275
j73
1275
j74
1275
j74
1275
j75
1350
j76
1350
j76
1350
j77
1350
j77
1350
j78
1428
j78
1428
j79
1428
j79
1428
j80
1428
j80
1508
j81
1589
j81
1589
j82
1589
j82
1589
j83
1589
j83
1589
j84
1673
j84
1673
j85
1673
j85
1758
j86
1758
j86
1758
j87
1845
j87
1845
j88
1845
j88
1845
j89
1845
j89
1845
j90
1935
j91
1935
j91
1935
j92
1935
j92
1935
j93
2028
j93
2028
j94
2028
j94
2028
j95
2028
j95
2123
j96
2219
j96
2219
j97
2219
j97
2219
j98
2219
j98
2219
j99
2318
j99
2318
j1
0
j1
0
j2
0
j2
0
j3
0
j3
0
j4
0
j4
0
j5
5
j5
5
j6
5
j6
5
j7
5
j7
5
j8
5
j8
5
j9
5
j9
5
j10
15
j10
15
j11
15
j11
15
j12
15
j12
15
j13
15
j13
15
j14
15
j14
15
j15
30
j15
30
j16
30
j16
30
j17
30
j17
30
j18
30
j18
30
j19
30
j19
30
j20
50
j20
50
j21
50
j21
50
j22
50
j22
50
j23
50
j23
50
j24
50
j24
50
j25
75
j26
75
j26
75
j27
75
j27
75
j28
75
j28
75
j29
75
j29
75
j30
105
j30
105
j31
105
j31
105
j32
105
j32
105
j33
105
j33
105
j34
105
j34
105
j35
140
j35
140
j36
140
j36
140
j37
140
j37
140
j38
140
j38
140
j39
140
j39
140
j40
180
j40
180
j41
180
j41
180
j42
180
j42
180
j43
180
j43
180
j44
180
j44
180
j45
225
j45
225
j46
225
j46
225
j47
225
j47
225
j48
225
j48
225
j49
225
j49
225
j50
275
j1
0
j2
0
j3
3
j1
0
j1
0
j1
0
j2
0
j2
0
j2
0
j3
0
j3
0
j3
0
j4
0
j4
0
j4
0
j5
0
j5
0
j5
0
j6
0
j6
0
j6
0
j7
7
j7
7
j7
7
j8
7
j8
7
j8
7
j9
7
j9
7
j9
7
j10
7
j10
7
j10
7
j11
7
j11
7
j11
7
j12
7
j12
7
j12
7
j13
7
j13
20
j13
20
j14
34
j14
34
j14
34
j15
34
j15
34
j15
34
j16
34
j16
34
j16
34
j17
34
j17
34
j17
51
j18
51
j18
51
j18
51
j19
51
j19
51
j19
51
j1
0
j1
0
j1
0
j2
0
j2
0
j2
0
j3
0
j3
0
j3
0
j4
0
j4
0
j4
0
j5
5
j5
5
j5
5
j6
5
j6
11
j6
11
j7
11
j7
11
j7
11
j8
11
j8
11
j8
19
j9
19
j9
19
j9
19
j10
29
j10
29
j10
29
j11
29
j11
29
j11
29
j12
29
j12
41
j12
41
j13
41
j13
41
j13
41
j14
41
j14
41
j14
41
j15
56
j15
56
j15
56
j16
56
j16
56
j16
72
j17
72
j17
72
j17
72
j18
72
j18
90
j18
90
j19
90
j19
90
j19
90
j20
110
j20
110
j20
110
j21
110
j21
110
j21
110
j22
110
j22
110
j22
110
j23
110
j23
110
j23
110
j24
110
j24
134
j25
159
j25
159
j25
159
j26
159
j26
159
j26
159
j27
159
j27
159
j27
159
j28
159
j28
159
j28
159
j29
159
j29
159
j29
159
j30
189
j31
189
j31
189
j31
189
j32
189
j32
189
j32
221
j33
221
j33
221
j33
221
j34
221
j34
221
j34
221
j35
256
j35
256
j35
256
j36
256
j36
292
j36
292
j37
292
j37
292
j37
292
j38
292
j38
292
j38
292
j39
292
j39
292
j39
292
j40
332
j40
332
j41
332
j41
332
j41
332
j42
332
j42
374
j42
374
j43
374
j43
374
j43
374
j44
374
j44
374
j44
374
j45
419
j45
419
j45
419
j46
419
j46
419
j46
419
j47
419
j47
419
j47
419
j48
419
j48
467
j49
467
j49
467
j49
467
j50
517
j50
517
j50
517
j51
517
j51
517
j51
517
j52
517
j52
517
j52
517
j53
517
j53
517
j53
517
j54
517
j54
571
j54
571
j55
626
j55
626
j55
626
j56
626
j56
626
j56
682
j57
682
j57
682
j57
682
j58
682
j58
682
j58
682
j59
682
j59
682
j59
682
j60
742
j61
742
j61
742
j61
742
j62
742
j62
742
j62
742
j63
742
j63
742
j63
742
j64
742
j64
742
j64
806
j65
871
j65
871
j65
871
j66
871
j66
937
j66
937
j67
937
j67
937
j67
937
j68
937
j68
937
j68
937
j69
937
j69
937
j69
937
j70
1007
j70
1007
j70
1007
j71
1007
j71
1007
j71
1007
j72
1007
j72
1079
j73
1079
j73
1079
j73
1079
j74
1079
j74
1079
j74
1079
j75
1154
j75
1154
j75
1154
j76
1154
j76
1154
j76
1154
j77
1154
j77
1154
j77
1154
j78
1154
j78
1232
j78
1232
j79
1232
j79
1232
j79
1232
j80
1312
j80
1312
j81
1312
j81
1312
j81
1312
j82
1312
j82
1312
j82
1312
j83
1312
j83
1312
j83
1312
j84
1312
j84
1396
j84
1396
j85
1481
j85
1481
j85
1481
j86
1481
j86
1481
j86
1481
j87
1481
j87
1481
j87
1481
j88
1481
j88
1481
j88
1569
j89
1569
j89
1569
j89
1569
j90
1659
j91
1659
j91
1659
j91
1659
j92
1659
j92
1659
j92
1659
j93
1659
j93
1659
j93
1659
j94
1659
j94
1659
j94
1659
j95
1754
j95
1754
j95
1754
j96
1754
j96
1850
j97
1850
j97
1850
j97
1850
j98
1850
j98
1850
j98
1850
j99
1850
j99
1850
j99
1850
j100
1950
j100
1950
j100
1950
j101
1950
j101
1950
j101
1950
j102
1950
j102
2052
j102
2052
j103
2052
j103
2052
j103
2052
j104
2052
j104
2052
j104
2156
j105
2261
j105
2261
j105
2261
j106
2261
j106
2261
j106
2261
j107
2261
j107
2261
j107
2261
j108
2261
j108
2369
j108
2369
j109
2369
j109
2369
j109
2369
j110
2479
j110
2479
j110
2479
j111
2479
j111
2479
j111
2479
j112
2479
j112
2479
j112
2591
j113
2591
j113
2591
j113
2591
j114
2591
j114
2705
j114
2705
j115
2820
j115
2820
j115
2820
j116
2820
j116
2820
j116
2820
j117
2820
j117
2820
j117
2820
j118
2820
j118
2820
j118
2820
j119
2820
j119
2820
j119
2820
j120
2940
j121
2940
j121
2940
j121
2940
j122
2940
j122
2940
j122
2940
j123
2940
j123
2940
j123
2940
j124
2940
j124
2940
j124
2940
j125
3065
j125
3065
j125
3065
j126
3065
j126
3191
j126
3191
j127
3191
j127
3191
j127
3191
j128
3191
j128
3191
j128
3319
j129
3319
j129
3319
j129
3319
j130
3449
j130
3449
j130
3449
j131
3449
j131
3449
j131
3449
j132
3449
j132
3581
j132
3581
j133
3581
j133
3581
j133
3581
j134
3581
j134
3581
j134
3581
j135
3716
j135
3716
j135
3716
j136
3716
j136
3716
j136
3852
j137
3852
j137
3852
j137
3852
j138
3852
j138
3990
j138
3990
j139
3990
j139
3990
j139
3990
j140
4130
j140
4130
j140
4130
j141
4130
j141
4130
j141
4130
j142
4130
j142
4130
j142
4130
j143
4130
j143
4130
j143
4130
j144
4130
j144
4274
j145
4419
j145
4419
j145
4419
j146
4419
j146
4419
j146
4419
j147
4419
j147
4419
j147
4419
j148
4419
j148
4419
j148
4419
j149
4419
j149
4419
j149
4419
j1
0
j1
0
j1
0
j1
0
j1
0
j2
2
j2
2
j2
2
j2
2
j2
2
j3
2
j3
5
j3
5
j3
5
j3
5
j4
9
j4
9
j4
9
j4
9
j4
9
j5
9
j5
9
j5
14
j5
14
j5
14
j6
20
j7
20
j7
20
j7
20
j7
27
j7
27
j8
35
j8
35
j8
35
j8
35
j8
35
j9
35
j9
44
j9
44
j9
44
j9
44
j10
54
j10
54
j11
54
j11
54
j11
54
j11
54
j11
65
j12
77
j13
77
j13
77
j13
77
j13
77
j13
77
j14
91
j14
91
j14
91
j15
91
j15
106
j16
122
j16
122
j16
122
j16
122
j16
122
j17
122
j17
122
j17
122
j17
122
j17
122
j18
140
j19
140
j19
140
j19
140
j19
140
j19
140
j20
160
j20
160
j21
160
j21
181
j21
181
j22
203
j22
203
j22
203
j22
203
j23
203
j23
203
j23
203
j23
203
j23
203
j24
227
j25
227
j25
227
j25
252
j25
252
j25
252
j26
278
j26
278
j26
278
j26
278
j26
278
j27
278
j27
305
j27
305
j27
305
j27
305
j28
333
j28
333
j28
333
j29
333
j29
333
j29
333
j29
333
j29
333
j30
363
j31
363
j31
363
j31
363
j31
363
j31
363
j32
395
j32
395
j32
395
j32
395
j32
395
j33
395
j33
428
j33
428
j33
428
j34
462
j34
462
j34
462
j34
462
j34
462
j35
462
j35
462
j35
497
j36
533
j37
533
j37
533
j37
533
j37
533
j37
533
j38
571
j38
571
j38
571
j38
571
j38
571
j39
571
j39
610
j39
610
j39
610
j39
610
j40
650
j40
650
j41
650
j41
650
j41
650
j41
650
j41
650
j42
692
j43
692
j43
692
j43
692
j43
692
j43
692
j44
736
j44
736
j44
736
j44
736
j45
736
j45
781
j46
827
j46
827
j46
827
j46
827
j46
827
j47
827
j47
827
j47
827
j47
827
j47
827
j48
875
j49
875
j49
875
j49
875
j49
924
j49
924
j50
974
j50
974
j51
974
j51
1025
j51
1025
j51
1025
j51
1025
j52
1077
j52
1077
j52
1077
j52
1077
j52
1077
j53
1077
j53
1077
j53
1077
j53
1077
j53
1077
j54
1131
j55
1131
j55
1131
j55
1186
j55
1186
j56
1242
j56
1242
j56
1242
j57
1242
j57
1299
j57
1299
j57
1299
j57
1299
j58
1357
j58
1357
j58
1357
j58
1357
j58
1357
j59
1357
j59
1357
j59
1357
j59
1357
j59
1357
j60
1417
j61
1417
j61
1417
j61
1417
j61
1417
j61
1417
j62
1479
j62
1479
j62
1479
j62
1479
j62
1479
j63
1479
j63
1542
j63
1542
j64
1606
j64
1606
j64
1606
j64
1606
j64
1606
j65
1606
j65
1606
j65
1671
j65
1671
j65
1671
j66
1737
j67
1737
j67
1737
j67
1737
j67
1737
j67
1737
j68
1805
j68
1805
j68
1805
j68
1805
j68
1805
j69
1805
j69
1874
j69
1874
j69
1874
j69
1874
j70
1944
j70
1944
j71
1944
j71
1944
j71
1944
j71
1944
j71
1944
j72
2016
j73
2016
j73
2016
j73
2016
j73
2016
j73
2016
j74
2090
j74
2090
j74
2090
j74
2090
j74
2090
j75
2090
j75
2165
j76
2241
j76
2241
j76
2241
j76
2241
j76
2241
j77
2241
j77
2241
j77
2241
j77
2318
j78
2396
j79
2396
j79
2396
j79
2396
j79
2396
j79
2396
j80
2476
j80
2476
j81
2476
j81
2557
j81
2557
j81
2557
j81
2557
j82
2639
j82
2639
j82
2639
j82
2639
j82
2639
j83
2639
j83
2639
j83
2639
j83
2639
j83
2639
j84
2723
j85
2723
j85
2723
j85
2808
j85
2808
j85
2808
j86
2894
j86
2894
j86
2894
j86
2894
j86
2894
j87
2894
j87
2981
j87
2981
j87
2981
j87
2981
j88
3069
j88
3069
j88
3069
j88
3069
j89
3069
j89
3069
j89
3069
j89
3069
j89
3069
j90
3159
j91
3159
j91
3159
j91
3159
j91
3250
j91
3250
j92
3342
j92
3342
j92
3342
j92
3342
j92
3342
j93
3342
j93
3435
j93
3435
j93
3435
j93
3435
j94
3529
j94
3529
j94
3529
j94
3529
j94
3529
j95
3529
j95
3529
j95
3624
j95
3624
j95
3624
j96
3720
j97
3720
j97
3720
j97
3720
j97
3720
j97
3720
j98
3818
j98
3818
j98
3818
j99
3818
j99
3917
j99
3917
j99
3917
j100
4017
j100
4017
j101
4017
j101
4017
j101
4017
j101
4017
j101
4017
j102
4119
j103
4119
j103
4119
j103
4119
j103
4119
j103
4119
j104
4223
j104
4223
j104
4223
j104
4223
j104
4223
j105
4223
j105
4328
j106
4434
j106
4434
j106
4434
j106
4434
j106
4434
j107
4434
j107
4434
j107
4434
j107
4434
j107
4434
j108
4542
j109
4542
j109
4542
j109
4542
j109
4542
j109
4542
j110
4652
j110
4652
j111
4652
j111
4763
j111
4763
j111
4763
j111
4763
j112
4875
j112
4875
j112
4875
j113
4875
j113
4875
j113
4875
j113
4875
j113
4875
j114
4989
j115
4989
j115
4989
j115
5104
j115
5104
j115
5104
j116
5220
j116
5220
j116
5220
j116
5220
j116
5220
j117
5220
j117
5337
j117
5337
j117
5337
j117
5337
j118
5455
j118
5455
j118
5455
j118
5455
j118
5455
j119
5455
j119
5455
j119
5455
j119
5574
j119
5574
j120
5694
j121
5694
j121
5694
j121
5694
j121
5694
j121
5815
j122
5937
j122
5937
j122
5937
j122
5937
j122
5937
j123
5937
j123
6060
j123
6060
j123
6060
j123
6060
j124
6184
j124
6184
j124
6184
j124
6184
j124
6184
j125
6184
j125
6184
j125
6309
j125
6309
j125
6309
j126
6435
j127
6435
j127
6435
j127
6435
j127
6435
j127
6435
j128
6563
j128
6563
j128
6563
j128
6563
j128
6563
j129
6563
j129
6692
j129
6692
j129
6692
j129
6692
j130
6822
j130
6822
j131
6822
j131
6822
j131
6822
j131
6822
j131
6822
j132
6954
j133
6954
j133
6954
j133
6954
j133
7087
j133
7087
j134
7221
j134
7221
j134
7221
j134
7221
j134
7221
j135
7221
j135
7356
j136
7492
j136
7492
j136
7492
j136
7492
j136
7492
j137
7492
j137
7492
j137
7492
j137
7492
j137
7492
j138
7630
j139
7630
j139
7630
j139
7630
j139
7630
j139
7630
j140
7770
j140
7770
j141
7770
j141
7911
j141
7911
j141
7911
j141
7911
j142
8053
j142
8053
j142
8053
j142
8053
j142
8053
j143
8053
j143
8053
j143
8053
j143
8053
j143
8196
j144
8340
j145
8340
j145
8340
j145
8485
j145
8485
j145
8485
j146
8631
j146
8631
j146
8631
j146
8631
j146
8631
j147
8631
j147
8778
j147
8778
j148
8926
j148
8926
j148
8926
j148
8926
j148
8926
j149
8926
j149
8926
j149
8926
j149
8926
j149
8926
j150
9076
j151
9076
j151
9076
j151
9076
j151
9076
j151
9076
j152
9228
j152
9228
j152
9228
j152
9228
j152
9228
j153
9228
j153
9381
j153
9381
j153
9381
j153
9381
j154
9535
j154
9535
j154
9535
j155
9535
j155
9535
j155
9690
j155
9690
j155
9690
j156
9846
j157
9846
j157
9846
j157
9846
j157
9846
j157
9846
j158
10004
j158
10004
j158
10004
j158
10004
j158
10004
j159
10004
j159
10163
j159
10163
j159
10163
j159
10163
j160
10323
j160
10323
j161
10323
j161
10323
j161
10323
j161
10484
j161
10484
j162
10646
j163
10646
j163
10646
j163
10646
j163
10646
j163
10646
j164
10810
j164
10810
j164
10810
j164
10810
j164
10810
j165
10810
j165
10975
j166
11141
j166
11141
j166
11141
j166
11141
j166
11141
j167
11141
j167
11141
j167
11141
j167
11141
j167
11141
j168
11309
j169
11309
j169
11309
j169
11309
j169
11309
j169
11309
j170
11479
j170
11479
j171
11479
j171
11650
j171
11650
j171
11650
j171
11650
j172
11822
j172
11822
j172
11822
j172
11822
j172
11822
j173
11822
j173
11822
j173
11822
j173
11822
j173
11822
j174
11996
j175
11996
j175
11996
j175
12171
j176
12347
j176
12347
j176
12347
j176
12347
j177
12347
j177
12524
j177
12524
j177
12524
j177
12524
j178
12702
j178
12702
j178
12702
j178
12702
j178
12702
j179
12702
j179
12702
j179
12702
j179
12702
j179
12702
j180
12882
j181
12882
j181
12882
j181
12882
j181
12882
j181
12882
j182
13064
j182
13064
j182
13064
j183
13064
j183
13247
j183
13247
j183
13247
j183
13247
j184
13431
j184
13431
j184
13431
j184
13431
j184
13431
j185
13431
j185
13431
j185
13616
j185
13616
j185
13616
j186
13802
j187
13802
j187
13802
j187
13802
j187
13802
j187
13989
j188
14177
j188
14177
j188
14177
j188
14177
j188
14177
j189
14177
j189
14366
j189
14366
j190
14556
j190
14556
j191
14556
j191
14556
j191
14556
j191
14556
j191
14556
j192
14748
j193
14748
j193
14748
j193
14748
j193
14748
j193
14748
j194
14942
j194
14942
j194
14942
j194
14942
j194
14942
j195
14942
j195
15137
j196
15333
j196
15333
j196
15333
j197
15333
j197
15333
j197
15333
j197
15333
j197
15333
j198
15531
j199
15531
j199
15531
j199
15531
j199
15531
j199
15531
j200
15731
j200
15731
j201
15731
j201
15932
j201
15932
j201
15932
j201
15932
j202
16134
j202
16134
j202
16134
j202
16134
j202
16134
j203
16134
j203
16134
j203
16134
j203
16337
j203
16337
j204
16541
j205
16541
j205
16541
j205
16746
j205
16746
j205
16746
j206
16952
j206
16952
j206
16952
j206
16952
j206
16952
j207
16952
j207
17159
j207
17159
j207
17159
j207
17159
j208
17367
j208
17367
j208
17367
j208
17367
j208
17367
j209
17367
j209
17367
j209
17367
j209
17367
j209
17576
j210
17786
j211
17786
j211
17786
j211
17786
j211
17786
j211
17786
j212
17998
j212
17998
j212
17998
j212
17998
j212
17998
j213
17998
j213
18211
j213
18211
j213
18211
j213
18211
j214
18425
j214
18425
j214
18425
j214
18425
j214
18425
j215
18425
j215
18425
j215
18640
j215
18640
j215
18640
j216
18856
j217
18856
j217
18856
j217
18856
j217
19073
j217
19073
j218
19291
j218
19291
j218
19291
j218
19291
j218
19291
j219
19291
j219
19510
j219
19510
j219
19510
j219
19510
j220
19730
j220
19730
j221
19730
j221
19730
j221
19730
j221
19730
j221
19730
j222
19952
j223
19952
j223
19952
j223
19952
j223
19952
j223
19952
j224
20176
j224
20176
j224
20176
j225
20176
j225
20401
j226
20627
j226
20627
j226
20627
j226
20627
j226
20627
j227
20627
j227
20627
j227
20627
j227
20627
j227
20627
j228
20855
j229
20855
j229
20855
j229
20855
j229
20855
j229
20855
j230
21085
j230
21085
j231
21085
j231
21316
j231
21316
j232
21548
j232
21548
j232
21548
j232
21548
j232
21548
j233
21548
j233
21548
j233
21548
j233
21548
j233
21548
j234
21782
j235
21782
j235
21782
j235
22017
j235
22017
j235
22017
j236
22253
j236
22253
j236
22253
j236
22253
j236
22253
j237
22253
j237
22490
j237
22490
j237
22490
j237
22490
j238
22728
j238
22728
j238
22728
j239
22728
j239
22728
j239
22728
j239
22728
j239
22728
j240
22968
j241
22968
j241
22968
j241
22968
j241
22968
j241
22968
j242
23210
j242
23210
j242
23210
j242
23210
j243
23210
j243
23453
j243
23453
j243
23453
j243
23453
j244
23697
j244
23697
j244
23697
j244
23697
j244
23697
j245
23697
j245
23697
j245
23942
j246
24188
j247
24188
j247
24188
j247
24188
j247
24188
j247
24188
j248
24436
j248
24436
j248
24436
j248
24436
j248
24436
j249
24436
j249
24685
j249
24685
j249
24685
j249
24685
j250
24935
j250
24935
j251
24935
j251
24935
j251
24935
j251
24935
j251
24935
j252
25187
j253
25187
j253
25187
j253
25187
j253
25187
j253
25440
j254
25694
j254
25694
j254
25694
j254
25694
j254
25694
j255
25694
j255
25949
j256
26205
j256
26205
j256
26205
j256
26205
j256
26205
j257
26205
j257
26205
j257
26205
j257
26205
j257
26205
j258
26463
j259
26463
j259
26463
j259
26463
j259
26722
j259
26722
j260
26982
j260
26982
j261
26982
j261
27243
j261
27243
j261
27243
j261
27243
j262
27505
j262
27505
j262
27505
j262
27505
j262
27505
j263
27505
j263
27505
j263
27505
j263
27505
j263
27505
j264
27769
j265
27769
j265
27769
j265
28034
j265
28034
j265
28034
j266
28300
j266
28300
j266
28300
j267
28300
j267
28567
j267
28567
j267
28567
j267
28567
j268
28835
j268
28835
j268
28835
j268
28835
j268
28835
j269
28835
j269
28835
j269
28835
j269
28835
j269
28835
j270
29105
j271
29105
j271
29105
j271
29105
j271
29105
j271
29105
j272
29377
j272
29377
j272
29377
j272
29377
j272
29377
j273
29377
j273
29650
j273
29650
j274
29924
j274
29924
j274
29924
j274
29924
j274
29924
j275
29924
j275
29924
j275
30199
j275
30199
j276
30475
j277
30475
j277
30475
j277
30475
j277
30475
j277
30475
j278
30753
j278
30753
j278
30753
j278
30753
j278
30753
j279
30753
j279
31032
j279
31032
j279
31032
j279
31032
j280
31312
j280
31312
j281
31312
j281
31312
j281
31312
j281
31312
j281
31312
j282
31594
j283
31594
j283
31594
j283
31594
j283
31594
j283
31594
j284
31878
j284
31878
j284
31878
j284
31878
j284
31878
j285
31878
j285
32163
j286
32449
j286
32449
j286
32449
j286
32449
j287
32449
j287
32449
j287
32449
j287
32736
j287
32736
j288
33024
j289
33024
j289
33024
j289
33024
j289
33024
j289
33024
j290
33314
j290
33314
j291
33314
j291
33605
j291
33605
j291
33605
j291
33605
j292
33897
j292
33897
j292
33897
j292
33897
j292
33897
j293
33897
j293
33897
j293
33897
j293
33897
j293
33897
j294
34191
j295
34191
j295
34191
j295
34486
j295
34486
j295
34486
j296
34782
j296
34782
j296
34782
j296
34782
j296
34782
j297
34782
j297
35079
j297
35079
j297
35079
j298
35377
j298
35377
j298
35377
j298
35377
j298
35377
j299
35377
j299
35377
j299
35377
j299
35377
j299
35377
j300
35677
j301
35677
j301
35677
j301
35677
j301
35978
j301
35978
j302
36280
j302
36280
j302
36280
j302
36280
j302
36280
j303
36280
j303
36583
j303
36583
j303
36583
j303
36583
j304
36887
j304
36887
j304
36887
j304
36887
j304
36887
j305
36887
j305
36887
j305
37192
j305
37192
j305
37192
j306
37498
j307
37498
j307
37498
j307
37498
j307
37498
j307
37498
j308
37806
j308
37806
j308
37806
j309
37806
j309
38115
j309
38115
j309
38115
j309
38115
j310
38425
j310
38425
j311
38425
j311
38425
j311
38425
j311
38425
j311
38425
j312
38737
j313
38737
j313
38737
j313
38737
j313
38737
j313
38737
j314
39051
j314
39051
j314
39051
j314
39051
j314
39051
j315
39051
j315
39366
j316
39682
j316
39682
j316
39682
j316
39682
j316
39682
j317
39682
j317
39682
j317
39682
j317
39682
j317
39682
j318
40000
j319
40000
j319
40000
j319
40000
j319
40000
j319
40319
j320
40639
j320
40639
j321
40639
j321
40960
j321
40960
j321
40960
j321
40960
j322
41282
j322
41282
j322
41282
j323
41282
j323
41282
j323
41282
j323
41282
j323
41282
j324
41606
j325
41606
j325
41606
j325
41931
j325
41931
j325
41931
j326
42257
j326
42257
j326
42257
j326
42257
j326
42257
j327
42257
j327
42584
j327
42584
j327
42584
j327
42584
j328
42912
j328
42912
j328
42912
j328
42912
j328
42912
j329
42912
j329
42912
j329
42912
j329
43241
j329
43241
j330
43571
j331
43571
j331
43571
j331
43571
j331
43571
j331
43571
j332
43903
j332
43903
j332
43903
j332
43903
j332
43903
j333
43903
j333
44236
j333
44236
j333
44236
j333
44236
j334
44570
j334
44570
j334
44570
j334
44570
j334
44570
j335
44570
j335
44570
j335
44905
j335
44905
j335
44905
j336
45241
j337
45241
j337
45241
j337
45241
j337
45241
j337
45241
j338
45579
j338
45579
j338
45579
j338
45579
j338
45579
j339
45579
j339
45918
j339
45918
j339
45918
j339
45918
j340
46258
j340
46258
j341
46258
j341
46258
j341
46258
j341
46258
j341
46599
j342
46941
j343
46941
j343
46941
j343
46941
j343
47284
j343
47284
j344
47628
j344
47628
j344
47628
j344
47628
j344
47628
j345
47628
j345
47973
j346
48319
j346
48319
j346
48319
j346
48319
j346
48319
j347
48319
j347
48319
j347
48319
j347
48319
j347
48319
j348
48667
j349
48667
j349
48667
j349
48667
j349
48667
j349
48667
j350
49017
j350
49017
j351
49017
j351
49368
j351
49368
j351
49368
j351
49368
j352
49720
j352
49720
j352
49720
j352
49720
j353
49720
j353
49720
j353
49720
j353
49720
j353
49720
j354
50074
j355
50074
j355
50074
j355
50429
j355
50429
j355
50429
j356
50785
j356
50785
j356
50785
j356
50785
j356
50785
j357
50785
j357
51142
j357
51142
j358
51500
j358
51500
j358
51500
j358
51500
j358
51500
j359
51500
j359
51500
j359
51500
j359
51500
j359
51500
j360
51860
j361
51860
j361
51860
j361
51860
j361
51860
j361
51860
j362
52222
j362
52222
j362
52222
j362
52222
j362
52222
j363
52222
j363
52585
j363
52585
j363
52585
j364
52949
j364
52949
j364
52949
j365
52949
j365
52949
j365
53314
j365
53314
j365
53314
j366
53680
j367
53680
j367
53680
j367
53680
j367
53680
j367
53680
j368
54048
j368
54048
j368
54048
j368
54048
j368
54048
j369
54048
j369
54417
j369
54417
j369
54417
j369
54417
j370
54787
j370
54787
j371
54787
j371
54787
j371
54787
j371
55158
j371
55158
j372
55530
j373
55530
j373
55530
j373
55530
j373
55530
j373
55530
j374
55904
j374
55904
j374
55904
j374
55904
j375
55904
j375
56279
j376
56655
j376
56655
j376
56655
j376
56655
j376
56655
j377
56655
j377
56655
j377
56655
j377
56655
j377
56655
j378
57033
j379
57033
j379
57033
j379
57033
j379
57033
j379
57033
j380
57413
j380
57413
j381
57413
j381
57794
j381
57794
j381
57794
j381
57794
j382
58176
j382
58176
j382
58176
j382
58176
j382
58176
j383
58176
j383
58176
j383
58176
j383
58176
j383
58176
j384
58560
j385
58560
j385
58560
j385
58945
j386
59331
j386
59331
j386
59331
j386
59331
j386
59331
j387
59331
j387
59718
j387
59718
j387
59718
j387
59718
j388
60106
j388
60106
j388
60106
j388
60106
j388
60106
j389
60106
j389
60106
j389
60106
j389
60106
j389
60106
j390
60496
j391
60496
j391
60496
j391
60496
j391
60496
j391
60496
j392
60888
j392
60888
j392
60888
j393
60888
j393
61281
j393
61281
j393
61281
j393
61281
j394
61675
j394
61675
j394
61675
j394
61675
j394
61675
j395
61675
j395
61675
j395
62070
j395
62070
j395
62070
j396
62466
j397
62466
j397
62466
j397
62466
j397
62466
j397
62466
j398
62864
j398
62864
j398
62864
j398
62864
j398
62864
j399
62864
j399
63263
j399
63263
j400
63663
j400
63663
j401
63663
j401
63663
j401
63663
j401
63663
j401
63663
j402
64065
j403
64065
j403
64065
j403
64065
j403
64065
j403
64065
j404
64469
j404
64469
j404
64469
j404
64469
j404
64469
j405
64469
j405
64874
j406
65280
j406
65280
j406
65280
j407
65280
j407
65280
j407
65280
j407
65280
j407
65687
j408
66095
j409
66095
j409
66095
j409
66095
j409
66095
j409
66095
j410
66505
j410
66505
j411
66505
j411
66916
j411
66916
j411
66916
j411
66916
j412
67328
j412
67328
j412
67328
j412
67328
j412
67328
j413
67328
j413
67328
j413
67328
j413
67741
j413
67741
j414
68155
j415
68155
j415
68155
j415
68570
j415
68570
j415
68570
j416
68986
j416
68986
j416
68986
j416
68986
j416
68986
j417
68986
j417
69403
j417
69403
j417
69403
j417
69403
j418
69821
j418
69821
j418
69821
j418
69821
j419
69821
j419
69821
j419
69821
j419
69821
j419
69821
j420
70241
j421
70241
j421
70241
j421
70241
j421
70241
j421
70241
j422
70663
j422
70663
j422
70663
j422
70663
j422
70663
j423
70663
j423
71086
j423
71086
j423
71086
j423
71086
j424
71510
j424
71510
j424
71510
j424
71510
j424
71510
j425
71510
j425
71510
j425
71935
j425
71935
j425
71935
j426
72361
j427
72361
j427
72361
j427
72361
j427
72788
j427
72788
j428
73216
j428
73216
j428
73216
j428
73216
j428
73216
j429
73216
j429
73645
j429
73645
j429
73645
j430
74075
j430
74075
j431
74075
j431
74075
j431
74075
j431
74075
j431
74075
j432
74507
j433
74507
j433
74507
j433
74507
j433
74507
j433
74507
j434
74941
j434
74941
j434
74941
j435
74941
j435
75376
j436
75812
j436
75812
j436
75812
j436
75812
j436
75812
j437
75812
j437
75812
j437
75812
j437
75812
j437
75812
j438
76250
j439
76250
j439
76250
j439
76250
j439
76250
j439
76250
j440
76690
j440
76690
j441
76690
j441
77131
j441
77131
j442
77573
j442
77573
j442
77573
j442
77573
j442
77573
j443
77573
j443
77573
j443
77573
j443
77573
j443
77573
j444
78017
j445
78017
j445
78017
j445
78462
j445
78462
j445
78462
j446
78908
j446
78908
j446
78908
j446
78908
j446
78908
j447
78908
j447
79355
j447
79355
j447
79355
j447
79355
j448
79803
j448
79803
j448
79803
j449
79803
j449
79803
j449
79803
j449
79803
j449
79803
j450
80253
j451
80253
j451
80253
j451
80253
j451
80253
j451
80704
j452
81156
j452
81156
j452
81156
j452
81156
j452
81156
j453
81156
j453
81609
j453
81609
j453
81609
j453
81609
j454
82063
j454
82063
j454
82063
j454
82063
j454
82063
j455
82063
j455
82063
j455
82518
j456
82974
j457
82974
j457
82974
j457
82974
j457
82974
j457
82974
j458
83432
j458
83432
j458
83432
j458
83432
j458
83432
j459
83432
j459
83891
j459
83891
j459
83891
j459
83891
j460
84351
j460
84351
j461
84351
j461
84351
j461
84351
j461
84351
j461
84351
j462
84813
j463
84813
j463
84813
j463
84813
j463
84813
j463
84813
j464
85277
j464
85277
j464
85277
j464
85277
j464
85277
j465
85277
j465
85742
j466
86208
j466
86208
j466
86208
j466
86208
j466
86208
j467
86208
j467
86208
j467
86208
j467
86208
j467
86208
j468
86676
j469
86676
j469
86676
j469
86676
j469
87145
j469
87145
j470
87615
j470
87615
j471
87615
j471
88086
j471
88086
j471
88086
j471
88086
j472
88558
j472
88558
j472
88558
j472
88558
j472
88558
j473
88558
j473
88558
j473
88558
j473
88558
j473
89031
j474
89505
j475
89505
j475
89505
j475
89980
j475
89980
j475
89980
j476
90456
j476
90456
j476
90456
j477
90456
j477
90933
j477
90933
j477
90933
j477
90933
j478
91411
j478
91411
j478
91411
j478
91411
j478
91411
j479
91411
j479
91411
j479
91411
j479
91411
j479
91411
j480
91891
j481
91891
j481
91891
j481
91891
j481
91891
j481
91891
j482
92373
j482
92373
j482
92373
j482
92373
j482
92373
j483
92373
j483
92856
j483
92856
j484
93340
j484
93340
j484
93340
j484
93340
j485
93340
j485
93340
j485
93825
j485
93825
j485
93825
j486
94311
j487
94311
j487
94311
j487
94311
j487
94311
j487
94311
j488
94799
j488
94799
j488
94799
j488
94799
j488
94799
j489
94799
j489
95288
j489
95288
j489
95288
j489
95288
j490
95778
j490
95778
j491
95778
j491
95778
j491
95778
j491
95778
j491
95778
j492
96270
j493
96270
j493
96270
j493
96270
j493
96270
j493
96270
j494
96764
j494
96764
j494
96764
j494
96764
j494
96764
j495
96764
j495
97259
j496
97755
j496
97755
j496
97755
j496
97755
j496
97755
j497
97755
j497
97755
j497
97755
j497
98252
j497
98252
j498
98750
j499
98750
j499
98750
j499
98750
j499
98750
j499
98750
j500
99250
j500
99250
j501
99250
j501
99751
j501
99751
j501
99751
j501
99751
j502
100253
j502
100253
j502
100253
j502
100253
j502
100253
j503
100253
j503
100253
j503
100253
j503
100253
j503
100253
j504
100757
j505
100757
j505
100757
j505
101262
j505
101262
j505
101262
j506
101768
j506
101768
j506
101768
j506
101768
j507
101768
j507
102275
j507
102275
j507
102275
j507
102275
j508
102783
j508
102783
j508
102783
j508
102783
j508
102783
j509
102783
j509
102783
j509
102783
j509
102783
j509
102783
j510
103293
j511
103293
j511
103293
j511
103293
j511
103804
j511
103804
j512
104316
j512
104316
j512
104316
j512
104316
j512
104316
j513
104316
j513
104829
j513
104829
j513
104829
j513
104829
j514
105343
j514
105343
j514
105343
j514
105343
j514
105343
j515
105343
j515
105343
j515
105858
j515
105858
j515
105858
j516
106374
j517
106374
j517
106374
j517
106374
j517
106374
j517
106891
j518
107409
j518
107409
j518
107409
j519
107409
j519
107928
j519
107928
j519
107928
j519
107928
j520
108448
j520
108448
j521
108448
j521
108448
j521
108448
j521
108448
j521
108448
j522
108970
j523
108970
j523
108970
j523
108970
j523
108970
j523
108970
j524
109494
j524
109494
j524
109494
j524
109494
j524
109494
j525
109494
j525
110019
j526
110545
j526
110545
j526
110545
j526
110545
j526
110545
j527
110545
j527
110545
j527
110545
j527
110545
j527
110545
j528
111073
j529
111073
j529
111073
j529
111073
j529
111073
j529
111073
j530
111603
j530
111603
j531
111603
j531
112134
j531
112134
j531
112134
j531
112134
j532
112666
j532
112666
j532
112666
j533
112666
j533
112666
j533
112666
j533
112666
j533
112666
j534
113200
j535
113200
j535
113200
j535
113735
j535
113735
j535
113735
j536
114271
j536
114271
j536
114271
j536
114271
j536
114271
j537
114271
j537
114808
j537
114808
j537
114808
j537
114808
j538
115346
j538
115346
j538
115346
j538
115346
j538
115346
j539
115346
j539
115346
j539
115346
j539
115885
j540
116425
j541
116425
j541
116425
j541
116425
j541
116425
j541
116425
j542
116967
j542
116967
j542
116967
j542
116967
j542
116967
j543
116967
j543
117510
j543
117510
j543
117510
j543
117510
j544
118054
j544
118054
j544
118054
j544
118054
j544
118054
j545
118054
j545
118054
j545
118599
j545
118599
j545
118599
j546
119145
j547
119145
j547
119145
j547
119145
j547
119145
j547
119145
j548
119693
j548
119693
j548
119693
j548
119693
j548
119693
j549
119693
j549
120242
j549
120242
j549
120242
j549
120242
j550
120792
j550
120792
j551
120792
j551
120792
j551
120792
j551
120792
j551
120792
j552
121344
j553
121344
j553
121344
j553
121344
j553
121897
j553
121897
j554
122451
j554
122451
j554
122451
j554
122451
j554
122451
j555
122451
j555
123006
j556
123562
j556
123562
j556
123562
j556
123562
j556
123562
j557
123562
j557
123562
j557
123562
j557
123562
j557
123562
j558
124120
j559
124120
j559
124120
j559
124120
j559
124120
j559
124120
j560
124680
j560
124680
j561
124680
j561
125241
j561
125241
j561
125241
j562
125803
j562
125803
j562
125803
j562
125803
j562
125803
j563
125803
j563
125803
j563
125803
j563
125803
j563
125803
j564
126367
j565
126367
j565
126367
j565
126932
j565
126932
j565
126932
j566
127498
j566
127498
j566
127498
j566
127498
j566
127498
j567
127498
j567
128065
j567
128065
j568
128633
j568
128633
j568
128633
j568
128633
j568
128633
j569
128633
j569
128633
j569
128633
j569
128633
j569
128633
j570
129203
j571
129203
j571
129203
j571
129203
j571
129203
j571
129203
j572
129775
j572
129775
j572
129775
j572
129775
j573
129775
j573
130348
j573
130348
j573
130348
j573
130348
j574
130922
j574
130922
j574
130922
j575
130922
j575
130922
j575
131497
j575
131497
j575
131497
j576
132073
j577
132073
j577
132073
j577
132073
j577
132073
j577
132073
j578
132651
j578
132651
j578
132651
j578
132651
j578
132651
j579
132651
j579
133230
j579
133230
j579
133230
j579
133230
j580
133810
j580
133810
j581
133810
j581
133810
j581
133810
j581
134391
j581
134391
j582
134973
j583
134973
j583
134973
j583
134973
j583
134973
j583
135556
j584
136140
j584
136140
j584
136140
j584
136140
j584
136140
j585
136140
j585
136725
j586
137311
j586
137311
j586
137311
j586
137311
j586
137311
j587
137311
j587
137311
j587
137311
j587
137311
j587
137311
j588
137899
j589
137899
j589
137899
j589
137899
j589
137899
j589
137899
j590
138489
j590
138489
j591
138489
j591
139080
j591
139080
j591
139080
j591
139080
j592
139672
j592
139672
j592
139672
j592
139672
j592
139672
j593
139672
j593
139672
j593
139672
j593
139672
j593
139672
j594
140266
j595
140266
j595
140266
j595
140861
j596
141457
j596
141457
j596
141457
j596
141457
j596
141457
j597
141457
j597
142054
j597
142054
j597
142054
j597
142054
j598
142652
j598
142652
j598
142652
j598
142652
j598
142652
j599
142652
j599
142652
j599
142652
j599
142652
j599
142652
j600
143252
j601
143252
j601
143252
j601
143252
j601
143252
j601
143252
j602
143854
j602
143854
j602
143854
j603
143854
j603
144457
j603
144457
j603
144457
j603
144457
j604
145061
j604
145061
j604
145061
j604
145061
j604
145061
j605
145061
j605
145061
j605
145666
j605
145666
j606
146272
j607
146272
j607
146272
j607
146272
j607
146272
j607
146272
j608
146880
j608
146880
j608
146880
j608
146880
j608
146880
j609
146880
j609
147489
j609
147489
j610
148099
j610
148099
j611
148099
j611
148099
j611
148099
j611
148099
j611
148099
j612
148711
j613
148711
j613
148711
j613
148711
j613
148711
j613
148711
j614
149325
j614
149325
j614
149325
j614
149325
j614
149325
j615
149325
j615
149940
j616
150556
j616
150556
j616
150556
j617
150556
j617
150556
j617
150556
j617
150556
j617
150556
j618
151174
j619
151174
j619
151174
j619
151174
j619
151174
j619
151174
j620
151794
j620
151794
j621
151794
j621
152415
j621
152415
j621
152415
j621
152415
j622
153037
j622
153037
j622
153037
j622
153037
j622
153037
j623
153037
j623
153037
j623
153037
j623
153660
j623
153660
j624
154284
j625
154284
j625
154284
j625
154909
j625
154909
j625
154909
j626
155535
j626
155535
j626
155535
j626
155535
j626
155535
j627
155535
j627
156162
j627
156162
j627
156162
j628
156790
j628
156790
j628
156790
j628
156790
j628
156790
j629
156790
j629
156790
j629
156790
j629
156790
j629
156790
j630
157420
j631
157420
j631
157420
j631
157420
j631
157420
j631
157420
j632
158052
j632
158052
j632
158052
j632
158052
j632
158052
j633
158052
j633
158685
j633
158685
j633
158685
j633
158685
j634
159319
j634
159319
j634
159319
j634
159319
j634
159319
j635
159319
j635
159319
j635
159954
j635
159954
j635
159954
j636
160590
j637
160590
j637
160590
j637
160590
j637
161227
j637
161227
j638
161865
j638
161865
j638
161865
j638
161865
j639
161865
j639
162504
j639
162504
j639
162504
j639
162504
j640
163144
j640
163144
j641
163144
j641
163144
j641
163144
j641
163144
j641
163144
j642
163786
j643
163786
j643
163786
j643
163786
j643
163786
j643
163786
j644
164430
j644
164430
j644
164430
j645
164430
j645
165075
j646
165721
j646
165721
j646
165721
j646
165721
j646
165721
j647
165721
j647
165721
j647
165721
j647
165721
j647
165721
j648
166369
j649
166369
j649
166369
j649
166369
j649
166369
j649
167018
j650
167668
j650
167668
j651
167668
j651
168319
j651
168319
j652
168971
j652
168971
j652
168971
j652
168971
j652
168971
j653
168971
j653
168971
j653
168971
j653
168971
j653
168971
j654
169625
j655
169625
j655
169625
j655
170280
j655
170280
j655
170280
j656
170936
j656
170936
j656
170936
j656
170936
j656
170936
j657
170936
j657
171593
j657
171593
j657
171593
j657
171593
j658
172251
j658
172251
j658
172251
j659
172251
j659
172251
j659
172251
j659
172251
j659
172251
j660
172911
j661
172911
j661
172911
j661
172911
j661
172911
j661
172911
j662
173573
j662
173573
j662
173573
j662
173573
j662
173573
j663
173573
j663
174236
j663
174236
j663
174236
j663
174236
j664
174900
j664
174900
j664
174900
j664
174900
j664
174900
j665
174900
j665
174900
j665
175565
j666
176231
j667
176231
j667
176231
j667
176231
j667
176231
j667
176231
j668
176899
j668
176899
j668
176899
j668
176899
j668
176899
j669
176899
j669
177568
j669
177568
j669
177568
j669
177568
j670
178238
j670
178238
j671
178238
j671
178238
j671
178238
j671
178238
j671
178909
j672
179581
j673
179581
j673
179581
j673
179581
j673
179581
j673
179581
j674
180255
j674
180255
j674
180255
j674
180255
j674
180255
j675
180255
j675
180930
j676
181606
j676
181606
j676
181606
j676
181606
j676
181606
j677
181606
j677
181606
j677
181606
j677
181606
j677
181606
j678
182284
j679
182284
j679
182284
j679
182284
j679
182963
j679
182963
j680
183643
j680
183643
j681
183643
j681
184324
j681
184324
j681
184324
j681
184324
j682
185006
j682
185006
j682
185006
j682
185006
j683
185006
j683
185006
j683
185006
j683
185006
j683
185006
j684
185690
j685
185690
j685
185690
j685
186375
j685
186375
j685
186375
j686
187061
j686
187061
j686
187061
j687
187061
j687
187748
j687
187748
j687
187748
j687
187748
j688
188436
j688
188436
j688
188436
j688
188436
j688
188436
j689
188436
j689
188436
j689
188436
j689
188436
j689
188436
j690
189126
j691
189126
j691
189126
j691
189126
j691
189126
j691
189126
j692
189818
j692
189818
j692
189818
j692
189818
j692
189818
j693
189818
j693
190511
j693
190511
j694
191205
j694
191205
j694
191205
j694
191205
j694
191205
j695
191205
j695
191205
j695
191900
j695
191900
j695
191900
j696
192596
j697
192596
j697
192596
j697
192596
j697
192596
j697
192596
j698
193294
j698
193294
j698
193294
j698
193294
j698
193294
j699
193294
j699
193993
j699
193993
j699
193993
j699
193993
j700
194693
j700
194693
j701
194693
j701
194693
j701
194693
j701
194693
j701
194693
j702
195395
j703
195395
j703
195395
j703
195395
j703
195395
j703
195395
j704
196099
j704
196099
j704
196099
j704
196099
j705
196099
j705
196804
j706
197510
j706
197510
j706
197510
j706
197510
j706
197510
j707
197510
j707
197510
j707
197510
j707
198217
j707
198217
j708
198925
j709
198925
j709
198925
j709
198925
j709
198925
j709
198925
j710
199635
j710
199635
j711
199635
j711
200346
j711
200346
j711
200346
j711
200346
j712
201058
j712
201058
j712
201058
j712
201058
j712
201058
j713
201058
j713
201058
j713
201058
j713
201058
j713
201058
j714
201772
j715
201772
j715
201772
j715
202487
j715
202487
j716
203203
j716
203203
j716
203203
j716
203203
j716
203203
j717
203203
j717
203920
j717
203920
j717
203920
j717
203920
j718
204638
j718
204638
j718
204638
j718
204638
j718
204638
j719
204638
j719
204638
j719
204638
j719
204638
j719
204638
j720
205358
j721
205358
j721
205358
j721
205358
j721
206079
j721
206079
j722
206801
j722
206801
j722
206801
j722
206801
j722
206801
j723
206801
j723
207524
j723
207524
j723
207524
j723
207524
j724
208248
j724
208248
j724
208248
j724
208248
j724
208248
j725
208248
j725
208248
j725
208973
j725
208973
j725
208973
j726
209699
j727
209699
j727
209699
j727
209699
j727
209699
j727
209699
j728
210427
j728
210427
j728
210427
j729
210427
j729
211156
j729
211156
j729
211156
j729
211156
j730
211886
j730
211886
j731
211886
j731
211886
j731
211886
j731
211886
j731
211886
j732
212618
j733
212618
j733
212618
j733
212618
j733
212618
j733
212618
j734
213352
j734
213352
j734
213352
j734
213352
j734
213352
j735
213352
j735
214087
j736
214823
j736
214823
j736
214823
j736
214823
j736
214823
j737
214823
j737
214823
j737
214823
j737
214823
j737
215560
j738
216298
j739
216298
j739
216298
j739
216298
j739
216298
j739
216298
j740
217038
j740
217038
j741
217038
j741
217779
j741
217779
j741
217779
j741
217779
j742
218521
j742
218521
j742
218521
j743
218521
j743
218521
j743
218521
j743
218521
j743
218521
j744
219265
j745
219265
j745
219265
j745
220010
j745
220010
j745
220010
j746
220756
j746
220756
j746
220756
j746
220756
j746
220756
j747
220756
j747
221503
j747
221503
j747
221503
j747
221503
j748
222251
j748
222251
j748
222251
j748
222251
j749
222251
j749
222251
j749
222251
j749
223000
j749
223000
j750
223750
j751
223750
j751
223750
j751
223750
j751
223750
j751
223750
j752
224502
j752
224502
j752
224502
j752
224502
j752
224502
j753
224502
j753
225255
j753
225255
j753
225255
j753
225255
j754
226009
j754
226009
j754
226009
j754
226009
j754
226009
j755
226009
j755
226009
j755
226764
j755
226764
j755
226764
j756
227520
j757
227520
j757
227520
j757
227520
j757
227520
j757
227520
j758
228278
j758
228278
j758
228278
j758
228278
j758
228278
j759
228278
j759
229037
j759
229037
j759
229037
j760
229797
j760
229797
j761
229797
j761
229797
j761
229797
j761
229797
j761
229797
j762
230559
j763
230559
j763
230559
j763
230559
j763
231322
j763
231322
j764
232086
j764
232086
j764
232086
j764
232086
j764
232086
j765
232086
j765
232851
j766
233617
j766
233617
j766
233617
j766
233617
j766
233617
j767
233617
j767
233617
j767
233617
j767
233617
j767
233617
j768
234385
j769
234385
j769
234385
j769
234385
j769
234385
j769
234385
j770
235155
j770
235155
j771
235155
j771
235926
j771
235926
j771
235926
j771
235926
j772
236698
j772
236698
j772
236698
j772
236698
j772
236698
j773
236698
j773
236698
j773
236698
j773
236698
j773
236698
j774
237472
j775
237472
j775
237472
j775
238247
j775
238247
j775
238247
j776
239023
j776
239023
j776
239023
j776
239023
j776
239023
j777
239023
j777
239800
j777
239800
j778
240578
j778
240578
j778
240578
j778
240578
j778
240578
j779
240578
j779
240578
j779
240578
j779
240578
j779
240578
j780
241358
j781
241358
j781
241358
j781
241358
j781
241358
j781
242139
j782
242921
j782
242921
j782
242921
j782
242921
j782
242921
j783
242921
j783
243704
j783
243704
j783
243704
j783
243704
j784
244488
j784
244488
j784
244488
j785
244488
j785
244488
j785
245273
j785
245273
j785
245273
j786
246059
j787
246059
j787
246059
j787
246059
j787
246059
j787
246059
j788
246847
j788
246847
j788
246847
j788
246847
j788
246847
j789
246847
j789
247636
j789
247636
j789
247636
j789
247636
j790
248426
j790
248426
j791
248426
j791
248426
j791
248426
j791
249217
j791
249217
j792
250009
j793
250009
j793
250009
j793
250009
j793
250009
j793
250009
j794
250803
j794
250803
j794
250803
j794
250803
j794
250803
j795
250803
j795
251598
j796
252394
j796
252394
j796
252394
j796
252394
j796
252394
j797
252394
j797
252394
j797
252394
j797
252394
j797
252394
j798
253192
j799
253192
j799
253192
j799
253192
j799
253192
j799
253192
j800
253992
j800
253992
j801
253992
j801
254793
j801
254793
j801
254793
j801
254793
j802
255595
j802
255595
j802
255595
j802
255595
j802
255595
j803
255595
j803
255595
j803
255595
j803
255595
j803
256398
j804
257202
j805
257202
j805
257202
j805
258007
j806
258813
j806
258813
j806
258813
j806
258813
j806
258813
j807
258813
j807
259620
j807
259620
j807
259620
j807
259620
j808
260428
j808
260428
j808
260428
j808
260428
j808
260428
j809
260428
j809
260428
j809
260428
j809
260428
j809
260428
j810
261238
j811
261238
j811
261238
j811
261238
j811
261238
j811
261238
j812
262050
j812
262050
j812
262050
j813
262050
j813
262863
j813
262863
j813
262863
j813
262863
j814
263677
j814
263677
j814
263677
j814
263677
j815
263677
j815
263677
j815
264492
j815
264492
j815
264492
j816
265308
j817
265308
j817
265308
j817
265308
j817
265308
j817
265308
j818
266126
j818
266126
j818
266126
j818
266126
j818
266126
j819
266126
j819
266945
j819
266945
j820
267765
j820
267765
j821
267765
j821
267765
j821
267765
j821
267765
j821
267765
j822
268587
j823
268587
j823
268587
j823
268587
j823
268587
j823
268587
j824
269411
j824
269411
j824
269411
j824
269411
j824
269411
j825
269411
j825
270236
j826
271062
j826
271062
j826
271062
j827
271062
j827
271062
j827
271062
j827
271062
j827
271062
j828
271890
j829
271890
j829
271890
j829
271890
j829
271890
j829
271890
j830
272720
j830
272720
j831
272720
j831
273551
j831
273551
j831
273551
j831
273551
j832
274383
j832
274383
j832
274383
j832
274383
j832
274383
j833
274383
j833
274383
j833
274383
j833
275216
j833
275216
j834
276050
j835
276050
j835
276050
j835
276885
j835
276885
j835
276885
j836
277721
j836
277721
j836
277721
j836
277721
j837
277721
j837
278558
j837
278558
j837
278558
j837
278558
j838
279396
j838
279396
j838
279396
j838
279396
j838
279396
j839
279396
j839
279396
j839
279396
j839
279396
j839
279396
j840
280236
j841
280236
j841
280236
j841
280236
j841
280236
j841
280236
j842
281078
j842
281078
j842
281078
j842
281078
j842
281078
j843
281078
j843
281921
j843
281921
j843
281921
j843
281921
j844
282765
j844
282765
j844
282765
j844
282765
j844
282765
j845
282765
j845
282765
j845
283610
j845
283610
j845
283610
j846
284456
j847
284456
j847
284456
j847
284456
j847
285303
j848
286151
j848
286151
j848
286151
j848
286151
j848
286151
j849
286151
j849
287000
j849
287000
j849
287000
j849
287000
j850
287850
j850
287850
j851
287850
j851
287850
j851
287850
j851
287850
j851
287850
j852
288702
j853
288702
j853
288702
j853
288702
j853
288702
j853
288702
j854
289556
j854
289556
j854
289556
j855
289556
j855
290411
j856
291267
j856
291267
j856
291267
j856
291267
j856
291267
j857
291267
j857
291267
j857
291267
j857
291267
j857
291267
j858
292125
j859
292125
j859
292125
j859
292125
j859
292125
j859
292125
j860
292985
j860
292985
j861
292985
j861
293846
j861
293846
j862
294708
j862
294708
j862
294708
j862
294708
j862
294708
j863
294708
j863
294708
j863
294708
j863
294708
j863
294708
j864
295572
j865
295572
j865
295572
j865
296437
j865
296437
j865
296437
j866
297303
j866
297303
j866
297303
j866
297303
j866
297303
j867
297303
j867
298170
j867
298170
j867
298170
j867
298170
j868
299038
j868
299038
j868
299038
j869
299038
j869
299038
j869
299038
j869
299038
j869
299907
j870
300777
j871
300777
j871
300777
j871
300777
j871
300777
j871
300777
j872
301649
j872
301649
j872
301649
j872
301649
j872
301649
j873
301649
j873
302522
j873
302522
j873
302522
j873
302522
j874
303396
j874
303396
j874
303396
j874
303396
j874
303396
j875
303396
j875
303396
j875
304271
j876
305147
j877
305147
j877
305147
j877
305147
j877
305147
j877
305147
j878
306025
j878
306025
j878
306025
j878
306025
j878
306025
j879
306025
j879
306904
j879
306904
j879
306904
j879
306904
j880
307784
j880
307784
j881
307784
j881
307784
j881
307784
j881
307784
j881
307784
j882
308666
j883
308666
j883
308666
j883
308666
j883
308666
j883
308666
j884
309550
j884
309550
j884
309550
j884
309550
j884
309550
j885
309550
j885
310435
j886
311321
j886
311321
j886
311321
j886
311321
j886
311321
j887
311321
j887
311321
j887
311321
j887
311321
j887
311321
j888
312209
j889
312209
j889
312209
j889
312209
j889
313098
j889
313098
j890
313988
j890
313988
j891
313988
j891
314879
j891
314879
j891
314879
j892
315771
j892
315771
j892
315771
j892
315771
j892
315771
j893
315771
j893
315771
j893
315771
j893
315771
j893
315771
j894
316665
j895
316665
j895
316665
j895
317560
j895
317560
j895
317560
j896
318456
j896
318456
j896
318456
j897
318456
j897
319353
j897
319353
j897
319353
j897
319353
j898
320251
j898
320251
j898
320251
j898
320251
j898
320251
j899
320251
j899
320251
j899
320251
j899
320251
j899
320251
j900
321151
j901
321151
j901
321151
j901
321151
j901
321151
j901
321151
j902
322053
j902
322053
j902
322053
j902
322053
j903
322053
j903
322956
j903
322956
j904
323860
j904
323860
j904
323860
j904
323860
j904
323860
j905
323860
j905
323860
j905
324765
j905
324765
j905
324765
j906
325671
j907
325671
j907
325671
j907
325671
j907
325671
j907
325671
j908
326579
j908
326579
j908
326579
j908
326579
j908
326579
j909
326579
j909
327488
j909
327488
j909
327488
j909
327488
j910
328398
j910
328398
j911
328398
j911
328398
j911
328398
j911
328398
j911
328398
j912
329310
j913
329310
j913
329310
j913
329310
j913
329310
j913
330223
j914
331137
j914
331137
j914
331137
j914
331137
j914
331137
j915
331137
j915
332052
j916
332968
j916
332968
j916
332968
j916
332968
j916
332968
j917
332968
j917
332968
j917
332968
j917
333885
j917
333885
j918
334803
j919
334803
j919
334803
j919
334803
j919
334803
j919
334803
j920
335723
j920
335723
j921
335723
j921
336644
j921
336644
j921
336644
j921
336644
j922
337566
j922
337566
j922
337566
j922
337566
j922
337566
j923
337566
j923
337566
j923
337566
j923
337566
j923
337566
j924
338490
j925
338490
j925
338490
j925
339415
j925
339415
j925
339415
j926
340341
j926
340341
j926
340341
j926
340341
j926
340341
j927
340341
j927
341268
j927
341268
j927
341268
j927
341268
j928
342196
j928
342196
j928
342196
j928
342196
j928
342196
j929
342196
j929
342196
j929
342196
j929
342196
j929
342196
j930
343126
j931
343126
j931
343126
j931
343126
j931
344057
j931
344057
j932
344989
j932
344989
j932
344989
j932
344989
j932
344989
j933
344989
j933
345922
j933
345922
j933
345922
j933
345922
j934
346856
j934
346856
j934
346856
j934
346856
j934
346856
j935
346856
j935
346856
j935
347791
j935
347791
j936
348727
j937
348727
j937
348727
j937
348727
j937
348727
j937
348727
j938
349665
j938
349665
j938
349665
j939
349665
j939
350604
j939
350604
j939
350604
j939
350604
j940
351544
j940
351544
j941
351544
j941
351544
j941
351544
j941
351544
j941
351544
j942
352486
j943
352486
j943
352486
j943
352486
j943
352486
j943
352486
j944
353430
j944
353430
j944
353430
j944
353430
j944
353430
j945
353430
j945
354375
j946
355321
j946
355321
j946
355321
j946
355321
j947
355321
j947
355321
j947
355321
j947
355321
j947
355321
j948
356269
j949
356269
j949
356269
j949
356269
j949
356269
j949
356269
j950
357219
j950
357219
j951
357219
j951
358170
j951
358170
j951
358170
j951
358170
j952
359122
j952
359122
j952
359122
j953
359122
j953
359122
j953
359122
j953
359122
j953
359122
j954
360076
j955
360076
j955
360076
j955
361031
j955
361031
j955
361031
j956
361987
j956
361987
j956
361987
j956
361987
j956
361987
j957
361987
j957
362944
j957
362944
j957
362944
j958
363902
j958
363902
j958
363902
j958
363902
j958
363902
j959
363902
j959
363902
j959
363902
j959
364861
j959
364861
j960
365821
j961
365821
j961
365821
j961
365821
j961
365821
j961
365821
j962
366783
j962
366783
j962
366783
j962
366783
j962
366783
j963
366783
j963
367746
j963
367746
j963
367746
j963
367746
j964
368710
j964
368710
j964
368710
j964
368710
j964
368710
j965
368710
j965
368710
j965
369675
j965
369675
j965
369675
j966
370641
j967
370641
j967
370641
j967
370641
j967
370641
j967
370641
j968
371609
j968
371609
j968
371609
j968
371609
j969
371609
j969
372578
j969
372578
j969
372578
j969
372578
j970
373548
j970
373548
j971
373548
j971
373548
j971
373548
j971
373548
j971
373548
j972
374520
j973
374520
j973
374520
j973
374520
j973
375493
j973
375493
j974
376467
j974
376467
j974
376467
j974
376467
j974
376467
j975
376467
j975
377442
j976
378418
j976
378418
j976
378418
j976
378418
j976
378418
j977
378418
j977
378418
j977
378418
j977
378418
j977
378418
j978
379396
j979
379396
j979
379396
j979
379396
j979
379396
j979
380375
j980
381355
j980
381355
j981
381355
j981
382336
j981
382336
j981
382336
j981
382336
j982
383318
j982
383318
j982
383318
j982
383318
j982
383318
j983
383318
j983
383318
j983
383318
j983
383318
j983
383318
j984
384302
j985
384302
j985
384302
j985
385287
j985
385287
j985
385287
j986
386273
j986
386273
j986
386273
j986
386273
j986
386273
j987
386273
j987
387260
j987
387260
j988
388248
j988
388248
j988
388248
j988
388248
j988
388248
j989
388248
j989
388248
j989
388248
j989
388248
j989
388248
j990
389238
j991
389238
j991
389238
j991
389238
j991
389238
j991
389238
j992
390230
j992
390230
j992
390230
j992
390230
j992
390230
j993
390230
j993
391223
j993
391223
j993
391223
j993
391223
j994
392217
j994
392217
j994
392217
j995
392217
j995
392217
j995
393212
j995
393212
j995
393212
j996
394208
j997
394208
j997
394208
j997
394208
j997
394208
j997
394208
j998
395206
j998
395206
j998
395206
j998
395206
j998
395206
j999
395206
j999
396205
j999
396205
j999
396205
j999
396205
j1000
397205
j1000
397205
j1001
397205
j1001
397205
j1001
397205
j1001
398206
j1002
399208
j1003
399208
j1003
399208
j1003
399208
j1003
399208
j1003
399208
j1004
400212
j1004
400212
j1004
400212
j1004
400212
j1004
400212
j1005
400212
j1005
401217
j1006
402223
j1006
402223
j1006
402223
j1006
402223
j1006
402223
j1007
402223
j1007
402223
j1007
402223
j1007
402223
j1007
402223
j1008
403231
j1009
403231
j1009
403231
j1009
403231
j1009
403231
j1009
403231
j1010
404241
j1010
404241
j1011
404241
j1011
405252
j1011
405252
j1011
405252
j1011
405252
j1012
406264
j1012
406264
j1012
406264
j1012
406264
j1013
406264
j1013
406264
j1013
406264
j1013
406264
j1013
406264
j1014
407278
j1015
407278
j1015
407278
j1015
408293
j1016
409309
j1016
409309
j1016
409309
j1016
409309
j1016
409309
j1017
409309
j1017
410326
j1017
410326
j1017
410326
j1017
410326
j1018
411344
j1018
411344
j1018
411344
j1018
411344
j1018
411344
j1019
411344
j1019
411344
j1019
411344
j1019
411344
j1019
411344
j1020
412364
j1021
412364
j1021
412364
j1021
412364
j1021
412364
j1021
412364
j1022
413386
j1022
413386
j1022
413386
j1023
413386
j1023
414409
j1023
414409
j1023
414409
j1024
415433
j1024
415433
j1024
415433
j1024
415433
j1024
415433
j1025
415433
j1025
415433
j1025
416458
j1025
416458
j1025
416458
j1026
417484
j1027
417484
j1027
417484
j1027
417484
j1027
417484
j1027
417484
j1028
418512
j1028
418512
j1028
418512
j1028
418512
j1028
418512
j1029
418512
j1029
419541
j1029
419541
j1030
420571
j1030
420571
j1031
420571
j1031
420571
j1031
420571
j1031
420571
j1031
420571
j1032
421603
j1033
421603
j1033
421603
j1033
421603
j1033
421603
j1033
421603
j1034
422637
j1034
422637
j1034
422637
j1034
422637
j1035
422637
j1035
423672
j1036
424708
j1036
424708
j1036
424708
j1037
424708
j1037
424708
j1037
424708
j1037
424708
j1037
424708
j1038
425746
j1039
425746
j1039
425746
j1039
425746
j1039
425746
j1039
425746
j1040
426786
j1040
426786
j1041
426786
j1041
427827
j1041
427827
j1041
427827
j1041
427827
j1042
428869
j1042
428869
j1042
428869
j1042
428869
j1042
428869
j1043
428869
j1043
428869
j1043
428869
j1043
429912
j1043
429912
j1044
430956
j1045
430956
j1045
430956
j1045
432001
j1045
432001
j1046
433047
j1046
433047
j1046
433047
j1046
433047
j1046
433047
j1047
433047
j1047
434094
j1047
434094
j1047
434094
j1047
434094
j1048
435142
j1048
435142
j1048
435142
j1048
435142
j1048
435142
j1049
435142
j1049
435142
j1049
435142
j1049
435142
j1049
435142
j1050
436192
j1051
436192
j1051
436192
j1051
436192
j1051
436192
j1051
436192
j1052
437244
j1052
437244
j1052
437244
j1052
437244
j1052
437244
j1053
437244
j1053
438297
j1053
438297
j1053
438297
j1053
438297
j1054
439351
j1054
439351
j1054
439351
j1054
439351
j1054
439351
j1055
439351
j1055
439351
j1055
440406
j1055
440406
j1055
440406
j1056
441462
j1057
441462
j1057
441462
j1057
441462
j1057
442519
j1057
442519
j1058
443577
j1058
443577
j1058
443577
j1058
443577
j1058
443577
j1059
443577
j1059
444636
j1059
444636
j1059
444636
j1059
444636
j1060
445696
j1060
445696
j1061
445696
j1061
445696
j1061
445696
j1061
445696
j1061
445696
j1062
446758
j1063
446758
j1063
446758
j1063
446758
j1063
446758
j1063
446758
j1064
447822
j1064
447822
j1064
447822
j1065
447822
j1065
448887
j1066
449953
j1066
449953
j1066
449953
j1066
449953
j1066
449953
j1067
449953
j1067
449953
j1067
449953
j1067
449953
j1067
451020
j1068
452088
j1069
452088
j1069
452088
j1069
452088
j1069
452088
j1069
452088
j1070
453158
j1070
453158
j1071
453158
j1071
454229
j1071
454229
j1072
455301
j1072
455301
j1072
455301
j1072
455301
j1072
455301
j1073
455301
j1073
455301
j1073
455301
j1073
455301
j1073
455301
j1074
456375
j1075
456375
j1075
456375
j1075
457450
j1075
457450
j1075
457450
j1076
458526
j1076
458526
j1076
458526
j1076
458526
j1076
458526
j1077
458526
j1077
459603
j1077
459603
j1077
459603
j1077
459603
j1078
460681
j1078
460681
j1078
460681
j1079
460681
j1079
460681
j1079
460681
j1079
460681
j1079
460681
j1080
461761
j1081
461761
j1081
461761
j1081
461761
j1081
461761
j1081
461761
j1082
462843
j1082
462843
j1082
462843
j1082
462843
j1082
462843
j1083
462843
j1083
463926
j1083
463926
j1083
463926
j1083
463926
j1084
465010
j1084
465010
j1084
465010
j1084
465010
j1084
465010
j1085
465010
j1085
465010
j1085
466095
j1086
467181
j1087
467181
j1087
467181
j1087
467181
j1087
467181
j1087
467181
j1088
468269
j1088
468269
j1088
468269
j1088
468269
j1088
468269
j1089
468269
j1089
469358
j1089
469358
j1089
469358
j1090
470448
j1090
470448
j1091
470448
j1091
470448
j1091
470448
j1091
470448
j1091
470448
j1092
471540
j1093
471540
j1093
471540
j1093
471540
j1093
471540
j1093
471540
j1094
472634
j1094
472634
j1094
472634
j1094
472634
j1094
472634
j1095
472634
j1095
473729
j1096
474825
j1096
474825
j1096
474825
j1096
474825
j1096
474825
j1097
474825
j1097
474825
j1097
474825
j1097
474825
j1097
474825
j1098
475923
j1099
475923
j1099
475923
j1099
475923
j1099
477022
j1099
477022
j1100
478122
j1100
478122
j1101
478122
j1101
479223
j1101
479223
j1101
479223
j1101
479223
j1102
480325
j1102
480325
j1102
480325
j1102
480325
j1102
480325
j1103
480325
j1103
480325
j1103
480325
j1103
480325
j1103
480325
j1104
481429
j1105
481429
j1105
481429
j1105
482534
j1105
482534
j1105
482534
j1106
483640
j1106
483640
j1106
483640
j1107
483640
j1107
484747
j1107
484747
j1107
484747
j1107
484747
j1108
485855
j1108
485855
j1108
485855
j1108
485855
j1108
485855
j1109
485855
j1109
485855
j1109
485855
j1109
485855
j1109
485855
j1110
486965
j1111
486965
j1111
486965
j1111
486965
j1111
486965
j1111
488076
j1112
489188
j1112
489188
j1112
489188
j1112
489188
j1112
489188
j1113
489188
j1113
490301
j1113
490301
j1114
491415
j1114
491415
j1114
491415
j1114
491415
j1114
491415
j1115
491415
j1115
491415
j1115
492530
j1115
492530
j1115
492530
j1116
493646
j1117
493646
j1117
493646
j1117
493646
j1117
493646
j1117
493646
j1118
494764
j1118
494764
j1118
494764
j1118
494764
j1118
494764
j1119
494764
j1119
495883
j1119
495883
j1119
495883
j1119
495883
j1120
497003
j1120
497003
j1121
497003
j1121
497003
j1121
497003
j1121
497003
j1121
497003
j1122
498125
j1123
498125
j1123
498125
j1123
498125
j1123
498125
j1123
498125
j1124
499249
j1124
499249
j1124
499249
j1124
499249
j1124
499249
j1125
499249
j1125
500374
j1126
501500
j1126
501500
j1126
501500
j1126
501500
j1126
501500
j1127
501500
j1127
501500
j1127
501500
j1127
502627
j1127
502627
j1128
503755
j1129
503755
j1129
503755
j1129
503755
j1129
503755
j1129
503755
j1130
504885
j1130
504885
j1131
504885
j1131
506016
j1131
506016
j1131
506016
j1131
506016
j1132
507148
j1132
507148
j1132
507148
j1132
507148
j1132
507148
j1133
507148
j1133
507148
j1133
507148
j1133
507148
j1133
508281
j1134
509415
j1135
509415
j1135
509415
j1135
510550
j1135
510550
j1135
510550
j1136
511686
j1136
511686
j1136
511686
j1136
511686
j1136
511686
j1137
511686
j1137
512823
j1137
512823
j1137
512823
j1137
512823
j1138
513961
j1138
513961
j1138
513961
j1138
513961
j1138
513961
j1139
513961
j1139
513961
j1139
513961
j1139
513961
j1139
513961
j1140
515101
j1141
515101
j1141
515101
j1141
515101
j1141
516242
j1141
516242
j1142
517384
j1142
517384
j1142
517384
j1142
517384
j1142
517384
j1143
517384
j1143
518527
j1143
518527
j1143
518527
j1143
518527
j1144
519671
j1144
519671
j1144
519671
j1144
519671
j1145
519671
j1145
519671
j1145
520816
j1145
520816
j1145
520816
j1146
521962
j1147
521962
j1147
521962
j1147
521962
j1147
521962
j1147
521962
j1148
523110
j1148
523110
j1148
523110
j1149
523110
j1149
524259
j1149
524259
j1149
524259
j1149
524259
j1150
525409
j1150
525409
j1151
525409
j1151
525409
j1151
525409
j1151
525409
j1151
525409
j1152
526561
j1153
526561
j1153
526561
j1153
526561
j1153
526561
j1153
526561
j1154
527715
j1154
527715
j1154
527715
j1154
527715
j1154
527715
j1155
527715
j1155
528870
j1156
530026
j1156
530026
j1156
530026
j1156
530026
j1156
530026
j1157
530026
j1157
530026
j1157
530026
j1157
530026
j1157
530026
j1158
531184
j1159
531184
j1159
531184
j1159
531184
j1159
531184
j1159
531184
j1160
532344
j1160
532344
j1161
532344
j1161
533505
j1161
533505
j1161
533505
j1161
533505
j1162
534667
j1162
534667
j1162
534667
j1163
534667
j1163
534667
j1163
534667
j1163
534667
j1163
534667
j1164
535831
j1165
535831
j1165
535831
j1165
536996
j1165
536996
j1165
536996
j1166
538162
j1166
538162
j1166
538162
j1166
538162
j1167
538162
j1167
539329
j1167
539329
j1167
539329
j1167
539329
j1168
540497
j1168
540497
j1168
540497
j1168
540497
j1168
540497
j1169
540497
j1169
540497
j1169
540497
j1169
541666
j1169
541666
j1170
542836
j1171
542836
j1171
542836
j1171
542836
j1171
542836
j1171
542836
j1172
544008
j1172
544008
j1172
544008
j1172
544008
j1172
544008
j1173
544008
j1173
545181
j1173
545181
j1173
545181
j1173
545181
j1174
546355
j1174
546355
j1174
546355
j1174
546355
j1174
546355
j1175
546355
j1175
546355
j1175
547530
j1175
547530
j1175
547530
j1176
548706
j1177
548706
j1177
548706
j1177
548706
j1177
548706
j1177
549883
j1178
551061
j1178
551061
j1178
551061
j1178
551061
j1178
551061
j1179
551061
j1179
552240
j1179
552240
j1179
552240
j1179
552240
j1180
553420
j1180
553420
j1181
553420
j1181
553420
j1181
553420
j1181
553420
j1181
553420
j1182
554602
j1183
554602
j1183
554602
j1183
554602
j1183
555785
j1183
555785
j1184
556969
j1184
556969
j1184
556969
j1184
556969
j1184
556969
j1185
556969
j1185
558154
j1186
559340
j1186
559340
j1186
559340
j1186
559340
j1186
559340
j1187
559340
j1187
559340
j1187
559340
j1187
559340
j1187
559340
j1188
560528
j1189
560528
j1189
560528
j1189
560528
j1189
560528
j1189
560528
j1190
561718
j1190
561718
j1191
561718
j1191
562909
j1191
562909
j1191
562909
j1191
562909
j1192
564101
j1192
564101
j1192
564101
j1192
564101
j1192
564101
j1193
564101
j1193
564101
j1193
564101
j1193
564101
j1193
564101
j1194
565295
j1195
565295
j1195
565295
j1195
566490
j1195
566490
j1195
566490
j1196
567686
j1196
567686
j1196
567686
j1196
567686
j1196
567686
j1197
567686
j1197
568883
j1197
568883
j1198
570081
j1198
570081
j1198
570081
j1198
570081
j1198
570081
j1199
570081
j1199
570081
j1199
570081
j1199
570081
j1199
571280
j1200
572480
j1201
572480
j1201
572480
j1201
572480
j1201
572480
j1201
572480
j1202
573682
j1202
573682
j1202
573682
j1202
573682
j1202
573682
j1203
573682
j1203
574885
j1203
574885
j1203
574885
j1203
574885
j1204
576089
j1204
576089
j1204
576089
j1205
576089
j1205
576089
j1205
577294
j1205
577294
j1205
577294
j1206
578500
j1207
578500
j1207
578500
j1207
578500
j1207
578500
j1207
578500
j1208
579708
j1208
579708
j1208
579708
j1208
579708
j1208
579708
j1209
579708
j1209
580917
j1209
580917
j1209
580917
j1209
580917
j1210
582127
j1210
582127
j1211
582127
j1211
582127
j1211
582127
j1211
583338
j1211
583338
j1212
584550
j1213
584550
j1213
584550
j1213
584550
j1213
584550
j1213
584550
j1214
585764
j1214
585764
j1214
585764
j1214
585764
j1214
585764
j1215
585764
j1215
586979
j1216
588195
j1216
588195
j1216
588195
j1216
588195
j1216
588195
j1217
588195
j1217
588195
j1217
588195
j1217
588195
j1217
588195
j1218
589413
j1219
589413
j1219
589413
j1219
589413
j1219
589413
j1219
589413
j1220
590633
j1220
590633
j1221
590633
j1221
591854
j1221
591854
j1221
591854
j1222
593076
j1222
593076
j1222
593076
j1222
593076
j1222
593076
j1223
593076
j1223
593076
j1223
593076
j1223
593076
j1223
593076
j1224
594300
j1225
594300
j1225
594300
j1225
595525
j1226
596751
j1226
596751
j1226
596751
j1226
596751
j1226
596751
j1227
596751
j1227
597978
j1227
597978
j1227
597978
j1227
597978
j1228
599206
j1228
599206
j1228
599206
j1228
599206
j1228
599206
j1229
599206
j1229
599206
j1229
599206
j1229
599206
j1229
599206
j1230
600436
j1231
600436
j1231
600436
j1231
600436
j1231
600436
j1231
600436
j1232
601668
j1232
601668
j1232
601668
j1233
601668
j1233
602901
j1233
602901
j1233
602901
j1233
602901
j1234
604135
j1234
604135
j1234
604135
j1234
604135
j1234
604135
j1235
604135
j1235
604135
j1235
605370
j1235
605370
j1235
605370
j1236
606606
j1237
606606
j1237
606606
j1237
606606
j1237
606606
j1237
606606
j1238
607844
j1238
607844
j1238
607844
j1238
607844
j1238
607844
j1239
607844
j1239
609083
j1239
609083
j1240
610323
j1240
610323
j1241
610323
j1241
610323
j1241
610323
j1241
610323
j1241
610323
j1242
611565
j1243
611565
j1243
611565
j1243
611565
j1243
611565
j1243
612808
j1244
614052
j1244
614052
j1244
614052
j1244
614052
j1244
614052
j1245
614052
j1245
615297
j1246
616543
j1246
616543
j1246
616543
j1247
616543
j1247
616543
j1247
616543
j1247
616543
j1247
616543
j1248
617791
j1249
617791
j1249
617791
j1249
617791
j1249
617791
j1249
617791
j1250
619041
j1250
619041
j1251
619041
j1251
620292
j1251
620292
j1251
620292
j1251
620292
j1252
621544
j1252
621544
j1252
621544
j1252
621544
j1252
621544
j1253
621544
j1253
621544
j1253
621544
j1253
622797
j1253
622797
j1254
624051
j1255
624051
j1255
624051
j1255
625306
j1255
625306
j1255
625306
j1256
626562
j1256
626562
j1256
626562
j1256
626562
j1256
626562
j1257
626562
j1257
627819
j1257
627819
j1257
627819
j1257
627819
j1258
629077
j1258
629077
j1258
629077
j1258
629077
j1258
629077
j1259
629077
j1259
629077
j1259
629077
j1259
629077
j1259
629077
j1260
630337
j1261
630337
j1261
630337
j1261
630337
j1261
630337
j1261
630337
j1262
631599
j1262
631599
j1262
631599
j1262
631599
j1262
631599
j1263
631599
j1263
632862
j1263
632862
j1263
632862
j1263
632862
j1264
634126
j1264
634126
j1264
634126
j1264
634126
j1264
634126
j1265
634126
j1265
634126
j1265
635391
j1265
635391
j1266
636657
j1267
636657
j1267
636657
j1267
636657
j1267
637924
j1267
637924
j1268
639192
j1268
639192
j1268
639192
j1268
639192
j1268
639192
j1269
639192
j1269
640461
j1269
640461
j1269
640461
j1269
640461
j1270
641731
j1270
641731
j1271
641731
j1271
641731
j1271
641731
j1271
641731
j1271
641731
j1272
643003
j1273
643003
j1273
643003
j1273
643003
j1273
643003
j1273
643003
j1274
644277
j1274
644277
j1274
644277
j1275
644277
j1275
645552
j1276
646828
j1276
646828
j1276
646828
j1276
646828
j1277
646828
j1277
646828
j1277
646828
j1277
646828
j1277
646828
j1278
648106
j1279
648106
j1279
648106
j1279
648106
j1279
648106
j1279
648106
j1280
649386
j1280
649386
j1281
649386
j1281
650667
j1281
650667
j1282
651949
j1282
651949
j1282
651949
j1282
651949
j1282
651949
j1283
651949
j1283
651949
j1283
651949
j1283
651949
j1283
651949
j1284
653233
j1285
653233
j1285
653233
j1285
654518
j1285
654518
j1285
654518
j1286
655804
j1286
655804
j1286
655804
j1286
655804
j1286
655804
j1287
655804
j1287
657091
j1287
657091
j1287
657091
j1288
658379
j1288
658379
j1288
658379
j1289
658379
j1289
658379
j1289
658379
j1289
658379
j1289
658379
j1290
659669
j1291
659669
j1291
659669
j1291
659669
j1291
659669
j1291
659669
j1292
660961
j1292
660961
j1292
660961
j1292
660961
j1292
660961
j1293
660961
j1293
662254
j1293
662254
j1293
662254
j1293
662254
j1294
663548
j1294
663548
j1294
663548
j1294
663548
j1294
663548
j1295
663548
j1295
663548
j1295
664843
j1296
666139
j1297
666139
j1297
666139
j1297
666139
j1297
666139
j1297
666139
j1298
667437
j1298
667437
j1298
667437
j1298
667437
j1299
667437
j1299
668736
j1299
668736
j1299
668736
j1299
668736
j1300
670036
j1300
670036
j1301
670036
j1301
670036
j1301
670036
j1301
670036
j1301
670036
j1302
671338
j1303
671338
j1303
671338
j1303
671338
j1303
671338
j1303
671338
j1304
672642
j1304
672642
j1304
672642
j1304
672642
j1304
672642
j1305
672642
j1305
673947
j1306
675253
j1306
675253
j1306
675253
j1306
675253
j1306
675253
j1307
675253
j1307
675253
j1307
675253
j1307
675253
j1307
675253
j1308
676561
j1309
676561
j1309
676561
j1309
676561
j1309
677870
j1310
679180
j1310
679180
j1311
679180
j1311
680491
j1311
680491
j1311
680491
j1311
680491
j1312
681803
j1312
681803
j1312
681803
j1312
681803
j1312
681803
j1313
681803
j1313
681803
j1313
681803
j1313
681803
j1313
681803
j1314
683117
j1315
683117
j1315
683117
j1315
684432
j1315
684432
j1315
684432
j1316
685748
j1316
685748
j1316
685748
j1317
685748
j1317
687065
j1317
687065
j1317
687065
j1317
687065
j1318
688383
j1318
688383
j1318
688383
j1318
688383
j1318
688383
j1319
688383
j1319
688383
j1319
688383
j1319
688383
j1319
688383
j1320
689703
j1321
689703
j1321
689703
j1321
689703
j1321
689703
j1321
689703
j1322
691025
j1322
691025
j1322
691025
j1322
691025
j1322
691025
j1323
691025
j1323
692348
j1323
692348
j1324
693672
j1324
693672
j1324
693672
j1324
693672
j1324
693672
j1325
693672
j1325
693672
j1325
694997
j1325
694997
j1325
694997
j1326
696323
j1327
696323
j1327
696323
j1327
696323
j1327
696323
j1327
696323
j1328
697651
j1328
697651
j1328
697651
j1328
697651
j1328
697651
j1329
697651
j1329
698980
j1329
698980
j1329
698980
j1329
698980
j1330
700310
j1330
700310
j1331
700310
j1331
700310
j1331
700310
j1331
700310
j1331
701641
j1332
702973
j1333
702973
j1333
702973
j1333
702973
j1333
702973
j1333
702973
j1334
704307
j1334
704307
j1334
704307
j1334
704307
j1334
704307
j1335
704307
j1335
705642
j1336
706978
j1336
706978
j1336
706978
j1336
706978
j1336
706978
j1337
706978
j1337
706978
j1337
706978
j1337
708315
j1337
708315
j1338
709653
j1339
709653
j1339
709653
j1339
709653
j1339
709653
j1339
709653
j1340
710993
j1340
710993
j1341
710993
j1341
712334
j1341
712334
j1341
712334
j1341
712334
j1342
713676
j1342
713676
j1342
713676
j1342
713676
j1343
713676
j1343
713676
j1343
713676
j1343
713676
j1343
713676
j1344
715020
j1345
715020
j1345
715020
j1345
716365
j1345
716365
j1345
716365
j1346
717711
j1346
717711
j1346
717711
j1346
717711
j1346
717711
j1347
717711
j1347
719058
j1347
719058
j1347
719058
j1347
719058
j1348
720406
j1348
720406
j1348
720406
j1348
720406
j1348
720406
j1349
720406
j1349
720406
j1349
720406
j1349
720406
j1349
720406
j1350
721756
j1351
721756
j1351
721756
j1351
721756
j1351
723107
j1351
723107
j1352
724459
j1352
724459
j1352
724459
j1352
724459
j1352
724459
j1353
724459
j1353
725812
j1353
725812
j1353
725812
j1354
727166
j1354
727166
j1354
727166
j1354
727166
j1354
727166
j1355
727166
j1355
727166
j1355
728521
j1355
728521
j1355
728521
j1356
729877
j1357
729877
j1357
729877
j1357
729877
j1357
729877
j1357
729877
j1358
731235
j1358
731235
j1358
731235
j1359
731235
j1359
732594
j1359
732594
j1359
732594
j1359
732594
j1360
733954
j1360
733954
j1361
733954
j1361
733954
j1361
733954
j1361
733954
j1361
733954
j1362
735316
j1363
735316
j1363
735316
j1363
735316
j1363
735316
j1363
735316
j1364
736680
j1364
736680
j1364
736680
j1364
736680
j1365
736680
j1365
738045
j1366
739411
j1366
739411
j1366
739411
j1366
739411
j1366
739411
j1367
739411
j1367
739411
j1367
739411
j1367
739411
j1367
739411
j1368
740779
j1369
740779
j1369
740779
j1369
740779
j1369
740779
j1369
740779
j1370
742149
j1370
742149
j1371
742149
j1371
743520
j1371
743520
j1371
743520
j1371
743520
j1372
744892
j1372
744892
j1372
744892
j1373
744892
j1373
744892
j1373
744892
j1373
744892
j1373
744892
j1374
746266
j1375
746266
j1375
746266
j1375
747641
j1375
747641
j1376
749017
j1376
749017
j1376
749017
j1376
749017
j1376
749017
j1377
749017
j1377
750394
j1377
750394
j1377
750394
j1377
750394
j1378
751772
j1378
751772
j1378
751772
j1378
751772
j1378
751772
j1379
751772
j1379
751772
j1379
751772
j1379
753151
j1379
753151
j1380
754531
j1381
754531
j1381
754531
j1381
754531
j1381
754531
j1381
754531
j1382
755913
j1382
755913
j1382
755913
j1382
755913
j1382
755913
j1383
755913
j1383
757296
j1383
757296
j1383
757296
j1383
757296
j1384
758680
j1384
758680
j1384
758680
j1384
758680
j1384
758680
j1385
758680
j1385
758680
j1385
760065
j1385
760065
j1385
760065
j1386
761451
j1387
761451
j1387
761451
j1387
761451
j1387
761451
j1387
761451
j1388
762839
j1388
762839
j1388
762839
j1388
762839
j1388
762839
j1389
762839
j1389
764228
j1389
764228
j1389
764228
j1389
764228
j1390
765618
j1390
765618
j1391
765618
j1391
765618
j1391
765618
j1391
765618
j1391
765618
j1392
767010
j1393
767010
j1393
767010
j1393
767010
j1393
768403
j1393
768403
j1394
769797
j1394
769797
j1394
769797
j1394
769797
j1394
769797
j1395
769797
j1395
771192
j1396
772588
j1396
772588
j1396
772588
j1396
772588
j1396
772588
j1397
772588
j1397
772588
j1397
772588
j1397
772588
j1397
773985
j1398
775383
j1399
775383
j1399
775383
j1399
775383
j1399
775383
j1399
775383
j1400
776783
j1400
776783
j1401
776783
j1401
778184
j1401
778184
j1401
778184
j1401
778184
j1402
779586
j1402
779586
j1402
779586
j1402
779586
j1402
779586
j1403
779586
j1403
779586
j1403
779586
j1403
779586
j1403
779586
j1404
780990
j1405
780990
j1405
780990
j1405
782395
j1405
782395
j1405
782395
j1406
783801
j1406
783801
j1406
783801
j1406
783801
j1406
783801
j1407
783801
j1407
785208
j1407
785208
j1408
786616
j1408
786616
j1408
786616
j1408
786616
j1409
786616
j1409
786616
j1409
786616
j1409
786616
j1409
786616
j1410
788026
j1411
788026
j1411
788026
j1411
788026
j1411
788026
j1411
788026
j1412
789438
j1412
789438
j1412
789438
j1412
789438
j1412
789438
j1413
789438
j1413
790851
j1413
790851
j1413
790851
j1413
790851
j1414
792265
j1414
792265
j1414
792265
j1415
792265
j1415
792265
j1415
793680
j1415
793680
j1415
793680
j1416
795096
j1417
795096
j1417
795096
j1417
795096
j1417
795096
j1417
795096
j1418
796514
j1418
796514
j1418
796514
j1418
796514
j1418
796514
j1419
796514
j1419
797933
j1419
797933
j1419
797933
j1420
799353
j1420
799353
j1421
799353
j1421
799353
j1421
799353
j1421
800774
j1421
800774
j1422
802196
j1423
802196
j1423
802196
j1423
802196
j1423
802196
j1423
802196
j1424
803620
j1424
803620
j1424
803620
j1424
803620
j1424
803620
j1425
803620
j1425
805045
j1426
806471
j1426
806471
j1426
806471
j1426
806471
j1426
806471
j1427
806471
j1427
806471
j1427
806471
j1427
806471
j1427
806471
j1428
807899
j1429
807899
j1429
807899
j1429
807899
j1429
807899
j1429
807899
j1430
809329
j1430
809329
j1431
809329
j1431
810760
j1431
810760
j1431
810760
j1431
810760
j1432
812192
j1432
812192
j1432
812192
j1432
812192
j1432
812192
j1433
812192
j1433
812192
j1433
812192
j1433
812192
j1433
812192
j1434
813626
j1435
813626
j1435
813626
j1435
815061
j1436
816497
j1436
816497
j1436
816497
j1436
816497
j1436
816497
j1437
816497
j1437
817934
j1437
817934
j1437
817934
j1437
817934
j1438
819372
j1438
819372
j1438
819372
j1438
819372
j1438
819372
j1439
819372
j1439
819372
j1439
819372
j1439
819372
j1439
819372
j1440
820812
j1441
820812
j1441
820812
j1441
820812
j1441
820812
j1441
822253
j1442
823695
j1442
823695
j1442
823695
j1443
823695
j1443
825138
j1443
825138
j1443
825138
j1443
825138
j1444
826582
j1444
826582
j1444
826582
j1444
826582
j1444
826582
j1445
826582
j1445
826582
j1445
828027
j1445
828027
j1445
828027
j1446
829473
j1447
829473
j1447
829473
j1447
829473
j1447
829473
j1447
829473
j1448
830921
j1448
830921
j1448
830921
j1448
830921
j1448
830921
j1449
830921
j1449
832370
j1449
832370
j1450
833820
j1450
833820
j1451
833820
j1451
833820
j1451
833820
j1451
833820
j1451
833820
j1452
835272
j1453
835272
j1453
835272
j1453
835272
j1453
835272
j1453
835272
j1454
836726
j1454
836726
j1454
836726
j1454
836726
j1454
836726
j1455
836726
j1455
838181
j1456
839637
j1456
839637
j1456
839637
j1457
839637
j1457
839637
j1457
839637
j1457
839637
j1457
839637
j1458
841095
j1459
841095
j1459
841095
j1459
841095
j1459
841095
j1459
841095
j1460
842555
j1460
842555
j1461
842555
j1461
844016
j1461
844016
j1461
844016
j1461
844016
j1462
845478
j1462
845478
j1462
845478
j1462
845478
j1462
845478
j1463
845478
j1463
845478
j1463
845478
j1463
846941
j1464
848405
j1465
848405
j1465
848405
j1465
849870
j1465
849870
j1465
849870
j1466
851336
j1466
851336
j1466
851336
j1466
851336
j1466
851336
j1467
851336
j1467
852803
j1467
852803
j1467
852803
j1467
852803
j1468
854271
j1468
854271
j1468
854271
j1468
854271
j1468
854271
j1469
854271
j1469
854271
j1469
854271
j1469
854271
j1469
854271
j1470
855741
j1471
855741
j1471
855741
j1471
855741
j1471
855741
j1471
855741
j1472
857213
j1472
857213
j1472
857213
j1472
857213
j1472
857213
j1473
857213
j1473
858686
j1473
858686
j1473
858686
j1473
858686
j1474
860160
j1474
860160
j1474
860160
j1474
860160
j1475
860160
j1475
860160
j1475
861635
j1475
861635
j1475
861635
j1476
863111
j1477
863111
j1477
863111
j1477
863111
j1477
864588
j1477
864588
j1478
866066
j1478
866066
j1478
866066
j1478
866066
j1478
866066
j1479
866066
j1479
867545
j1479
867545
j1479
867545
j1479
867545
j1480
869025
j1480
869025
j1481
869025
j1481
869025
j1481
869025
j1481
869025
j1481
869025
j1482
870507
j1483
870507
j1483
870507
j1483
870507
j1483
870507
j1483
870507
j1484
871991
j1484
871991
j1484
871991
j1485
871991
j1485
873476
j1486
874962
j1486
874962
j1486
874962
j1486
874962
j1486
874962
j1487
874962
j1487
874962
j1487
874962
j1487
874962
j1487
874962
j1488
876450
j1489
876450
j1489
876450
j1489
876450
j1489
876450
j1489
876450
j1490
877940
j1490
877940
j1491
877940
j1491
879431
j1491
879431
j1492
880923
j1492
880923
j1492
880923
j1492
880923
j1492
880923
j1493
880923
j1493
880923
j1493
880923
j1493
880923
j1493
880923
j1494
882417
j1495
882417
j1495
882417
j1495
883912
j1495
883912
j1495
883912
j1496
885408
j1496
885408
j1496
885408
j1496
885408
j1497
885408
j1497
886905
j1497
886905
j1497
886905
j1497
886905
j1498
888403
j1498
888403
j1498
888403
j1499
888403
j1499
888403
j1499
888403
j1499
888403
j1499
888403
j1500
889903
j1501
889903
j1501
889903
j1501
889903
j1501
889903
j1501
889903
j1502
891405
j1502
891405
j1502
891405
j1502
891405
j1502
891405
j1503
891405
j1503
892908
j1503
892908
j1503
892908
j1503
892908
j1504
894412
j1504
894412
j1504
894412
j1504
894412
j1504
894412
j1505
894412
j1505
894412
j1505
895917
j1506
897423
j1507
897423
j1507
897423
j1507
897423
j1507
897423
j1507
898930
j1508
900438
j1508
900438
j1508
900438
j1508
900438
j1508
900438
j1509
900438
j1509
901947
j1509
901947
j1509
901947
j1509
901947
j1510
903457
j1510
903457
j1511
903457
j1511
903457
j1511
903457
j1511
903457
j1511
903457
j1512
904969
j1513
904969
j1513
904969
j1513
904969
j1513
904969
j1513
904969
j1514
906483
j1514
906483
j1514
906483
j1514
906483
j1514
906483
j1515
906483
j1515
907998
j1516
909514
j1516
909514
j1516
909514
j1516
909514
j1516
909514
j1517
909514
j1517
909514
j1517
909514
j1517
909514
j1517
909514
j1518
911032
j1519
911032
j1519
911032
j1519
911032
j1519
912551
j1519
912551
j1520
914071
j1520
914071
j1521
914071
j1521
915592
j1521
915592
j1521
915592
j1521
915592
j1522
917114
j1522
917114
j1522
917114
j1522
917114
j1522
917114
j1523
917114
j1523
917114
j1523
917114
j1523
917114
j1523
917114
j1524
918638
j1525
918638
j1525
918638
j1525
920163
j1525
920163
j1525
920163
j1526
921689
j1526
921689
j1526
921689
j1527
921689
j1527
923216
j1527
923216
j1527
923216
j1527
923216
j1528
924744
j1528
924744
j1528
924744
j1528
924744
j1528
924744
j1529
924744
j1529
924744
j1529
924744
j1529
924744
j1529
926273
j1530
927803
j1531
927803
j1531
927803
j1531
927803
j1531
927803
j1531
927803
j1532
929335
j1532
929335
j1532
929335
j1532
929335
j1532
929335
j1533
929335
j1533
930868
j1533
930868
j1534
932402
j1534
932402
j1534
932402
j1534
932402
j1534
932402
j1535
932402
j1535
932402
j1535
933937
j1535
933937
j1535
933937
j1536
935473
j1537
935473
j1537
935473
j1537
935473
j1537
935473
j1537
935473
j1538
937011
j1538
937011
j1538
937011
j1538
937011
j1538
937011
j1539
937011
j1539
938550
j1539
938550
j1539
938550
j1539
938550
j1540
940090
j1540
940090
j1541
940090
j1541
940090
j1541
940090
j1541
940090
j1541
940090
j1542
941632
j1543
941632
j1543
941632
j1543
941632
j1543
941632
j1543
941632
j1544
943176
j1544
943176
j1544
943176
j1544
943176
j1544
943176
j1545
943176
j1545
944721
j1546
946267
j1546
946267
j1546
946267
j1546
946267
j1546
946267
j1547
946267
j1547
946267
j1547
946267
j1547
947814
j1547
947814
j1548
949362
j1549
949362
j1549
949362
j1549
949362
j1549
949362
j1549
949362
j1550
950912
j1550
950912
j1551
950912
j1551
952463
j1551
952463
j1551
952463
j1552
954015
j1552
954015
j1552
954015
j1552
954015
j1552
954015
j1553
954015
j1553
954015
j1553
954015
j1553
954015
j1553
954015
j1554
955569
j1555
955569
j1555
955569
j1555
957124
j1555
957124
j1555
957124
j1556
958680
j1556
958680
j1556
958680
j1556
958680
j1556
958680
j1557
958680
j1557
960237
j1557
960237
j1557
960237
j1557
960237
j1558
961795
j1558
961795
j1558
961795
j1558
961795
j1558
961795
j1559
961795
j1559
961795
j1559
961795
j1559
961795
j1559
961795
j1560
963355
j1561
963355
j1561
963355
j1561
963355
j1561
964916
j1561
964916
j1562
966478
j1562
966478
j1562
966478
j1562
966478
j1563
966478
j1563
968041
j1563
968041
j1563
968041
j1563
968041
j1564
969605
j1564
969605
j1564
969605
j1564
969605
j1564
969605
j1565
969605
j1565
969605
j1565
971170
j1565
971170
j1565
971170
j1566
972736
j1567
972736
j1567
972736
j1567
972736
j1567
972736
j1567
972736
j1568
974304
j1568
974304
j1568
974304
j1569
974304
j1569
975873
j1569
975873
j1569
975873
j1569
975873
j1570
977443
j1570
977443
j1571
977443
j1571
977443
j1571
977443
j1571
977443
j1571
977443
j1572
979015
j1573
979015
j1573
979015
j1573
979015
j1573
979015
j1573
980588
j1574
982162
j1574
982162
j1574
982162
j1574
982162
j1574
982162
j1575
982162
j1575
983737
j1576
985313
j1576
985313
j1576
985313
j1576
985313
j1576
985313
j1577
985313
j1577
985313
j1577
985313
j1577
985313
j1577
985313
j1578
986891
j1579
986891
j1579
986891
j1579
986891
j1579
986891
j1579
986891
j1580
988471
j1580
988471
j1581
988471
j1581
990052
j1581
990052
j1581
990052
j1581
990052
j1582
991634
j1582
991634
j1582
991634
j1583
991634
j1583
991634
j1583
991634
j1583
991634
j1583
991634
j1584
993218
j1585
993218
j1585
993218
j1585
994803
j1585
994803
j1585
994803
j1586
996389
j1586
996389
j1586
996389
j1586
996389
j1586
996389
j1587
996389
j1587
997976
j1587
997976
j1587
997976
j1587
997976
j1588
999564
j1588
999564
j1588
999564
j1588
999564
j1588
999564
j1589
999564
j1589
999564
j1589
999564
j1589
1001153
j1589
1001153
j1590
1002743
j1591
1002743
j1591
1002743
j1591
1002743
j1591
1002743
j1591
1002743
j1592
1004335
j1592
1004335
j1592
1004335
j1592
1004335
j1592
1004335
j1593
1004335
j1593
1005928
j1593
1005928
j1593
1005928
j1593
1005928
j1594
1007522
j1594
1007522
j1594
1007522
j1594
1007522
j1594
1007522
j1595
1007522
j1595
1007522
j1595
1009117
j1595
1009117
j1596
1010713
j1597
1010713
j1597
1010713
j1597
1010713
j1597
1010713
j1597
1010713
j1598
1012311
j1598
1012311
j1598
1012311
j1598
1012311
j1598
1012311
j1599
1012311
j1599
1013910
j1599
1013910
j1599
1013910
j1599
1013910
j1600
1015510
j1600
1015510
j1601
1015510
j1601
1015510
j1601
1015510
j1601
1015510
j1601
1015510
j1602
1017112
j1603
1017112
j1603
1017112
j1603
1017112
j1603
1018715
j1603
1018715
j1604
1020319
j1604
1020319
j1604
1020319
j1604
1020319
j1604
1020319
j1605
1020319
j1605
1021924
j1606
1023530
j1606
1023530
j1606
1023530
j1606
1023530
j1607
1023530
j1607
1023530
j1607
1023530
j1607
1023530
j1607
1023530
j1608
1025138
j1609
1025138
j1609
1025138
j1609
1025138
j1609
1025138
j1609
1025138
j1610
1026748
j1610
1026748
j1611
1026748
j1611
1028359
j1611
1028359
j1611
1028359
j1611
1028359
j1612
1029971
j1612
1029971
j1612
1029971
j1612
1029971
j1612
1029971
j1613
1029971
j1613
1029971
j1613
1029971
j1613
1029971
j1613
1029971
j1614
1031585
j1615
1031585
j1615
1031585
j1615
1033200
j1615
1033200
j1615
1033200
j1616
1034816
j1616
1034816
j1616
1034816
j1616
1034816
j1616
1034816
j1617
1034816
j1617
1036433
j1617
1036433
j1618
1038051
j1618
1038051
j1618
1038051
j1618
1038051
j1618
1038051
j1619
1038051
j1619
1038051
j1619
1038051
j1619
1038051
j1619
1038051
j1620
1039671
j1621
1039671
j1621
1039671
j1621
1039671
j1621
1039671
j1621
1039671
j1622
1041293
j1622
1041293
j1622
1041293
j1622
1041293
j1622
1041293
j1623
1041293
j1623
1042916
j1623
1042916
j1623
1042916
j1623
1042916
j1624
1044540
j1624
1044540
j1624
1044540
j1625
1044540
j1625
1044540
j1625
1046165
j1625
1046165
j1625
1046165
j1626
1047791
j1627
1047791
j1627
1047791
j1627
1047791
j1627
1047791
j1627
1047791
j1628
1049419
j1628
1049419
j1628
1049419
j1628
1049419
j1629
1049419
j1629
1051048
j1629
1051048
j1629
1051048
j1629
1051048
j1630
1052678
j1630
1052678
j1631
1052678
j1631
1052678
j1631
1052678
j1631
1054309
j1631
1054309
j1632
1055941
j1633
1055941
j1633
1055941
j1633
1055941
j1633
1055941
j1633
1055941
j1634
1057575
j1634
1057575
j1634
1057575
j1634
1057575
j1634
1057575
j1635
1057575
j1635
1059210
j1636
1060846
j1636
1060846
j1636
1060846
j1636
1060846
j1636
1060846
j1637
1060846
j1637
1060846
j1637
1060846
j1637
1060846
j1637
1060846
j1638
1062484
j1639
1062484
j1639
1062484
j1639
1062484
j1639
1062484
j1639
1064123
j1640
1065763
j1640
1065763
j1641
1065763
j1641
1067404
j1641
1067404
j1641
1067404
j1641
1067404
j1642
1069046
j1642
1069046
j1642
1069046
j1642
1069046
j1642
1069046
j1643
1069046
j1643
1069046
j1643
1069046
j1643
1069046
j1643
1069046
j1644
1070690
j1645
1070690
j1645
1070690
j1645
1072335
j1646
1073981
j1646
1073981
j1646
1073981
j1646
1073981
j1646
1073981
j1647
1073981
j1647
1075628
j1647
1075628
j1647
1075628
j1647
1075628
j1648
1077276
j1648
1077276
j1648
1077276
j1648
1077276
j1648
1077276
j1649
1077276
j1649
1077276
j1649
1077276
j1649
1077276
j1649
1077276
j1650
1078926
j1651
1078926
j1651
1078926
j1651
1078926
j1651
1078926
j1651
1078926
j1652
1080578
j1652
1080578
j1652
1080578
j1653
1080578
j1653
1082231
j1653
1082231
j1653
1082231
j1653
1082231
j1654
1083885
j1654
1083885
j1654
1083885
j1654
1083885
j1654
1083885
j1655
1083885
j1655
1083885
j1655
1085540
j1655
1085540
j1655
1085540
j1656
1087196
j1657
1087196
j1657
1087196
j1657
1087196
j1657
1087196
j1657
1087196
j1658
1088854
j1658
1088854
j1658
1088854
j1658
1088854
j1658
1088854
j1659
1088854
j1659
1090513
j1659
1090513
j1660
1092173
j1660
1092173
j1661
1092173
j1661
1092173
j1661
1092173
j1661
1092173
j1661
1093834
j1662
1095496
j1663
1095496
j1663
1095496
j1663
1095496
j1663
1095496
j1663
1095496
j1664
1097160
j1664
1097160
j1664
1097160
j1664
1097160
j1664
1097160
j1665
1097160
j1665
1098825
j1666
1100491
j1666
1100491
j1666
1100491
j1667
1100491
j1667
1100491
j1667
1100491
j1667
1100491
j1667
1100491
j1668
1102159
j1669
1102159
j1669
1102159
j1669
1102159
j1669
1102159
j1669
1102159
j1670
1103829
j1670
1103829
j1671
1103829
j1671
1105500
j1671
1105500
j1671
1105500
j1671
1105500
j1672
1107172
j1672
1107172
j1672
1107172
j1672
1107172
j1673
1107172
j1673
1107172
j1673
1107172
j1673
1108845
j1673
1108845
j1674
1110519
j1675
1110519
j1675
1110519
j1675
1112194
j1675
1112194
j1675
1112194
j1676
1113870
j1676
1113870
j1676
1113870
j1676
1113870
j1676
1113870
j1677
1113870
j1677
1115547
j1677
1115547
j1677
1115547
j1677
1115547
j1678
1117225
j1678
1117225
j1678
1117225
j1678
1117225
j1678
1117225
j1679
1117225
j1679
1117225
j1679
1117225
j1679
1117225
j1679
1117225
j1680
1118905
j1681
1118905
j1681
1118905
j1681
1118905
j1681
1118905
j1681
1118905
j1682
1120587
j1682
1120587
j1682
1120587
j1682
1120587
j1682
1120587
j1683
1120587
j1683
1122270
j1683
1122270
j1683
1122270
j1684
1123954
j1684
1123954
j1684
1123954
j1684
1123954
j1684
1123954
j1685
1123954
j1685
1123954
j1685
1125639
j1685
1125639
j1685
1125639
j1686
1127325
j1687
1127325
j1687
1127325
j1687
1127325
j1687
1129012
j1687
1129012
j1688
1130700
j1688
1130700
j1688
1130700
j1688
1130700
j1688
1130700
j1689
1130700
j1689
1132389
j1689
1132389
j1689
1132389
j1689
1132389
j1690
1134079
j1690
1134079
j1691
1134079
j1691
1134079
j1691
1134079
j1691
1134079
j1691
1134079
j1692
1135771
j1693
1135771
j1693
1135771
j1693
1135771
j1693
1135771
j1693
1135771
j1694
1137465
j1694
1137465
j1694
1137465
j1695
1137465
j1695
1139160
j1696
1140856
j1696
1140856
j1696
1140856
j1696
1140856
j1696
1140856
j1697
1140856
j1697
1140856
j1697
1140856
j1697
1140856
j1697
1140856
j1698
1142554
j1699
1142554
j1699
1142554
j1699
1142554
j1699
1142554
j1699
1142554
j1700
1144254
j1700
1144254
j1701
1144254
j1701
1145955
j1701
1145955
j1702
1147657
j1702
1147657
j1702
1147657
j1702
1147657
j1702
1147657
j1703
1147657
j1703
1147657
j1703
1147657
j1703
1147657
j1703
1147657
j1704
1149361
j1705
1149361
j1705
1149361
j1705
1151066
j1705
1151066
j1706
1152772
j1706
1152772
j1706
1152772
j1706
1152772
j1706
1152772
j1707
1152772
j1707
1154479
j1707
1154479
j1707
1154479
j1707
1154479
j1708
1156187
j1708
1156187
j1708
1156187
j1709
1156187
j1709
1156187
j1709
1156187
j1709
1156187
j1709
1156187
j1710
1157897
j1711
1157897
j1711
1157897
j1711
1157897
j1711
1157897
j1711
1157897
j1712
1159609
j1712
1159609
j1712
1159609
j1712
1159609
j1712
1159609
j1713
1159609
j1713
1161322
j1713
1161322
j1713
1161322
j1713
1161322
j1714
1163036
j1714
1163036
j1714
1163036
j1714
1163036
j1714
1163036
j1715
1163036
j1715
1163036
j1715
1164751
j1716
1166467
j1717
1166467
j1717
1166467
j1717
1166467
j1717
1166467
j1717
1166467
j1718
1168185
j1718
1168185
j1718
1168185
j1718
1168185
j1718
1168185
j1719
1168185
j1719
1169904
j1719
1169904
j1719
1169904
j1719
1169904
j1720
1171624
j1720
1171624
j1721
1171624
j1721
1171624
j1721
1171624
j1721
1171624
j1721
1171624
j1722
1173346
j1723
1173346
j1723
1173346
j1723
1173346
j1723
1173346
j1723
1173346
j1724
1175070
j1724
1175070
j1724
1175070
j1724
1175070
j1724
1175070
j1725
1175070
j1725
1176795
j1726
1178521
j1726
1178521
j1726
1178521
j1726
1178521
j1726
1178521
j1727
1178521
j1727
1178521
j1727
1178521
j1727
1178521
j1727
1180248
j1728
1181976
j1729
1181976
j1729
1181976
j1729
1181976
j1729
1183705
j1729
1183705
j1730
1185435
j1730
1185435
j1731
1185435
j1731
1187166
j1731
1187166
j1731
1187166
j1731
1187166
j1732
1188898
j1732
1188898
j1732
1188898
j1732
1188898
j1732
1188898
j1733
1188898
j1733
1188898
j1733
1188898
j1733
1188898
j1733
1188898
j1734
1190632
j1735
1190632
j1735
1190632
j1735
1192367
j1735
1192367
j1735
1192367
j1736
1194103
j1736
1194103
j1736
1194103
j1737
1194103
j1737
1195840
j1737
1195840
j1737
1195840
j1737
1195840
j1738
1197578
j1738
1197578
j1738
1197578
j1738
1197578
j1739
1197578
j1739
1197578
j1739
1197578
j1739
1197578
j1739
1197578
j1740
1199318
j1741
1199318
j1741
1199318
j1741
1199318
j1741
1199318
j1741
1199318
j1742
1201060
j1742
1201060
j1742
1201060
j1742
1201060
j1742
1201060
j1743
1201060
j1743
1202803
j1743
1202803
j1744
1204547
j1744
1204547
j1744
1204547
j1744
1204547
j1744
1204547
j1745
1204547
j1745
1204547
j1745
1206292
j1745
1206292
j1745
1206292
j1746
1208038
j1747
1208038
j1747
1208038
j1747
1208038
j1747
1208038
j1747
1208038
j1748
1209786
j1748
1209786
j1748
1209786
j1748
1209786
j1748
1209786
j1749
1209786
j1749
1211535
j1749
1211535
j1749
1211535
j1750
1213285
j1750
1213285
j1751
1213285
j1751
1213285
j1751
1213285
j1751
1213285
j1751
1213285
j1752
1215037
j1753
1215037
j1753
1215037
j1753
1215037
j1753
1215037
j1753
1215037
j1754
1216791
j1754
1216791
j1754
1216791
j1754
1216791
j1754
1216791
j1755
1216791
j1755
1218546
j1756
1220302
j1756
1220302
j1756
1220302
j1756
1220302
j1756
1220302
j1757
1220302
j1757
1220302
j1757
1220302
j1757
1222059
j1757
1222059
j1758
1223817
j1759
1223817
j1759
1223817
j1759
1223817
j1759
1223817
j1759
1223817
j1760
1225577
j1760
1225577
j1761
1225577
j1761
1227338
j1761
1227338
j1761
1227338
j1761
1227338
j1762
1229100
j1762
1229100
j1762
1229100
j1762
1229100
j1762
1229100
j1763
1229100
j1763
1229100
j1763
1229100
j1763
1229100
j1763
1229100
j1764
1230864
j1765
1230864
j1765
1230864
j1765
1232629
j1765
1232629
j1765
1232629
j1766
1234395
j1766
1234395
j1766
1234395
j1766
1234395
j1766
1234395
j1767
1234395
j1767
1236162
j1767
1236162
j1767
1236162
j1767
1236162
j1768
1237930
j1768
1237930
j1768
1237930
j1768
1237930
j1768
1237930
j1769
1237930
j1769
1237930
j1769
1237930
j1769
1237930
j1769
1237930
j1770
1239700
j1771
1239700
j1771
1239700
j1771
1239700
j1771
1241471
j1772
1243243
j1772
1243243
j1772
1243243
j1772
1243243
j1772
1243243
j1773
1243243
j1773
1245016
j1773
1245016
j1773
1245016
j1773
1245016
j1774
1246790
j1774
1246790
j1774
1246790
j1774
1246790
j1774
1246790
j1775
1246790
j1775
1246790
j1775
1248565
j1775
1248565
j1775
1248565
j1776
1250341
j1777
1250341
j1777
1250341
j1777
1250341
j1777
1250341
j1777
1250341
j1778
1252119
j1778
1252119
j1778
1252119
j1779
1252119
j1779
1253898
j1779
1253898
j1779
1253898
j1779
1253898
j1780
1255678
j1780
1255678
j1781
1255678
j1781
1255678
j1781
1255678
j1781
1255678
j1781
1255678
j1782
1257460
j1783
1257460
j1783
1257460
j1783
1257460
j1783
1257460
j1783
1257460
j1784
1259244
j1784
1259244
j1784
1259244
j1784
1259244
j1784
1259244
j1785
1259244
j1785
1261029
j1786
1262815
j1786
1262815
j1786
1262815
j1786
1262815
j1786
1262815
j1787
1262815
j1787
1262815
j1787
1262815
j1787
1262815
j1787
1262815
j1788
1264603
j1789
1264603
j1789
1264603
j1789
1264603
j1789
1264603
j1789
1264603
j1790
1266393
j1790
1266393
j1791
1266393
j1791
1268184
j1791
1268184
j1791
1268184
j1791
1268184
j1792
1269976
j1792
1269976
j1792
1269976
j1793
1269976
j1793
1269976
j1793
1269976
j1793
1269976
j1793
1271769
j1794
1273563
j1795
1273563
j1795
1273563
j1795
1275358
j1795
1275358
j1795
1275358
j1796
1277154
j1796
1277154
j1796
1277154
j1796
1277154
j1796
1277154
j1797
1277154
j1797
1278951
j1797
1278951
j1797
1278951
j1797
1278951
j1798
1280749
j1798
1280749
j1798
1280749
j1798
1280749
j1798
1280749
j1799
1280749
j1799
1280749
j1799
1280749
j1799
1282548
j1799
1282548
j1800
1284348
j1801
1284348
j1801
1284348
j1801
1284348
j1801
1284348
j1801
1284348
j1802
1286150
j1802
1286150
j1802
1286150
j1802
1286150
j1802
1286150
j1803
1286150
j1803
1287953
j1803
1287953
j1803
1287953
j1803
1287953
j1804
1289757
j1804
1289757
j1804
1289757
j1804
1289757
j1805
1289757
j1805
1289757
j1805
1291562
j1805
1291562
j1805
1291562
j1806
1293368
j1807
1293368
j1807
1293368
j1807
1293368
j1807
1293368
j1807
1293368
j1808
1295176
j1808
1295176
j1808
1295176
j1808
1295176
j1808
1295176
j1809
1295176
j1809
1296985
j1809
1296985
j1809
1296985
j1809
1296985
j1810
1298795
j1810
1298795
j1811
1298795
j1811
1298795
j1811
1298795
j1811
1298795
j1811
1298795
j1812
1300607
j1813
1300607
j1813
1300607
j1813
1300607
j1813
1302420
j1813
1302420
j1814
1304234
j1814
1304234
j1814
1304234
j1814
1304234
j1814
1304234
j1815
1304234
j1815
1306049
j1816
1307865
j1816
1307865
j1816
1307865
j1816
1307865
j1816
1307865
j1817
1307865
j1817
1307865
j1817
1307865
j1817
1307865
j1817
1307865
j1818
1309683
j1819
1309683
j1819
1309683
j1819
1309683
j1819
1309683
j1819
1309683
j1820
1311503
j1820
1311503
j1821
1311503
j1821
1313324
j1821
1313324
j1821
1313324
j1821
1313324
j1822
1315146
j1822
1315146
j1822
1315146
j1822
1315146
j1822
1315146
j1823
1315146
j1823
1315146
j1823
1315146
j1823
1315146
j1823
1315146
j1824
1316970
j1825
1316970
j1825
1316970
j1825
1318795
j1825
1318795
j1825
1318795
j1826
1320621
j1826
1320621
j1826
1320621
j1826
1320621
j1827
1320621
j1827
1322448
j1827
1322448
j1828
1324276
j1828
1324276
j1828
1324276
j1828
1324276
j1828
1324276
j1829
1324276
j1829
1324276
j1829
1324276
j1829
1324276
j1829
1324276
j1830
1326106
j1831
1326106
j1831
1326106
j1831
1326106
j1831
1326106
j1831
1326106
j1832
1327938
j1832
1327938
j1832
1327938
j1832
1327938
j1832
1327938
j1833
1327938
j1833
1329771
j1833
1329771
j1833
1329771
j1833
1329771
j1834
1331605
j1834
1331605
j1834
1331605
j1835
1331605
j1835
1331605
j1835
1333440
j1835
1333440
j1835
1333440
j1836
1335276
j1837
1335276
j1837
1335276
j1837
1335276
j1837
1335276
j1837
1337113
j1838
1338951
j1838
1338951
j1838
1338951
j1838
1338951
j1838
1338951
j1839
1338951
j1839
1340790
j1839
1340790
j1839
1340790
j1839
1340790
j1840
1342630
j1840
1342630
j1841
1342630
j1841
1342630
j1841
1342630
j1841
1344471
j1841
1344471
j1842
1346313
j1843
1346313
j1843
1346313
j1843
1346313
j1843
1346313
j1843
1346313
j1844
1348157
j1844
1348157
j1844
1348157
j1844
1348157
j1844
1348157
j1845
1348157
j1845
1350002
j1846
1351848
j1846
1351848
j1846
1351848
j1846
1351848
j1846
1351848
j1847
1351848
j1847
1351848
j1847
1351848
j1847
1351848
j1847
1351848
j1848
1353696
j1849
1353696
j1849
1353696
j1849
1353696
j1849
1353696
j1849
1353696
j1850
1355546
j1850
1355546
j1851
1355546
j1851
1357397
j1851
1357397
j1851
1357397
j1851
1357397
j1852
1359249
j1852
1359249
j1852
1359249
j1852
1359249
j1852
1359249
j1853
1359249
j1853
1359249
j1853
1359249
j1853
1359249
j1853
1359249
j1854
1361103
j1855
1361103
j1855
1361103
j1855
1362958
j1856
1364814
j1856
1364814
j1856
1364814
j1856
1364814
j1856
1364814
j1857
1364814
j1857
1366671
j1857
1366671
j1857
1366671
j1857
1366671
j1858
1368529
j1858
1368529
j1858
1368529
j1858
1368529
j1858
1368529
j1859
1368529
j1859
1368529
j1859
1368529
j1859
1368529
j1859
1370388
j1860
1372248
j1861
1372248
j1861
1372248
j1861
1372248
j1861
1372248
j1861
1372248
j1862
1374110
j1862
1374110
j1862
1374110
j1863
1374110
j1863
1375973
j1863
1375973
j1863
1375973
j1863
1375973
j1864
1377837
j1864
1377837
j1864
1377837
j1864
1377837
j1864
1377837
j1865
1377837
j1865
1377837
j1865
1379702
j1865
1379702
j1865
1379702
j1866
1381568
j1867
1381568
j1867
1381568
j1867
1381568
j1867
1381568
j1867
1381568
j1868
1383436
j1868
1383436
j1868
1383436
j1868
1383436
j1868
1383436
j1869
1383436
j1869
1385305
j1869
1385305
j1870
1387175
j1870
1387175
j1871
1387175
j1871
1387175
j1871
1387175
j1871
1387175
j1871
1387175
j1872
1389047
j1873
1389047
j1873
1389047
j1873
1389047
j1873
1389047
j1873
1389047
j1874
1390921
j1874
1390921
j1874
1390921
j1874
1390921
j1874
1390921
j1875
1390921
j1875
1392796
j1876
1394672
j1876
1394672
j1876
1394672
j1877
1394672
j1877
1394672
j1877
1394672
j1877
1394672
j1877
1394672
j1878
1396550
j1879
1396550
j1879
1396550
j1879
1396550
j1879
1396550
j1879
1396550
j1880
1398430
j1880
1398430
j1881
1398430
j1881
1400311
j1881
1400311
j1881
1400311
j1882
1402193
j1882
1402193
j1882
1402193
j1882
1402193
j1882
1402193
j1883
1402193
j1883
1402193
j1883
1402193
j1883
1404076
j1883
1404076
j1884
1405960
j1885
1405960
j1885
1405960
j1885
1407845
j1885
1407845
j1885
1407845
j1886
1409731
j1886
1409731
j1886
1409731
j1886
1409731
j1886
1409731
j1887
1409731
j1887
1411618
j1887
1411618
j1887
1411618
j1887
1411618
j1888
1413506
j1888
1413506
j1888
1413506
j1888
1413506
j1888
1413506
j1889
1413506
j1889
1413506
j1889
1413506
j1889
1413506
j1889
1413506
j1890
1415396
j1891
1415396
j1891
1415396
j1891
1415396
j1891
1415396
j1891
1415396
j1892
1417288
j1892
1417288
j1892
1417288
j1892
1417288
j1893
1417288
j1893
1419181
j1893
1419181
j1893
1419181
j1893
1419181
j1894
1421075
j1894
1421075
j1894
1421075
j1894
1421075
j1894
1421075
j1895
1421075
j1895
1421075
j1895
1422970
j1895
1422970
j1895
1422970
j1896
1424866
j1897
1424866
j1897
1424866
j1897
1424866
j1897
1426763
j1897
1426763
j1898
1428661
j1898
1428661
j1898
1428661
j1898
1428661
j1898
1428661
j1899
1428661
j1899
1430560
j1899
1430560
j1899
1430560
j1899
1430560
j1900
1432460
j1900
1432460
j1901
1432460
j1901
1432460
j1901
1432460
j1901
1432460
j1901
1432460
j1902
1434362
j1903
1434362
j1903
1434362
j1903
1434362
j1903
1434362
j1903
1436265
j1904
1438169
j1904
1438169
j1904
1438169
j1905
1438169
j1905
1440074
j1906
1441980
j1906
1441980
j1906
1441980
j1906
1441980
j1906
1441980
j1907
1441980
j1907
1441980
j1907
1441980
j1907
1441980
j1907
1441980
j1908
1443888
j1909
1443888
j1909
1443888
j1909
1443888
j1909
1443888
j1909
1443888
j1910
1445798
j1910
1445798
j1911
1445798
j1911
1447709
j1911
1447709
j1912
1449621
j1912
1449621
j1912
1449621
j1912
1449621
j1912
1449621
j1913
1449621
j1913
1449621
j1913
1449621
j1913
1449621
j1913
1449621
j1914
1451535
j1915
1451535
j1915
1451535
j1915
1453450
j1915
1453450
j1915
1453450
j1916
1455366
j1916
1455366
j1916
1455366
j1916
1455366
j1916
1455366
j1917
1455366
j1917
1457283
j1917
1457283
j1917
1457283
j1917
1457283
j1918
1459201
j1918
1459201
j1918
1459201
j1919
1459201
j1919
1459201
j1919
1459201
j1919
1459201
j1919
1459201
j1920
1461121
j1921
1461121
j1921
1461121
j1921
1461121
j1921
1461121
j1921
1461121
j1922
1463043
j1922
1463043
j1922
1463043
j1922
1463043
j1922
1463043
j1923
1463043
j1923
1464966
j1923
1464966
j1923
1464966
j1923
1464966
j1924
1466890
j1924
1466890
j1924
1466890
j1924
1466890
j1924
1466890
j1925
1466890
j1925
1466890
j1925
1468815
j1926
1470741
j1927
1470741
j1927
1470741
j1927
1470741
j1927
1470741
j1927
1470741
j1928
1472669
j1928
1472669
j1928
1472669
j1928
1472669
j1928
1472669
j1929
1472669
j1929
1474598
j1929
1474598
j1929
1474598
j1929
1474598
j1930
1476528
j1930
1476528
j1931
1476528
j1931
1476528
j1931
1476528
j1931
1476528
j1931
1476528
j1932
1478460
j1933
1478460
j1933
1478460
j1933
1478460
j1933
1478460
j1933
1478460
j1934
1480394
j1934
1480394
j1934
1480394
j1934
1480394
j1934
1480394
j1935
1480394
j1935
1482329
j1936
1484265
j1936
1484265
j1936
1484265
j1936
1484265
j1937
1484265
j1937
1484265
j1937
1484265
j1937
1484265
j1937
1484265
j1938
1486203
j1939
1486203
j1939
1486203
j1939
1486203
j1939
1488142
j1939
1488142
j1940
1490082
j1940
1490082
j1941
1490082
j1941
1492023
j1941
1492023
j1941
1492023
j1941
1492023
j1942
1493965
j1942
1493965
j1942
1493965
j1942
1493965
j1942
1493965
j1943
1493965
j1943
1493965
j1943
1493965
j1943
1493965
j1943
1493965
j1944
1495909
j1945
1495909
j1945
1495909
j1945
1497854
j1945
1497854
j1945
1497854
j1946
1499800
j1946
1499800
j1946
1499800
j1947
1499800
j1947
1501747
j1947
1501747
j1947
1501747
j1948
1503695
j1948
1503695
j1948
1503695
j1948
1503695
j1948
1503695
j1949
1503695
j1949
1503695
j1949
1503695
j1949
1503695
j1949
1503695
j1950
1505645
j1951
1505645
j1951
1505645
j1951
1505645
j1951
1505645
j1951
1505645
j1952
1507597
j1952
1507597
j1952
1507597
j1952
1507597
j1952
1507597
j1953
1507597
j1953
1509550
j1953
1509550
j1954
1511504
j1954
1511504
j1954
1511504
j1954
1511504
j1954
1511504
j1955
1511504
j1955
1511504
j1955
1513459
j1955
1513459
j1955
1513459
j1956
1515415
j1957
1515415
j1957
1515415
j1957
1515415
j1957
1515415
j1957
1515415
j1958
1517373
j1958
1517373
j1958
1517373
j1958
1517373
j1959
1517373
j1959
1519332
j1959
1519332
j1959
1519332
j1959
1519332
j1960
1521292
j1960
1521292
j1961
1521292
j1961
1521292
j1961
1521292
j1961
1521292
j1961
1521292
j1962
1523254
j1963
1523254
j1963
1523254
j1963
1523254
j1963
1523254
j1963
1523254
j1964
1525218
j1964
1525218
j1964
1525218
j1964
1525218
j1964
1525218
j1965
1525218
j1965
1527183
j1966
1529149
j1966
1529149
j1966
1529149
j1966
1529149
j1966
1529149
j1967
1529149
j1967
1529149
j1967
1529149
j1967
1531116
j1967
1531116
j1968
1533084
j1969
1533084
j1969
1533084
j1969
1533084
j1969
1533084
j1969
1535053
j1970
1537023
j1970
1537023
j1971
1537023
j1971
1538994
j1971
1538994
j1971
1538994
j1971
1538994
j1972
1540966
j1972
1540966
j1972
1540966
j1972
1540966
j1972
1540966
j1973
1540966
j1973
1540966
j1973
1540966
j1973
1540966
j1973
1540966
j1974
1542940
j1975
1542940
j1975
1542940
j1975
1544915
j1975
1544915
j1975
1544915
j1976
1546891
j1976
1546891
j1976
1546891
j1976
1546891
j1976
1546891
j1977
1546891
j1977
1548868
j1977
1548868
j1977
1548868
j1977
1548868
j1978
1550846
j1978
1550846
j1978
1550846
j1978
1550846
j1978
1550846
j1979
1550846
j1979
1550846
j1979
1550846
j1979
1550846
j1979
1550846
j1980
1552826
j1981
1552826
j1981
1552826
j1981
1552826
j1981
1554807
j1981
1554807
j1982
1556789
j1982
1556789
j1982
1556789
j1982
1556789
j1982
1556789
j1983
1556789
j1983
1558772
j1983
1558772
j1983
1558772
j1983
1558772
j1984
1560756
j1984
1560756
j1984
1560756
j1984
1560756
j1984
1560756
j1985
1560756
j1985
1560756
j1985
1562741
j1985
1562741
j1985
1562741
j1986
1564727
j1987
1564727
j1987
1564727
j1987
1564727
j1987
1564727
j1987
1564727
j1988
1566715
j1988
1566715
j1988
1566715
j1989
1566715
j1989
1568704
j1989
1568704
j1989
1568704
j1989
1568704
j1990
1570694
j1990
1570694
j1991
1570694
j1991
1570694
j1991
1570694
j1991
1570694
j1991
1572685
j1992
1574677
j1993
1574677
j1993
1574677
j1993
1574677
j1993
1574677
j1993
1574677
j1994
1576671
j1994
1576671
j1994
1576671
j1994
1576671
j1994
1576671
j1995
1576671
j1995
1578666
j1996
1580662
j1996
1580662
j1996
1580662
j1996
1580662
j1996
1580662
j1997
1580662
j1997
1580662
j1997
1580662
j1997
1580662
j1997
1580662
j1998
1582660
j1999
1582660
j1999
1582660
j1999
1582660
j1999
1582660
j1999
1582660
j2000
1584660
j2000
1584660
j2001
1584660
j2001
1586661
j2001
1586661
j2001
1586661
j2001
1586661
j2002
1588663
j2002
1588663
j2002
1588663
j2003
1588663
j2003
1588663
j2003
1588663
j2003
1588663
j2003
1588663
j2004
1590667
j2005
1590667
j2005
1590667
j2005
1592672
j2005
1592672
j2005
1592672
j2006
1594678
j2006
1594678
j2006
1594678
j2006
1594678
j2006
1594678
j2007
1594678
j2007
1596685
j2007
1596685
j2007
1596685
j2007
1596685
j2008
1598693
j2008
1598693
j2008
1598693
j2008
1598693
j2008
1598693
j2009
1598693
j2009
1598693
j2009
1598693
j2009
1600702
j2009
1600702
j2010
1602712
j2011
1602712
j2011
1602712
j2011
1602712
j2011
1602712
j2011
1602712
j2012
1604724
j2012
1604724
j2012
1604724
j2012
1604724
j2012
1604724
j2013
1604724
j2013
1606737
j2013
1606737
j2013
1606737
j2014
1608751
j2014
1608751
j2014
1608751
j2014
1608751
j2014
1608751
j2015
1608751
j2015
1608751
j2015
1610766
j2015
1610766
j2015
1610766
j2016
1612782
j2017
1612782
j2017
1612782
j2017
1612782
j2017
1612782
j2017
1612782
j2018
1614800
j2018
1614800
j2018
1614800
j2018
1614800
j2018
1614800
j2019
1614800
j2019
1616819
j2019
1616819
j2019
1616819
j2019
1616819
j2020
1618839
j2020
1618839
j2021
1618839
j2021
1618839
j2021
1618839
j2021
1618839
j2021
1618839
j2022
1620861
j2023
1620861
j2023
1620861
j2023
1620861
j2023
1622884
j2023
1622884
j2024
1624908
j2024
1624908
j2024
1624908
j2024
1624908
j2025
1624908
j2025
1626933
j2026
1628959
j2026
1628959
j2026
1628959
j2026
1628959
j2026
1628959
j2027
1628959
j2027
1628959
j2027
1628959
j2027
1628959
j2027
1628959
j2028
1630987
j2029
1630987
j2029
1630987
j2029
1630987
j2029
1630987
j2029
1630987
j2030
1633017
j2030
1633017
j2031
1633017
j2031
1635048
j2031
1635048
j2031
1635048
j2031
1635048
j2032
1637080
j2032
1637080
j2032
1637080
j2032
1637080
j2032
1637080
j2033
1637080
j2033
1637080
j2033
1637080
j2033
1637080
j2033
1637080
j2034
1639114
j2035
1639114
j2035
1639114
j2035
1641149
j2035
1641149
j2036
1643185
j2036
1643185
j2036
1643185
j2036
1643185
j2036
1643185
j2037
1643185
j2037
1645222
j2037
1645222
j2038
1647260
j2038
1647260
j2038
1647260
j2038
1647260
j2038
1647260
j2039
1647260
j2039
1647260
j2039
1647260
j2039
1647260
j2039
1647260
j2040
1649300
j2041
1649300
j2041
1649300
j2041
1649300
j2041
1649300
j2041
1649300
j2042
1651342
j2042
1651342
j2042
1651342
j2042
1651342
j2042
1651342
j2043
1651342
j2043
1653385
j2043
1653385
j2043
1653385
j2043
1653385
j2044
1655429
j2044
1655429
j2044
1655429
j2045
1655429
j2045
1655429
j2045
1657474
j2045
1657474
j2045
1657474
j2046
1659520
j2047
1659520
j2047
1659520
j2047
1659520
j2047
1659520
j2047
1659520
j2048
1661568
j2048
1661568
j2048
1661568
j2048
1661568
j2048
1661568
j2049
1661568
j2049
1663617
j2049
1663617
j2049
1663617
j2049
1663617
j2050
1665667
j2050
1665667
j2051
1665667
j2051
1665667
j2051
1665667
j2051
1667718
j2051
1667718
j2052
1669770
j2053
1669770
j2053
1669770
j2053
1669770
j2053
1669770
j2053
1669770
j2054
1671824
j2054
1671824
j2054
1671824
j2054
1671824
j2054
1671824
j2055
1671824
j2055
1673879
j2056
1675935
j2056
1675935
j2056
1675935
j2056
1675935
j2056
1675935
j2057
1675935
j2057
1675935
j2057
1675935
j2057
1675935
j2057
1677992
j2058
1680050
j2059
1680050
j2059
1680050
j2059
1680050
j2059
1680050
j2059
1680050
j2060
1682110
j2060
1682110
j2061
1682110
j2061
1684171
j2061
1684171
j2061
1684171
j2061
1684171
j2062
1686233
j2062
1686233
j2062
1686233
j2062
1686233
j2062
1686233
j2063
1686233
j2063
1686233
j2063
1686233
j2063
1686233
j2063
1686233
j2064
1688297
j2065
1688297
j2065
1688297
j2065
1690362
j2066
1692428
j2066
1692428
j2066
1692428
j2066
1692428
j2066
1692428
j2067
1692428
j2067
1694495
j2067
1694495
j2067
1694495
j2067
1694495
j2068
1696563
j2068
1696563
j2068
1696563
j2068
1696563
j2069
1696563
j2069
1696563
j2069
1696563
j2069
1696563
j2069
1696563
j2070
1698633
j2071
1698633
j2071
1698633
j2071
1698633
j2071
1698633
j2071
1698633
j2072
1700705
j2072
1700705
j2072
1700705
j2073
1700705
j2073
1702778
j2073
1702778
j2073
1702778
j2073
1702778
j2074
1704852
j2074
1704852
j2074
1704852
j2074
1704852
j2074
1704852
j2075
1704852
j2075
1704852
j2075
1706927
j2075
1706927
j2075
1706927
j2076
1709003
j2077
1709003
j2077
1709003
j2077
1709003
j2077
1709003
j2077
1709003
j2078
1711081
j2078
1711081
j2078
1711081
j2078
1711081
j2078
1711081
j2079
1711081
j2079
1713160
j2079
1713160
j2080
1715240
j2080
1715240
j2081
1715240
j2081
1715240
j2081
1715240
j2081
1715240
j2081
1715240
j2082
1717322
j2083
1717322
j2083
1717322
j2083
1717322
j2083
1717322
j2083
1717322
j2084
1719406
j2084
1719406
j2084
1719406
j2084
1719406
j2084
1719406
j2085
1719406
j2085
1721491
j2086
1723577
j2086
1723577
j2086
1723577
j2087
1723577
j2087
1723577
j2087
1723577
j2087
1723577
j2087
1723577
j2088
1725665
j2089
1725665
j2089
1725665
j2089
1725665
j2089
1725665
j2089
1725665
j2090
1727755
j2090
1727755
j2091
1727755
j2091
1729846
j2091
1729846
j2091
1729846
j2091
1729846
j2092
1731938
j2092
1731938
j2092
1731938
j2092
1731938
j2092
1731938
j2093
1731938
j2093
1731938
j2093
1731938
j2093
1734031
j2093
1734031
j2094
1736125
j2095
1736125
j2095
1736125
j2095
1738220
j2095
1738220
j2095
1738220
j2096
1740316
j2096
1740316
j2096
1740316
j2096
1740316
j2096
1740316
j2097
1740316
j2097
1742413
j2097
1742413
j2097
1742413
j2097
1742413
j2098
1744511
j2098
1744511
j2098
1744511
j2098
1744511
j2098
1744511
j2099
1744511
j2099
1744511
j2099
1744511
j2099
1744511
j2099
1744511
j2100
1746611
j2101
1746611
j2101
1746611
j2101
1746611
j2101
1746611
j2101
1748712
j2102
1750814
j2102
1750814
j2102
1750814
j2102
1750814
j2102
1750814
j2103
1750814
j2103
1752917
j2103
1752917
j2103
1752917
j2103
1752917
j2104
1755021
j2104
1755021
j2104
1755021
j2104
1755021
j2104
1755021
j2105
1755021
j2105
1755021
j2105
1757126
j2105
1757126
j2105
1757126
j2106
1759232
j2107
1759232
j2107
1759232
j2107
1759232
j2107
1761339
j2107
1761339
j2108
1763447
j2108
1763447
j2108
1763447
j2108
1763447
j2108
1763447
j2109
1763447
j2109
1765556
j2109
1765556
j2109
1765556
j2109
1765556
j2110
1767666
j2110
1767666
j2111
1767666
j2111
1767666
j2111
1767666
j2111
1767666
j2111
1767666
j2112
1769778
j2113
1769778
j2113
1769778
j2113
1769778
j2113
1769778
j2113
1769778
j2114
1771892
j2114
1771892
j2114
1771892
j2115
1771892
j2115
1774007
j2116
1776123
j2116
1776123
j2116
1776123
j2116
1776123
j2116
1776123
j2117
1776123
j2117
1776123
j2117
1776123
j2117
1776123
j2117
1776123
j2118
1778241
j2119
1778241
j2119
1778241
j2119
1778241
j2119
1778241
j2119
1778241
j2120
1780361
j2120
1780361
j2121
1780361
j2121
1782482
j2121
1782482
j2122
1784604
j2122
1784604
j2122
1784604
j2122
1784604
j2122
1784604
j2123
1784604
j2123
1784604
j2123
1784604
j2123
1784604
j2123
1786727
j2124
1788851
j2125
1788851
j2125
1788851
j2125
1790976
j2125
1790976
j2125
1790976
j2126
1793102
j2126
1793102
j2126
1793102
j2126
1793102
j2126
1793102
j2127
1793102
j2127
1795229
j2127
1795229
j2127
1795229
j2127
1795229
j2128
1797357
j2128
1797357
j2128
1797357
j2129
1797357
j2129
1797357
j2129
1797357
j2129
1797357
j2129
1797357
j2130
1799487
j2131
1799487
j2131
1799487
j2131
1799487
j2131
1799487
j2131
1799487
j2132
1801619
j2132
1801619
j2132
1801619
j2132
1801619
j2132
1801619
j2133
1801619
j2133
1803752
j2133
1803752
j2133
1803752
j2133
1803752
j2134
1805886
j2134
1805886
j2134
1805886
j2134
1805886
j2135
1805886
j2135
1805886
j2135
1808021
j2136
1810157
j2137
1810157
j2137
1810157
j2137
1810157
j2137
1810157
j2137
1810157
j2138
1812295
j2138
1812295
j2138
1812295
j2138
1812295
j2138
1812295
j2139
1812295
j2139
1814434
j2139
1814434
j2139
1814434
j2139
1814434
j2140
1816574
j2140
1816574
j2141
1816574
j2141
1816574
j2141
1816574
j2141
1816574
j2141
1816574
j2142
1818716
j2143
1818716
j2143
1818716
j2143
1818716
j2143
1818716
j2143
1818716
j2144
1820860
j2144
1820860
j2144
1820860
j2144
1820860
j2144
1820860
j2145
1820860
j2145
1823005
j2146
1825151
j2146
1825151
j2146
1825151
j2146
1825151
j2146
1825151
j2147
1825151
j2147
1825151
j2147
1825151
j2147
1825151
j2147
1825151
j2148
1827299
j2149
1827299
j2149
1827299
j2149
1827299
j2149
1829448
j2149
1829448
j2150
1831598
j2150
1831598
j2151
1831598
j2151
1833749
j2151
1833749
j2151
1833749
j2151
1833749
j2152
1835901
j2152
1835901
j2152
1835901
j2152
1835901
j2152
1835901
j2153
1835901
j2153
1835901
j2153
1835901
j2153
1835901
j2153
1835901
j2154
1838055
j2155
1838055
j2155
1838055
j2155
1840210
j2155
1840210
j2155
1840210
j2156
1842366
j2156
1842366
j2156
1842366
j2157
1842366
j2157
1844523
j2157
1844523
j2157
1844523
j2157
1844523
j2158
1846681
j2158
1846681
j2158
1846681
j2158
1846681
j2158
1846681
j2159
1846681
j2159
1846681
j2159
1846681
j2159
1846681
j2159
1846681
j2160
1848841
j2161
1848841
j2161
1848841
j2161
1848841
j2161
1848841
j2161
1848841
j2162
1851003
j2162
1851003
j2162
1851003
j2162
1851003
j2162
1851003
j2163
1851003
j2163
1853166
j2163
1853166
j2164
1855330
j2164
1855330
j2164
1855330
j2164
1855330
j2164
1855330
j2165
1855330
j2165
1855330
j2165
1857495
j2165
1857495
j2165
1857495
j2166
1859661
j2167
1859661
j2167
1859661
j2167
1859661
j2167
1859661
j2167
1861828
j2168
1863996
j2168
1863996
j2168
1863996
j2168
1863996
j2168
1863996
j2169
1863996
j2169
1866165
j2169
1866165
j2169
1866165
j2169
1866165
j2170
1868335
j2170
1868335
j2171
1868335
j2171
1868335
j2171
1868335
j2171
1868335
j2171
1868335
j2172
1870507
j2173
1870507
j2173
1870507
j2173
1870507
j2173
1870507
j2173
1870507
j2174
1872681
j2174
1872681
j2174
1872681
j2174
1872681
j2174
1872681
j2175
1872681
j2175
1874856
j2176
1877032
j2176
1877032
j2176
1877032
j2176
1877032
j2176
1877032
j2177
1877032
j2177
1877032
j2177
1877032
j2177
1879209
j2177
1879209
j2178
1881387
j2179
1881387
j2179
1881387
j2179
1881387
j2179
1881387
j2179
1881387
j2180
1883567
j2180
1883567
j2181
1883567
j2181
1885748
j2181
1885748
j2181
1885748
j2181
1885748
j2182
1887930
j2182
1887930
j2182
1887930
j2182
1887930
j2182
1887930
j2183
1887930
j2183
1887930
j2183
1887930
j2183
1887930
j2183
1887930
j2184
1890114
j2185
1890114
j2185
1890114
j2185
1892299
j2185
1892299
j2185
1892299
j2186
1894485
j2186
1894485
j2186
1894485
j2186
1894485
j2186
1894485
j2187
1894485
j2187
1896672
j2187
1896672
j2187
1896672
j2187
1896672
j2188
1898860
j2188
1898860
j2188
1898860
j2188
1898860
j2188
1898860
j2189
1898860
j2189
1898860
j2189
1898860
j2189
1898860
j2189
1901049
j2190
1903239
j2191
1903239
j2191
1903239
j2191
1903239
j2191
1905430
j2191
1905430
j2192
1907622
j2192
1907622
j2192
1907622
j2192
1907622
j2192
1907622
j2193
1907622
j2193
1909815
j2193
1909815
j2193
1909815
j2193
1909815
j2194
1912009
j2194
1912009
j2194
1912009
j2194
1912009
j2194
1912009
j2195
1912009
j2195
1912009
j2195
1914204
j2195
1914204
j2195
1914204
j2196
1916400
j2197
1916400
j2197
1916400
j2197
1916400
j2197
1916400
j2197
1916400
j2198
1918598
j2198
1918598
j2198
1918598
j2199
1918598
j2199
1920797
j2199
1920797
j2199
1920797
j2199
1920797
j2200
1922997
j2200
1922997
j2201
1922997
j2201
1922997
j2201
1922997
j2201
1922997
j2201
1922997
j2202
1925199
j2203
1925199
j2203
1925199
j2203
1925199
j2203
1925199
j2203
1925199
j2204
1927403
j2204
1927403
j2204
1927403
j2204
1927403
j2204
1927403
j2205
1927403
j2205
1929608
j2206
1931814
j2206
1931814
j2206
1931814
j2206
1931814
j2206
1931814
j2207
1931814
j2207
1931814
j2207
1931814
j2207
1931814
j2207
1931814
j2208
1934022
j2209
1934022
j2209
1934022
j2209
1934022
j2209
1934022
j2209
1934022
j2210
1936232
j2210
1936232
j2211
1936232
j2211
1938443
j2211
1938443
j2211
1938443
j2212
1940655
j2212
1940655
j2212
1940655
j2213
1940655
j2213
1940655
j2213
1940655
j2213
1940655
j2213
1940655
j2214
1942869
j2215
1942869
j2215
1942869
j2215
1945084
j2215
1945084
j2215
1945084
j2216
1947300
j2216
1947300
j2216
1947300
j2216
1947300
j2216
1947300
j2217
1947300
j2217
1949517
j2217
1949517
j2217
1949517
j2217
1949517
j2218
1951735
j2218
1951735
j2218
1951735
j2218
1951735
j2218
1951735
j2219
1951735
j2219
1951735
j2219
1951735
j2219
1953954
j2219
1953954
j2220
1956174
j2221
1956174
j2221
1956174
j2221
1956174
j2221
1956174
j2221
1956174
j2222
1958396
j2222
1958396
j2222
1958396
j2222
1958396
j2223
1958396
j2223
1960619
j2223
1960619
j2223
1960619
j2223
1960619
j2224
1962843
j2224
1962843
j2224
1962843
j2224
1962843
j2224
1962843
j2225
1962843
j2225
1962843
j2225
1965068
j2225
1965068
j2225
1965068
j2226
1967294
j2227
1967294
j2227
1967294
j2227
1967294
j2227
1967294
j2227
1967294
j2228
1969522
j2228
1969522
j2228
1969522
j2228
1969522
j2228
1969522
j2229
1969522
j2229
1971751
j2229
1971751
j2229
1971751
j2229
1971751
j2230
1973981
j2230
1973981
j2231
1973981
j2231
1973981
j2231
1973981
j2231
1973981
j2231
1973981
j2232
1976213
j2233
1976213
j2233
1976213
j2233
1976213
j2233
1978446
j2234
1980680
j2234
1980680
j2234
1980680
j2234
1980680
j2234
1980680
j2235
1980680
j2235
1982915
j2236
1985151
j2236
1985151
j2236
1985151
j2236
1985151
j2236
1985151
j2237
1985151
j2237
1985151
j2237
1985151
j2237
1985151
j2237
1985151
j2238
1987389
j2239
1987389
j2239
1987389
j2239
1987389
j2239
1987389
j2239
1987389
j2240
1989629
j2240
1989629
j2241
1989629
j2241
1991870
j2241
1991870
j2241
1991870
j2241
1991870
j2242
1994112
j2242
1994112
j2242
1994112
j2242
1994112
j2242
1994112
j2243
1994112
j2243
1994112
j2243
1994112
j2243
1994112
j2243
1994112
j2244
1996356
j2245
1996356
j2245
1996356
j2245
1998601
j2245
1998601
j2245
1998601
j2246
2000847
j2246
2000847
j2246
2000847
j2246
2000847
j2246
2000847
j2247
2000847
j2247
2003094
j2247
2003094
j2248
2005342
j2248
2005342
j2248
2005342
j2248
2005342
j2248
2005342
j2249
2005342
j2249
2005342
j2249
2005342
j2249
2005342
j2249
2005342
j2250
2007592
j2251
2007592
j2251
2007592
j2251
2007592
j2251
2007592
j2251
2007592
j2252
2009844
j2252
2009844
j2252
2009844
j2252
2009844
j2252
2009844
j2253
2009844
j2253
2012097
j2253
2012097
j2253
2012097
j2253
2012097
j2254
2014351
j2254
2014351
j2254
2014351
j2255
2014351
j2255
2014351
j2255
2016606
j2255
2016606
j2256
2018862
j2257
2018862
j2257
2018862
j2257
2018862
j2257
2018862
j2257
2018862
j2258
2021120
j2258
2021120
j2258
2021120
j2258
2021120
j2258
2021120
j2259
2021120
j2259
2023379
j2259
2023379
j2259
2023379
j2259
2023379
j2260
2025639
j2260
2025639
j2261
2025639
j2261
2025639
j2261
2025639
j2261
2027900
j2261
2027900
j2262
2030162
j2263
2030162
j2263
2030162
j2263
2030162
j2263
2030162
j2263
2030162
j2264
2032426
j2264
2032426
j2264
2032426
j2264
2032426
j2264
2032426
j2265
2032426
j2265
2034691
j2266
2036957
j2266
2036957
j2266
2036957
j2266
2036957
j2267
2036957
j2267
2036957
j2267
2036957
j2267
2036957
j2267
2036957
j2268
2039225
j2269
2039225
j2269
2039225
j2269
2039225
j2269
2039225
j2269
2039225
j2270
2041495
j2270
2041495
j2271
2041495
j2271
2043766
j2271
2043766
j2271
2043766
j2271
2043766
j2272
2046038
j2272
2046038
j2272
2046038
j2272
2046038
j2272
2046038
j2273
2046038
j2273
2046038
j2273
2046038
j2273
2046038
j2273
2046038
j2274
2048312
j2275
2048312
j2275
2048312
j2275
2050587
j2276
2052863
j2276
2052863
j2276
2052863
j2276
2052863
j2276
2052863
j2277
2052863
j2277
2055140
j2277
2055140
j2277
2055140
j2278
2057418
j2278
2057418
j2278
2057418
j2278
2057418
j2278
2057418
j2279
2057418
j2279
2057418
j2279
2057418
j2279
2057418
j2279
2057418
j2280
2059698
j2281
2059698
j2281
2059698
j2281
2059698
j2281
2059698
j2281
2059698
j2282
2061980
j2282
2061980
j2282
2061980
j2283
2061980
j2283
2064263
j2283
2064263
j2283
2064263
j2283
2064263
j2284
2066547
j2284
2066547
j2284
2066547
j2284
2066547
j2284
2066547
j2285
2066547
j2285
2066547
j2285
2068832
j2285
2068832
j2285
2068832
j2286
2071118
j2287
2071118
j2287
2071118
j2287
2071118
j2287
2071118
j2287
2071118
j2288
2073406
j2288
2073406
j2288
2073406
j2288
2073406
j2289
2073406
j2289
2075695
j2289
2075695
j2290
2077985
j2290
2077985
j2291
2077985
j2291
2077985
j2291
2077985
j2291
2077985
j2291
2077985
j2292
2080277
j2293
2080277
j2293
2080277
j2293
2080277
j2293
2080277
j2293
2080277
j2294
2082571
j2294
2082571
j2294
2082571
j2294
2082571
j2294
2082571
j2295
2082571
j2295
2084866
j2296
2087162
j2296
2087162
j2296
2087162
j2297
2087162
j2297
2087162
j2297
2087162
j2297
2087162
j2297
2087162
j2298
2089460
j2299
2089460
j2299
2089460
j2299
2089460
j2299
2089460
j2299
2091759
j2300
2094059
j2300
2094059
j2301
2094059
j2301
2096360
j2301
2096360
j2301
2096360
j2301
2096360
j2302
2098662
j2302
2098662
j2302
2098662
j2302
2098662
j2302
2098662
j2303
2098662
j2303
2098662
j2303
2098662
j2303
2100965
j2303
2100965
j2304
2103269
j2305
2103269
j2305
2103269
j2305
2105574
j2305
2105574
j2305
2105574
j2306
2107880
j2306
2107880
j2306
2107880
j2306
2107880
j2306
2107880
j2307
2107880
j2307
2110187
j2307
2110187
j2307
2110187
j2307
2110187
j2308
2112495
j2308
2112495
j2308
2112495
j2308
2112495
j2308
2112495
j2309
2112495
j2309
2112495
j2309
2112495
j2309
2112495
j2309
2112495
j2310
2114805
j2311
2114805
j2311
2114805
j2311
2114805
j2311
2114805
j2311
2114805
j2312
2117117
j2312
2117117
j2312
2117117
j2312
2117117
j2312
2117117
j2313
2117117
j2313
2119430
j2313
2119430
j2313
2119430
j2313
2119430
j2314
2121744
j2314
2121744
j2314
2121744
j2314
2121744
j2314
2121744
j2315
2121744
j2315
2121744
j2315
2124059
j2315
2124059
j2315
2124059
j2316
2126375
j2317
2126375
j2317
2126375
j2317
2126375
j2317
2128692
j2317
2128692
j2318
2131010
j2318
2131010
j2318
2131010
j2318
2131010
j2318
2131010
j2319
2131010
j2319
2133329
j2319
2133329
j2319
2133329
j2319
2133329
j2320
2135649
j2320
2135649
j2321
2135649
j2321
2135649
j2321
2135649
j2321
2135649
j2321
2137970
j2322
2140292
j2323
2140292
j2323
2140292
j2323
2140292
j2323
2140292
j2323
2140292
j2324
2142616
j2324
2142616
j2324
2142616
j2325
2142616
j2325
2144941
j2326
2147267
j2326
2147267
j2326
2147267
j2326
2147267
j2326
2147267
j2327
2147267
j2327
2147267
j2327
2147267
j2327
2147267
j2327
2147267
j2328
2149595
j2329
2149595
j2329
2149595
j2329
2149595
j2329
2149595
j2329
2149595
j2330
2151925
j2330
2151925
j2331
2151925
j2331
2154256
j2331
2154256
j2332
2156588
j2332
2156588
j2332
2156588
j2332
2156588
j2333
2156588
j2333
2156588
j2333
2156588
j2333
2156588
j2333
2156588
j2334
2158922
j2335
2158922
j2335
2158922
j2335
2161257
j2335
2161257
j2335
2161257
j2336
2163593
j2336
2163593
j2336
2163593
j2336
2163593
j2336
2163593
j2337
2163593
j2337
2165930
j2337
2165930
j2337
2165930
j2337
2165930
j2338
2168268
j2338
2168268
j2338
2168268
j2339
2168268
j2339
2168268
j2339
2168268
j2339
2168268
j2339
2168268
j2340
2170608
j2341
2170608
j2341
2170608
j2341
2170608
j2341
2170608
j2341
2170608
j2342
2172950
j2342
2172950
j2342
2172950
j2342
2172950
j2342
2172950
j2343
2172950
j2343
2175293
j2343
2175293
j2343
2175293
j2344
2177637
j2344
2177637
j2344
2177637
j2344
2177637
j2344
2177637
j2345
2177637
j2345
2177637
j2345
2179982
j2346
2182328
j2347
2182328
j2347
2182328
j2347
2182328
j2347
2182328
j2347
2182328
j2348
2184676
j2348
2184676
j2348
2184676
j2348
2184676
j2348
2184676
j2349
2184676
j2349
2187025
j2349
2187025
j2349
2187025
j2349
2187025
j2350
2189375
j2350
2189375
j2351
2189375
j2351
2189375
j2351
2189375
j2351
2189375
j2351
2189375
j2352
2191727
j2353
2191727
j2353
2191727
j2353
2191727
j2353
2191727
j2353
2191727
j2354
2194081
j2354
2194081
j2354
2194081
j2354
2194081
j2355
2194081
j2355
2196436
j2356
2198792
j2356
2198792
j2356
2198792
j2356
2198792
j2356
2198792
j2357
2198792
j2357
2198792
j2357
2198792
j2357
2198792
j2357
2198792
j2358
2201150
j2359
2201150
j2359
2201150
j2359
2201150
j2359
2203509
j2359
2203509
j2360
2205869
j2360
2205869
j2361
2205869
j2361
2208230
j2361
2208230
j2361
2208230
j2361
2208230
j2362
2210592
j2362
2210592
j2362
2210592
j2362
2210592
j2362
2210592
j2363
2210592
j2363
2210592
j2363
2210592
j2363
2210592
j2363
2210592
j2364
2212956
j2365
2212956
j2365
2212956
j2365
2215321
j2365
2215321
j2366
2217687
j2366
2217687
j2366
2217687
j2367
2217687
j2367
2220054
j2367
2220054
j2367
2220054
j2367
2220054
j2368
2222422
j2368
2222422
j2368
2222422
j2368
2222422
j2368
2222422
j2369
2222422
j2369
2222422
j2369
2222422
j2369
2222422
j2369
2222422
j2370
2224792
j2371
2224792
j2371
2224792
j2371
2224792
j2371
2224792
j2371
2224792
j2372
2227164
j2372
2227164
j2372
2227164
j2372
2227164
j2372
2227164
j2373
2227164
j2373
2229537
j2373
2229537
j2374
2231911
j2374
2231911
j2374
2231911
j2374
2231911
j2374
2231911
j2375
2231911
j2375
2231911
j2375
2234286
j2375
2234286
j2375
2234286
j2376
2236662
j2377
2236662
j2377
2236662
j2377
2236662
j2377
2236662
j2377
2236662
j2378
2239040
j2378
2239040
j2378
2239040
j2378
2239040
j2378
2239040
j2379
2239040
j2379
2241419
j2379
2241419
j2379
2241419
j2379
2241419
j2380
2243799
j2380
2243799
j2381
2243799
j2381
2243799
j2381
2243799
j2381
2243799
j2381
2243799
j2382
2246181
j2383
2246181
j2383
2246181
j2383
2246181
j2383
2246181
j2383
2246181
j2384
2248565
j2384
2248565
j2384
2248565
j2384
2248565
j2384
2248565
j2385
2248565
j2385
2250950
j2386
2253336
j2386
2253336
j2386
2253336
j2386
2253336
j2386
2253336
j2387
2253336
j2387
2253336
j2387
2253336
j2387
2255723
j2388
2258111
j2389
2258111
j2389
2258111
j2389
2258111
j2389
2258111
j2389
2258111
j2390
2260501
j2390
2260501
j2391
2260501
j2391
2262892
j2391
2262892
j2391
2262892
j2391
2262892
j2392
2265284
j2392
2265284
j2392
2265284
j2392
2265284
j2392
2265284
j2393
2265284
j2393
2265284
j2393
2265284
j2393
2265284
j2393
2265284
j2394
2267678
j2395
2267678
j2395
2267678
j2395
2270073
j2395
2270073
j2395
2270073
j2396
2272469
j2396
2272469
j2396
2272469
j2396
2272469
j2396
2272469
j2397
2272469
j2397
2274866
j2397
2274866
j2397
2274866
j2397
2274866
j2398
2277264
j2398
2277264
j2398
2277264
j2398
2277264
j2399
2277264
j2399
2277264
j2399
2277264
j2399
2277264
j2399
2277264
j2400
2279664
j2401
2279664
j2401
2279664
j2401
2279664
j2401
2282065
j2401
2282065
j2402
2284467
j2402
2284467
j2402
2284467
j2402
2284467
j2402
2284467
j2403
2284467
j2403
2286870
j2403
2286870
j2403
2286870
j2403
2286870
j2404
2289274
j2404
2289274
j2404
2289274
j2404
2289274
j2404
2289274
j2405
2289274
j2405
2289274
j2405
2291679
j2405
2291679
j2405
2291679
j2406
2294085
j2407
2294085
j2407
2294085
j2407
2294085
j2407
2294085
j2407
2294085
j2408
2296493
j2408
2296493
j2408
2296493
j2409
2296493
j2409
2298902
j2409
2298902
j2409
2298902
j2410
2301312
j2410
2301312
j2411
2301312
j2411
2301312
j2411
2301312
j2411
2301312
j2411
2301312
j2412
2303724
j2413
2303724
j2413
2303724
j2413
2303724
j2413
2303724
j2413
2303724
j2414
2306138
j2414
2306138
j2414
2306138
j2414
2306138
j2414
2306138
j2415
2306138
j2415
2308553
j2416
2310969
j2416
2310969
j2416
2310969
j2416
2310969
j2416
2310969
j2417
2310969
j2417
2310969
j2417
2310969
j2417
2310969
j2417
2310969
j2418
2313387
j2419
2313387
j2419
2313387
j2419
2313387
j2419
2313387
j2419
2313387
j2420
2315807
j2420
2315807
j2421
2315807
j2421
2318228
j2421
2318228
j2421
2318228
j2421
2318228
j2422
2320650
j2422
2320650
j2422
2320650
j2423
2320650
j2423
2320650
j2423
2320650
j2423
2320650
j2423
2320650
j2424
2323074
j2425
2323074
j2425
2323074
j2425
2325499
j2425
2325499
j2425
2325499
j2426
2327925
j2426
2327925
j2426
2327925
j2426
2327925
j2426
2327925
j2427
2327925
j2427
2330352
j2427
2330352
j2427
2330352
j2427
2330352
j2428
2332780
j2428
2332780
j2428
2332780
j2428
2332780
j2428
2332780
j2429
2332780
j2429
2332780
j2429
2332780
j2429
2335209
j2429
2335209
j2430
2337639
j2431
2337639
j2431
2337639
j2431
2337639
j2431
2337639
j2431
2340070
j2432
2342502
j2432
2342502
j2432
2342502
j2432
2342502
j2432
2342502
j2433
2342502
j2433
2344935
j2433
2344935
j2433
2344935
j2433
2344935
j2434
2347369
j2434
2347369
j2434
2347369
j2434
2347369
j2434
2347369
j2435
2347369
j2435
2347369
j2435
2349804
j2435
2349804
j2435
2349804
j2436
2352240
j2437
2352240
j2437
2352240
j2437
2352240
j2437
2352240
j2437
2352240
j2438
2354678
j2438
2354678
j2438
2354678
j2438
2354678
j2438
2354678
j2439
2354678
j2439
2357117
j2439
2357117
j2439
2357117
j2439
2357117
j2440
2359557
j2440
2359557
j2441
2359557
j2441
2359557
j2441
2359557
j2441
2359557
j2441
2359557
j2442
2361999
j2443
2361999
j2443
2361999
j2443
2361999
j2443
2364442
j2443
2364442
j2444
2366886
j2444
2366886
j2444
2366886
j2444
2366886
j2444
2366886
j2445
2366886
j2445
2369331
j2446
2371777
j2446
2371777
j2446
2371777
j2446
2371777
j2446
2371777
j2447
2371777
j2447
2371777
j2447
2371777
j2447
2371777
j2447
2371777
j2448
2374225
j2449
2374225
j2449
2374225
j2449
2374225
j2449
2374225
j2449
2374225
j2450
2376675
j2450
2376675
j2451
2376675
j2451
2379126
j2451
2379126
j2451
2379126
j2451
2379126
j2452
2381578
j2452
2381578
j2452
2381578
j2452
2381578
j2452
2381578
j2453
2381578
j2453
2381578
j2453
2381578
j2453
2381578
j2453
2384031
j2454
2386485
j2455
2386485
j2455
2386485
j2455
2388940
j2455
2388940
j2455
2388940
j2456
2391396
j2456
2391396
j2456
2391396
j2456
2391396
j2456
2391396
j2457
2391396
j2457
2393853
j2457
2393853
j2458
2396311
j2458
2396311
j2458
2396311
j2458
2396311
j2458
2396311
j2459
2396311
j2459
2396311
j2459
2396311
j2459
2396311
j2459
2396311
j2460
2398771
j2461
2398771
j2461
2398771
j2461
2398771
j2461
2398771
j2461
2398771
j2462
2401233
j2462
2401233
j2462
2401233
j2462
2401233
j2462
2401233
j2463
2401233
j2463
2403696
j2463
2403696
j2463
2403696
j2463
2403696
j2464
2406160
j2464
2406160
j2464
2406160
j2465
2406160
j2465
2406160
j2465
2408625
j2465
2408625
j2465
2408625
j2466
2411091
j2467
2411091
j2467
2411091
j2467
2411091
j2467
2411091
j2467
2411091
j2468
2413559
j2468
2413559
j2468
2413559
j2468
2413559
j2468
2413559
j2469
2413559
j2469
2416028
j2469
2416028
j2469
2416028
j2469
2416028
j2470
2418498
j2470
2418498
j2471
2418498
j2471
2418498
j2471
2418498
j2471
2420969
j2471
2420969
j2472
2423441
j2473
2423441
j2473
2423441
j2473
2423441
j2473
2423441
j2473
2423441
j2474
2425915
j2474
2425915
j2474
2425915
j2474
2425915
j2474
2425915
j2475
2425915
j2475
2428390
j2476
2430866
j2476
2430866
j2476
2430866
j2476
2430866
j2476
2430866
j2477
2430866
j2477
2430866
j2477
2430866
j2477
2430866
j2477
2430866
j2478
2433344
j2479
2433344
j2479
2433344
j2479
2433344
j2479
2433344
j2479
2433344
j2480
2435824
j2480
2435824
j2481
2435824
j2481
2438305
j2481
2438305
j2481
2438305
j2481
2438305
j2482
2440787
j2482
2440787
j2482
2440787
j2482
2440787
j2482
2440787
j2483
2440787
j2483
2440787
j2483
2440787
j2483
2440787
j2483
2440787
j2484
2443271
j2485
2443271
j2485
2443271
j2485
2445756
j2486
2448242
j2486
2448242
j2486
2448242
j2486
2448242
j2487
2448242
j2487
2450729
j2487
2450729
j2487
2450729
j2487
2450729
j2488
2453217
j2488
2453217
j2488
2453217
j2488
2453217
j2488
2453217
j2489
2453217
j2489
2453217
j2489
2453217
j2489
2453217
j2489
2453217
j2490
2455707
j2491
2455707
j2491
2455707
j2491
2455707
j2491
2455707
j2491
2455707
j2492
2458199
j2492
2458199
j2492
2458199
j2493
2458199
j2493
2460692
j2493
2460692
j2493
2460692
j2493
2460692
j2494
2463186
j2494
2463186
j2494
2463186
j2494
2463186
j2494
2463186
j2495
2463186
j2495
2463186
j2495
2465681
j2495
2465681
j2495
2465681
j2496
2468177
j2497
2468177
j2497
2468177
j2497
2468177
j2497
2468177
j2497
2470674
j2498
2473172
j2498
2473172
j2498
2473172
j2498
2473172
j2498
2473172
j2499
2473172
j2499
2475671
j2499
2475671
j2500
2478171
j2500
2478171
j2501
2478171
j2501
2478171
j2501
2478171
j2501
2478171
j2501
2478171
j2502
2480673
j2503
2480673
j2503
2480673
j2503
2480673
j2503
2480673
j2503
2480673
j2504
2483177
j2504
2483177
j2504
2483177
j2504
2483177
j2504
2483177
j2505
2483177
j2505
2485682
j2506
2488188
j2506
2488188
j2506
2488188
j2507
2488188
j2507
2488188
j2507
2488188
j2507
2488188
j2507
2488188
j2508
2490696
j2509
2490696
j2509
2490696
j2509
2490696
j2509
2490696
j2509
2490696
j2510
2493206
j2510
2493206
j2511
2493206
j2511
2495717
j2511
2495717
j2511
2495717
j2511
2495717
j2512
2498229
j2512
2498229
j2512
2498229
j2512
2498229
j2512
2498229
j2513
2498229
j2513
2498229
j2513
2498229
j2513
2500742
j2513
2500742
j2514
2503256
j2515
2503256
j2515
2503256
j2515
2505771
j2515
2505771
j2515
2505771
j2516
2508287
j2516
2508287
j2516
2508287
j2516
2508287
j2516
2508287
j2517
2508287
j2517
2510804
j2517
2510804
j2517
2510804
j2517
2510804
j2518
2513322
j2518
2513322
j2518
2513322
j2518
2513322
j2518
2513322
j2519
2513322
j2519
2513322
j2519
2513322
j2519
2513322
j2519
2515841
j2520
2518361
j2521
2518361
j2521
2518361
j2521
2518361
j2521
2518361
j2521
2518361
j2522
2520883
j2522
2520883
j2522
2520883
j2522
2520883
j2522
2520883
j2523
2520883
j2523
2523406
j2523
2523406
j2523
2523406
j2523
2523406
j2524
2525930
j2524
2525930
j2524
2525930
j2524
2525930
j2524
2525930
j2525
2525930
j2525
2525930
j2525
2528455
j2525
2528455
j2525
2528455
j2526
2530981
j2527
2530981
j2527
2530981
j2527
2530981
j2527
2533508
j2527
2533508
j2528
2536036
j2528
2536036
j2528
2536036
j2528
2536036
j2528
2536036
j2529
2536036
j2529
2538565
j2529
2538565
j2529
2538565
j2529
2538565
j2530
2541095
j2530
2541095
j2531
2541095
j2531
2541095
j2531
2541095
j2531
2541095
j2531
2541095
j2532
2543627
j2533
2543627
j2533
2543627
j2533
2543627
j2533
2543627
j2533
2543627
j2534
2546161
j2534
2546161
j2534
2546161
j2535
2546161
j2535
2548696
j2536
2551232
j2536
2551232
j2536
2551232
j2536
2551232
j2536
2551232
j2537
2551232
j2537
2551232
j2537
2551232
j2537
2551232
j2537
2551232
j2538
2553770
j2539
2553770
j2539
2553770
j2539
2553770
j2539
2553770
j2539
2553770
j2540
2556310
j2540
2556310
j2541
2556310
j2541
2558851
j2541
2558851
j2542
2561393
j2542
2561393
j2542
2561393
j2542
2561393
j2542
2561393
j2543
2561393
j2543
2561393
j2543
2561393
j2543
2561393
j2543
2561393
j2544
2563937
j2545
2563937
j2545
2563937
j2545
2566482
j2545
2566482
j2545
2566482
j2546
2569028
j2546
2569028
j2546
2569028
j2546
2569028
j2546
2569028
j2547
2569028
j2547
2571575
j2547
2571575
j2547
2571575
j2547
2571575
j2548
2574123
j2548
2574123
j2548
2574123
j2549
2574123
j2549
2574123
j2549
2574123
j2549
2574123
j2549
2574123
j2550
2576673
j2551
2576673
j2551
2576673
j2551
2576673
j2551
2576673
j2551
2576673
j2552
2579225
j2552
2579225
j2552
2579225
j2552
2579225
j2553
2579225
j2553
2581778
j2553
2581778
j2553
2581778
j2553
2581778
j2554
2584332
j2554
2584332
j2554
2584332
j2554
2584332
j2554
2584332
j2555
2584332
j2555
2584332
j2555
2586887
j2556
2589443
j2557
2589443
j2557
2589443
j2557
2589443
j2557
2589443
j2557
2589443
j2558
2592001
j2558
2592001
j2558
2592001
j2558
2592001
j2558
2592001
j2559
2592001
j2559
2594560
j2559
2594560
j2559
2594560
j2559
2594560
j2560
2597120
j2560
2597120
j2561
2597120
j2561
2597120
j2561
2597120
j2561
2597120
j2561
2597120
j2562
2599682
j2563
2599682
j2563
2599682
j2563
2599682
j2563
2599682
j2563
2602245
j2564
2604809
j2564
2604809
j2564
2604809
j2564
2604809
j2564
2604809
j2565
2604809
j2565
2607374
j2566
2609940
j2566
2609940
j2566
2609940
j2566
2609940
j2566
2609940
j2567
2609940
j2567
2609940
j2567
2609940
j2567
2609940
j2567
2609940
j2568
2612508
j2569
2612508
j2569
2612508
j2569
2612508
j2569
2615077
j2569
2615077
j2570
2617647
j2570
2617647
j2571
2617647
j2571
2620218
j2571
2620218
j2571
2620218
j2571
2620218
j2572
2622790
j2572
2622790
j2572
2622790
j2572
2622790
j2572
2622790
j2573
2622790
j2573
2622790
j2573
2622790
j2573
2622790
j2573
2622790
j2574
2625364
j2575
2625364
j2575
2625364
j2575
2627939
j2575
2627939
j2575
2627939
j2576
2630515
j2576
2630515
j2576
2630515
j2577
2630515
j2577
2633092
j2577
2633092
j2577
2633092
j2577
2633092
j2578
2635670
j2578
2635670
j2578
2635670
j2578
2635670
j2578
2635670
j2579
2635670
j2579
2635670
j2579
2635670
j2579
2635670
j2579
2635670
j2580
2638250
j2581
2638250
j2581
2638250
j2581
2638250
j2581
2638250
j2581
2638250
j2582
2640832
j2582
2640832
j2582
2640832
j2582
2640832
j2582
2640832
j2583
2640832
j2583
2643415
j2583
2643415
j2584
2645999
j2584
2645999
j2584
2645999
j2584
2645999
j2584
2645999
j2585
2645999
j2585
2645999
j2585
2648584
j2585
2648584
j2586
2651170
j2587
2651170
j2587
2651170
j2587
2651170
j2587
2651170
j2587
2651170
j2588
2653758
j2588
2653758
j2588
2653758
j2588
2653758
j2588
2653758
j2589
2653758
j2589
2656347
j2589
2656347
j2589
2656347
j2589
2656347
j2590
2658937
j2590
2658937
j2591
2658937
j2591
2658937
j2591
2658937
j2591
2658937
j2591
2658937
j2592
2661529
j2593
2661529
j2593
2661529
j2593
2661529
j2593
2661529
j2593
2661529
j2594
2664123
j2594
2664123
j2594
2664123
j2594
2664123
j2594
2664123
j2595
2664123
j2595
2666718
j2596
2669314
j2596
2669314
j2596
2669314
j2596
2669314
j2597
2669314
j2597
2669314
j2597
2669314
j2597
2671911
j2597
2671911
j2598
2674509
j2599
2674509
j2599
2674509
j2599
2674509
j2599
2674509
j2599
2674509
j2600
2677109
j2600
2677109
j2601
2677109
j2601
2679710
j2601
2679710
j2601
2679710
j2601
2679710
j2602
2682312
j2602
2682312
j2602
2682312
j2602
2682312
j2602
2682312
j2603
2682312
j2603
2682312
j2603
2682312
j2603
2682312
j2603
2682312
j2604
2684916
j2605
2684916
j2605
2684916
j2605
2687521
j2605
2687521
j2605
2687521
j2606
2690127
j2606
2690127
j2606
2690127
j2606
2690127
j2606
2690127
j2607
2690127
j2607
2692734
j2607
2692734
j2607
2692734
j2608
2695342
j2608
2695342
j2608
2695342
j2608
2695342
j2608
2695342
j2609
2695342
j2609
2695342
j2609
2695342
j2609
2695342
j2609
2695342
j2610
2697952
j2611
2697952
j2611
2697952
j2611
2697952
j2611
2700563
j2611
2700563
j2612
2703175
j2612
2703175
j2612
2703175
j2612
2703175
j2612
2703175
j2613
2703175
j2613
2705788
j2613
2705788
j2613
2705788
j2613
2705788
j2614
2708402
j2614
2708402
j2614
2708402
j2614
2708402
j2614
2708402
j2615
2708402
j2615
2708402
j2615
2711017
j2615
2711017
j2615
2711017
j2616
2713633
j2617
2713633
j2617
2713633
j2617
2713633
j2617
2713633
j2617
2713633
j2618
2716251
j2618
2716251
j2618
2716251
j2619
2716251
j2619
2718870
j2619
2718870
j2619
2718870
j2619
2718870
j2620
2721490
j2620
2721490
j2621
2721490
j2621
2721490
j2621
2721490
j2621
2721490
j2621
2721490
j2622
2724112
j2623
2724112
j2623
2724112
j2623
2724112
j2623
2724112
j2623
2724112
j2624
2726736
j2624
2726736
j2624
2726736
j2624
2726736
j2624
2726736
j2625
2726736
j2625
2729361
j2626
2731987
j2626
2731987
j2626
2731987
j2626
2731987
j2626
2731987
j2627
2731987
j2627
2731987
j2627
2731987
j2627
2731987
j2627
2731987
j2628
2734615
j2629
2734615
j2629
2734615
j2629
2734615
j2629
2734615
j2629
2737244
j2630
2739874
j2630
2739874
j2631
2739874
j2631
2742505
j2631
2742505
j2631
2742505
j2631
2742505
j2632
2745137
j2632
2745137
j2632
2745137
j2633
2745137
j2633
2745137
j2633
2745137
j2633
2745137
j2633
2745137
j2634
2747771
j2635
2747771
j2635
2747771
j2635
2750406
j2635
2750406
j2635
2750406
j2636
2753042
j2636
2753042
j2636
2753042
j2636
2753042
j2636
2753042
j2637
2753042
j2637
2755679
j2637
2755679
j2637
2755679
j2637
2755679
j2638
2758317
j2638
2758317
j2638
2758317
j2638
2758317
j2638
2758317
j2639
2758317
j2639
2758317
j2639
2758317
j2639
2760956
j2639
2760956
j2640
2763596
j2641
2763596
j2641
2763596
j2641
2763596
j2641
2763596
j2641
2763596
j2642
2766238
j2642
2766238
j2642
2766238
j2642
2766238
j2642
2766238
j2643
2766238
j2643
2768881
j2643
2768881
j2643
2768881
j2643
2768881
j2644
2771525
j2644
2771525
j2644
2771525
j2644
2771525
j2644
2771525
j2645
2771525
j2645
2771525
j2645
2774170
j2645
2774170
j2645
2774170
j2646
2776816
j2647
2776816
j2647
2776816
j2647
2776816
j2647
2776816
j2647
2776816
j2648
2779464
j2648
2779464
j2648
2779464
j2648
2779464
j2648
2779464
j2649
2779464
j2649
2782113
j2649
2782113
j2649
2782113
j2649
2782113
j2650
2784763
j2650
2784763
j2651
2784763
j2651
2784763
j2651
2784763
j2651
2784763
j2651
2787414
j2652
2790066
j2653
2790066
j2653
2790066
j2653
2790066
j2653
2792719
j2653
2792719
j2654
2795373
j2654
2795373
j2654
2795373
j2654
2795373
j2654
2795373
j2655
2795373
j2655
2798028
j2656
2800684
j2656
2800684
j2656
2800684
j2656
2800684
j2656
2800684
j2657
2800684
j2657
2800684
j2657
2800684
j2657
2800684
j2657
2800684
j2658
2803342
j2659
2803342
j2659
2803342
j2659
2803342
j2659
2803342
j2659
2803342
j2660
2806002
j2660
2806002
j2661
2806002
j2661
2808663
j2661
2808663
j2661
2808663
j2661
2808663
j2662
2811325
j2662
2811325
j2662
2811325
j2662
2811325
j2663
2811325
j2663
2811325
j2663
2811325
j2663
2811325
j2663
2811325
j2664
2813989
j2665
2813989
j2665
2813989
j2665
2816654
j2665
2816654
j2665
2816654
j2666
2819320
j2666
2819320
j2666
2819320
j2666
2819320
j2666
2819320
j2667
2819320
j2667
2821987
j2667
2821987
j2668
2824655
j2668
2824655
j2668
2824655
j2668
2824655
j2668
2824655
j2669
2824655
j2669
2824655
j2669
2824655
j2669
2824655
j2669
2824655
j2670
2827325
j2671
2827325
j2671
2827325
j2671
2827325
j2671
2827325
j2671
2827325
j2672
2829997
j2672
2829997
j2672
2829997
j2672
2829997
j2672
2829997
j2673
2829997
j2673
2832670
j2673
2832670
j2673
2832670
j2674
2835344
j2674
2835344
j2674
2835344
j2675
2835344
j2675
2835344
j2675
2838019
j2675
2838019
j2675
2838019
j2676
2840695
j2677
2840695
j2677
2840695
j2677
2840695
j2677
2840695
j2677
2840695
j2678
2843373
j2678
2843373
j2678
2843373
j2678
2843373
j2678
2843373
j2679
2843373
j2679
2846052
j2679
2846052
j2679
2846052
j2679
2846052
j2680
2848732
j2680
2848732
j2681
2848732
j2681
2848732
j2681
2848732
j2681
2851413
j2681
2851413
j2682
2854095
j2683
2854095
j2683
2854095
j2683
2854095
j2683
2854095
j2683
2854095
j2684
2856779
j2684
2856779
j2684
2856779
j2684
2856779
j2685
2856779
j2685
2859464
j2686
2862150
j2686
2862150
j2686
2862150
j2686
2862150
j2686
2862150
j2687
2862150
j2687
2862150
j2687
2862150
j2687
2862150
j2687
2862150
j2688
2864838
j2689
2864838
j2689
2864838
j2689
2864838
j2689
2864838
j2689
2864838
j2690
2867528
j2690
2867528
j2691
2867528
j2691
2870219
j2691
2870219
j2691
2870219
j2691
2870219
j2692
2872911
j2692
2872911
j2692
2872911
j2692
2872911
j2692
2872911
j2693
2872911
j2693
2872911
j2693
2872911
j2693
2872911
j2693
2872911
j2694
2875605
j2695
2875605
j2695
2875605
j2695
2878300
j2696
2880996
j2696
2880996
j2696
2880996
j2696
2880996
j2696
2880996
j2697
2880996
j2697
2883693
j2697
2883693
j2697
2883693
j2697
2883693
j2698
2886391
j2698
2886391
j2698
2886391
j2698
2886391
j2698
2886391
j2699
2886391
j2699
2886391
j2699
2886391
j2699
2886391
j2699
2886391
j2700
2889091
j2701
2889091
j2701
2889091
j2701
2889091
j2701
2889091
j2701
2889091
j2702
2891793
j2702
2891793
j2702
2891793
j2703
2891793
j2703
2894496
j2703
2894496
j2703
2894496
j2703
2894496
j2704
2897200
j2704
2897200
j2704
2897200
j2704
2897200
j2704
2897200
j2705
2897200
j2705
2897200
j2705
2899905
j2705
2899905
j2705
2899905
j2706
2902611
j2707
2902611
j2707
2902611
j2707
2902611
j2707
2902611
j2707
2902611
j2708
2905319
j2708
2905319
j2708
2905319
j2708
2905319
j2708
2905319
j2709
2905319
j2709
2908028
j2709
2908028
j2710
2910738
j2710
2910738
j2711
2910738
j2711
2910738
j2711
2910738
j2711
2910738
j2711
2910738
j2712
2913450
j2713
2913450
j2713
2913450
j2713
2913450
j2713
2913450
j2713
2913450
j2714
2916164
j2714
2916164
j2714
2916164
j2714
2916164
j2714
2916164
j2715
2916164
j2715
2918879
j2716
2921595
j2716
2921595
j2716
2921595
j2717
2921595
j2717
2921595
j2717
2921595
j2717
2921595
j2717
2924312
j2718
2927030
j2719
2927030
j2719
2927030
j2719
2927030
j2719
2927030
j2719
2927030
j2720
2929750
j2720
2929750
j2721
2929750
j2721
2932471
j2721
2932471
j2721
2932471
j2721
2932471
j2722
2935193
j2722
2935193
j2722
2935193
j2722
2935193
j2722
2935193
j2723
2935193
j2723
2935193
j2723
2935193
j2723
2937916
j2723
2937916
j2724
2940640
j2725
2940640
j2725
2940640
j2725
2943365
j2725
2943365
j2725
2943365
j2726
2946091
j2726
2946091
j2726
2946091
j2726
2946091
j2726
2946091
j2727
2946091
j2727
2948818
j2727
2948818
j2727
2948818
j2727
2948818
j2728
2951546
j2728
2951546
j2728
2951546
j2728
2951546
j2729
2951546
j2729
2951546
j2729
2951546
j2729
2951546
j2729
2951546
j2730
2954276
j2731
2954276
j2731
2954276
j2731
2954276
j2731
2954276
j2731
2954276
j2732
2957008
j2732
2957008
j2732
2957008
j2732
2957008
j2732
2957008
j2733
2957008
j2733
2959741
j2733
2959741
j2733
2959741
j2733
2959741
j2734
2962475
j2734
2962475
j2734
2962475
j2734
2962475
j2734
2962475
j2735
2962475
j2735
2962475
j2735
2965210
j2735
2965210
j2735
2965210
j2736
2967946
j2737
2967946
j2737
2967946
j2737
2967946
j2737
2970683
j2737
2970683
j2738
2973421
j2738
2973421
j2738
2973421
j2738
2973421
j2738
2973421
j2739
2973421
j2739
2976160
j2739
2976160
j2739
2976160
j2740
2978900
j2740
2978900
j2741
2978900
j2741
2978900
j2741
2978900
j2741
2978900
j2741
2978900
j2742
2981642
j2743
2981642
j2743
2981642
j2743
2981642
j2743
2981642
j2743
2981642
j2744
2984386
j2744
2984386
j2744
2984386
j2745
2984386
j2745
2987131
j2746
2989877
j2746
2989877
j2746
2989877
j2746
2989877
j2746
2989877
j2747
2989877
j2747
2989877
j2747
2989877
j2747
2989877
j2747
2989877
j2748
2992625
j2749
2992625
j2749
2992625
j2749
2992625
j2749
2992625
j2749
2992625
j2750
2995375
j2750
2995375
j2751
2995375
j2751
2998126
j2751
2998126
j2752
3000878
j2752
3000878
j2752
3000878
j2752
3000878
j2752
3000878
j2753
3000878
j2753
3000878
j2753
3000878
j2753
3000878
j2753
3000878
j2754
3003632
j2755
3003632
j2755
3003632
j2755
3006387
j2755
3006387
j2755
3006387
j2756
3009143
j2756
3009143
j2756
3009143
j2756
3009143
j2756
3009143
j2757
3009143
j2757
3011900
j2757
3011900
j2757
3011900
j2757
3011900
j2758
3014658
j2758
3014658
j2758
3014658
j2759
3014658
j2759
3014658
j2759
3014658
j2759
3014658
j2759
3014658
j2760
3017418
j2761
3017418
j2761
3017418
j2761
3017418
j2761
3017418
j2761
3020179
j2762
3022941
j2762
3022941
j2762
3022941
j2762
3022941
j2762
3022941
j2763
3022941
j2763
3025704
j2763
3025704
j2763
3025704
j2763
3025704
j2764
3028468
j2764
3028468
j2764
3028468
j2764
3028468
j2764
3028468
j2765
3028468
j2765
3028468
j2765
3031233
j2766
3033999
j2767
3033999
j2767
3033999
j2767
3033999
j2767
3033999
j2767
3033999
j2768
3036767
j2768
3036767
j2768
3036767
j2768
3036767
j2768
3036767
j2769
3036767
j2769
3039536
j2769
3039536
j2769
3039536
j2769
3039536
j2770
3042306
j2770
3042306
j2771
3042306
j2771
3042306
j2771
3042306
j2771
3042306
j2771
3042306
j2772
3045078
j2773
3045078
j2773
3045078
j2773
3045078
j2773
3045078
j2773
3045078
j2774
3047852
j2774
3047852
j2774
3047852
j2774
3047852
j2774
3047852
j2775
3047852
j2775
3050627
j2776
3053403
j2776
3053403
j2776
3053403
j2776
3053403
j2776
3053403
j2777
3053403
j2777
3053403
j2777
3053403
j2777
3053403
j2777
3053403
j2778
3056181
j2779
3056181
j2779
3056181
j2779
3056181
j2779
3058960
j2779
3058960
j2780
3061740
j2780
3061740
j2781
3061740
j2781
3064521
j2781
3064521
j2781
3064521
j2781
3064521
j2782
3067303
j2782
3067303
j2782
3067303
j2782
3067303
j2782
3067303
j2783
3067303
j2783
3067303
j2783
3067303
j2783
3067303
j2783
3070086
j2784
3072870
j2785
3072870
j2785
3072870
j2785
3075655
j2785
3075655
j2785
3075655
j2786
3078441
j2786
3078441
j2786
3078441
j2787
3078441
j2787
3081228
j2787
3081228
j2787
3081228
j2787
3081228
j2788
3084016
j2788
3084016
j2788
3084016
j2788
3084016
j2788
3084016
j2789
3084016
j2789
3084016
j2789
3084016
j2789
3084016
j2789
3084016
j2790
3086806
j2791
3086806
j2791
3086806
j2791
3086806
j2791
3086806
j2791
3086806
j2792
3089598
j2792
3089598
j2792
3089598
j2792
3089598
j2792
3089598
j2793
3089598
j2793
3092391
j2793
3092391
j2794
3095185
j2794
3095185
j2794
3095185
j2794
3095185
j2795
3095185
j2795
3095185
j2795
3097980
j2795
3097980
j2795
3097980
j2796
3100776
j2797
3100776
j2797
3100776
j2797
3100776
j2797
3100776
j2797
3100776
j2798
3103574
j2798
3103574
j2798
3103574
j2798
3103574
j2798
3103574
j2799
3103574
j2799
3106373
j2799
3106373
j2799
3106373
j2799
3106373
j2800
3109173
j2800
3109173
j2801
3109173
j2801
3109173
j2801
3109173
j2801
3109173
j2801
3109173
j2802
3111975
j2803
3111975
j2803
3111975
j2803
3111975
j2803
3111975
j2803
3111975
j2804
3114779
j2804
3114779
j2804
3114779
j2804
3114779
j2804
3114779
j2805
3114779
j2805
3117584
j2806
3120390
j2806
3120390
j2806
3120390
j2806
3120390
j2806
3120390
j2807
3120390
j2807
3120390
j2807
3120390
j2807
3123197
j2807
3123197
j2808
3126005
j2809
3126005
j2809
3126005
j2809
3126005
j2809
3126005
j2809
3126005
j2810
3128815
j2810
3128815
j2811
3128815
j2811
3131626
j2811
3131626
j2811
3131626
j2811
3131626
j2812
3134438
j2812
3134438
j2812
3134438
j2812
3134438
j2812
3134438
j2813
3134438
j2813
3134438
j2813
3134438
j2813
3134438
j2813
3134438
j2814
3137252
j2815
3137252
j2815
3137252
j2815
3140067
j2815
3140067
j2815
3140067
j2816
3142883
j2816
3142883
j2816
3142883
j2816
3142883
j2817
3142883
j2817
3145700
j2817
3145700
j2817
3145700
j2817
3145700
j2818
3148518
j2818
3148518
j2818
3148518
j2818
3148518
j2818
3148518
j2819
3148518
j2819
3148518
j2819
3148518
j2819
3148518
j2819
3148518
j2820
3151338
j2821
3151338
j2821
3151338
j2821
3151338
j2821
3154159
j2821
3154159
j2822
3156981
j2822
3156981
j2822
3156981
j2822
3156981
j2822
3156981
j2823
3156981
j2823
3159804
j2823
3159804
j2823
3159804
j2823
3159804
j2824
3162628
j2824
3162628
j2824
3162628
j2824
3162628
j2824
3162628
j2825
3162628
j2825
3162628
j2825
3165453
j2825
3165453
j2825
3165453
j2826
3168279
j2827
3168279
j2827
3168279
j2827
3168279
j2827
3168279
j2827
3171106
j2828
3173934
j2828
3173934
j2828
3173934
j2829
3173934
j2829
3176763
j2829
3176763
j2829
3176763
j2829
3176763
j2830
3179593
j2830
3179593
j2831
3179593
j2831
3179593
j2831
3179593
j2831
3179593
j2831
3179593
j2832
3182425
j2833
3182425
j2833
3182425
j2833
3182425
j2833
3182425
j2833
3182425
j2834
3185259
j2834
3185259
j2834
3185259
j2834
3185259
j2834
3185259
j2835
3185259
j2835
3188094
j2836
3190930
j2836
3190930
j2836
3190930
j2836
3190930
j2836
3190930
j2837
3190930
j2837
3190930
j2837
3190930
j2837
3190930
j2837
3190930
j2838
3193768
j2839
3193768
j2839
3193768
j2839
3193768
j2839
3193768
j2839
3193768
j2840
3196608
j2840
3196608
j2841
3196608
j2841
3199449
j2841
3199449
j2841
3199449
j2841
3199449
j2842
3202291
j2842
3202291
j2842
3202291
j2843
3202291
j2843
3202291
j2843
3202291
j2843
3202291
j2843
3202291
j2844
3205135
j2845
3205135
j2845
3205135
j2845
3207980
j2845
3207980
j2845
3207980
j2846
3210826
j2846
3210826
j2846
3210826
j2846
3210826
j2846
3210826
j2847
3210826
j2847
3213673
j2847
3213673
j2847
3213673
j2847
3213673
j2848
3216521
j2848
3216521
j2848
3216521
j2848
3216521
j2848
3216521
j2849
3216521
j2849
3216521
j2849
3216521
j2849
3219370
j2850
3222220
j2851
3222220
j2851
3222220
j2851
3222220
j2851
3222220
j2851
3222220
j2852
3225072
j2852
3225072
j2852
3225072
j2852
3225072
j2852
3225072
j2853
3225072
j2853
3227925
j2853
3227925
j2853
3227925
j2853
3227925
j2854
3230779
j2854
3230779
j2854
3230779
j2854
3230779
j2854
3230779
j2855
3230779
j2855
3230779
j2855
3233634
j2855
3233634
j2855
3233634
j2856
3236490
j2857
3236490
j2857
3236490
j2857
3236490
j2857
3236490
j2857
3236490
j2858
3239348
j2858
3239348
j2858
3239348
j2858
3239348
j2858
3239348
j2859
3239348
j2859
3242207
j2859
3242207
j2859
3242207
j2859
3242207
j2860
3245067
j2860
3245067
j2861
3245067
j2861
3245067
j2861
3245067
j2861
3245067
j2861
3245067
j2862
3247929
j2863
3247929
j2863
3247929
j2863
3247929
j2863
3250792
j2863
3250792
j2864
3253656
j2864
3253656
j2864
3253656
j2864
3253656
j2864
3253656
j2865
3253656
j2865
3256521
j2866
3259387
j2866
3259387
j2866
3259387
j2866
3259387
j2866
3259387
j2867
3259387
j2867
3259387
j2867
3259387
j2867
3259387
j2867
3259387
j2868
3262255
j2869
3262255
j2869
3262255
j2869
3262255
j2869
3262255
j2869
3262255
j2870
3265125
j2870
3265125
j2871
3265125
j2871
3267996
j2871
3267996
j2871
3267996
j2872
3270868
j2872
3270868
j2872
3270868
j2872
3270868
j2872
3270868
j2873
3270868
j2873
3270868
j2873
3270868
j2873
3270868
j2873
3270868
j2874
3273742
j2875
3273742
j2875
3273742
j2875
3276617
j2875
3276617
j2875
3276617
j2876
3279493
j2876
3279493
j2876
3279493
j2876
3279493
j2876
3279493
j2877
3279493
j2877
3282370
j2877
3282370
j2878
3285248
j2878
3285248
j2878
3285248
j2878
3285248
j2878
3285248
j2879
3285248
j2879
3285248
j2879
3285248
j2879
3285248
j2879
3285248
j2880
3288128
j2881
3288128
j2881
3288128
j2881
3288128
j2881
3288128
j2881
3288128
j2882
3291010
j2882
3291010
j2882
3291010
j2882
3291010
j2883
3291010
j2883
3293893
j2883
3293893
j2883
3293893
j2883
3293893
j2884
3296777
j2884
3296777
j2884
3296777
j2885
3296777
j2885
3296777
j2885
3299662
j2885
3299662
j2885
3299662
j2886
3302548
j2887
3302548
j2887
3302548
j2887
3302548
j2887
3302548
j2887
3302548
j2888
3305436
j2888
3305436
j2888
3305436
j2888
3305436
j2888
3305436
j2889
3305436
j2889
3308325
j2889
3308325
j2889
3308325
j2889
3308325
j2890
3311215
j2890
3311215
j2891
3311215
j2891
3311215
j2891
3311215
j2891
3314106
j2891
3314106
j2892
3316998
j2893
3316998
j2893
3316998
j2893
3316998
j2893
3316998
j2893
3319891
j2894
3322785
j2894
3322785
j2894
3322785
j2894
3322785
j2894
3322785
j2895
3322785
j2895
3325680
j2896
3328576
j2896
3328576
j2896
3328576
j2896
3328576
j2896
3328576
j2897
3328576
j2897
3328576
j2897
3328576
j2897
3328576
j2897
3328576
j2898
3331474
j2899
3331474
j2899
3331474
j2899
3331474
j2899
3331474
j2899
3331474
j2900
3334374
j2900
3334374
j2901
3334374
j2901
3337275
j2901
3337275
j2901
3337275
j2901
3337275
j2902
3340177
j2902
3340177
j2902
3340177
j2902
3340177
j2902
3340177
j2903
3340177
j2903
3340177
j2903
3340177
j2903
3340177
j2903
3340177
j2904
3343081
j2905
3343081
j2905
3343081
j2905
3345986
j2906
3348892
j2906
3348892
j2906
3348892
j2906
3348892
j2906
3348892
j2907
3348892
j2907
3351799
j2907
3351799
j2907
3351799
j2907
3351799
j2908
3354707
j2908
3354707
j2908
3354707
j2908
3354707
j2908
3354707
j2909
3354707
j2909
3354707
j2909
3354707
j2909
3354707
j2909
3354707
j2910
3357617
j2911
3357617
j2911
3357617
j2911
3357617
j2911
3357617
j2911
3357617
j2912
3360529
j2912
3360529
j2912
3360529
j2913
3360529
j2913
3363442
j2913
3363442
j2913
3363442
j2913
3363442
j2914
3366356
j2914
3366356
j2914
3366356
j2914
3366356
j2914
3366356
j2915
3366356
j2915
3366356
j2915
3369271
j2915
3369271
j2916
3372187
j2917
3372187
j2917
3372187
j2917
3372187
j2917
3372187
j2917
3372187
j2918
3375105
j2918
3375105
j2918
3375105
j2918
3375105
j2918
3375105
j2919
3375105
j2919
3378024
j2919
3378024
j2920
3380944
j2920
3380944
j2921
3380944
j2921
3380944
j2921
3380944
j2921
3380944
j2921
3380944
j2922
3383866
j2923
3383866
j2923
3383866
j2923
3383866
j2923
3383866
j2923
3383866
j2924
3386790
j2924
3386790
j2924
3386790
j2924
3386790
j2924
3386790
j2925
3386790
j2925
3389715
j2926
3392641
j2926
3392641
j2926
3392641
j2927
3392641
j2927
3392641
j2927
3392641
j2927
3392641
j2927
3392641
j2928
3395569
j2929
3395569
j2929
3395569
j2929
3395569
j2929
3395569
j2929
3395569
j2930
3398499
j2930
3398499
j2931
3398499
j2931
3401430
j2931
3401430
j2931
3401430
j2931
3401430
j2932
3404362
j2932
3404362
j2932
3404362
j2932
3404362
j2932
3404362
j2933
3404362
j2933
3404362
j2933
3404362
j2933
3407295
j2933
3407295
j2934
3410229
j2935
3410229
j2935
3410229
j2935
3413164
j2935
3413164
j2935
3413164
j2936
3416100
j2936
3416100
j2936
3416100
j2936
3416100
j2936
3416100
j2937
3416100
j2937
3419037
j2937
3419037
j2937
3419037
j2938
3421975
j2938
3421975
j2938
3421975
j2938
3421975
j2938
3421975
j2939
3421975
j2939
3421975
j2939
3421975
j2939
3421975
j2939
3421975
j2940
3424915
j2941
3424915
j2941
3424915
j2941
3424915
j2941
3424915
j2941
3424915
j2942
3427857
j2942
3427857
j2942
3427857
j2942
3427857
j2942
3427857
j2943
3427857
j2943
3430800
j2943
3430800
j2943
3430800
j2943
3430800
j2944
3433744
j2944
3433744
j2944
3433744
j2944
3433744
j2944
3433744
j2945
3433744
j2945
3433744
j2945
3436689
j2945
3436689
j2945
3436689
j2946
3439635
j2947
3439635
j2947
3439635
j2947
3439635
j2947
3442582
j2947
3442582
j2948
3445530
j2948
3445530
j2948
3445530
j2948
3445530
j2949
3445530
j2949
3448479
j2949
3448479
j2949
3448479
j2949
3448479
j2950
3451429
j2950
3451429
j2951
3451429
j2951
3451429
j2951
3451429
j2951
3451429
j2951
3451429
j2952
3454381
j2953
3454381
j2953
3454381
j2953
3454381
j2953
3454381
j2953
3454381
j2954
3457335
j2954
3457335
j2954
3457335
j2955
3457335
j2955
3460290
j2956
3463246
j2956
3463246
j2956
3463246
j2956
3463246
j2956
3463246
j2957
3463246
j2957
3463246
j2957
3463246
j2957
3463246
j2957
3463246
j2958
3466204
j2959
3466204
j2959
3466204
j2959
3466204
j2959
3466204
j2959
3469163
j2960
3472123
j2960
3472123
j2961
3472123
j2961
3475084
j2961
3475084
j2962
3478046
j2962
3478046
j2962
3478046
j2962
3478046
j2962
3478046
j2963
3478046
j2963
3478046
j2963
3478046
j2963
3478046
j2963
3478046
j2964
3481010
j2965
3481010
j2965
3481010
j2965
3483975
j2965
3483975
j2965
3483975
j2966
3486941
j2966
3486941
j2966
3486941
j2966
3486941
j2966
3486941
j2967
3486941
j2967
3489908
j2967
3489908
j2967
3489908
j2967
3489908
j2968
3492876
j2968
3492876
j2968
3492876
j2969
3492876
j2969
3492876
j2969
3492876
j2969
3492876
j2969
3492876
j2970
3495846
j2971
3495846
j2971
3495846
j2971
3495846
j2971
3495846
j2971
3495846
j2972
3498818
j2972
3498818
j2972
3498818
j2972
3498818
j2972
3498818
j2973
3498818
j2973
3501791
j2973
3501791
j2973
3501791
j2973
3501791
j2974
3504765
j2974
3504765
j2974
3504765
j2974
3504765
j2974
3504765
j2975
3504765
j2975
3504765
j2975
3507740
j2976
3510716
j2977
3510716
j2977
3510716
j2977
3510716
j2977
3510716
j2977
3510716
j2978
3513694
j2978
3513694
j2978
3513694
j2978
3513694
j2978
3513694
j2979
3513694
j2979
3516673
j2979
3516673
j2979
3516673
j2979
3516673
j2980
3519653
j2980
3519653
j2981
3519653
j2981
3519653
j2981
3519653
j2981
3519653
j2981
3522634
j2982
3525616
j2983
3525616
j2983
3525616
j2983
3525616
j2983
3525616
j2983
3525616
j2984
3528600
j2984
3528600
j2984
3528600
j2984
3528600
j2984
3528600
j2985
3528600
j2985
3531585
j2986
3534571
j2986
3534571
j2986
3534571
j2986
3534571
j2986
3534571
j2987
3534571
j2987
3534571
j2987
3534571
j2987
3534571
j2987
3534571
j2988
3537559
j2989
3537559
j2989
3537559
j2989
3537559
j2989
3540548
j2989
3540548
j2990
3543538
j2990
3543538
j2991
3543538
j2991
3546529
j2991
3546529
j2991
3546529
j2991
3546529
j2992
3549521
j2992
3549521
j2992
3549521
j2992
3549521
j2993
3549521
j2993
3549521
j2993
3549521
j2993
3549521
j2993
3549521
j2994
3552515
j2995
3552515
j2995
3552515
j2995
3555510
j2995
3555510
j2995
3555510
j2996
3558506
j2996
3558506
j2996
3558506
j2997
3558506
j2997
3561503
j2997
3561503
j2997
3561503
j2997
3561503
j2998
3564501
j2998
3564501
j2998
3564501
j2998
3564501
j2998
3564501
j2999
3564501
j2999
3564501
j2999
3564501
j2999
3564501
j2999
3564501
j3000
3567501
j3001
3567501
j3001
3567501
j3001
3567501
j3001
3567501
j3001
3567501
j3002
3570503
j3002
3570503
j3002
3570503
j3002
3570503
j3002
3570503
j3003
3570503
j3003
3573506
j3003
3573506
j3004
3576510
j3004
3576510
j3004
3576510
j3004
3576510
j3004
3576510
j3005
3576510
j3005
3576510
j3005
3579515
j3005
3579515
j3005
3579515
j3006
3582521
j3007
3582521
j3007
3582521
j3007
3582521
j3007
3582521
j3007
3582521
j3008
3585529
j3008
3585529
j3008
3585529
j3008
3585529
j3008
3585529
j3009
3585529
j3009
3588538
j3009
3588538
j3009
3588538
j3009
3588538
j3010
3591548
j3010
3591548
j3011
3591548
j3011
3591548
j3011
3591548
j3011
3591548
j3011
3591548
j3012
3594560
j3013
3594560
j3013
3594560
j3013
3594560
j3013
3594560
j3013
3594560
j3014
3597574
j3014
3597574
j3014
3597574
j3014
3597574
j3015
3597574
j3015
3600589
j3016
3603605
j3016
3603605
j3016
3603605
j3016
3603605
j3016
3603605
j3017
3603605
j3017
3603605
j3017
3603605
j3017
3606622
j3017
3606622
j3018
3609640
j3019
3609640
j3019
3609640
j3019
3609640
j3019
3609640
j3019
3609640
j3020
3612660
j3020
3612660
j3021
3612660
j3021
3615681
j3021
3615681
j3021
3615681
j3021
3615681
j3022
3618703
j3022
3618703
j3022
3618703
j3022
3618703
j3022
3618703
j3023
3618703
j3023
3618703
j3023
3618703
j3023
3618703
j3023
3618703
j3024
3621727
j3025
3621727
j3025
3621727
j3025
3624752
j3025
3624752
j3026
3627778
j3026
3627778
j3026
3627778
j3026
3627778
j3026
3627778
j3027
3627778
j3027
3630805
j3027
3630805
j3027
3630805
j3027
3630805
j3028
3633833
j3028
3633833
j3028
3633833
j3028
3633833
j3028
3633833
j3029
3633833
j3029
3633833
j3029
3633833
j3029
3633833
j3029
3633833
j3030
3636863
j3031
3636863
j3031
3636863
j3031
3636863
j3031
3639894
j3031
3639894
j3032
3642926
j3032
3642926
j3032
3642926
j3032
3642926
j3032
3642926
j3033
3642926
j3033
3645959
j3033
3645959
j3033
3645959
j3033
3645959
j3034
3648993
j3034
3648993
j3034
3648993
j3034
3648993
j3034
3648993
j3035
3648993
j3035
3648993
j3035
3652028
j3035
3652028
j3035
3652028
j3036
3655064
j3037
3655064
j3037
3655064
j3037
3655064
j3037
3655064
j3037
3655064
j3038
3658102
j3038
3658102
j3038
3658102
j3039
3658102
j3039
3661141
j3039
3661141
j3039
3661141
j3039
3661141
j3040
3664181
j3040
3664181
j3041
3664181
j3041
3664181
j3041
3664181
j3041
3664181
j3041
3664181
j3042
3667223
j3043
3667223
j3043
3667223
j3043
3667223
j3043
3667223
j3043
3667223
j3044
3670267
j3044
3670267
j3044
3670267
j3044
3670267
j3044
3670267
j3045
3670267
j3045
3673312
j3046
3676358
j3046
3676358
j3046
3676358
j3046
3676358
j3046
3676358
j3047
3676358
j3047
3676358
j3047
3676358
j3047
3676358
j3047
3679405
j3048
3682453
j3049
3682453
j3049
3682453
j3049
3682453
j3049
3682453
j3049
3682453
j3050
3685503
j3050
3685503
j3051
3685503
j3051
3688554
j3051
3688554
j3051
3688554
j3051
3688554
j3052
3691606
j3052
3691606
j3052
3691606
j3053
3691606
j3053
3691606
j3053
3691606
j3053
3691606
j3053
3691606
j3054
3694660
j3055
3694660
j3055
3694660
j3055
3697715
j3055
3697715
j3055
3697715
j3056
3700771
j3056
3700771
j3056
3700771
j3056
3700771
j3056
3700771
j3057
3700771
j3057
3703828
j3057
3703828
j3057
3703828
j3057
3703828
j3058
3706886
j3058
3706886
j3058
3706886
j3058
3706886
j3059
3706886
j3059
3706886
j3059
3706886
j3059
3709945
j3059
3709945
j3060
3713005
j3061
3713005
j3061
3713005
j3061
3713005
j3061
3713005
j3061
3713005
j3062
3716067
j3062
3716067
j3062
3716067
j3062
3716067
j3062
3716067
j3063
3716067
j3063
3719130
j3063
3719130
j3063
3719130
j3063
3719130
j3064
3722194
j3064
3722194
j3064
3722194
j3064
3722194
j3064
3722194
j3065
3722194
j3065
3722194
j3065
3725259
j3065
3725259
j3065
3725259
j3066
3728325
j3067
3728325
j3067
3728325
j3067
3728325
j3067
3728325
j3067
3728325
j3068
3731393
j3068
3731393
j3068
3731393
j3068
3731393
j3068
3731393
j3069
3731393
j3069
3734462
j3069
3734462
j3069
3734462
j3070
3737532
j3070
3737532
j3071
3737532
j3071
3737532
j3071
3737532
j3071
3737532
j3071
3737532
j3072
3740604
j3073
3740604
j3073
3740604
j3073
3740604
j3073
3743677
j3073
3743677
j3074
3746751
j3074
3746751
j3074
3746751
j3074
3746751
j3074
3746751
j3075
3746751
j3075
3749826
j3076
3752902
j3076
3752902
j3076
3752902
j3076
3752902
j3076
3752902
j3077
3752902
j3077
3752902
j3077
3752902
j3077
3752902
j3077
3752902
j3078
3755980
j3079
3755980
j3079
3755980
j3079
3755980
j3079
3755980
j3079
3755980
j3080
3759060
j3080
3759060
j3081
3759060
j3081
3762141
j3081
3762141
j3081
3762141
j3081
3762141
j3082
3765223
j3082
3765223
j3082
3765223
j3082
3765223
j3082
3765223
j3083
3765223
j3083
3765223
j3083
3765223
j3083
3765223
j3083
3765223
j3084
3768307
j3085
3768307
j3085
3768307
j3085
3771392
j3085
3771392
j3085
3771392
j3086
3774478
j3086
3774478
j3086
3774478
j3086
3774478
j3086
3774478
j3087
3774478
j3087
3777565
j3087
3777565
j3088
3780653
j3088
3780653
j3088
3780653
j3088
3780653
j3088
3780653
j3089
3780653
j3089
3780653
j3089
3780653
j3089
3780653
j3089
3780653
j3090
3783743
j3091
3783743
j3091
3783743
j3091
3783743
j3091
3783743
j3091
3786834
j3092
3789926
j3092
3789926
j3092
3789926
j3092
3789926
j3092
3789926
j3093
3789926
j3093
3793019
j3093
3793019
j3093
3793019
j3093
3793019
j3094
3796113
j3094
3796113
j3094
3796113
j3095
3796113
j3095
3796113
j3095
3799208
j3095
3799208
j3095
3799208
j3096
3802304
j3097
3802304
j3097
3802304
j3097
3802304
j3097
3802304
j3097
3802304
j3098
3805402
j3098
3805402
j3098
3805402
j3098
3805402
j3098
3805402
j3099
3805402
j3099
3808501
j3099
3808501
j3099
3808501
j3099
3808501
j3100
3811601
j3100
3811601
j3101
3811601
j3101
3811601
j3101
3811601
j3101
3814702
j3101
3814702
j3102
3817804
j3103
3817804
j3103
3817804
j3103
3817804
j3103
3817804
j3103
3817804
j3104
3820908
j3104
3820908
j3104
3820908
j3104
3820908
j3104
3820908
j3105
3820908
j3105
3824013
j3106
3827119
j3106
3827119
j3106
3827119
j3106
3827119
j3106
3827119
j3107
3827119
j3107
3827119
j3107
3827119
j3107
3827119
j3107
3827119
j3108
3830227
j3109
3830227
j3109
3830227
j3109
3830227
j3109
3830227
j3109
3830227
j3110
3833337
j3110
3833337
j3111
3833337
j3111
3836448
j3111
3836448
j3111
3836448
j3111
3836448
j3112
3839560
j3112
3839560
j3112
3839560
j3112
3839560
j3112
3839560
j3113
3839560
j3113
3839560
j3113
3839560
j3113
3839560
j3113
3842673
j3114
3845787
j3115
3845787
j3115
3845787
j3115
3848902
j3116
3852018
j3116
3852018
j3116
3852018
j3116
3852018
j3116
3852018
j3117
3852018
j3117
3855135
j3117
3855135
j3117
3855135
j3117
3855135
j3118
3858253
j3118
3858253
j3118
3858253
j3118
3858253
j3118
3858253
j3119
3858253
j3119
3858253
j3119
3858253
j3119
3858253
j3119
3858253
j3120
3861373
j3121
3861373
j3121
3861373
j3121
3861373
j3121
3861373
j3121
3861373
j3122
3864495
j3122
3864495
j3122
3864495
j3123
3864495
j3123
3867618
j3123
3867618
j3123
3867618
j3123
3867618
j3124
3870742
j3124
3870742
j3124
3870742
j3124
3870742
j3125
3870742
j3125
3870742
j3125
3873867
j3125
3873867
j3125
3873867
j3126
3876993
j3127
3876993
j3127
3876993
j3127
3876993
j3127
3876993
j3127
3876993
j3128
3880121
j3128
3880121
j3128
3880121
j3128
3880121
j3128
3880121
j3129
3880121
j3129
3883250
j3129
3883250
j3130
3886380
j3130
3886380
j3131
3886380
j3131
3886380
j3131
3886380
j3131
3886380
j3131
3886380
j3132
3889512
j3133
3889512
j3133
3889512
j3133
3889512
j3133
3889512
j3133
3889512
j3134
3892646
j3134
3892646
j3134
3892646
j3134
3892646
j3134
3892646
j3135
3892646
j3135
3895781
j3136
3898917
j3136
3898917
j3136
3898917
j3137
3898917
j3137
3898917
j3137
3898917
j3137
3898917
j3137
3898917
j3138
3902055
j3139
3902055
j3139
3902055
j3139
3902055
j3139
3902055
j3139
3902055
j3140
3905195
j3140
3905195
j3141
3905195
j3141
3908336
j3141
3908336
j3141
3908336
j3141
3908336
j3142
3911478
j3142
3911478
j3142
3911478
j3142
3911478
j3142
3911478
j3143
3911478
j3143
3911478
j3143
3911478
j3143
3914621
j3143
3914621
j3144
3917765
j3145
3917765
j3145
3917765
j3145
3920910
j3145
3920910
j3145
3920910
j3146
3924056
j3146
3924056
j3146
3924056
j3146
3924056
j3147
3924056
j3147
3927203
j3147
3927203
j3147
3927203
j3147
3927203
j3148
3930351
j3148
3930351
j3148
3930351
j3148
3930351
j3148
3930351
j3149
3930351
j3149
3930351
j3149
3930351
j3149
3930351
j3149
3930351
j3150
3933501
j3151
3933501
j3151
3933501
j3151
3933501
j3151
3933501
j3151
3933501
j3152
3936653
j3152
3936653
j3152
3936653
j3152
3936653
j3152
3936653
j3153
3936653
j3153
3939806
j3153
3939806
j3153
3939806
j3153
3939806
j3154
3942960
j3154
3942960
j3154
3942960
j3154
3942960
j3154
3942960
j3155
3942960
j3155
3942960
j3155
3946115
j3155
3946115
j3155
3946115
j3156
3949271
j3157
3949271
j3157
3949271
j3157
3949271
j3157
3952428
j3158
3955586
j3158
3955586
j3158
3955586
j3158
3955586
j3158
3955586
j3159
3955586
j3159
3958745
j3159
3958745
j3159
3958745
j3159
3958745
j3160
3961905
j3160
3961905
j3161
3961905
j3161
3961905
j3161
3961905
j3161
3961905
j3161
3961905
j3162
3965067
j3163
3965067
j3163
3965067
j3163
3965067
j3163
3965067
j3163
3965067
j3164
3968231
j3164
3968231
j3164
3968231
j3165
3968231
j3165
3971396
j3166
3974562
j3166
3974562
j3166
3974562
j3166
3974562
j3166
3974562
j3167
3974562
j3167
3974562
j3167
3974562
j3167
3974562
j3167
3974562
j3168
3977730
j3169
3977730
j3169
3977730
j3169
3977730
j3169
3977730
j3169
3977730
j3170
3980900
j3170
3980900
j3171
3980900
j3171
3984071
j3171
3984071
j3172
3987243
j3172
3987243
j3172
3987243
j3172
3987243
j3172
3987243
j3173
3987243
j3173
3987243
j3173
3987243
j3173
3987243
j3173
3987243
j3174
3990417
j3175
3990417
j3175
3990417
j3175
3993592
j3175
3993592
j3175
3993592
j3176
3996768
j3176
3996768
j3176
3996768
j3176
3996768
j3176
3996768
j3177
3996768
j3177
3999945
j3177
3999945
j3177
3999945
j3177
3999945
j3178
4003123
j3178
4003123
j3178
4003123
j3179
4003123
j3179
4003123
j3179
4003123
j3179
4003123
j3179
4006302
j3180
4009482
j3181
4009482
j3181
4009482
j3181
4009482
j3181
4009482
j3181
4009482
j3182
4012664
j3182
4012664
j3182
4012664
j3182
4012664
j3182
4012664
j3183
4012664
j3183
4015847
j3183
4015847
j3183
4015847
j3183
4015847
j3184
4019031
j3184
4019031
j3184
4019031
j3184
4019031
j3184
4019031
j3185
4019031
j3185
4019031
j3185
4022216
j3186
4025402
j3187
4025402
j3187
4025402
j3187
4025402
j3187
4025402
j3187
4025402
j3188
4028590
j3188
4028590
j3188
4028590
j3188
4028590
j3188
4028590
j3189
4028590
j3189
4031779
j3189
4031779
j3189
4031779
j3189
4031779
j3190
4034969
j3190
4034969
j3191
4034969
j3191
4034969
j3191
4034969
j3191
4034969
j3191
4034969
j3192
4038161
j3193
4038161
j3193
4038161
j3193
4038161
j3193
4038161
j3193
4038161
j3194
4041355
j3194
4041355
j3194
4041355
j3194
4041355
j3194
4041355
j3195
4041355
j3195
4044550
j3196
4047746
j3196
4047746
j3196
4047746
j3196
4047746
j3196
4047746
j3197
4047746
j3197
4047746
j3197
4047746
j3197
4047746
j3197
4047746
j3198
4050944
j3199
4050944
j3199
4050944
j3199
4050944
j3199
4054143
j3199
4054143
j3200
4057343
j3200
4057343
j3201
4057343
j3201
4060544
j3201
4060544
j3201
4060544
j3202
4063746
j3202
4063746
j3202
4063746
j3202
4063746
j3202
4063746
j3203
4063746
j3203
4063746
j3203
4063746
j3203
4063746
j3203
4063746
j3204
4066950
j3205
4066950
j3205
4066950
j3205
4070155
j3205
4070155
j3205
4070155
j3206
4073361
j3206
4073361
j3206
4073361
j3207
4073361
j3207
4076568
j3207
4076568
j3207
4076568
j3207
4076568
j3208
4079776
j3208
4079776
j3208
4079776
j3208
4079776
j3208
4079776
j3209
4079776
j3209
4079776
j3209
4079776
j3209
4079776
j3209
4079776
j3210
4082986
j3211
4082986
j3211
4082986
j3211
4082986
j3211
4082986
j3211
4082986
j3212
4086198
j3212
4086198
j3212
4086198
j3212
4086198
j3213
4086198
j3213
4089411
j3213
4089411
j3214
4092625
j3214
4092625
j3214
4092625
j3214
4092625
j3214
4092625
j3215
4092625
j3215
4092625
j3215
4095840
j3215
4095840
j3215
4095840
j3216
4099056
j3217
4099056
j3217
4099056
j3217
4099056
j3217
4099056
j3217
4099056
j3218
4102274
j3218
4102274
j3218
4102274
j3218
4102274
j3218
4102274
j3219
4102274
j3219
4105493
j3219
4105493
j3219
4105493
j3219
4105493
j3220
4108713
j3220
4108713
j3221
4108713
j3221
4108713
j3221
4108713
j3221
4108713
j3221
4108713
j3222
4111935
j3223
4111935
j3223
4111935
j3223
4111935
j3223
4111935
j3223
4115158
j3224
4118382
j3224
4118382
j3224
4118382
j3224
4118382
j3224
4118382
j3225
4118382
j3225
4121607
j3226
4124833
j3226
4124833
j3226
4124833
j3226
4124833
j3226
4124833
j3227
4124833
j3227
4124833
j3227
4124833
j3227
4128060
j3227
4128060
j3228
4131288
j3229
4131288
j3229
4131288
j3229
4131288
j3229
4131288
j3229
4131288
j3230
4134518
j3230
4134518
j3231
4134518
j3231
4137749
j3231
4137749
j3231
4137749
j3231
4137749
j3232
4140981
j3232
4140981
j3232
4140981
j3232
4140981
j3232
4140981
j3233
4140981
j3233
4140981
j3233
4140981
j3233
4140981
j3233
4140981
j3234
4144215
j3235
4144215
j3235
4144215
j3235
4147450
j3235
4147450
j3235
4147450
j3236
4150686
j3236
4150686
j3236
4150686
j3236
4150686
j3236
4150686
j3237
4150686
j3237
4153923
j3237
4153923
j3237
4153923
j3237
4153923
j3238
4157161
j3238
4157161
j3238
4157161
j3238
4157161
j3238
4157161
j3239
4157161
j3239
4157161
j3239
4157161
j3239
4157161
j3239
4157161
j3240
4160401
j3241
4160401
j3241
4160401
j3241
4160401
j3241
4163642
j3241
4163642
j3242
4166884
j3242
4166884
j3242
4166884
j3242
4166884
j3242
4166884
j3243
4166884
j3243
4170127
j3243
4170127
j3243
4170127
j3243
4170127
j3244
4173371
j3244
4173371
j3244
4173371
j3244
4173371
j3244
4173371
j3245
4173371
j3245
4173371
j3245
4176616
j3245
4176616
j3246
4179862
j3247
4179862
j3247
4179862
j3247
4179862
j3247
4179862
j3247
4179862
j3248
4183110
j3248
4183110
j3248
4183110
j3249
4183110
j3249
4186359
j3249
4186359
j3249
4186359
j3249
4186359
j3250
4189609
j3250
4189609
j3251
4189609
j3251
4189609
j3251
4189609
j3251
4189609
j3251
4189609
j3252
4192861
j3253
4192861
j3253
4192861
j3253
4192861
j3253
4192861
j3253
4192861
j3254
4196115
j3254
4196115
j3254
4196115
j3254
4196115
j3254
4196115
j3255
4196115
j3255
4199370
j3256
4202626
j3256
4202626
j3256
4202626
j3256
4202626
j3257
4202626
j3257
4202626
j3257
4202626
j3257
4202626
j3257
4202626
j3258
4205884
j3259
4205884
j3259
4205884
j3259
4205884
j3259
4205884
j3259
4205884
j3260
4209144
j3260
4209144
j3261
4209144
j3261
4212405
j3261
4212405
j3261
4212405
j3261
4212405
j3262
4215667
j3262
4215667
j3262
4215667
j3263
4215667
j3263
4215667
j3263
4215667
j3263
4215667
j3263
4215667
j3264
4218931
j3265
4218931
j3265
4218931
j3265
4222196
j3265
4222196
j3265
4222196
j3266
4225462
j3266
4225462
j3266
4225462
j3266
4225462
j3266
4225462
j3267
4225462
j3267
4228729
j3267
4228729
j3267
4228729
j3268
4231997
j3268
4231997
j3268
4231997
j3268
4231997
j3268
4231997
j3269
4231997
j3269
4231997
j3269
4231997
j3269
4235266
j3269
4235266
j3270
4238536
j3271
4238536
j3271
4238536
j3271
4238536
j3271
4238536
j3271
4238536
j3272
4241808
j3272
4241808
j3272
4241808
j3272
4241808
j3272
4241808
j3273
4241808
j3273
4245081
j3273
4245081
j3273
4245081
j3273
4245081
j3274
4248355
j3274
4248355
j3274
4248355
j3274
4248355
j3274
4248355
j3275
4248355
j3275
4248355
j3275
4251630
j3275
4251630
j3275
4251630
j3276
4254906
j3277
4254906
j3277
4254906
j3277
4254906
j3277
4254906
j3277
4254906
j3278
4258184
j3278
4258184
j3278
4258184
j3278
4258184
j3279
4258184
j3279
4261463
j3279
4261463
j3279
4261463
j3279
4261463
j3280
4264743
j3280
4264743
j3281
4264743
j3281
4264743
j3281
4264743
j3281
4264743
j3281
4264743
j3282
4268025
j3283
4268025
j3283
4268025
j3283
4268025
j3283
4271308
j3283
4271308
j3284
4274592
j3284
4274592
j3284
4274592
j3284
4274592
j3284
4274592
j3285
4274592
j3285
4277877
j3286
4281163
j3286
4281163
j3286
4281163
j3286
4281163
j3286
4281163
j3287
4281163
j3287
4281163
j3287
4281163
j3287
4281163
j3287
4281163
j3288
4284451
j3289
4284451
j3289
4284451
j3289
4284451
j3289
4284451
j3289
4287740
j3290
4291030
j3290
4291030
j3291
4291030
j3291
4294321
j3291
4294321
j3291
4294321
j3291
4294321
j3292
4297613
j3292
4297613
j3292
4297613
j3292
4297613
j3292
4297613
j3293
4297613
j3293
4297613
j3293
4297613
j3293
4297613
j3293
4297613
j3294
4300907
j3295
4300907
j3295
4300907
j3295
4304202
j3295
4304202
j3295
4304202
j3296
4307498
j3296
4307498
j3296
4307498
j3296
4307498
j3296
4307498
j3297
4307498
j3297
4310795
j3297
4310795
j3298
4314093
j3298
4314093
j3298
4314093
j3298
4314093
j3298
4314093
j3299
4314093
j3299
4314093
j3299
4314093
j3299
4314093
j3299
4314093
j3300
4317393
j3301
4317393
j3301
4317393
j3301
4317393
j3301
4317393
j3301
4317393
j3302
4320695
j3302
4320695
j3302
4320695
j3302
4320695
j3302
4320695
j3303
4320695
j3303
4323998
j3303
4323998
j3303
4323998
j3303
4323998
j3304
4327302
j3304
4327302
j3304
4327302
j3305
4327302
j3305
4327302
j3305
4330607
j3305
4330607
j3305
4330607
j3306
4333913
j3307
4333913
j3307
4333913
j3307
4333913
j3307
4333913
j3307
4333913
j3308
4337221
j3308
4337221
j3308
4337221
j3308
4337221
j3308
4337221
j3309
4337221
j3309
4340530
j3309
4340530
j3309
4340530
j3309
4340530
j3310
4343840
j3310
4343840
j3311
4343840
j3311
4343840
j3311
4343840
j3311
4347151
j3312
4350463
j3313
4350463
j3313
4350463
j3313
4350463
j3313
4350463
j3313
4350463
j3314
4353777
j3314
4353777
j3314
4353777
j3314
4353777
j3314
4353777
j3315
4353777
j3315
4357092
j3316
4360408
j3316
4360408
j3316
4360408
j3316
4360408
j3316
4360408
j3317
4360408
j3317
4360408
j3317
4360408
j3317
4360408
j3317
4360408
j3318
4363726
j3319
4363726
j3319
4363726
j3319
4363726
j3319
4363726
j3319
4363726
j3320
4367046
j3320
4367046
j3321
4367046
j3321
4370367
j3321
4370367
j3321
4370367
j3321
4370367
j3322
4373689
j3322
4373689
j3322
4373689
j3322
4373689
j3323
4373689
j3323
4373689
j3323
4373689
j3323
4373689
j3323
4373689
j3324
4377013
j3325
4377013
j3325
4377013
j3325
4380338
j3326
4383664
j3326
4383664
j3326
4383664
j3326
4383664
j3326
4383664
j3327
4383664
j3327
4386991
j3327
4386991
j3327
4386991
j3327
4386991
j3328
4390319
j3328
4390319
j3328
4390319
j3328
4390319
j3328
4390319
j3329
4390319
j3329
4390319
j3329
4390319
j3329
4390319
j3329
4390319
j3330
4393649
j3331
4393649
j3331
4393649
j3331
4393649
j3331
4393649
j3331
4393649
j3332
4396981
j3332
4396981
j3332
4396981
j3333
4396981
j3333
4400314
j3333
4400314
j3333
4400314
j3334
4403648
j3334
4403648
j3334
4403648
j3334
4403648
j3334
4403648
j3335
4403648
j3335
4403648
j3335
4406983
j3335
4406983
j3335
4406983
j3336
4410319
j3337
4410319
j3337
4410319
j3337
4410319
j3337
4410319
j3337
4410319
j3338
4413657
j3338
4413657
j3338
4413657
j3338
4413657
j3338
4413657
j3339
4413657
j3339
4416996
j3339
4416996
j3340
4420336
j3340
4420336
j3341
4420336
j3341
4420336
j3341
4420336
j3341
4420336
j3341
4420336
j3342
4423678
j3343
4423678
j3343
4423678
j3343
4423678
j3343
4423678
j3343
4423678
j3344
4427022
j3344
4427022
j3344
4427022
j3344
4427022
j3345
4427022
j3345
4430367
j3346
4433713
j3346
4433713
j3346
4433713
j3347
4433713
j3347
4433713
j3347
4433713
j3347
4433713
j3347
4433713
j3348
4437061
j3349
4437061
j3349
4437061
j3349
4437061
j3349
4437061
j3349
4437061
j3350
4440411
j3350
4440411
j3351
4440411
j3351
4443762
j3351
4443762
j3351
4443762
j3351
4443762
j3352
4447114
j3352
4447114
j3352
4447114
j3352
4447114
j3352
4447114
j3353
4447114
j3353
4447114
j3353
4447114
j3353
4450467
j3353
4450467
j3354
4453821
j3355
4453821
j3355
4453821
j3355
4457176
j3355
4457176
j3356
4460532
j3356
4460532
j3356
4460532
j3356
4460532
j3356
4460532
j3357
4460532
j3357
4463889
j3357
4463889
j3357
4463889
j3357
4463889
j3358
4467247
j3358
4467247
j3358
4467247
j3358
4467247
j3358
4467247
j3359
4467247
j3359
4467247
j3359
4467247
j3359
4467247
j3359
4467247
j3360
4470607
j3361
4470607
j3361
4470607
j3361
4470607
j3361
4470607
j3361
4470607
j3362
4473969
j3362
4473969
j3362
4473969
j3362
4473969
j3362
4473969
j3363
4473969
j3363
4477332
j3363
4477332
j3363
4477332
j3363
4477332
j3364
4480696
j3364
4480696
j3364
4480696
j3364
4480696
j3364
4480696
j3365
4480696
j3365
4480696
j3365
4484061
j3365
4484061
j3365
4484061
j3366
4487427
j3367
4487427
j3367
4487427
j3367
4487427
j3367
4490794
j3367
4490794
j3368
4494162
j3368
4494162
j3368
4494162
j3368
4494162
j3368
4494162
j3369
4494162
j3369
4497531
j3369
4497531
j3369
4497531
j3369
4497531
j3370
4500901
j3370
4500901
j3371
4500901
j3371
4500901
j3371
4500901
j3371
4500901
j3371
4500901
j3372
4504273
j3373
4504273
j3373
4504273
j3373
4504273
j3373
4504273
j3373
4504273
j3374
4507647
j3374
4507647
j3374
4507647
j3375
4507647
j3375
4511022
j3376
4514398
j3376
4514398
j3376
4514398
j3376
4514398
j3376
4514398
j3377
4514398
j3377
4514398
j3377
4514398
j3377
4514398
j3377
4517775
j3378
4521153
j3379
4521153
j3379
4521153
j3379
4521153
j3379
4521153
j3379
4521153
j3380
4524533
j3380
4524533
j3381
4524533
j3381
4527914
j3381
4527914
j3382
4531296
j3382
4531296
j3382
4531296
j3382
4531296
j3382
4531296
j3383
4531296
j3383
4531296
j3383
4531296
j3383
4531296
j3383
4531296
j3384
4534680
j3385
4534680
j3385
4534680
j3385
4538065
j3385
4538065
j3385
4538065
j3386
4541451
j3386
4541451
j3386
4541451
j3386
4541451
j3386
4541451
j3387
4541451
j3387
4544838
j3387
4544838
j3387
4544838
j3387
4544838
j3388
4548226
j3388
4548226
j3388
4548226
j3389
4548226
j3389
4548226
j3389
4548226
j3389
4548226
j3389
4548226
j3390
4551616
j3391
4551616
j3391
4551616
j3391
4551616
j3391
4551616
j3391
4551616
j3392
4555008
j3392
4555008
j3392
4555008
j3392
4555008
j3392
4555008
j3393
4555008
j3393
4558401
j3393
4558401
j3393
4558401
j3393
4558401
j3394
4561795
j3394
4561795
j3394
4561795
j3394
4561795
j3394
4561795
j3395
4561795
j3395
4561795
j3395
4565190
j3396
4568586
j3397
4568586
j3397
4568586
j3397
4568586
j3397
4568586
j3397
4568586
j3398
4571984
j3398
4571984
j3398
4571984
j3398
4571984
j3398
4571984
j3399
4571984
j3399
4575383
j3399
4575383
j3399
4575383
j3400
4578783
j3400
4578783
j3401
4578783
j3401
4578783
j3401
4578783
j3401
4578783
j3401
4578783
j3402
4582185
j3403
4582185
j3403
4582185
j3403
4582185
j3403
4582185
j3403
4582185
j3404
4585589
j3404
4585589
j3404
4585589
j3404
4585589
j3404
4585589
j3405
4585589
j3405
4588994
j3406
4592400
j3406
4592400
j3406
4592400
j3406
4592400
j3406
4592400
j3407
4592400
j3407
4592400
j3407
4592400
j3407
4592400
j3407
4592400
j3408
4595808
j3409
4595808
j3409
4595808
j3409
4595808
j3409
4599217
j3409
4599217
j3410
4602627
j3410
4602627
j3411
4602627
j3411
4606038
j3411
4606038
j3411
4606038
j3411
4606038
j3412
4609450
j3412
4609450
j3412
4609450
j3412
4609450
j3412
4609450
j3413
4609450
j3413
4609450
j3413
4609450
j3413
4609450
j3413
4609450
j3414
4612864
j3415
4612864
j3415
4612864
j3415
4616279
j3415
4616279
j3415
4616279
j3416
4619695
j3416
4619695
j3416
4619695
j3417
4619695
j3417
4623112
j3417
4623112
j3417
4623112
j3417
4623112
j3418
4626530
j3418
4626530
j3418
4626530
j3418
4626530
j3418
4626530
j3419
4626530
j3419
4626530
j3419
4626530
j3419
4626530
j3419
4626530
j3420
4629950
j3421
4629950
j3421
4629950
j3421
4629950
j3421
4629950
j3421
4633371
j3422
4636793
j3422
4636793
j3422
4636793
j3422
4636793
j3422
4636793
j3423
4636793
j3423
4640216
j3423
4640216
j3424
4643640
j3424
4643640
j3424
4643640
j3424
4643640
j3424
4643640
j3425
4643640
j3425
4643640
j3425
4647065
j3425
4647065
j3425
4647065
j3426
4650491
j3427
4650491
j3427
4650491
j3427
4650491
j3427
4650491
j3427
4650491
j3428
4653919
j3428
4653919
j3428
4653919
j3428
4653919
j3428
4653919
j3429
4653919
j3429
4657348
j3429
4657348
j3429
4657348
j3429
4657348
j3430
4660778
j3430
4660778
j3431
4660778
j3431
4660778
j3431
4660778
j3431
4660778
j3431
4660778
j3432
4664210
j3433
4664210
j3433
4664210
j3433
4664210
j3433
4664210
j3433
4664210
j3434
4667644
j3434
4667644
j3434
4667644
j3434
4667644
j3434
4667644
j3435
4667644
j3435
4671079
j3436
4674515
j3436
4674515
j3436
4674515
j3436
4674515
j3436
4674515
j3437
4674515
j3437
4674515
j3437
4674515
j3437
4677952
j3437
4677952
j3438
4681390
j3439
4681390
j3439
4681390
j3439
4681390
j3439
4681390
j3439
4681390
j3440
4684830
j3440
4684830
j3441
4684830
j3441
4688271
j3441
4688271
j3441
4688271
j3441
4688271
j3442
4691713
j3442
4691713
j3442
4691713
j3442
4691713
j3442
4691713
j3443
4691713
j3443
4691713
j3443
4691713
j3443
4691713
j3443
4695156
j3444
4698600
j3445
4698600
j3445
4698600
j3445
4702045
j3445
4702045
j3445
4702045
j3446
4705491
j3446
4705491
j3446
4705491
j3446
4705491
j3446
4705491
j3447
4705491
j3447
4708938
j3447
4708938
j3447
4708938
j3447
4708938
j3448
4712386
j3448
4712386
j3448
4712386
j3448
4712386
j3448
4712386
j3449
4712386
j3449
4712386
j3449
4712386
j3449
4712386
j3449
4712386
j3450
4715836
j3451
4715836
j3451
4715836
j3451
4715836
j3451
4719287
j3451
4719287
j3452
4722739
j3452
4722739
j3452
4722739
j3452
4722739
j3452
4722739
j3453
4722739
j3453
4726192
j3453
4726192
j3453
4726192
j3453
4726192
j3454
4729646
j3454
4729646
j3454
4729646
j3454
4729646
j3455
4729646
j3455
4729646
j3455
4733101
j3455
4733101
j3455
4733101
j3456
4736557
j3457
4736557
j3457
4736557
j3457
4736557
j3457
4736557
j3457
4736557
j3458
4740015
j3458
4740015
j3458
4740015
j3459
4740015
j3459
4743474
j3459
4743474
j3459
4743474
j3459
4743474
j3460
4746934
j3460
4746934
j3461
4746934
j3461
4746934
j3461
4746934
j3461
4746934
j3461
4746934
j3462
4750396
j3463
4750396
j3463
4750396
j3463
4750396
j3463
4750396
j3463
4750396
j3464
4753860
j3464
4753860
j3464
4753860
j3464
4753860
j3464
4753860
j3465
4753860
j3465
4757325
j3466
4760791
j3466
4760791
j3466
4760791
j3466
4760791
j3466
4760791
j3467
4760791
j3467
4760791
j3467
4760791
j3467
4760791
j3467
4760791
j3468
4764259
j3469
4764259
j3469
4764259
j3469
4764259
j3469
4764259
j3469
4764259
j3470
4767729
j3470
4767729
j3471
4767729
j3471
4771200
j3471
4771200
j3471
4771200
j3471
4771200
j3472
4774672
j3472
4774672
j3472
4774672
j3473
4774672
j3473
4774672
j3473
4774672
j3473
4774672
j3473
4774672
j3474
4778146
j3475
4778146
j3475
4778146
j3475
4781621
j3475
4781621
j3475
4781621
j3476
4785097
j3476
4785097
j3476
4785097
j3476
4785097
j3477
4785097
j3477
4788574
j3477
4788574
j3477
4788574
j3477
4788574
j3478
4792052
j3478
4792052
j3478
4792052
j3478
4792052
j3478
4792052
j3479
4792052
j3479
4792052
j3479
4792052
j3479
4795531
j3479
4795531
j3480
4799011
j3481
4799011
j3481
4799011
j3481
4799011
j3481
4799011
j3481
4799011
j3482
4802493
j3482
4802493
j3482
4802493
j3482
4802493
j3482
4802493
j3483
4802493
j3483
4805976
j3483
4805976
j3483
4805976
j3483
4805976
j3484
4809460
j3484
4809460
j3484
4809460
j3484
4809460
j3484
4809460
j3485
4809460
j3485
4809460
j3485
4812945
j3485
4812945
j3485
4812945
j3486
4816431
j3487
4816431
j3487
4816431
j3487
4816431
j3487
4816431
j3487
4819918
j3488
4823406
j3488
4823406
j3488
4823406
j3488
4823406
j3488
4823406
j3489
4823406
j3489
4826895
j3489
4826895
j3489
4826895
j3489
4826895
j3490
4830385
j3490
4830385
j3491
4830385
j3491
4830385
j3491
4830385
j3491
4830385
j3491
4830385
j3492
4833877
j3493
4833877
j3493
4833877
j3493
4833877
j3493
4837370
j3493
4837370
j3494
4840864
j3494
4840864
j3494
4840864
j3494
4840864
j3494
4840864
j3495
4840864
j3495
4844359
j3496
4847855
j3496
4847855
j3496
4847855
j3496
4847855
j3496
4847855
j3497
4847855
j3497
4847855
j3497
4847855
j3497
4847855
j3497
4847855
j3498
4851353
j3499
4851353
j3499
4851353
j3499
4851353
j3499
4851353
j3499
4851353
j3500
4854853
j3500
4854853
j3501
4854853
j3501
4858354
j3501
4858354
j3501
4858354
j3501
4858354
j3502
4861856
j3502
4861856
j3502
4861856
j3502
4861856
j3502
4861856
j3503
4861856
j3503
4861856
j3503
4861856
j3503
4861856
j3503
4861856
j3504
4865360
j3505
4865360
j3505
4865360
j3505
4868865
j3505
4868865
j3505
4868865
j3506
4872371
j3506
4872371
j3506
4872371
j3506
4872371
j3506
4872371
j3507
4872371
j3507
4875878
j3507
4875878
j3508
4879386
j3508
4879386
j3508
4879386
j3508
4879386
j3508
4879386
j3509
4879386
j3509
4879386
j3509
4879386
j3509
4879386
j3509
4882895
j3510
4886405
j3511
4886405
j3511
4886405
j3511
4886405
j3511
4886405
j3511
4886405
j3512
4889917
j3512
4889917
j3512
4889917
j3512
4889917
j3512
4889917
j3513
4889917
j3513
4893430
j3513
4893430
j3513
4893430
j3513
4893430
j3514
4896944
j3514
4896944
j3514
4896944
j3515
4896944
j3515
4896944
j3515
4900459
j3515
4900459
j3515
4900459
j3516
4903975
j3517
4903975
j3517
4903975
j3517
4903975
j3517
4903975
j3517
4903975
j3518
4907493
j3518
4907493
j3518
4907493
j3518
4907493
j3518
4907493
j3519
4907493
j3519
4911012
j3519
4911012
j3519
4911012
j3519
4911012
j3520
4914532
j3520
4914532
j3521
4914532
j3521
4914532
j3521
4914532
j3521
4918053
j3521
4918053
j3522
4921575
j3523
4921575
j3523
4921575
j3523
4921575
j3523
4921575
j3523
4921575
j3524
4925099
j3524
4925099
j3524
4925099
j3524
4925099
j3524
4925099
j3525
4925099
j3525
4928624
j3526
4932150
j3526
4932150
j3526
4932150
j3526
4932150
j3526
4932150
j3527
4932150
j3527
4932150
j3527
4932150
j3527
4932150
j3527
4932150
j3528
4935678
j3529
4935678
j3529
4935678
j3529
4935678
j3529
4935678
j3529
4935678
j3530
4939208
j3530
4939208
j3531
4939208
j3531
4942739
j3531
4942739
j3531
4942739
j3532
4946271
j3532
4946271
j3532
4946271
j3532
4946271
j3532
4946271
j3533
4946271
j3533
4946271
j3533
4946271
j3533
4946271
j3533
4946271
j3534
4949805
j3535
4949805
j3535
4949805
j3535
4953340
j3536
4956876
j3536
4956876
j3536
4956876
j3536
4956876
j3536
4956876
j3537
4956876
j3537
4960413
j3537
4960413
j3537
4960413
j3537
4960413
j3538
4963951
j3538
4963951
j3538
4963951
j3538
4963951
j3538
4963951
j3539
4963951
j3539
4963951
j3539
4963951
j3539
4963951
j3539
4963951
j3540
4967491
j3541
4967491
j3541
4967491
j3541
4967491
j3541
4967491
j3541
4967491
j3542
4971033
j3542
4971033
j3542
4971033
j3543
4971033
j3543
4974576
j3543
4974576
j3543
4974576
j3543
4974576
j3544
4978120
j3544
4978120
j3544
4978120
j3544
4978120
j3544
4978120
j3545
4978120
j3545
4978120
j3545
4981665
j3545
4981665
j3545
4981665
j3546
4985211
j3547
4985211
j3547
4985211
j3547
4985211
j3547
4985211
j3547
4985211
j3548
4988759
j3548
4988759
j3548
4988759
j3548
4988759
j3548
4988759
j3549
4988759
j3549
4992308
j3549
4992308
j3550
4995858
j3550
4995858
j3551
4995858
j3551
4995858
j3551
4995858
j3551
4995858
j3551
4995858
j3552
4999410
j3553
4999410
j3553
4999410
j3553
4999410
j3553
4999410
j3553
5002963
j3554
5006517
j3554
5006517
j3554
5006517
j3554
5006517
j3554
5006517
j3555
5006517
j3555
5010072
j3556
5013628
j3556
5013628
j3556
5013628
j3557
5013628
j3557
5013628
j3557
5013628
j3557
5013628
j3557
5013628
j3558
5017186
j3559
5017186
j3559
5017186
j3559
5017186
j3559
5017186
j3559
5017186
j3560
5020746
j3560
5020746
j3561
5020746
j3561
5024307
j3561
5024307
j3561
5024307
j3561
5024307
j3562
5027869
j3562
5027869
j3562
5027869
j3562
5027869
j3562
5027869
j3563
5027869
j3563
5027869
j3563
5027869
j3563
5031432
j3563
5031432
j3564
5034996
j3565
5034996
j3565
5034996
j3565
5038561
j3565
5038561
j3565
5038561
j3566
5042127
j3566
5042127
j3566
5042127
j3566
5042127
j3566
5042127
j3567
5042127
j3567
5045694
j3567
5045694
j3567
5045694
j3567
5045694
j3568
5049262
j3568
5049262
j3568
5049262
j3568
5049262
j3568
5049262
j3569
5049262
j3569
5049262
j3569
5049262
j3569
5049262
j3569
5049262
j3570
5052832
j3571
5052832
j3571
5052832
j3571
5052832
j3571
5052832
j3571
5052832
j3572
5056404
j3572
5056404
j3572
5056404
j3572
5056404
j3572
5056404
j3573
5056404
j3573
5059977
j3573
5059977
j3573
5059977
j3573
5059977
j3574
5063551
j3574
5063551
j3574
5063551
j3574
5063551
j3574
5063551
j3575
5063551
j3575
5063551
j3575
5067126
j3575
5067126
j3576
5070702
j3577
5070702
j3577
5070702
j3577
5070702
j3577
5074279
j3577
5074279
j3578
5077857
j3578
5077857
j3578
5077857
j3578
5077857
j3578
5077857
j3579
5077857
j3579
5081436
j3579
5081436
j3579
5081436
j3579
5081436
j3580
5085016
j3580
5085016
j3581
5085016
j3581
5085016
j3581
5085016
j3581
5085016
j3581
5085016
j3582
5088598
j3583
5088598
j3583
5088598
j3583
5088598
j3583
5088598
j3583
5088598
j3584
5092182
j3584
5092182
j3584
5092182
j3585
5092182
j3585
5095767
j3586
5099353
j3586
5099353
j3586
5099353
j3586
5099353
j3587
5099353
j3587
5099353
j3587
5099353
j3587
5099353
j3587
5099353
j3588
5102941
j3589
5102941
j3589
5102941
j3589
5102941
j3589
5102941
j3589
5102941
j3590
5106531
j3590
5106531
j3591
5106531
j3591
5110122
j3591
5110122
j3592
5113714
j3592
5113714
j3592
5113714
j3592
5113714
j3592
5113714
j3593
5113714
j3593
5113714
j3593
5113714
j3593
5113714
j3593
5113714
j3594
5117308
j3595
5117308
j3595
5117308
j3595
5120903
j3595
5120903
j3595
5120903
j3596
5124499
j3596
5124499
j3596
5124499
j3596
5124499
j3596
5124499
j3597
5124499
j3597
5128096
j3597
5128096
j3597
5128096
j3598
5131694
j3598
5131694
j3598
5131694
j3599
5131694
j3599
5131694
j3599
5131694
j3599
5131694
j3599
5131694
j3600
5135294
j3601
5135294
j3601
5135294
j3601
5135294
j3601
5135294
j3601
5135294
j3602
5138896
j3602
5138896
j3602
5138896
j3602
5138896
j3602
5138896
j3603
5138896
j3603
5142499
j3603
5142499
j3603
5142499
j3603
5142499
j3604
5146103
j3604
5146103
j3604
5146103
j3604
5146103
j3604
5146103
j3605
5146103
j3605
5146103
j3605
5149708
j3606
5153314
j3607
5153314
j3607
5153314
j3607
5153314
j3607
5153314
j3607
5153314
j3608
5156922
j3608
5156922
j3608
5156922
j3608
5156922
j3609
5156922
j3609
5160531
j3609
5160531
j3609
5160531
j3609
5160531
j3610
5164141
j3610
5164141
j3611
5164141
j3611
5164141
j3611
5164141
j3611
5164141
j3611
5164141
j3612
5167753
j3613
5167753
j3613
5167753
j3613
5167753
j3613
5167753
j3613
5167753
j3614
5171367
j3614
5171367
j3614
5171367
j3614
5171367
j3614
5171367
j3615
5171367
j3615
5174982
j3616
5178598
j3616
5178598
j3616
5178598
j3616
5178598
j3616
5178598
j3617
5178598
j3617
5178598
j3617
5178598
j3617
5178598
j3617
5178598
j3618
5182216
j3619
5182216
j3619
5182216
j3619
5182216
j3619
5185835
j3620
5189455
j3620
5189455
j3621
5189455
j3621
5193076
j3621
5193076
j3621
5193076
j3621
5193076
j3622
5196698
j3622
5196698
j3622
5196698
j3622
5196698
j3622
5196698
j3623
5196698
j3623
5196698
j3623
5196698
j3623
5196698
j3623
5196698
j3624
5200322
j3625
5200322
j3625
5200322
j3625
5203947
j3625
5203947
j3625
5203947
j3626
5207573
j3626
5207573
j3626
5207573
j3627
5207573
j3627
5211200
j3627
5211200
j3627
5211200
j3627
5211200
j3628
5214828
j3628
5214828
j3628
5214828
j3628
5214828
j3628
5214828
j3629
5214828
j3629
5214828
j3629
5214828
j3629
5214828
j3629
5214828
j3630
5218458
j3631
5218458
j3631
5218458
j3631
5218458
j3631
5218458
j3631
5218458
j3632
5222090
j3632
5222090
j3632
5222090
j3632
5222090
j3632
5222090
j3633
5222090
j3633
5225723
j3633
5225723
j3634
5229357
j3634
5229357
j3634
5229357
j3634
5229357
j3634
5229357
j3635
5229357
j3635
5229357
j3635
5232992
j3635
5232992
j3635
5232992
j3636
5236628
j3637
5236628
j3637
5236628
j3637
5236628
j3637
5236628
j3637
5236628
j3638
5240266
j3638
5240266
j3638
5240266
j3638
5240266
j3638
5240266
j3639
5240266
j3639
5243905
j3639
5243905
j3639
5243905
j3639
5243905
j3640
5247545
j3640
5247545
j3641
5247545
j3641
5247545
j3641
5247545
j3641
5247545
j3641
5251186
j3642
5254828
j3643
5254828
j3643
5254828
j3643
5254828
j3643
5254828
j3643
5254828
j3644
5258472
j3644
5258472
j3644
5258472
j3644
5258472
j3644
5258472
j3645
5258472
j3645
5262117
j3646
5265763
j3646
5265763
j3646
5265763
j3646
5265763
j3646
5265763
j3647
5265763
j3647
5265763
j3647
5265763
j3647
5269410
j3647
5269410
j3648
5273058
j3649
5273058
j3649
5273058
j3649
5273058
j3649
5273058
j3649
5273058
j3650
5276708
j3650
5276708
j3651
5276708
j3651
5280359
j3651
5280359
j3651
5280359
j3651
5280359
j3652
5284011
j3652
5284011
j3652
5284011
j3652
5284011
j3653
5284011
j3653
5284011
j3653
5284011
j3653
5284011
j3653
5284011
j3654
5287665
j3655
5287665
j3655
5287665
j3655
5291320
j3655
5291320
j3655
5291320
j3656
5294976
j3656
5294976
j3656
5294976
j3656
5294976
j3656
5294976
j3657
5294976
j3657
5298633
j3657
5298633
j3657
5298633
j3657
5298633
j3658
5302291
j3658
5302291
j3658
5302291
j3658
5302291
j3658
5302291
j3659
5302291
j3659
5302291
j3659
5302291
j3659
5302291
j3659
5302291
j3660
5305951
j3661
5305951
j3661
5305951
j3661
5305951
j3661
5309612
j3661
5309612
j3662
5313274
j3662
5313274
j3662
5313274
j3662
5313274
j3662
5313274
j3663
5313274
j3663
5316937
j3663
5316937
j3663
5316937
j3664
5320601
j3664
5320601
j3664
5320601
j3664
5320601
j3664
5320601
j3665
5320601
j3665
5320601
j3665
5324266
j3665
5324266
j3665
5324266
j3666
5327932
j3667
5327932
j3667
5327932
j3667
5327932
j3667
5327932
j3667
5327932
j3668
5331600
j3668
5331600
j3668
5331600
j3669
5331600
j3669
5335269
j3669
5335269
j3669
5335269
j3669
5335269
j3670
5338939
j3670
5338939
j3671
5338939
j3671
5338939
j3671
5338939
j3671
5338939
j3671
5338939
j3672
5342611
j3673
5342611
j3673
5342611
j3673
5342611
j3673
5342611
j3673
5342611
j3674
5346285
j3674
5346285
j3674
5346285
j3674
5346285
j3675
5346285
j3675
5349960
j3676
5353636
j3676
5353636
j3676
5353636
j3676
5353636
j3676
5353636
j3677
5353636
j3677
5353636
j3677
5353636
j3677
5353636
j3677
5353636
j3678
5357314
j3679
5357314
j3679
5357314
j3679
5357314
j3679
5357314
j3679
5357314
j3680
5360994
j3680
5360994
j3681
5360994
j3681
5364675
j3681
5364675
j3681
5364675
j3681
5364675
j3682
5368357
j3682
5368357
j3682
5368357
j3683
5368357
j3683
5368357
j3683
5368357
j3683
5368357
j3683
5368357
j3684
5372041
j3685
5372041
j3685
5372041
j3685
5375726
j3685
5375726
j3686
5379412
j3686
5379412
j3686
5379412
j3686
5379412
j3686
5379412
j3687
5379412
j3687
5383099
j3687
5383099
j3687
5383099
j3687
5383099
j3688
5386787
j3688
5386787
j3688
5386787
j3688
5386787
j3688
5386787
j3689
5386787
j3689
5386787
j3689
5386787
j3689
5390476
j3689
5390476
j3690
5394166
j3691
5394166
j3691
5394166
j3691
5394166
j3691
5394166
j3691
5394166
j3692
5397858
j3692
5397858
j3692
5397858
j3692
5397858
j3692
5397858
j3693
5397858
j3693
5401551
j3693
5401551
j3693
5401551
j3693
5401551
j3694
5405245
j3694
5405245
j3694
5405245
j3694
5405245
j3694
5405245
j3695
5405245
j3695
5405245
j3695
5408940
j3695
5408940
j3695
5408940
j3696
5412636
j3697
5412636
j3697
5412636
j3697
5412636
j3697
5412636
j3697
5412636
j3698
5416334
j3698
5416334
j3698
5416334
j3698
5416334
j3698
5416334
j3699
5416334
j3699
5420033
j3699
5420033
j3699
5420033
j3699
5420033
j3700
5423733
j3700
5423733
j3701
5423733
j3701
5423733
j3701
5423733
j3701
5423733
j3701
5423733
j3702
5427435
j3703
5427435
j3703
5427435
j3703
5427435
j3703
5431138
j3703
5431138
j3704
5434842
j3704
5434842
j3704
5434842
j3704
5434842
j3704
5434842
j3705
5434842
j3705
5438547
j3706
5442253
j3706
5442253
j3706
5442253
j3706
5442253
j3706
5442253
j3707
5442253
j3707
5442253
j3707
5442253
j3707
5442253
j3707
5445960
j3708
5449668
j3709
5449668
j3709
5449668
j3709
5449668
j3709
5449668
j3709
5449668
j3710
5453378
j3710
5453378
j3711
5453378
j3711
5457089
j3711
5457089
j3711
5457089
j3711
5457089
j3712
5460801
j3712
5460801
j3712
5460801
j3712
5460801
j3712
5460801
j3713
5460801
j3713
5460801
j3713
5460801
j3713
5460801
j3713
5460801
j3714
5464515
j3715
5464515
j3715
5464515
j3715
5468230
j3715
5468230
j3715
5468230
j3716
5471946
j3716
5471946
j3716
5471946
j3716
5471946
j3716
5471946
j3717
5471946
j3717
5475663
j3717
5475663
j3718
5479381
j3718
5479381
j3718
5479381
j3718
5479381
j3719
5479381
j3719
5479381
j3719
5479381
j3719
5479381
j3719
5479381
j3720
5483101
j3721
5483101
j3721
5483101
j3721
5483101
j3721
5483101
j3721
5483101
j3722
5486823
j3722
5486823
j3722
5486823
j3722
5486823
j3722
5486823
j3723
5486823
j3723
5490546
j3723
5490546
j3723
5490546
j3723
5490546
j3724
5494270
j3724
5494270
j3724
5494270
j3725
5494270
j3725
5494270
j3725
5497995
j3725
5497995
j3725
5497995
j3726
5501721
j3727
5501721
j3727
5501721
j3727
5501721
j3727
5501721
j3727
5501721
j3728
5505449
j3728
5505449
j3728
5505449
j3728
5505449
j3728
5505449
j3729
5505449
j3729
5509178
j3729
5509178
j3729
5509178
j3730
5512908
j3730
5512908
j3731
5512908
j3731
5512908
j3731
5512908
j3731
5516639
j3731
5516639
j3732
5520371
j3733
5520371
j3733
5520371
j3733
5520371
j3733
5520371
j3733
5520371
j3734
5524105
j3734
5524105
j3734
5524105
j3734
5524105
j3734
5524105
j3735
5524105
j3735
5527840
j3736
5531576
j3736
5531576
j3736
5531576
j3736
5531576
j3736
5531576
j3737
5531576
j3737
5531576
j3737
5531576
j3737
5531576
j3737
5531576
j3738
5535314
j3739
5535314
j3739
5535314
j3739
5535314
j3739
5535314
j3739
5535314
j3740
5539054
j3740
5539054
j3741
5539054
j3741
5542795
j3741
5542795
j3741
5542795
j3741
5542795
j3742
5546537
j3742
5546537
j3742
5546537
j3742
5546537
j3742
5546537
j3743
5546537
j3743
5546537
j3743
5546537
j3743
5546537
j3743
5546537
j3744
5550281
j3745
5550281
j3745
5550281
j3745
5554026
j3746
5557772
j3746
5557772
j3746
5557772
j3746
5557772
j3746
5557772
j3747
5557772
j3747
5561519
j3747
5561519
j3747
5561519
j3747
5561519
j3748
5565267
j3748
5565267
j3748
5565267
j3748
5565267
j3748
5565267
j3749
5565267
j3749
5565267
j3749
5565267
j3749
5565267
j3749
5565267
j3750
5569017
j3751
5569017
j3751
5569017
j3751
5569017
j3751
5569017
j3751
5572768
j3752
5576520
j3752
5576520
j3752
5576520
j3753
5576520
j3753
5580273
j3753
5580273
j3753
5580273
j3753
5580273
j3754
5584027
j3754
5584027
j3754
5584027
j3754
5584027
j3754
5584027
j3755
5584027
j3755
5584027
j3755
5587782
j3755
5587782
j3755
5587782
j3756
5591538
j3757
5591538
j3757
5591538
j3757
5591538
j3757
5591538
j3757
5591538
j3758
5595296
j3758
5595296
j3758
5595296
j3758
5595296
j3758
5595296
j3759
5595296
j3759
5599055
j3759
5599055
j3760
5602815
j3760
5602815
j3761
5602815
j3761
5602815
j3761
5602815
j3761
5602815
j3761
5602815
j3762
5606577
j3763
5606577
j3763
5606577
j3763
5606577
j3763
5606577
j3763
5606577
j3764
5610341
j3764
5610341
j3764
5610341
j3764
5610341
j3764
5610341
j3765
5610341
j3765
5614106
j3766
5617872
j3766
5617872
j3766
5617872
j3767
5617872
j3767
5617872
j3767
5617872
j3767
5617872
j3767
5617872
j3768
5621640
j3769
5621640
j3769
5621640
j3769
5621640
j3769
5621640
j3769
5621640
j3770
5625410
j3770
5625410
j3771
5625410
j3771
5629181
j3771
5629181
j3771
5629181
j3771
5629181
j3772
5632953
j3772
5632953
j3772
5632953
j3772
5632953
j3772
5632953
j3773
5632953
j3773
5632953
j3773
5632953
j3773
5636726
j3774
5640500
j3775
5640500
j3775
5640500
j3775
5644275
j3775
5644275
j3775
5644275
j3776
5648051
j3776
5648051
j3776
5648051
j3776
5648051
j3776
5648051
j3777
5648051
j3777
5651828
j3777
5651828
j3777
5651828
j3777
5651828
j3778
5655606
j3778
5655606
j3778
5655606
j3778
5655606
j3778
5655606
j3779
5655606
j3779
5655606
j3779
5655606
j3779
5655606
j3779
5655606
j3780
5659386
j3781
5659386
j3781
5659386
j3781
5659386
j3781
5659386
j3781
5659386
j3782
5663168
j3782
5663168
j3782
5663168
j3782
5663168
j3782
5663168
j3783
5663168
j3783
5666951
j3783
5666951
j3783
5666951
j3783
5666951
j3784
5670735
j3784
5670735
j3784
5670735
j3784
5670735
j3785
5670735
j3785
5670735
j3785
5674520
j3785
5674520
j3785
5674520
j3786
5678306
j3787
5678306
j3787
5678306
j3787
5678306
j3787
5682093
j3787
5682093
j3788
5685881
j3788
5685881
j3788
5685881
j3788
5685881
j3788
5685881
j3789
5685881
j3789
5689670
j3789
5689670
j3789
5689670
j3789
5689670
j3790
5693460
j3790
5693460
j3791
5693460
j3791
5693460
j3791
5693460
j3791
5693460
j3791
5693460
j3792
5697252
j3793
5697252
j3793
5697252
j3793
5697252
j3793
5697252
j3793
5697252
j3794
5701046
j3794
5701046
j3794
5701046
j3795
5701046
j3795
5704841
j3796
5708637
j3796
5708637
j3796
5708637
j3796
5708637
j3796
5708637
j3797
5708637
j3797
5708637
j3797
5708637
j3797
5708637
j3797
5708637
j3798
5712435
j3799
5712435
j3799
5712435
j3799
5712435
j3799
5712435
j3799
5712435
j3800
5716235
j3800
5716235
j3801
5716235
j3801
5720036
j3801
5720036
j3802
5723838
j3802
5723838
j3802
5723838
j3802
5723838
j3802
5723838
j3803
5723838
j3803
5723838
j3803
5723838
j3803
5723838
j3803
5723838
j3804
5727642
j3805
5727642
j3805
5727642
j3805
5731447
j3805
5731447
j3805
5731447
j3806
5735253
j3806
5735253
j3806
5735253
j3806
5735253
j3807
5735253
j3807
5739060
j3807
5739060
j3807
5739060
j3807
5739060
j3808
5742868
j3808
5742868
j3808
5742868
j3809
5742868
j3809
5742868
j3809
5742868
j3809
5742868
j3809
5742868
j3810
5746678
j3811
5746678
j3811
5746678
j3811
5746678
j3811
5746678
j3811
5746678
j3812
5750490
j3812
5750490
j3812
5750490
j3812
5750490
j3812
5750490
j3813
5750490
j3813
5754303
j3813
5754303
j3813
5754303
j3813
5754303
j3814
5758117
j3814
5758117
j3814
5758117
j3814
5758117
j3814
5758117
j3815
5758117
j3815
5758117
j3815
5761932
j3816
5765748
j3817
5765748
j3817
5765748
j3817
5765748
j3817
5765748
j3817
5769565
j3818
5773383
j3818
5773383
j3818
5773383
j3818
5773383
j3818
5773383
j3819
5773383
j3819
5777202
j3819
5777202
j3819
5777202
j3819
5777202
j3820
5781022
j3820
5781022
j3821
5781022
j3821
5781022
j3821
5781022
j3821
5781022
j3821
5781022
j3822
5784844
j3823
5784844
j3823
5784844
j3823
5784844
j3823
5784844
j3823
5784844
j3824
5788668
j3824
5788668
j3824
5788668
j3824
5788668
j3824
5788668
j3825
5788668
j3825
5792493
j3826
5796319
j3826
5796319
j3826
5796319
j3826
5796319
j3826
5796319
j3827
5796319
j3827
5796319
j3827
5796319
j3827
5796319
j3827
5796319
j3828
5800147
j3829
5800147
j3829
5800147
j3829
5800147
j3829
5803976
j3829
5803976
j3830
5807806
j3830
5807806
j3831
5807806
j3831
5811637
j3831
5811637
j3831
5811637
j3831
5811637
j3832
5815469
j3832
5815469
j3832
5815469
j3832
5815469
j3832
5815469
j3833
5815469
j3833
5815469
j3833
5815469
j3833
5815469
j3833
5815469
j3834
5819303
j3835
5819303
j3835
5819303
j3835
5823138
j3835
5823138
j3835
5823138
j3836
5826974
j3836
5826974
j3836
5826974
j3837
5826974
j3837
5830811
j3837
5830811
j3837
5830811
j3837
5830811
j3838
5834649
j3838
5834649
j3838
5834649
j3838
5834649
j3838
5834649
j3839
5834649
j3839
5834649
j3839
5834649
j3839
5834649
j3839
5838488
j3840
5842328
j3841
5842328
j3841
5842328
j3841
5842328
j3841
5842328
j3841
5842328
j3842
5846170
j3842
5846170
j3842
5846170
j3842
5846170
j3842
5846170
j3843
5846170
j3843
5850013
j3843
5850013
j3844
5853857
j3844
5853857
j3844
5853857
j3844
5853857
j3844
5853857
j3845
5853857
j3845
5853857
j3845
5857702
j3845
5857702
j3845
5857702
j3846
5861548
j3847
5861548
j3847
5861548
j3847
5861548
j3847
5861548
j3847
5861548
j3848
5865396
j3848
5865396
j3848
5865396
j3848
5865396
j3848
5865396
j3849
5865396
j3849
5869245
j3849
5869245
j3849
5869245
j3849
5869245
j3850
5873095
j3850
5873095
j3851
5873095
j3851
5873095
j3851
5873095
j3851
5873095
j3851
5873095
j3852
5876947
j3853
5876947
j3853
5876947
j3853
5876947
j3853
5876947
j3853
5876947
j3854
5880801
j3854
5880801
j3854
5880801
j3854
5880801
j3854
5880801
j3855
5880801
j3855
5884656
j3856
5888512
j3856
5888512
j3856
5888512
j3856
5888512
j3856
5888512
j3857
5888512
j3857
5888512
j3857
5888512
j3857
5892369
j3857
5892369
j3858
5896227
j3859
5896227
j3859
5896227
j3859
5896227
j3859
5896227
j3859
5896227
j3860
5900087
j3860
5900087
j3861
5900087
j3861
5903948
j3861
5903948
j3861
5903948
j3862
5907810
j3862
5907810
j3862
5907810
j3862
5907810
j3862
5907810
j3863
5907810
j3863
5907810
j3863
5907810
j3863
5907810
j3863
5907810
j3864
5911674
j3865
5911674
j3865
5911674
j3865
5915539
j3865
5915539
j3865
5915539
j3866
5919405
j3866
5919405
j3866
5919405
j3866
5919405
j3866
5919405
j3867
5919405
j3867
5923272
j3867
5923272
j3867
5923272
j3867
5923272
j3868
5927140
j3868
5927140
j3868
5927140
j3868
5927140
j3868
5927140
j3869
5927140
j3869
5927140
j3869
5927140
j3869
5927140
j3869
5927140
j3870
5931010
j3871
5931010
j3871
5931010
j3871
5931010
j3871
5934881
j3871
5934881
j3872
5938753
j3872
5938753
j3872
5938753
j3872
5938753
j3873
5938753
j3873
5942626
j3873
5942626
j3873
5942626
j3873
5942626
j3874
5946500
j3874
5946500
j3874
5946500
j3874
5946500
j3874
5946500
j3875
5946500
j3875
5946500
j3875
5950375
j3875
5950375
j3875
5950375
j3876
5954251
j3877
5954251
j3877
5954251
j3877
5954251
j3877
5954251
j3877
5954251
j3878
5958129
j3878
5958129
j3878
5958129
j3879
5958129
j3879
5962008
j3879
5962008
j3879
5962008
j3879
5962008
j3880
5965888
j3880
5965888
j3881
5965888
j3881
5965888
j3881
5965888
j3881
5965888
j3881
5965888
j3882
5969770
j3883
5969770
j3883
5969770
j3883
5969770
j3883
5969770
j3883
5973653
j3884
5977537
j3884
5977537
j3884
5977537
j3884
5977537
j3884
5977537
j3885
5977537
j3885
5981422
j3886
5985308
j3886
5985308
j3886
5985308
j3886
5985308
j3886
5985308
j3887
5985308
j3887
5985308
j3887
5985308
j3887
5985308
j3887
5985308
j3888
5989196
j3889
5989196
j3889
5989196
j3889
5989196
j3889
5989196
j3889
5989196
j3890
5993086
j3890
5993086
j3891
5993086
j3891
5996977
j3891
5996977
j3891
5996977
j3891
5996977
j3892
6000869
j3892
6000869
j3892
6000869
j3893
6000869
j3893
6000869
j3893
6000869
j3893
6000869
j3893
6000869
j3894
6004763
j3895
6004763
j3895
6004763
j3895
6008658
j3895
6008658
j3895
6008658
j3896
6012554
j3896
6012554
j3896
6012554
j3896
6012554
j3896
6012554
j3897
6012554
j3897
6016451
j3897
6016451
j3897
6016451
j3897
6016451
j3898
6020349
j3898
6020349
j3898
6020349
j3898
6020349
j3898
6020349
j3899
6020349
j3899
6020349
j3899
6020349
j3899
6024248
j3899
6024248
j3900
6028148
j3901
6028148
j3901
6028148
j3901
6028148
j3901
6028148
j3901
6028148
j3902
6032050
j3902
6032050
j3902
6032050
j3902
6032050
j3902
6032050
j3903
6032050
j3903
6035953
j3903
6035953
j3903
6035953
j3903
6035953
j3904
6039857
j3904
6039857
j3904
6039857
j3904
6039857
j3904
6039857
j3905
6039857
j3905
6039857
j3905
6043762
j3905
6043762
j3906
6047668
j3907
6047668
j3907
6047668
j3907
6047668
j3907
6047668
j3907
6047668
j3908
6051576
j3908
6051576
j3908
6051576
j3908
6051576
j3908
6051576
j3909
6051576
j3909
6055485
j3909
6055485
j3909
6055485
j3909
6055485
j3910
6059395
j3910
6059395
j3911
6059395
j3911
6059395
j3911
6059395
j3911
6059395
j3911
6059395
j3912
6063307
j3913
6063307
j3913
6063307
j3913
6063307
j3913
6067220
j3913
6067220
j3914
6071134
j3914
6071134
j3914
6071134
j3914
6071134
j3914
6071134
j3915
6071134
j3915
6075049
j3916
6078965
j3916
6078965
j3916
6078965
j3916
6078965
j3917
6078965
j3917
6078965
j3917
6078965
j3917
6078965
j3917
6078965
j3918
6082883
j3919
6082883
j3919
6082883
j3919
6082883
j3919
6082883
j3919
6082883
j3920
6086803
j3920
6086803
j3921
6086803
j3921
6090724
j3921
6090724
j3921
6090724
j3921
6090724
j3922
6094646
j3922
6094646
j3922
6094646
j3922
6094646
j3922
6094646
j3923
6094646
j3923
6094646
j3923
6094646
j3923
6094646
j3923
6094646
j3924
6098570
j3925
6098570
j3925
6098570
j3925
6102495
j3925
6102495
j3925
6102495
j3926
6106421
j3926
6106421
j3926
6106421
j3926
6106421
j3926
6106421
j3927
6106421
j3927
6110348
j3927
6110348
j3928
6114276
j3928
6114276
j3928
6114276
j3928
6114276
j3928
6114276
j3929
6114276
j3929
6114276
j3929
6114276
j3929
6114276
j3929
6114276
j3930
6118206
j3931
6118206
j3931
6118206
j3931
6118206
j3931
6118206
j3931
6118206
j3932
6122138
j3932
6122138
j3932
6122138
j3932
6122138
j3932
6122138
j3933
6122138
j3933
6126071
j3933
6126071
j3933
6126071
j3933
6126071
j3934
6130005
j3934
6130005
j3934
6130005
j3935
6130005
j3935
6130005
j3935
6133940
j3935
6133940
j3935
6133940
j3936
6137876
j3937
6137876
j3937
6137876
j3937
6137876
j3937
6137876
j3937
6137876
j3938
6141814
j3938
6141814
j3938
6141814
j3938
6141814
j3939
6141814
j3939
6145753
j3939
6145753
j3939
6145753
j3939
6145753
j3940
6149693
j3940
6149693
j3941
6149693
j3941
6149693
j3941
6149693
j3941
6153634
j3941
6153634
j3942
6157576
j3943
6157576
j3943
6157576
j3943
6157576
j3943
6157576
j3943
6157576
j3944
6161520
j3944
6161520
j3944
6161520
j3944
6161520
j3944
6161520
j3945
6161520
j3945
6165465
j3946
6169411
j3946
6169411
j3946
6169411
j3946
6169411
j3946
6169411
j3947
6169411
j3947
6169411
j3947
6169411
j3947
6169411
j3947
6169411
j3948
6173359
j3949
6173359
j3949
6173359
j3949
6173359
j3949
6173359
j3949
6177308
j3950
6181258
j3950
6181258
j3951
6181258
j3951
6185209
j3951
6185209
j3951
6185209
j3951
6185209
j3952
6189161
j3952
6189161
j3952
6189161
j3952
6189161
j3952
6189161
j3953
6189161
j3953
6189161
j3953
6189161
j3953
6189161
j3953
6189161
j3954
6193115
j3955
6193115
j3955
6193115
j3955
6197070
j3956
6201026
j3956
6201026
j3956
6201026
j3956
6201026
j3956
6201026
j3957
6201026
j3957
6204983
j3957
6204983
j3957
6204983
j3957
6204983
j3958
6208941
j3958
6208941
j3958
6208941
j3958
6208941
j3958
6208941
j3959
6208941
j3959
6208941
j3959
6208941
j3959
6208941
j3959
6208941
j3960
6212901
j3961
6212901
j3961
6212901
j3961
6212901
j3961
6212901
j3961
6212901
j3962
6216863
j3962
6216863
j3962
6216863
j3963
6216863
j3963
6220826
j3963
6220826
j3963
6220826
j3963
6220826
j3964
6224790
j3964
6224790
j3964
6224790
j3964
6224790
j3964
6224790
j3965
6224790
j3965
6224790
j3965
6228755
j3965
6228755
j3965
6228755
j3966
6232721
j3967
6232721
j3967
6232721
j3967
6232721
j3967
6232721
j3967
6232721
j3968
6236689
j3968
6236689
j3968
6236689
j3968
6236689
j3968
6236689
j3969
6236689
j3969
6240658
j3969
6240658
j3970
6244628
j3970
6244628
j3971
6244628
j3971
6244628
j3971
6244628
j3971
6244628
j3971
6248599
j3972
6252571
j3973
6252571
j3973
6252571
j3973
6252571
j3973
6252571
j3973
6252571
j3974
6256545
j3974
6256545
j3974
6256545
j3974
6256545
j3974
6256545
j3975
6256545
j3975
6260520
j3976
6264496
j3976
6264496
j3976
6264496
j3977
6264496
j3977
6264496
j3977
6264496
j3977
6264496
j3977
6264496
j3978
6268474
j3979
6268474
j3979
6268474
j3979
6268474
j3979
6268474
j3979
6268474
j3980
6272454
j3980
6272454
j3981
6272454
j3981
6276435
j3981
6276435
j3981
6276435
j3981
6276435
j3982
6280417
j3982
6280417
j3982
6280417
j3982
6280417
j3983
6280417
j3983
6280417
j3983
6280417
j3983
6284400
j3983
6284400
j3984
6288384
j3985
6288384
j3985
6288384
j3985
6292369
j3985
6292369
j3985
6292369
j3986
6296355
j3986
6296355
j3986
6296355
j3986
6296355
j3986
6296355
j3987
6296355
j3987
6300342
j3987
6300342
j3987
6300342
j3987
6300342
j3988
6304330
j3988
6304330
j3988
6304330
j3988
6304330
j3988
6304330
j3989
6304330
j3989
6304330
j3989
6304330
j3989
6304330
j3989
6304330
j3990
6308320
j3991
6308320
j3991
6308320
j3991
6308320
j3991
6308320
j3991
6308320
j3992
6312312
j3992
6312312
j3992
6312312
j3992
6312312
j3992
6312312
j3993
6312312
j3993
6316305
j3993
6316305
j3993
6316305
j3994
6320299
j3994
6320299
j3994
6320299
j3994
6320299
j3994
6320299
j3995
6320299
j3995
6320299
j3995
6324294
j3995
6324294
j3995
6324294
j3996
6328290
j3997
6328290
j3997
6328290
j3997
6328290
j3997
6332287
j3997
6332287
j3998
6336285
j3998
6336285
j3998
6336285
j3998
6336285
j3998
6336285
j3999
6336285
j3999
6340284
j3999
6340284
j3999
6340284
j3999
6340284
j4000
6344284
j4000
6344284
j4001
6344284
j4001
6344284
j4001
6344284
j4001
6344284
j4001
6344284
j4002
6348286
j4003
6348286
j4003
6348286
j4003
6348286
j4003
6348286
j4003
6348286
j4004
6352290
j4004
6352290
j4004
6352290
j4005
6352290
j4005
6356295
j4006
6360301
j4006
6360301
j4006
6360301
j4006
6360301
j4006
6360301
j4007
6360301
j4007
6360301
j4007
6360301
j4007
6360301
j4007
6360301
j4008
6364309
j4009
6364309
j4009
6364309
j4009
6364309
j4009
6364309
j4009
6364309
j4010
6368319
j4010
6368319
j4011
6368319
j4011
6372330
j4011
6372330
j4012
6376342
j4012
6376342
j4012
6376342
j4012
6376342
j4012
6376342
j4013
6376342
j4013
6376342
j4013
6376342
j4013
6376342
j4013
6376342
j4014
6380356
j4015
6380356
j4015
6380356
j4015
6384371
j4015
6384371
j4016
6388387
j4016
6388387
j4016
6388387
j4016
6388387
j4016
6388387
j4017
6388387
j4017
6392404
j4017
6392404
j4017
6392404
j4017
6392404
j4018
6396422
j4018
6396422
j4018
6396422
j4019
6396422
j4019
6396422
j4019
6396422
j4019
6396422
j4019
6396422
j4020
6400442
j4021
6400442
j4021
6400442
j4021
6400442
j4021
6400442
j4021
6400442
j4022
6404464
j4022
6404464
j4022
6404464
j4022
6404464
j4022
6404464
j4023
6404464
j4023
6408487
j4023
6408487
j4023
6408487
j4023
6408487
j4024
6412511
j4024
6412511
j4024
6412511
j4024
6412511
j4024
6412511
j4025
6412511
j4025
6412511
j4025
6416536
j4026
6420562
j4027
6420562
j4027
6420562
j4027
6420562
j4027
6420562
j4027
6420562
j4028
6424590
j4028
6424590
j4028
6424590
j4028
6424590
j4028
6424590
j4029
6424590
j4029
6428619
j4029
6428619
j4029
6428619
j4029
6428619
j4030
6432649
j4030
6432649
j4031
6432649
j4031
6432649
j4031
6432649
j4031
6432649
j4031
6432649
j4032
6436681
j4033
6436681
j4033
6436681
j4033
6436681
j4033
6436681
j4033
6436681
j4034
6440715
j4034
6440715
j4034
6440715
j4034
6440715
j4034
6440715
j4035
6440715
j4035
6444750
j4036
6448786
j4036
6448786
j4036
6448786
j4036
6448786
j4036
6448786
j4037
6448786
j4037
6448786
j4037
6448786
j4037
6448786
j4037
6452823
j4038
6456861
j4039
6456861
j4039
6456861
j4039
6456861
j4039
6460900
j4039
6460900
j4040
6464940
j4040
6464940
j4041
6464940
j4041
6468981
j4041
6468981
j4041
6468981
j4041
6468981
j4042
6473023
j4042
6473023
j4042
6473023
j4042
6473023
j4042
6473023
j4043
6473023
j4043
6473023
j4043
6473023
j4043
6473023
j4043
6473023
j4044
6477067
j4045
6477067
j4045
6477067
j4045
6481112
j4045
6481112
j4045
6481112
j4046
6485158
j4046
6485158
j4046
6485158
j4047
6485158
j4047
6489205
j4047
6489205
j4047
6489205
j4047
6489205
j4048
6493253
j4048
6493253
j4048
6493253
j4048
6493253
j4049
6493253
j4049
6493253
j4049
6493253
j4049
6493253
j4049
6493253
j4050
6497303
j4051
6497303
j4051
6497303
j4051
6497303
j4051
6497303
j4051
6497303
j4052
6501355
j4052
6501355
j4052
6501355
j4052
6501355
j4052
6501355
j4053
6501355
j4053
6505408
j4053
6505408
j4054
6509462
j4054
6509462
j4054
6509462
j4054
6509462
j4054
6509462
j4055
6509462
j4055
6509462
j4055
6513517
j4055
6513517
j4055
6513517
j4056
6517573
j4057
6517573
j4057
6517573
j4057
6517573
j4057
6517573
j4057
6517573
j4058
6521631
j4058
6521631
j4058
6521631
j4058
6521631
j4058
6521631
j4059
6521631
j4059
6525690
j4059
6525690
j4059
6525690
j4060
6529750
j4060
6529750
j4061
6529750
j4061
6529750
j4061
6529750
j4061
6529750
j4061
6529750
j4062
6533812
j4063
6533812
j4063
6533812
j4063
6533812
j4063
6533812
j4063
6533812
j4064
6537876
j4064
6537876
j4064
6537876
j4064
6537876
j4064
6537876
j4065
6537876
j4065
6541941
j4066
6546007
j4066
6546007
j4066
6546007
j4066
6546007
j4066
6546007
j4067
6546007
j4067
6546007
j4067
6546007
j4067
6550074
j4067
6550074
j4068
6554142
j4069
6554142
j4069
6554142
j4069
6554142
j4069
6554142
j4069
6554142
j4070
6558212
j4070
6558212
j4071
6558212
j4071
6562283
j4071
6562283
j4071
6562283
j4071
6562283
j4072
6566355
j4072
6566355
j4072
6566355
j4072
6566355
j4072
6566355
j4073
6566355
j4073
6566355
j4073
6566355
j4073
6566355
j4073
6566355
j4074
6570429
j4075
6570429
j4075
6570429
j4075
6574504
j4075
6574504
j4075
6574504
j4076
6578580
j4076
6578580
j4076
6578580
j4076
6578580
j4076
6578580
j4077
6578580
j4077
6582657
j4077
6582657
j4077
6582657
j4077
6582657
j4078
6586735
j4078
6586735
j4078
6586735
j4078
6586735
j4078
6586735
j4079
6586735
j4079
6586735
j4079
6586735
j4079
6586735
j4079
6586735
j4080
6590815
j4081
6590815
j4081
6590815
j4081
6590815
j4081
6594896
j4082
6598978
j4082
6598978
j4082
6598978
j4082
6598978
j4082
6598978
j4083
6598978
j4083
6603061
j4083
6603061
j4083
6603061
j4083
6603061
j4084
6607145
j4084
6607145
j4084
6607145
j4084
6607145
j4084
6607145
j4085
6607145
j4085
6607145
j4085
6611230
j4085
6611230
j4085
6611230
j4086
6615316
j4087
6615316
j4087
6615316
j4087
6615316
j4087
6615316
j4087
6615316
j4088
6619404
j4088
6619404
j4088
6619404
j4089
6619404
j4089
6623493
j4089
6623493
j4089
6623493
j4089
6623493
j4090
6627583
j4090
6627583
j4091
6627583
j4091
6627583
j4091
6627583
j4091
6627583
j4091
6627583
j4092
6631675
j4093
6631675
j4093
6631675
j4093
6631675
j4093
6631675
j4093
6631675
j4094
6635769
j4094
6635769
j4094
6635769
j4094
6635769
j4094
6635769
j4095
6635769
j4095
6639864
j4096
6643960
j4096
6643960
j4096
6643960
j4096
6643960
j4096
6643960
j4097
6643960
j4097
6643960
j4097
6643960
j4097
6643960
j4097
6643960
j4098
6648058
j4099
6648058
j4099
6648058
j4099
6648058
j4099
6648058
j4099
6648058
j4100
6652158
j4100
6652158
j4101
6652158
j4101
6656259
j4101
6656259
j4101
6656259
j4101
6656259
j4102
6660361
j4102
6660361
j4102
6660361
j4103
6660361
j4103
6660361
j4103
6660361
j4103
6660361
j4103
6664464
j4104
6668568
j4105
6668568
j4105
6668568
j4105
6672673
j4105
6672673
j4105
6672673
j4106
6676779
j4106
6676779
j4106
6676779
j4106
6676779
j4106
6676779
j4107
6676779
j4107
6680886
j4107
6680886
j4107
6680886
j4107
6680886
j4108
6684994
j4108
6684994
j4108
6684994
j4108
6684994
j4108
6684994
j4109
6684994
j4109
6684994
j4109
6684994
j4109
6689103
j4109
6689103
j4110
6693213
j4111
6693213
j4111
6693213
j4111
6693213
j4111
6693213
j4111
6693213
j4112
6697325
j4112
6697325
j4112
6697325
j4112
6697325
j4112
6697325
j4113
6697325
j4113
6701438
j4113
6701438
j4113
6701438
j4113
6701438
j4114
6705552
j4114
6705552
j4114
6705552
j4114
6705552
j4115
6705552
j4115
6705552
j4115
6709667
j4115
6709667
j4115
6709667
j4116
6713783
j4117
6713783
j4117
6713783
j4117
6713783
j4117
6713783
j4117
6713783
j4118
6717901
j4118
6717901
j4118
6717901
j4118
6717901
j4118
6717901
j4119
6717901
j4119
6722020
j4119
6722020
j4119
6722020
j4119
6722020
j4120
6726140
j4120
6726140
j4121
6726140
j4121
6726140
j4121
6726140
j4121
6726140
j4121
6726140
j4122
6730262
j4123
6730262
j4123
6730262
j4123
6730262
j4123
6734385
j4123
6734385
j4124
6738509
j4124
6738509
j4124
6738509
j4124
6738509
j4124
6738509
j4125
6738509
j4125
6742634
j4126
6746760
j4126
6746760
j4126
6746760
j4126
6746760
j4126
6746760
j4127
6746760
j4127
6746760
j4127
6746760
j4127
6746760
j4127
6746760
j4128
6750888
j4129
6750888
j4129
6750888
j4129
6750888
j4129
6750888
j4129
6750888
j4130
6755018
j4130
6755018
j4131
6755018
j4131
6759149
j4131
6759149
j4131
6759149
j4131
6759149
j4132
6763281
j4132
6763281
j4132
6763281
j4132
6763281
j4132
6763281
j4133
6763281
j4133
6763281
j4133
6763281
j4133
6763281
j4133
6763281
j4134
6767415
j4135
6767415
j4135
6767415
j4135
6771550
j4135
6771550
j4135
6771550
j4136
6775686
j4136
6775686
j4136
6775686
j4136
6775686
j4137
6775686
j4137
6779823
j4137
6779823
j4138
6783961
j4138
6783961
j4138
6783961
j4138
6783961
j4138
6783961
j4139
6783961
j4139
6783961
j4139
6783961
j4139
6783961
j4139
6783961
j4140
6788101
j4141
6788101
j4141
6788101
j4141
6788101
j4141
6788101
j4141
6788101
j4142
6792243
j4142
6792243
j4142
6792243
j4142
6792243
j4142
6792243
j4143
6792243
j4143
6796386
j4143
6796386
j4143
6796386
j4143
6796386
j4144
6800530
j4144
6800530
j4144
6800530
j4145
6800530
j4145
6800530
j4145
6804675
j4145
6804675
j4145
6804675
j4146
6808821
j4147
6808821
j4147
6808821
j4147
6808821
j4147
6808821
j4147
6812968
j4148
6817116
j4148
6817116
j4148
6817116
j4148
6817116
j4148
6817116
j4149
6817116
j4149
6821265
j4149
6821265
j4149
6821265
j4149
6821265
j4150
6825415
j4150
6825415
j4151
6825415
j4151
6825415
j4151
6825415
j4151
6829566
j4151
6829566
j4152
6833718
j4153
6833718
j4153
6833718
j4153
6833718
j4153
6833718
j4153
6833718
j4154
6837872
j4154
6837872
j4154
6837872
j4154
6837872
j4154
6837872
j4155
6837872
j4155
6842027
j4156
6846183
j4156
6846183
j4156
6846183
j4156
6846183
j4156
6846183
j4157
6846183
j4157
6846183
j4157
6846183
j4157
6846183
j4157
6846183
j4158
6850341
j4159
6850341
j4159
6850341
j4159
6850341
j4159
6850341
j4159
6850341
j4160
6854501
j4160
6854501
j4161
6854501
j4161
6858662
j4161
6858662
j4161
6858662
j4161
6858662
j4162
6862824
j4162
6862824
j4162
6862824
j4162
6862824
j4162
6862824
j4163
6862824
j4163
6862824
j4163
6862824
j4163
6862824
j4163
6862824
j4164
6866988
j4165
6866988
j4165
6866988
j4165
6871153
j4166
6875319
j4166
6875319
j4166
6875319
j4166
6875319
j4166
6875319
j4167
6875319
j4167
6879486
j4167
6879486
j4167
6879486
j4167
6879486
j4168
6883654
j4168
6883654
j4168
6883654
j4168
6883654
j4168
6883654
j4169
6883654
j4169
6883654
j4169
6883654
j4169
6883654
j4169
6887823
j4170
6891993
j4171
6891993
j4171
6891993
j4171
6891993
j4171
6891993
j4171
6891993
j4172
6896165
j4172
6896165
j4172
6896165
j4173
6896165
j4173
6900338
j4173
6900338
j4173
6900338
j4173
6900338
j4174
6904512
j4174
6904512
j4174
6904512
j4174
6904512
j4174
6904512
j4175
6904512
j4175
6904512
j4175
6908687
j4175
6908687
j4175
6908687
j4176
6912863
j4177
6912863
j4177
6912863
j4177
6912863
j4177
6912863
j4177
6912863
j4178
6917041
j4178
6917041
j4178
6917041
j4178
6917041
j4178
6917041
j4179
6917041
j4179
6921220
j4179
6921220
j4180
6925400
j4180
6925400
j4181
6925400
j4181
6925400
j4181
6925400
j4181
6925400
j4181
6925400
j4182
6929582
j4183
6929582
j4183
6929582
j4183
6929582
j4183
6929582
j4183
6929582
j4184
6933766
j4184
6933766
j4184
6933766
j4184
6933766
j4184
6933766
j4185
6933766
j4185
6937951
j4186
6942137
j4186
6942137
j4186
6942137
j4187
6942137
j4187
6942137
j4187
6942137
j4187
6942137
j4187
6942137
j4188
6946325
j4189
6946325
j4189
6946325
j4189
6946325
j4189
6946325
j4189
6946325
j4190
6950515
j4190
6950515
j4191
6950515
j4191
6954706
j4191
6954706
j4191
6954706
j4192
6958898
j4192
6958898
j4192
6958898
j4192
6958898
j4192
6958898
j4193
6958898
j4193
6958898
j4193
6958898
j4193
6963091
j4193
6963091
j4194
6967285
j4195
6967285
j4195
6967285
j4195
6971480
j4195
6971480
j4195
6971480
j4196
6975676
j4196
6975676
j4196
6975676
j4196
6975676
j4196
6975676
j4197
6975676
j4197
6979873
j4197
6979873
j4197
6979873
j4197
6979873
j4198
6984071
j4198
6984071
j4198
6984071
j4198
6984071
j4198
6984071
j4199
6984071
j4199
6984071
j4199
6984071
j4199
6984071
j4199
6984071
j4200
6988271
j4201
6988271
j4201
6988271
j4201
6988271
j4201
6988271
j4201
6988271
j4202
6992473
j4202
6992473
j4202
6992473
j4202
6992473
j4203
6992473
j4203
6996676
j4203
6996676
j4203
6996676
j4203
6996676
j4204
7000880
j4204
7000880
j4204
7000880
j4204
7000880
j4204
7000880
j4205
7000880
j4205
7000880
j4205
7005085
j4205
7005085
j4205
7005085
j4206
7009291
j4207
7009291
j4207
7009291
j4207
7009291
j4207
7013498
j4207
7013498
j4208
7017706
j4208
7017706
j4208
7017706
j4208
7017706
j4208
7017706
j4209
7017706
j4209
7021915
j4209
7021915
j4209
7021915
j4209
7021915
j4210
7026125
j4210
7026125
j4211
7026125
j4211
7026125
j4211
7026125
j4211
7026125
j4211
7026125
j4212
7030337
j4213
7030337
j4213
7030337
j4213
7030337
j4213
7030337
j4213
7034550
j4214
7038764
j4214
7038764
j4214
7038764
j4215
7038764
j4215
7042979
j4216
7047195
j4216
7047195
j4216
7047195
j4216
7047195
j4216
7047195
j4217
7047195
j4217
7047195
j4217
7047195
j4217
7047195
j4217
7047195
j4218
7051413
j4219
7051413
j4219
7051413
j4219
7051413
j4219
7051413
j4219
7051413
j4220
7055633
j4220
7055633
j4221
7055633
j4221
7059854
j4221
7059854
j4222
7064076
j4222
7064076
j4222
7064076
j4222
7064076
j4222
7064076
j4223
7064076
j4223
7064076
j4223
7064076
j4223
7064076
j4223
7064076
j4224
7068300
j4225
7068300
j4225
7068300
j4225
7072525
j4225
7072525
j4225
7072525
j4226
7076751
j4226
7076751
j4226
7076751
j4226
7076751
j4226
7076751
j4227
7076751
j4227
7080978
j4227
7080978
j4227
7080978
j4227
7080978
j4228
7085206
j4228
7085206
j4228
7085206
j4229
7085206
j4229
7085206
j4229
7085206
j4229
7085206
j4229
7085206
j4230
7089436
j4231
7089436
j4231
7089436
j4231
7089436
j4231
7089436
j4231
7089436
j4232
7093668
j4232
7093668
j4232
7093668
j4232
7093668
j4232
7093668
j4233
7093668
j4233
7097901
j4233
7097901
j4233
7097901
j4233
7097901
j4234
7102135
j4234
7102135
j4234
7102135
j4234
7102135
j4234
7102135
j4235
7102135
j4235
7102135
j4235
7106370
j4236
7110606
j4237
7110606
j4237
7110606
j4237
7110606
j4237
7110606
j4237
7110606
j4238
7114844
j4238
7114844
j4238
7114844
j4238
7114844
j4238
7114844
j4239
7114844
j4239
7119083
j4239
7119083
j4239
7119083
j4239
7119083
j4240
7123323
j4240
7123323
j4241
7123323
j4241
7123323
j4241
7123323
j4241
7123323
j4241
7123323
j4242
7127565
j4243
7127565
j4243
7127565
j4243
7127565
j4243
7127565
j4243
7127565
j4244
7131809
j4244
7131809
j4244
7131809
j4244
7131809
j4244
7131809
j4245
7131809
j4245
7136054
j4246
7140300
j4246
7140300
j4246
7140300
j4246
7140300
j4247
7140300
j4247
7140300
j4247
7140300
j4247
7140300
j4247
7140300
j4248
7144548
j4249
7144548
j4249
7144548
j4249
7144548
j4249
7148797
j4249
7148797
j4250
7153047
j4250
7153047
j4251
7153047
j4251
7157298
j4251
7157298
j4251
7157298
j4251
7157298
j4252
7161550
j4252
7161550
j4252
7161550
j4252
7161550
j4252
7161550
j4253
7161550
j4253
7161550
j4253
7161550
j4253
7161550
j4253
7161550
j4254
7165804
j4255
7165804
j4255
7165804
j4255
7170059
j4255
7170059
j4255
7170059
j4256
7174315
j4256
7174315
j4256
7174315
j4257
7174315
j4257
7178572
j4257
7178572
j4257
7178572
j4258
7182830
j4258
7182830
j4258
7182830
j4258
7182830
j4258
7182830
j4259
7182830
j4259
7182830
j4259
7182830
j4259
7182830
j4259
7182830
j4260
7187090
j4261
7187090
j4261
7187090
j4261
7187090
j4261
7187090
j4261
7187090
j4262
7191352
j4262
7191352
j4262
7191352
j4262
7191352
j4262
7191352
j4263
7191352
j4263
7195615
j4263
7195615
j4264
7199879
j4264
7199879
j4264
7199879
j4264
7199879
j4264
7199879
j4265
7199879
j4265
7199879
j4265
7204144
j4265
7204144
j4265
7204144
j4266
7208410
j4267
7208410
j4267
7208410
j4267
7208410
j4267
7208410
j4267
7208410
j4268
7212678
j4268
7212678
j4268
7212678
j4268
7212678
j4269
7212678
j4269
7216947
j4269
7216947
j4269
7216947
j4269
7216947
j4270
7221217
j4270
7221217
j4271
7221217
j4271
7221217
j4271
7221217
j4271
7221217
j4271
7221217
j4272
7225489
j4273
7225489
j4273
7225489
j4273
7225489
j4273
7225489
j4273
7225489
j4274
7229763
j4274
7229763
j4274
7229763
j4274
7229763
j4274
7229763
j4275
7229763
j4275
7234038
j4276
7238314
j4276
7238314
j4276
7238314
j4276
7238314
j4276
7238314
j4277
7238314
j4277
7238314
j4277
7238314
j4277
7242591
j4277
7242591
j4278
7246869
j4279
7246869
j4279
7246869
j4279
7246869
j4279
7246869
j4279
7251148
j4280
7255428
j4280
7255428
j4281
7255428
j4281
7259709
j4281
7259709
j4281
7259709
j4281
7259709
j4282
7263991
j4282
7263991
j4282
7263991
j4282
7263991
j4282
7263991
j4283
7263991
j4283
7263991
j4283
7263991
j4283
7263991
j4283
7263991
j4284
7268275
j4285
7268275
j4285
7268275
j4285
7272560
j4285
7272560
j4285
7272560
j4286
7276846
j4286
7276846
j4286
7276846
j4286
7276846
j4286
7276846
j4287
7276846
j4287
7281133
j4287
7281133
j4287
7281133
j4287
7281133
j4288
7285421
j4288
7285421
j4288
7285421
j4288
7285421
j4288
7285421
j4289
7285421
j4289
7285421
j4289
7285421
j4289
7285421
j4289
7285421
j4290
7289711
j4291
7289711
j4291
7289711
j4291
7289711
j4291
7294002
j4291
7294002
j4292
7298294
j4292
7298294
j4292
7298294
j4292
7298294
j4292
7298294
j4293
7298294
j4293
7302587
j4293
7302587
j4293
7302587
j4293
7302587
j4294
7306881
j4294
7306881
j4294
7306881
j4294
7306881
j4294
7306881
j4295
7306881
j4295
7306881
j4295
7311176
j4295
7311176
j4295
7311176
j4296
7315472
j4297
7315472
j4297
7315472
j4297
7315472
j4297
7315472
j4297
7315472
j4298
7319770
j4298
7319770
j4298
7319770
j4299
7319770
j4299
7324069
j4299
7324069
j4299
7324069
j4299
7324069
j4300
7328369
j4300
7328369
j4301
7328369
j4301
7328369
j4301
7328369
j4301
7328369
j4301
7332670
j4302
7336972
j4303
7336972
j4303
7336972
j4303
7336972
j4303
7336972
j4303
7336972
j4304
7341276
j4304
7341276
j4304
7341276
j4304
7341276
j4304
7341276
j4305
7341276
j4305
7345581
j4306
7349887
j4306
7349887
j4306
7349887
j4306
7349887
j4306
7349887
j4307
7349887
j4307
7349887
j4307
7349887
j4307
7349887
j4307
7349887
j4308
7354195
j4309
7354195
j4309
7354195
j4309
7354195
j4309
7354195
j4309
7354195
j4310
7358505
j4310
7358505
j4311
7358505
j4311
7362816
j4311
7362816
j4311
7362816
j4311
7362816
j4312
7367128
j4312
7367128
j4312
7367128
j4313
7367128
j4313
7367128
j4313
7367128
j4313
7367128
j4313
7367128
j4314
7371442
j4315
7371442
j4315
7371442
j4315
7375757
j4315
7375757
j4315
7375757
j4316
7380073
j4316
7380073
j4316
7380073
j4316
7380073
j4316
7380073
j4317
7380073
j4317
7384390
j4317
7384390
j4317
7384390
j4317
7384390
j4318
7388708
j4318
7388708
j4318
7388708
j4318
7388708
j4318
7388708
j4319
7388708
j4319
7388708
j4319
7388708
j4319
7393027
j4319
7393027
j4320
7397347
j4321
7397347
j4321
7397347
j4321
7397347
j4321
7397347
j4321
7397347
j4322
7401669
j4322
7401669
j4322
7401669
j4322
7401669
j4322
7401669
j4323
7401669
j4323
7405992
j4323
7405992
j4323
7405992
j4324
7410316
j4324
7410316
j4324
7410316
j4324
7410316
j4324
7410316
j4325
7410316
j4325
7410316
j4325
7414641
j4325
7414641
j4325
7414641
j4326
7418967
j4327
7418967
j4327
7418967
j4327
7418967
j4327
7418967
j4327
7418967
j4328
7423295
j4328
7423295
j4328
7423295
j4328
7423295
j4328
7423295
j4329
7423295
j4329
7427624
j4329
7427624
j4329
7427624
j4329
7427624
j4330
7431954
j4330
7431954
j4331
7431954
j4331
7431954
j4331
7431954
j4331
7431954
j4331
7431954
j4332
7436286
j4333
7436286
j4333
7436286
j4333
7436286
j4333
7440619
j4333
7440619
j4334
7444953
j4334
7444953
j4334
7444953
j4334
7444953
j4335
7444953
j4335
7449288
j4336
7453624
j4336
7453624
j4336
7453624
j4336
7453624
j4336
7453624
j4337
7453624
j4337
7453624
j4337
7453624
j4337
7453624
j4337
7453624
j4338
7457962
j4339
7457962
j4339
7457962
j4339
7457962
j4339
7457962
j4339
7457962
j4340
7462302
j4340
7462302
j4341
7462302
j4341
7466643
j4341
7466643
j4341
7466643
j4341
7466643
j4342
7470985
j4342
7470985
j4342
7470985
j4342
7470985
j4342
7470985
j4343
7470985
j4343
7470985
j4343
7470985
j4343
7470985
j4343
7470985
j4344
7475329
j4345
7475329
j4345
7475329
j4345
7479674
j4345
7479674
j4346
7484020
j4346
7484020
j4346
7484020
j4346
7484020
j4346
7484020
j4347
7484020
j4347
7488367
j4347
7488367
j4348
7492715
j4348
7492715
j4348
7492715
j4348
7492715
j4348
7492715
j4349
7492715
j4349
7492715
j4349
7492715
j4349
7492715
j4349
7492715
j4350
7497065
j4351
7497065
j4351
7497065
j4351
7497065
j4351
7497065
j4351
7497065
j4352
7501417
j4352
7501417
j4352
7501417
j4352
7501417
j4352
7501417
j4353
7501417
j4353
7505770
j4353
7505770
j4353
7505770
j4353
7505770
j4354
7510124
j4354
7510124
j4354
7510124
j4355
7510124
j4355
7510124
j4355
7514479
j4355
7514479
j4355
7514479
j4356
7518835
j4357
7518835
j4357
7518835
j4357
7518835
j4357
7518835
j4357
7518835
j4358
7523193
j4358
7523193
j4358
7523193
j4358
7523193
j4358
7523193
j4359
7523193
j4359
7527552
j4359
7527552
j4359
7527552
j4359
7527552
j4360
7531912
j4360
7531912
j4361
7531912
j4361
7531912
j4361
7531912
j4361
7536273
j4361
7536273
j4362
7540635
j4363
7540635
j4363
7540635
j4363
7540635
j4363
7540635
j4363
7540635
j4364
7544999
j4364
7544999
j4364
7544999
j4364
7544999
j4364
7544999
j4365
7544999
j4365
7549364
j4366
7553730
j4366
7553730
j4366
7553730
j4366
7553730
j4366
7553730
j4367
7553730
j4367
7553730
j4367
7553730
j4367
7553730
j4367
7558097
j4368
7562465
j4369
7562465
j4369
7562465
j4369
7562465
j4369
7562465
j4369
7562465
j4370
7566835
j4370
7566835
j4371
7566835
j4371
7571206
j4371
7571206
j4371
7571206
j4371
7571206
j4372
7575578
j4372
7575578
j4372
7575578
j4372
7575578
j4372
7575578
j4373
7575578
j4373
7575578
j4373
7575578
j4373
7575578
j4373
7575578
j4374
7579952
j4375
7579952
j4375
7579952
j4375
7584327
j4376
7588703
j4376
7588703
j4376
7588703
j4376
7588703
j4376
7588703
j4377
7588703
j4377
7593080
j4377
7593080
j4377
7593080
j4377
7593080
j4378
7597458
j4378
7597458
j4378
7597458
j4378
7597458
j4379
7597458
j4379
7597458
j4379
7597458
j4379
7597458
j4379
7597458
j4380
7601838
j4381
7601838
j4381
7601838
j4381
7601838
j4381
7601838
j4381
7601838
j4382
7606220
j4382
7606220
j4382
7606220
j4383
7606220
j4383
7610603
j4383
7610603
j4383
7610603
j4383
7610603
j4384
7614987
j4384
7614987
j4384
7614987
j4384
7614987
j4384
7614987
j4385
7614987
j4385
7614987
j4385
7619372
j4385
7619372
j4385
7619372
j4386
7623758
j4387
7623758
j4387
7623758
j4387
7623758
j4387
7623758
j4387
7623758
j4388
7628146
j4388
7628146
j4388
7628146
j4388
7628146
j4388
7628146
j4389
7628146
j4389
7632535
j4389
7632535
j4390
7636925
j4390
7636925
j4391
7636925
j4391
7636925
j4391
7636925
j4391
7636925
j4391
7636925
j4392
7641317
j4393
7641317
j4393
7641317
j4393
7641317
j4393
7641317
j4393
7641317
j4394
7645711
j4394
7645711
j4394
7645711
j4394
7645711
j4394
7645711
j4395
7645711
j4395
7650106
j4396
7654502
j4396
7654502
j4396
7654502
j4397
7654502
j4397
7654502
j4397
7654502
j4397
7654502
j4397
7654502
j4398
7658900
j4399
7658900
j4399
7658900
j4399
7658900
j4399
7658900
j4399
7658900
j4400
7663300
j4400
7663300
j4401
7663300
j4401
7667701
j4401
7667701
j4401
7667701
j4401
7667701
j4402
7672103
j4402
7672103
j4402
7672103
j4402
7672103
j4402
7672103
j4403
7672103
j4403
7672103
j4403
7672103
j4403
7676506
j4403
7676506
j4404
7680910
j4405
7680910
j4405
7680910
j4405
7685315
j4405
7685315
j4405
7685315
j4406
7689721
j4406
7689721
j4406
7689721
j4406
7689721
j4406
7689721
j4407
7689721
j4407
7694128
j4407
7694128
j4407
7694128
j4407
7694128
j4408
7698536
j4408
7698536
j4408
7698536
j4408
7698536
j4408
7698536
j4409
7698536
j4409
7698536
j4409
7698536
j4409
7698536
j4409
7698536
j4410
7702946
j4411
7702946
j4411
7702946
j4411
7702946
j4411
7702946
j4411
7707357
j4412
7711769
j4412
7711769
j4412
7711769
j4412
7711769
j4412
7711769
j4413
7711769
j4413
7716182
j4413
7716182
j4413
7716182
j4413
7716182
j4414
7720596
j4414
7720596
j4414
7720596
j4414
7720596
j4414
7720596
j4415
7720596
j4415
7720596
j4415
7725011
j4415
7725011
j4415
7725011
j4416
7729427
j4417
7729427
j4417
7729427
j4417
7729427
j4417
7733844
j4417
7733844
j4418
7738262
j4418
7738262
j4418
7738262
j4418
7738262
j4418
7738262
j4419
7738262
j4419
7742681
j4419
7742681
j4419
7742681
j4419
7742681
j4420
7747101
j4420
7747101
j4421
7747101
j4421
7747101
j4421
7747101
j4421
7747101
j4421
7747101
j4422
7751523
j4423
7751523
j4423
7751523
j4423
7751523
j4423
7751523
j4423
7751523
j4424
7755947
j4424
7755947
j4424
7755947
j4425
7755947
j4425
7760372
j4426
7764798
j4426
7764798
j4426
7764798
j4426
7764798
j4426
7764798
j4427
7764798
j4427
7764798
j4427
7764798
j4427
7764798
j4427
7764798
j4428
7769226
j4429
7769226
j4429
7769226
j4429
7769226
j4429
7769226
j4429
7769226
j4430
7773656
j4430
7773656
j4431
7773656
j4431
7778087
j4431
7778087
j4432
7782519
j4432
7782519
j4432
7782519
j4432
7782519
j4432
7782519
j4433
7782519
j4433
7782519
j4433
7782519
j4433
7782519
j4433
7786952
j4434
7791386
j4435
7791386
j4435
7791386
j4435
7795821
j4435
7795821
j4435
7795821
j4436
7800257
j4436
7800257
j4436
7800257
j4436
7800257
j4436
7800257
j4437
7800257
j4437
7804694
j4437
7804694
j4437
7804694
j4437
7804694
j4438
7809132
j4438
7809132
j4438
7809132
j4439
7809132
j4439
7809132
j4439
7809132
j4439
7809132
j4439
7809132
j4440
7813572
j4441
7813572
j4441
7813572
j4441
7813572
j4441
7813572
j4441
7813572
j4442
7818014
j4442
7818014
j4442
7818014
j4442
7818014
j4442
7818014
j4443
7818014
j4443
7822457
j4443
7822457
j4443
7822457
j4443
7822457
j4444
7826901
j4444
7826901
j4444
7826901
j4444
7826901
j4445
7826901
j4445
7826901
j4445
7831346
j4446
7835792
j4447
7835792
j4447
7835792
j4447
7835792
j4447
7835792
j4447
7835792
j4448
7840240
j4448
7840240
j4448
7840240
j4448
7840240
j4448
7840240
j4449
7840240
j4449
7844689
j4449
7844689
j4449
7844689
j4449
7844689
j4450
7849139
j4450
7849139
j4451
7849139
j4451
7849139
j4451
7849139
j4451
7849139
j4451
7849139
j4452
7853591
j4453
7853591
j4453
7853591
j4453
7853591
j4453
7853591
j4453
7853591
j4454
7858045
j4454
7858045
j4454
7858045
j4454
7858045
j4454
7858045
j4455
7858045
j4455
7862500
j4456
7866956
j4456
7866956
j4456
7866956
j4456
7866956
j4456
7866956
j4457
7866956
j4457
7866956
j4457
7866956
j4457
7866956
j4457
7866956
j4458
7871414
j4459
7871414
j4459
7871414
j4459
7871414
j4459
7875873
j4459
7875873
j4460
7880333
j4460
7880333
j4461
7880333
j4461
7884794
j4461
7884794
j4461
7884794
j4461
7884794
j4462
7889256
j4462
7889256
j4462
7889256
j4462
7889256
j4462
7889256
j4463
7889256
j4463
7889256
j4463
7889256
j4463
7889256
j4463
7889256
j4464
7893720
j4465
7893720
j4465
7893720
j4465
7898185
j4465
7898185
j4465
7898185
j4466
7902651
j4466
7902651
j4466
7902651
j4467
7902651
j4467
7907118
j4467
7907118
j4467
7907118
j4467
7907118
j4468
7911586
j4468
7911586
j4468
7911586
j4468
7911586
j4468
7911586
j4469
7911586
j4469
7911586
j4469
7911586
j4469
7911586
j4469
7911586
j4470
7916056
j4471
7916056
j4471
7916056
j4471
7916056
j4471
7916056
j4471
7916056
j4472
7920528
j4472
7920528
j4472
7920528
j4472
7920528
j4472
7920528
j4473
7920528
j4473
7925001
j4473
7925001
j4474
7929475
j4474
7929475
j4474
7929475
j4474
7929475
j4474
7929475
j4475
7929475
j4475
7929475
j4475
7933950
j4475
7933950
j4475
7933950
j4476
7938426
j4477
7938426
j4477
7938426
j4477
7938426
j4477
7938426
j4477
7942903
j4478
7947381
j4478
7947381
j4478
7947381
j4478
7947381
j4478
7947381
j4479
7947381
j4479
7951860
j4479
7951860
j4479
7951860
j4479
7951860
j4480
7956340
j4480
7956340
j4481
7956340
j4481
7956340
j4481
7956340
j4481
7956340
j4481
7956340
j4482
7960822
j4483
7960822
j4483
7960822
j4483
7960822
j4483
7960822
j4483
7960822
j4484
7965306
j4484
7965306
j4484
7965306
j4484
7965306
j4484
7965306
j4485
7965306
j4485
7969791
j4486
7974277
j4486
7974277
j4486
7974277
j4486
7974277
j4486
7974277
j4487
7974277
j4487
7974277
j4487
7974277
j4487
7978764
j4487
7978764
j4488
7983252
j4489
7983252
j4489
7983252
j4489
7983252
j4489
7983252
j4489
7983252
j4490
7987742
j4490
7987742
j4491
7987742
j4491
7992233
j4491
7992233
j4491
7992233
j4491
7992233
j4492
7996725
j4492
7996725
j4492
7996725
j4492
7996725
j4492
7996725
j4493
7996725
j4493
7996725
j4493
7996725
j4493
7996725
j4493
7996725
j4494
8001219
j4495
8001219
j4495
8001219
j4495
8005714
j4495
8005714
j4495
8005714
j4496
8010210
j4496
8010210
j4496
8010210
j4496
8010210
j4496
8010210
j4497
8010210
j4497
8014707
j4497
8014707
j4497
8014707
j4497
8014707
j4498
8019205
j4498
8019205
j4498
8019205
j4498
8019205
j4498
8019205
j4499
8019205
j4499
8019205
j4499
8019205
j4499
8019205
j4499
8023704
j4500
8028204
j4501
8028204
j4501
8028204
j4501
8028204
j4501
8032705
j4501
8032705
j4502
8037207
j4502
8037207
j4502
8037207
j4502
8037207
j4502
8037207
j4503
8037207
j4503
8041710
j4503
8041710
j4503
8041710
j4503
8041710
j4504
8046214
j4504
8046214
j4504
8046214
j4504
8046214
j4504
8046214
j4505
8046214
j4505
8046214
j4505
8050719
j4505
8050719
j4505
8050719
j4506
8055225
j4507
8055225
j4507
8055225
j4507
8055225
j4507
8055225
j4507
8055225
j4508
8059733
j4508
8059733
j4508
8059733
j4509
8059733
j4509
8064242
j4509
8064242
j4509
8064242
j4509
8064242
j4510
8068752
j4510
8068752
j4511
8068752
j4511
8068752
j4511
8068752
j4511
8068752
j4511
8068752
j4512
8073264
j4513
8073264
j4513
8073264
j4513
8073264
j4513
8073264
j4513
8073264
j4514
8077778
j4514
8077778
j4514
8077778
j4514
8077778
j4514
8077778
j4515
8077778
j4515
8082293
j4516
8086809
j4516
8086809
j4516
8086809
j4516
8086809
j4516
8086809
j4517
8086809
j4517
8086809
j4517
8086809
j4517
8086809
j4517
8086809
j4518
8091327
j4519
8091327
j4519
8091327
j4519
8091327
j4519
8091327
j4519
8091327
j4520
8095847
j4520
8095847
j4521
8095847
j4521
8100368
j4521
8100368
j4521
8100368
j4522
8104890
j4522
8104890
j4522
8104890
j4523
8104890
j4523
8104890
j4523
8104890
j4523
8104890
j4523
8104890
j4524
8109414
j4525
8109414
j4525
8109414
j4525
8113939
j4525
8113939
j4525
8113939
j4526
8118465
j4526
8118465
j4526
8118465
j4526
8118465
j4526
8118465
j4527
8118465
j4527
8122992
j4527
8122992
j4527
8122992
j4527
8122992
j4528
8127520
j4528
8127520
j4528
8127520
j4528
8127520
j4528
8127520
j4529
8127520
j4529
8127520
j4529
8127520
j4529
8132049
j4529
8132049
j4530
8136579
j4531
8136579
j4531
8136579
j4531
8136579
j4531
8136579
j4531
8136579
j4532
8141111
j4532
8141111
j4532
8141111
j4532
8141111
j4533
8141111
j4533
8145644
j4533
8145644
j4533
8145644
j4533
8145644
j4534
8150178
j4534
8150178
j4534
8150178
j4534
8150178
j4534
8150178
j4535
8150178
j4535
8150178
j4535
8154713
j4535
8154713
j4535
8154713
j4536
8159249
j4537
8159249
j4537
8159249
j4537
8159249
j4537
8159249
j4537
8159249
j4538
8163787
j4538
8163787
j4538
8163787
j4538
8163787
j4538
8163787
j4539
8163787
j4539
8168326
j4539
8168326
j4539
8168326
j4539
8168326
j4540
8172866
j4540
8172866
j4541
8172866
j4541
8172866
j4541
8172866
j4541
8172866
j4541
8172866
j4542
8177408
j4543
8177408
j4543
8177408
j4543
8177408
j4543
8181951
j4544
8186495
j4544
8186495
j4544
8186495
j4544
8186495
j4544
8186495
j4545
8186495
j4545
8191040
j4546
8195586
j4546
8195586
j4546
8195586
j4546
8195586
j4546
8195586
j4547
8195586
j4547
8195586
j4547
8195586
j4547
8195586
j4547
8195586
j4548
8200134
j4549
8200134
j4549
8200134
j4549
8200134
j4549
8200134
j4549
8200134
j4550
8204684
j4550
8204684
j4551
8204684
j4551
8209235
j4551
8209235
j4551
8209235
j4551
8209235
j4552
8213787
j4552
8213787
j4552
8213787
j4552
8213787
j4552
8213787
j4553
8213787
j4553
8213787
j4553
8213787
j4553
8213787
j4553
8213787
j4554
8218341
j4555
8218341
j4555
8218341
j4555
8222896
j4555
8222896
j4555
8222896
j4556
8227452
j4556
8227452
j4556
8227452
j4556
8227452
j4556
8227452
j4557
8227452
j4557
8232009
j4557
8232009
j4558
8236567
j4558
8236567
j4558
8236567
j4558
8236567
j4558
8236567
j4559
8236567
j4559
8236567
j4559
8236567
j4559
8236567
j4559
8236567
j4560
8241127
j4561
8241127
j4561
8241127
j4561
8241127
j4561
8241127
j4561
8241127
j4562
8245689
j4562
8245689
j4562
8245689
j4562
8245689
j4562
8245689
j4563
8245689
j4563
8250252
j4563
8250252
j4563
8250252
j4563
8250252
j4564
8254816
j4564
8254816
j4564
8254816
j4565
8254816
j4565
8254816
j4565
8259381
j4565
8259381
j4566
8263947
j4567
8263947
j4567
8263947
j4567
8263947
j4567
8263947
j4567
8263947
j4568
8268515
j4568
8268515
j4568
8268515
j4568
8268515
j4568
8268515
j4569
8268515
j4569
8273084
j4569
8273084
j4569
8273084
j4569
8273084
j4570
8277654
j4570
8277654
j4571
8277654
j4571
8277654
j4571
8277654
j4571
8282225
j4571
8282225
j4572
8286797
j4573
8286797
j4573
8286797
j4573
8286797
j4573
8286797
j4573
8286797
j4574
8291371
j4574
8291371
j4574
8291371
j4574
8291371
j4574
8291371
j4575
8291371
j4575
8295946
j4576
8300522
j4576
8300522
j4576
8300522
j4576
8300522
j4577
8300522
j4577
8300522
j4577
8300522
j4577
8300522
j4577
8300522
j4578
8305100
j4579
8305100
j4579
8305100
j4579
8305100
j4579
8305100
j4579
8305100
j4580
8309680
j4580
8309680
j4581
8309680
j4581
8314261
j4581
8314261
j4581
8314261
j4581
8314261
j4582
8318843
j4582
8318843
j4582
8318843
j4582
8318843
j4582
8318843
j4583
8318843
j4583
8318843
j4583
8318843
j4583
8318843
j4583
8318843
j4584
8323427
j4585
8323427
j4585
8323427
j4585
8328012
j4586
8332598
j4586
8332598
j4586
8332598
j4586
8332598
j4586
8332598
j4587
8332598
j4587
8337185
j4587
8337185
j4587
8337185
j4588
8341773
j4588
8341773
j4588
8341773
j4588
8341773
j4588
8341773
j4589
8341773
j4589
8341773
j4589
8341773
j4589
8341773
j4589
8341773
j4590
8346363
j4591
8346363
j4591
8346363
j4591
8346363
j4591
8346363
j4591
8346363
j4592
8350955
j4592
8350955
j4592
8350955
j4593
8350955
j4593
8355548
j4593
8355548
j4593
8355548
j4593
8355548
j4594
8360142
j4594
8360142
j4594
8360142
j4594
8360142
j4594
8360142
j4595
8360142
j4595
8360142
j4595
8364737
j4595
8364737
j4595
8364737
j4596
8369333
j4597
8369333
j4597
8369333
j4597
8369333
j4597
8369333
j4597
8369333
j4598
8373931
j4598
8373931
j4598
8373931
j4598
8373931
j4599
8373931
j4599
8378530
j4599
8378530
j4600
8383130
j4600
8383130
j4601
8383130
j4601
8383130
j4601
8383130
j4601
8383130
j4601
8383130
j4602
8387732
j4603
8387732
j4603
8387732
j4603
8387732
j4603
8387732
j4603
8387732
j4604
8392336
j4604
8392336
j4604
8392336
j4604
8392336
j4604
8392336
j4605
8392336
j4605
8396941
j4606
8401547
j4606
8401547
j4606
8401547
j4607
8401547
j4607
8401547
j4607
8401547
j4607
8401547
j4607
8401547
j4608
8406155
j4609
8406155
j4609
8406155
j4609
8406155
j4609
8406155
j4609
8410764
j4610
8415374
j4610
8415374
j4611
8415374
j4611
8419985
j4611
8419985
j4611
8419985
j4611
8419985
j4612
8424597
j4612
8424597
j4612
8424597
j4612
8424597
j4612
8424597
j4613
8424597
j4613
8424597
j4613
8424597
j4613
8429210
j4613
8429210
j4614
8433824
j4615
8433824
j4615
8433824
j4615
8438439
j4615
8438439
j4615
8438439
j4616
8443055
j4616
8443055
j4616
8443055
j4616
8443055
j4616
8443055
j4617
8443055
j4617
8447672
j4617
8447672
j4617
8447672
j4617
8447672
j4618
8452290
j4618
8452290
j4618
8452290
j4618
8452290
j4618
8452290
j4619
8452290
j4619
8452290
j4619
8452290
j4619
8452290
j4619
8452290
j4620
8456910
j4621
8456910
j4621
8456910
j4621
8456910
j4621
8456910
j4621
8456910
j4622
8461532
j4622
8461532
j4622
8461532
j4622
8461532
j4622
8461532
j4623
8461532
j4623
8466155
j4623
8466155
j4623
8466155
j4623
8466155
j4624
8470779
j4624
8470779
j4624
8470779
j4624
8470779
j4624
8470779
j4625
8470779
j4625
8470779
j4625
8475404
j4625
8475404
j4625
8475404
j4626
8480030
j4627
8480030
j4627
8480030
j4627
8480030
j4627
8484657
j4627
8484657
j4628
8489285
j4628
8489285
j4628
8489285
j4628
8489285
j4628
8489285
j4629
8489285
j4629
8493914
j4629
8493914
j4629
8493914
j4629
8493914
j4630
8498544
j4630
8498544
j4631
8498544
j4631
8498544
j4631
8498544
j4631
8498544
j4631
8503175
j4632
8507807
j4633
8507807
j4633
8507807
j4633
8507807
j4633
8507807
j4633
8507807
j4634
8512441
j4634
8512441
j4634
8512441
j4635
8512441
j4635
8517076
j4636
8521712
j4636
8521712
j4636
8521712
j4636
8521712
j4636
8521712
j4637
8521712
j4637
8521712
j4637
8521712
j4637
8521712
j4637
8521712
j4638
8526350
j4639
8526350
j4639
8526350
j4639
8526350
j4639
8526350
j4639
8526350
j4640
8530990
j4640
8530990
j4641
8530990
j4641
8535631
j4641
8535631
j4642
8540273
j4642
8540273
j4642
8540273
j4642
8540273
j4643
8540273
j4643
8540273
j4643
8540273
j4643
8540273
j4643
8540273
j4644
8544917
j4645
8544917
j4645
8544917
j4645
8549562
j4645
8549562
j4645
8549562
j4646
8554208
j4646
8554208
j4646
8554208
j4646
8554208
j4646
8554208
j4647
8554208
j4647
8558855
j4647
8558855
j4647
8558855
j4647
8558855
j4648
8563503
j4648
8563503
j4648
8563503
j4649
8563503
j4649
8563503
j4649
8563503
j4649
8563503
j4649
8563503
j4650
8568153
j4651
8568153
j4651
8568153
j4651
8568153
j4651
8568153
j4651
8568153
j4652
8572805
j4652
8572805
j4652
8572805
j4652
8572805
j4652
8572805
j4653
8572805
j4653
8577458
j4653
8577458
j4653
8577458
j4654
8582112
j4654
8582112
j4654
8582112
j4654
8582112
j4654
8582112
j4655
8582112
j4655
8582112
j4655
8586767
j4656
8591423
j4657
8591423
j4657
8591423
j4657
8591423
j4657
8591423
j4657
8591423
j4658
8596081
j4658
8596081
j4658
8596081
j4658
8596081
j4658
8596081
j4659
8596081
j4659
8600740
j4659
8600740
j4659
8600740
j4659
8600740
j4660
8605400
j4660
8605400
j4661
8605400
j4661
8605400
j4661
8605400
j4661
8605400
j4661
8605400
j4662
8610062
j4663
8610062
j4663
8610062
j4663
8610062
j4663
8610062
j4663
8610062
j4664
8614726
j4664
8614726
j4664
8614726
j4664
8614726
j4665
8614726
j4665
8619391
j4666
8624057
j4666
8624057
j4666
8624057
j4666
8624057
j4666
8624057
j4667
8624057
j4667
8624057
j4667
8624057
j4667
8624057
j4667
8624057
j4668
8628725
j4669
8628725
j4669
8628725
j4669
8628725
j4669
8633394
j4669
8633394
j4670
8638064
j4670
8638064
j4671
8638064
j4671
8642735
j4671
8642735
j4671
8642735
j4671
8642735
j4672
8647407
j4672
8647407
j4672
8647407
j4672
8647407
j4672
8647407
j4673
8647407
j4673
8647407
j4673
8647407
j4673
8647407
j4673
8647407
j4674
8652081
j4675
8652081
j4675
8652081
j4675
8656756
j4675
8656756
j4676
8661432
j4676
8661432
j4676
8661432
j4677
8661432
j4677
8666109
j4677
8666109
j4677
8666109
j4677
8666109
j4678
8670787
j4678
8670787
j4678
8670787
j4678
8670787
j4678
8670787
j4679
8670787
j4679
8670787
j4679
8670787
j4679
8670787
j4679
8670787
j4680
8675467
j4681
8675467
j4681
8675467
j4681
8675467
j4681
8675467
j4681
8675467
j4682
8680149
j4682
8680149
j4682
8680149
j4682
8680149
j4682
8680149
j4683
8680149
j4683
8684832
j4683
8684832
j4684
8689516
j4684
8689516
j4684
8689516
j4684
8689516
j4684
8689516
j4685
8689516
j4685
8689516
j4685
8694201
j4685
8694201
j4685
8694201
j4686
8698887
j4687
8698887
j4687
8698887
j4687
8698887
j4687
8698887
j4687
8698887
j4688
8703575
j4688
8703575
j4688
8703575
j4688
8703575
j4688
8703575
j4689
8703575
j4689
8708264
j4689
8708264
j4689
8708264
j4689
8708264
j4690
8712954
j4690
8712954
j4691
8712954
j4691
8712954
j4691
8712954
j4691
8712954
j4691
8712954
j4692
8717646
j4693
8717646
j4693
8717646
j4693
8717646
j4693
8717646
j4693
8717646
j4694
8722340
j4694
8722340
j4694
8722340
j4694
8722340
j4694
8722340
j4695
8722340
j4695
8727035
j4696
8731731
j4696
8731731
j4696
8731731
j4696
8731731
j4696
8731731
j4697
8731731
j4697
8731731
j4697
8731731
j4697
8736428
j4698
8741126
j4699
8741126
j4699
8741126
j4699
8741126
j4699
8741126
j4699
8741126
j4700
8745826
j4700
8745826
j4701
8745826
j4701
8750527
j4701
8750527
j4701
8750527
j4701
8750527
j4702
8755229
j4702
8755229
j4702
8755229
j4702
8755229
j4702
8755229
j4703
8755229
j4703
8755229
j4703
8755229
j4703
8755229
j4703
8755229
j4704
8759933
j4705
8759933
j4705
8759933
j4705
8764638
j4705
8764638
j4705
8764638
j4706
8769344
j4706
8769344
j4706
8769344
j4706
8769344
j4706
8769344
j4707
8769344
j4707
8774051
j4707
8774051
j4707
8774051
j4707
8774051
j4708
8778759
j4708
8778759
j4708
8778759
j4708
8778759
j4709
8778759
j4709
8778759
j4709
8778759
j4709
8778759
j4709
8778759
j4710
8783469
j4711
8783469
j4711
8783469
j4711
8783469
j4711
8788180
j4711
8788180
j4712
8792892
j4712
8792892
j4712
8792892
j4712
8792892
j4712
8792892
j4713
8792892
j4713
8797605
j4713
8797605
j4713
8797605
j4713
8797605
j4714
8802319
j4714
8802319
j4714
8802319
j4714
8802319
j4714
8802319
j4715
8802319
j4715
8802319
j4715
8807034
j4715
8807034
j4715
8807034
j4716
8811750
j4717
8811750
j4717
8811750
j4717
8811750
j4717
8811750
j4717
8811750
j4718
8816468
j4718
8816468
j4718
8816468
j4719
8816468
j4719
8821187
j4719
8821187
j4719
8821187
j4720
8825907
j4720
8825907
j4721
8825907
j4721
8825907
j4721
8825907
j4721
8825907
j4721
8825907
j4722
8830629
j4723
8830629
j4723
8830629
j4723
8830629
j4723
8830629
j4723
8830629
j4724
8835353
j4724
8835353
j4724
8835353
j4724
8835353
j4724
8835353
j4725
8835353
j4725
8840078
j4726
8844804
j4726
8844804
j4726
8844804
j4726
8844804
j4726
8844804
j4727
8844804
j4727
8844804
j4727
8844804
j4727
8844804
j4727
8844804
j4728
8849532
j4729
8849532
j4729
8849532
j4729
8849532
j4729
8849532
j4729
8849532
j4730
8854262
j4730
8854262
j4731
8854262
j4731
8858993
j4731
8858993
j4731
8858993
j4731
8858993
j4732
8863725
j4732
8863725
j4732
8863725
j4733
8863725
j4733
8863725
j4733
8863725
j4733
8863725
j4733
8863725
j4734
8868459
j4735
8868459
j4735
8868459
j4735
8873194
j4735
8873194
j4735
8873194
j4736
8877930
j4736
8877930
j4736
8877930
j4736
8877930
j4736
8877930
j4737
8877930
j4737
8882667
j4737
8882667
j4737
8882667
j4737
8882667
j4738
8887405
j4738
8887405
j4738
8887405
j4738
8887405
j4738
8887405
j4739
8887405
j4739
8887405
j4739
8887405
j4739
8892144
j4739
8892144
j4740
8896884
j4741
8896884
j4741
8896884
j4741
8896884
j4741
8896884
j4741
8901625
j4742
8906367
j4742
8906367
j4742
8906367
j4742
8906367
j4742
8906367
j4743
8906367
j4743
8911110
j4743
8911110
j4743
8911110
j4743
8911110
j4744
8915854
j4744
8915854
j4744
8915854
j4744
8915854
j4744
8915854
j4745
8915854
j4745
8915854
j4745
8920599
j4745
8920599
j4745
8920599
j4746
8925345
j4747
8925345
j4747
8925345
j4747
8925345
j4747
8925345
j4747
8925345
j4748
8930093
j4748
8930093
j4748
8930093
j4748
8930093
j4748
8930093
j4749
8930093
j4749
8934842
j4749
8934842
j4749
8934842
j4749
8934842
j4750
8939592
j4750
8939592
j4751
8939592
j4751
8939592
j4751
8939592
j4751
8939592
j4751
8939592
j4752
8944344
j4753
8944344
j4753
8944344
j4753
8944344
j4753
8949097
j4753
8949097
j4754
8953851
j4754
8953851
j4754
8953851
j4754
8953851
j4754
8953851
j4755
8953851
j4755
8958606
j4756
8963362
j4756
8963362
j4756
8963362
j4756
8963362
j4756
8963362
j4757
8963362
j4757
8963362
j4757
8963362
j4757
8963362
j4757
8963362
j4758
8968120
j4759
8968120
j4759
8968120
j4759
8968120
j4759
8968120
j4759
8968120
j4760
8972880
j4760
8972880
j4761
8972880
j4761
8977641
j4761
8977641
j4761
8977641
j4761
8977641
j4762
8982403
j4762
8982403
j4762
8982403
j4762
8982403
j4762
8982403
j4763
8982403
j4763
8982403
j4763
8982403
j4763
8982403
j4763
8987166
j4764
8991930
j4765
8991930
j4765
8991930
j4765
8996695
j4765
8996695
j4765
8996695
j4766
9001461
j4766
9001461
j4766
9001461
j4766
9001461
j4766
9001461
j4767
9001461
j4767
9006228
j4767
9006228
j4768
9010996
j4768
9010996
j4768
9010996
j4768
9010996
j4768
9010996
j4769
9010996
j4769
9010996
j4769
9010996
j4769
9010996
j4769
9010996
j4770
9015766
j4771
9015766
j4771
9015766
j4771
9015766
j4771
9015766
j4771
9015766
j4772
9020538
j4772
9020538
j4772
9020538
j4772
9020538
j4772
9020538
j4773
9020538
j4773
9025311
j4773
9025311
j4773
9025311
j4773
9025311
j4774
9030085
j4774
9030085
j4774
9030085
j4775
9030085
j4775
9030085
j4775
9034860
j4775
9034860
j4775
9034860
j4776
9039636
j4777
9039636
j4777
9039636
j4777
9039636
j4777
9039636
j4777
9039636
j4778
9044414
j4778
9044414
j4778
9044414
j4778
9044414
j4778
9044414
j4779
9044414
j4779
9049193
j4779
9049193
j4779
9049193
j4779
9049193
j4780
9053973
j4780
9053973
j4781
9053973
j4781
9053973
j4781
9053973
j4781
9058754
j4781
9058754
j4782
9063536
j4783
9063536
j4783
9063536
j4783
9063536
j4783
9063536
j4783
9063536
j4784
9068320
j4784
9068320
j4784
9068320
j4784
9068320
j4784
9068320
j4785
9068320
j4785
9073105
j4786
9077891
j4786
9077891
j4786
9077891
j4786
9077891
j4786
9077891
j4787
9077891
j4787
9077891
j4787
9077891
j4787
9077891
j4787
9077891
j4788
9082679
j4789
9082679
j4789
9082679
j4789
9082679
j4789
9082679
j4789
9082679
j4790
9087469
j4790
9087469
j4791
9087469
j4791
9092260
j4791
9092260
j4791
9092260
j4791
9092260
j4792
9097052
j4792
9097052
j4792
9097052
j4792
9097052
j4792
9097052
j4793
9097052
j4793
9097052
j4793
9097052
j4793
9097052
j4793
9097052
j4794
9101846
j4795
9101846
j4795
9101846
j4795
9106641
j4796
9111437
j4796
9111437
j4796
9111437
j4796
9111437
j4797
9111437
j4797
9116234
j4797
9116234
j4797
9116234
j4797
9116234
j4798
9121032
j4798
9121032
j4798
9121032
j4798
9121032
j4798
9121032
j4799
9121032
j4799
9121032
j4799
9121032
j4799
9121032
j4799
9121032
j4800
9125832
j4801
9125832
j4801
9125832
j4801
9125832
j4801
9125832
j4801
9125832
j4802
9130634
j4802
9130634
j4802
9130634
j4803
9130634
j4803
9135437
j4803
9135437
j4803
9135437
j4803
9135437
j4804
9140241
j4804
9140241
j4804
9140241
j4804
9140241
j4804
9140241
j4805
9140241
j4805
9140241
j4805
9145046
j4805
9145046
j4805
9145046
j4806
9149852
j4807
9149852
j4807
9149852
j4807
9149852
j4807
9149852
j4807
9154659
j4808
9159467
j4808
9159467
j4808
9159467
j4808
9159467
j4808
9159467
j4809
9159467
j4809
9164276
j4809
9164276
j4810
9169086
j4810
9169086
j4811
9169086
j4811
9169086
j4811
9169086
j4811
9169086
j4811
9169086
j4812
9173898
j4813
9173898
j4813
9173898
j4813
9173898
j4813
9173898
j4813
9173898
j4814
9178712
j4814
9178712
j4814
9178712
j4814
9178712
j4814
9178712
j4815
9178712
j4815
9183527
j4816
9188343
j4816
9188343
j4816
9188343
j4817
9188343
j4817
9188343
j4817
9188343
j4817
9188343
j4817
9188343
j4818
9193161
j4819
9193161
j4819
9193161
j4819
9193161
j4819
9193161
j4819
9193161
j4820
9197981
j4820
9197981
j4821
9197981
j4821
9202802
j4821
9202802
j4821
9202802
j4821
9202802
j4822
9207624
j4822
9207624
j4822
9207624
j4822
9207624
j4822
9207624
j4823
9207624
j4823
9207624
j4823
9207624
j4823
9212447
j4823
9212447
j4824
9217271
j4825
9217271
j4825
9217271
j4825
9222096
j4825
9222096
j4825
9222096
j4826
9226922
j4826
9226922
j4826
9226922
j4826
9226922
j4826
9226922
j4827
9226922
j4827
9231749
j4827
9231749
j4827
9231749
j4827
9231749
j4828
9236577
j4828
9236577
j4828
9236577
j4828
9236577
j4828
9236577
j4829
9236577
j4829
9236577
j4829
9236577
j4829
9236577
j4829
9241406
j4830
9246236
j4831
9246236
j4831
9246236
j4831
9246236
j4831
9246236
j4831
9246236
j4832
9251068
j4832
9251068
j4832
9251068
j4832
9251068
j4832
9251068
j4833
9251068
j4833
9255901
j4833
9255901
j4833
9255901
j4833
9255901
j4834
9260735
j4834
9260735
j4834
9260735
j4834
9260735
j4834
9260735
j4835
9260735
j4835
9260735
j4835
9265570
j4835
9265570
j4835
9265570
j4836
9270406
j4837
9270406
j4837
9270406
j4837
9270406
j4837
9275243
j4837
9275243
j4838
9280081
j4838
9280081
j4838
9280081
j4838
9280081
j4838
9280081
j4839
9280081
j4839
9284920
j4839
9284920
j4839
9284920
j4839
9284920
j4840
9289760
j4840
9289760
j4841
9289760
j4841
9289760
j4841
9289760
j4841
9289760
j4841
9289760
j4842
9294602
j4843
9294602
j4843
9294602
j4843
9294602
j4843
9294602
j4843
9294602
j4844
9299446
j4844
9299446
j4844
9299446
j4845
9299446
j4845
9304291
j4846
9309137
j4846
9309137
j4846
9309137
j4846
9309137
j4846
9309137
j4847
9309137
j4847
9309137
j4847
9309137
j4847
9309137
j4847
9309137
j4848
9313985
j4849
9313985
j4849
9313985
j4849
9313985
j4849
9313985
j4849
9313985
j4850
9318835
j4850
9318835
j4851
9318835
j4851
9323686
j4851
9323686
j4852
9328538
j4852
9328538
j4852
9328538
j4852
9328538
j4852
9328538
j4853
9328538
j4853
9328538
j4853
9328538
j4853
9328538
j4853
9328538
j4854
9333392
j4855
9333392
j4855
9333392
j4855
9338247
j4855
9338247
j4855
9338247
j4856
9343103
j4856
9343103
j4856
9343103
j4856
9343103
j4856
9343103
j4857
9343103
j4857
9347960
j4857
9347960
j4857
9347960
j4857
9347960
j4858
9352818
j4858
9352818
j4858
9352818
j4859
9352818
j4859
9352818
j4859
9352818
j4859
9352818
j4859
9352818
j4860
9357678
j4861
9357678
j4861
9357678
j4861
9357678
j4861
9357678
j4861
9357678
j4862
9362540
j4862
9362540
j4862
9362540
j4862
9362540
j4863
9362540
j4863
9367403
j4863
9367403
j4863
9367403
j4863
9367403
j4864
9372267
j4864
9372267
j4864
9372267
j4864
9372267
j4864
9372267
j4865
9372267
j4865
9372267
j4865
9377132
j4866
9381998
j4867
9381998
j4867
9381998
j4867
9381998
j4867
9381998
j4867
9381998
j4868
9386866
j4868
9386866
j4868
9386866
j4868
9386866
j4868
9386866
j4869
9386866
j4869
9391735
j4869
9391735
j4869
9391735
j4869
9391735
j4870
9396605
j4870
9396605
j4871
9396605
j4871
9396605
j4871
9396605
j4871
9396605
j4871
9396605
j4872
9401477
j4873
9401477
j4873
9401477
j4873
9401477
j4873
9401477
j4873
9406350
j4874
9411224
j4874
9411224
j4874
9411224
j4874
9411224
j4874
9411224
j4875
9411224
j4875
9416099
j4876
9420975
j4876
9420975
j4876
9420975
j4876
9420975
j4876
9420975
j4877
9420975
j4877
9420975
j4877
9420975
j4877
9420975
j4877
9420975
j4878
9425853
j4879
9425853
j4879
9425853
j4879
9425853
j4879
9430732
j4879
9430732
j4880
9435612
j4880
9435612
j4881
9435612
j4881
9440493
j4881
9440493
j4881
9440493
j4881
9440493
j4882
9445375
j4882
9445375
j4882
9445375
j4882
9445375
j4882
9445375
j4883
9445375
j4883
9445375
j4883
9445375
j4883
9445375
j4883
9445375
j4884
9450259
j4885
9450259
j4885
9450259
j4885
9455144
j4885
9455144
j4885
9455144
j4886
9460030
j4886
9460030
j4886
9460030
j4887
9460030
j4887
9464917
j4887
9464917
j4887
9464917
j4887
9464917
j4888
9469805
j4888
9469805
j4888
9469805
j4888
9469805
j4888
9469805
j4889
9469805
j4889
9469805
j4889
9469805
j4889
9469805
j4889
9469805
j4890
9474695
j4891
9474695
j4891
9474695
j4891
9474695
j4891
9474695
j4891
9474695
j4892
9479587
j4892
9479587
j4892
9479587
j4892
9479587
j4892
9479587
j4893
9479587
j4893
9484480
j4893
9484480
j4894
9489374
j4894
9489374
j4894
9489374
j4894
9489374
j4894
9489374
j4895
9489374
j4895
9489374
j4895
9494269
j4895
9494269
j4896
9499165
j4897
9499165
j4897
9499165
j4897
9499165
j4897
9499165
j4897
9499165
j4898
9504063
j4898
9504063
j4898
9504063
j4898
9504063
j4898
9504063
j4899
9504063
j4899
9508962
j4899
9508962
j4899
9508962
j4899
9508962
j4900
9513862
j4900
9513862
j4901
9513862
j4901
9513862
j4901
9513862
j4901
9513862
j4901
9513862
j4902
9518764
j4903
9518764
j4903
9518764
j4903
9518764
j4903
9518764
j4903
9518764
j4904
9523668
j4904
9523668
j4904
9523668
j4904
9523668
j4904
9523668
j4905
9523668
j4905
9528573
j4906
9533479
j4906
9533479
j4906
9533479
j4906
9533479
j4907
9533479
j4907
9533479
j4907
9533479
j4907
9538386
j4907
9538386
j4908
9543294
j4909
9543294
j4909
9543294
j4909
9543294
j4909
9543294
j4909
9543294
j4910
9548204
j4910
9548204
j4911
9548204
j4911
9553115
j4911
9553115
j4911
9553115
j4911
9553115
j4912
9558027
j4912
9558027
j4912
9558027
j4912
9558027
j4912
9558027
j4913
9558027
j4913
9558027
j4913
9558027
j4913
9558027
j4913
9558027
j4914
9562941
j4915
9562941
j4915
9562941
j4915
9567856
j4915
9567856
j4915
9567856
j4916
9572772
j4916
9572772
j4916
9572772
j4916
9572772
j4916
9572772
j4917
9572772
j4917
9577689
j4917
9577689
j4917
9577689
j4918
9582607
j4918
9582607
j4918
9582607
j4918
9582607
j4918
9582607
j4919
9582607
j4919
9582607
j4919
9582607
j4919
9582607
j4919
9582607
j4920
9587527
j4921
9587527
j4921
9587527
j4921
9587527
j4921
9592448
j4921
9592448
j4922
9597370
j4922
9597370
j4922
9597370
j4922
9597370
j4922
9597370
j4923
9597370
j4923
9602293
j4923
9602293
j4923
9602293
j4923
9602293
j4924
9607217
j4924
9607217
j4924
9607217
j4924
9607217
j4924
9607217
j4925
9607217
j4925
9607217
j4925
9612142
j4925
9612142
j4925
9612142
j4926
9617068
j4927
9617068
j4927
9617068
j4927
9617068
j4927
9617068
j4927
9617068
j4928
9621996
j4928
9621996
j4928
9621996
j4929
9621996
j4929
9626925
j4929
9626925
j4929
9626925
j4929
9626925
j4930
9631855
j4930
9631855
j4931
9631855
j4931
9631855
j4931
9631855
j4931
9631855
j4931
9631855
j4932
9636787
j4933
9636787
j4933
9636787
j4933
9636787
j4933
9636787
j4933
9636787
j4934
9641721
j4934
9641721
j4934
9641721
j4934
9641721
j4934
9641721
j4935
9641721
j4935
9646656
j4936
9651592
j4936
9651592
j4936
9651592
j4936
9651592
j4936
9651592
j4937
9651592
j4937
9651592
j4937
9651592
j4937
9651592
j4937
9651592
j4938
9656530
j4939
9656530
j4939
9656530
j4939
9656530
j4939
9656530
j4939
9661469
j4940
9666409
j4940
9666409
j4941
9666409
j4941
9671350
j4941
9671350
j4941
9671350
j4941
9671350
j4942
9676292
j4942
9676292
j4942
9676292
j4943
9676292
j4943
9676292
j4943
9676292
j4943
9676292
j4943
9676292
j4944
9681236
j4945
9681236
j4945
9681236
j4945
9686181
j4945
9686181
j4945
9686181
j4946
9691127
j4946
9691127
j4946
9691127
j4946
9691127
j4946
9691127
j4947
9691127
j4947
9696074
j4947
9696074
j4947
9696074
j4947
9696074
j4948
9701022
j4948
9701022
j4948
9701022
j4948
9701022
j4948
9701022
j4949
9701022
j4949
9701022
j4949
9701022
j4949
9705971
j4949
9705971
j4950
9710921
j4951
9710921
j4951
9710921
j4951
9710921
j4951
9710921
j4951
9710921
j4952
9715873
j4952
9715873
j4952
9715873
j4952
9715873
j4952
9715873
j4953
9715873
j4953
9720826
j4953
9720826
j4953
9720826
j4953
9720826
j4954
9725780
j4954
9725780
j4954
9725780
j4954
9725780
j4954
9725780
j4955
9725780
j4955
9725780
j4955
9730735
j4955
9730735
j4955
9730735
j4956
9735691
j4957
9735691
j4957
9735691
j4957
9735691
j4957
9735691
j4957
9735691
j4958
9740649
j4958
9740649
j4958
9740649
j4958
9740649
j4958
9740649
j4959
9740649
j4959
9745608
j4959
9745608
j4959
9745608
j4959
9745608
j4960
9750568
j4960
9750568
j4961
9750568
j4961
9750568
j4961
9750568
j4961
9750568
j4961
9755529
j4962
9760491
j4963
9760491
j4963
9760491
j4963
9760491
j4963
9765454
j4963
9765454
j4964
9770418
j4964
9770418
j4964
9770418
j4964
9770418
j4964
9770418
j4965
9770418
j4965
9775383
j4966
9780349
j4966
9780349
j4966
9780349
j4966
9780349
j4966
9780349
j4967
9780349
j4967
9780349
j4967
9780349
j4967
9780349
j4967
9780349
j4968
9785317
j4969
9785317
j4969
9785317
j4969
9785317
j4969
9785317
j4969
9785317
j4970
9790287
j4970
9790287
j4971
9790287
j4971
9795258
j4971
9795258
j4971
9795258
j4971
9795258
j4972
9800230
j4972
9800230
j4972
9800230
j4972
9800230
j4973
9800230
j4973
9800230
j4973
9800230
j4973
9800230
j4973
9800230
j4974
9805204
j4975
9805204
j4975
9805204
j4975
9810179
j4975
9810179
j4975
9810179
j4976
9815155
j4976
9815155
j4976
9815155
j4976
9815155
j4976
9815155
j4977
9815155
j4977
9820132
j4977
9820132
j4978
9825110
j4978
9825110
j4978
9825110
j4978
9825110
j4978
9825110
j4979
9825110
j4979
9825110
j4979
9825110
j4979
9825110
j4979
9825110
j4980
9830090
j4981
9830090
j4981
9830090
j4981
9830090
j4981
9830090
j4981
9830090
j4982
9835072
j4982
9835072
j4982
9835072
j4982
9835072
j4982
9835072
j4983
9835072
j4983
9840055
j4983
9840055
j4983
9840055
j4984
9845039
j4984
9845039
j4984
9845039
j4985
9845039
j4985
9845039
j4985
9850024
j4985
9850024
j4985
9850024
j4986
9855010
j4987
9855010
j4987
9855010
j4987
9855010
j4987
9855010
j4987
9855010
j4988
9859998
j4988
9859998
j4988
9859998
j4988
9859998
j4988
9859998
j4989
9859998
j4989
9864987
j4989
9864987
j4989
9864987
j4989
9864987
j4990
9869977
j4990
9869977
j4991
9869977
j4991
9869977
j4991
9869977
j4991
9874968
j4991
9874968
j4992
9879960
j4993
9879960
j4993
9879960
j4993
9879960
j4993
9879960
j4993
9879960
j4994
9884954
j4994
9884954
j4994
9884954
j4994
9884954
j4995
9884954
j4995
9889949
j4996
9894945
j4996
9894945
j4996
9894945
j4996
9894945
j4996
9894945
j4997
9894945
j4997
9894945
j4997
9894945
j4997
9894945
j4997
9894945
j4998
9899943
j4999
9899943
j4999
9899943
j4999
9899943
j4999
9899943
j4999
9899943
j5000
9904943
j5000
9904943
j5001
9904943
j5001
9909944
j5001
9909944
j5001
9909944
j5001
9909944
j5002
9914946
j5002
9914946
j5002
9914946
j5002
9914946
j5002
9914946
j5003
9914946
j5003
9914946
j5003
9914946
j5003
9914946
j5003
9914946
j5004
9919950
j5005
9919950
j5005
9919950
j5005
9924955
j5006
9929961
j5006
9929961
j5006
9929961
j5006
9929961
j5006
9929961
j5007
9929961
j5007
9934968
j5007
9934968
j5007
9934968
j5007
9934968
j5008
9939976
j5008
9939976
j5008
9939976
j5008
9939976
j5008
9939976
j5009
9939976
j5009
9939976
j5009
9939976
j5009
9939976
j5009
9939976
j5010
9944986
j5011
9944986
j5011
9944986
j5011
9944986
j5011
9944986
j5011
9944986
j5012
9949998
j5012
9949998
j5012
9949998
j5013
9949998
j5013
9955011
j5013
9955011
j5013
9955011
j5013
9955011
j5014
9960025
j5014
9960025
j5014
9960025
j5014
9960025
j5014
9960025
j5015
9960025
j5015
9960025
j5015
9965040
j5015
9965040
j5015
9965040
j5016
9970056
j5017
9970056
j5017
9970056
j5017
9970056
j5017
9970056
j5017
9970056
j5018
9975074
j5018
9975074
j5018
9975074
j5018
9975074
j5018
9975074
j5019
9975074
j5019
9980093
j5019
9980093
j5020
9985113
j5020
9985113
j5021
9985113
j5021
9985113
j5021
9985113
j5021
9985113
j5021
9985113
j5022
9990135
j5023
9990135
j5023
9990135
j5023
9990135
j5023
9990135
j5023
9990135
j5024
9995159
j5024
9995159
j5024
9995159
j5024
9995159
j5024
9995159
j5025
9995159
j5025
10000184
j5026
10005210
j5026
10005210
j5026
10005210
j5027
10005210
j5027
10005210
j5027
10005210
j5027
10005210
j5027
10010237
j5028
10015265
j5029
10015265
j5029
10015265
j5029
10015265
j5029
10015265
j5029
10015265
j5030
10020295
j5030
10020295
j5031
10020295
j5031
10025326
j5031
10025326
j5031
10025326
j5031
10025326
j5032
10030358
j5032
10030358
j5032
10030358
j5032
10030358
j5032
10030358
j5033
10030358
j5033
10030358
j5033
10030358
j5033
10035391
j5033
10035391
j5034
10040425
j5035
10040425
j5035
10040425
j5035
10045460
j5035
10045460
j5035
10045460
j5036
10050496
j5036
10050496
j5036
10050496
j5036
10050496
j5036
10050496
j5037
10050496
j5037
10055533
j5037
10055533
j5037
10055533
j5037
10055533
j5038
10060571
j5038
10060571
j5038
10060571
j5038
10060571
j5039
10060571
j5039
10060571
j5039
10060571
j5039
10060571
j5039
10060571
j5040
10065611
j5041
10065611
j5041
10065611
j5041
10065611
j5041
10065611
j5041
10065611
j5042
10070653
j5042
10070653
j5042
10070653
j5042
10070653
j5042
10070653
j5043
10070653
j5043
10075696
j5043
10075696
j5043
10075696
j5043
10075696
j5044
10080740
j5044
10080740
j5044
10080740
j5044
10080740
j5044
10080740
j5045
10080740
j5045
10080740
j5045
10085785
j5045
10085785
j5045
10085785
j5046
10090831
j5047
10090831
j5047
10090831
j5047
10090831
j5047
10095878
j5047
10095878
j5048
10100926
j5048
10100926
j5048
10100926
j5048
10100926
j5048
10100926
j5049
10100926
j5049
10105975
j5049
10105975
j5049
10105975
j5050
10111025
j5050
10111025
j5051
10111025
j5051
10111025
j5051
10111025
j5051
10111025
j5051
10111025
j5052
10116077
j5053
10116077
j5053
10116077
j5053
10116077
j5053
10116077
j5053
10116077
j5054
10121131
j5054
10121131
j5054
10121131
j5055
10121131
j5055
10126186
j5056
10131242
j5056
10131242
j5056
10131242
j5056
10131242
j5056
10131242
j5057
10131242
j5057
10131242
j5057
10131242
j5057
10131242
j5057
10131242
j5058
10136300
j5059
10136300
j5059
10136300
j5059
10136300
j5059
10136300
j5059
10136300
j5060
10141360
j5060
10141360
j5061
10141360
j5061
10146421
j5061
10146421
j5062
10151483
j5062
10151483
j5062
10151483
j5062
10151483
j5062
10151483
j5063
10151483
j5063
10151483
j5063
10151483
j5063
10151483
j5063
10151483
j5064
10156547
j5065
10156547
j5065
10156547
j5065
10161612
j5065
10161612
j5065
10161612
j5066
10166678
j5066
10166678
j5066
10166678
j5066
10166678
j5066
10166678
j5067
10166678
j5067
10171745
j5067
10171745
j5067
10171745
j5067
10171745
j5068
10176813
j5068
10176813
j5068
10176813
j5069
10176813
j5069
10176813
j5069
10176813
j5069
10176813
j5069
10176813
j5070
10181883
j5071
10181883
j5071
10181883
j5071
10181883
j5071
10181883
j5071
10186954
j5072
10192026
j5072
10192026
j5072
10192026
j5072
10192026
j5072
10192026
j5073
10192026
j5073
10197099
j5073
10197099
j5073
10197099
j5073
10197099
j5074
10202173
j5074
10202173
j5074
10202173
j5074
10202173
j5074
10202173
j5075
10202173
j5075
10202173
j5075
10207248
j5076
10212324
j5077
10212324
j5077
10212324
j5077
10212324
j5077
10212324
j5077
10212324
j5078
10217402
j5078
10217402
j5078
10217402
j5078
10217402
j5078
10217402
j5079
10217402
j5079
10222481
j5079
10222481
j5079
10222481
j5079
10222481
j5080
10227561
j5080
10227561
j5081
10227561
j5081
10227561
j5081
10227561
j5081
10227561
j5081
10227561
j5082
10232643
j5083
10232643
j5083
10232643
j5083
10232643
j5083
10232643
j5083
10232643
j5084
10237727
j5084
10237727
j5084
10237727
j5084
10237727
j5084
10237727
j5085
10237727
j5085
10242812
j5086
10247898
j5086
10247898
j5086
10247898
j5086
10247898
j5086
10247898
j5087
10247898
j5087
10247898
j5087
10247898
j5087
10247898
j5087
10247898
j5088
10252986
j5089
10252986
j5089
10252986
j5089
10252986
j5089
10258075
j5089
10258075
j5090
10263165
j5090
10263165
j5091
10263165
j5091
10268256
j5091
10268256
j5091
10268256
j5091
10268256
j5092
10273348
j5092
10273348
j5092
10273348
j5092
10273348
j5092
10273348
j5093
10273348
j5093
10273348
j5093
10273348
j5093
10273348
j5093
10278441
j5094
10283535
j5095
10283535
j5095
10283535
j5095
10288630
j5095
10288630
j5095
10288630
j5096
10293726
j5096
10293726
j5096
10293726
j5097
10293726
j5097
10298823
j5097
10298823
j5097
10298823
j5097
10298823
j5098
10303921
j5098
10303921
j5098
10303921
j5098
10303921
j5098
10303921
j5099
10303921
j5099
10303921
j5099
10303921
j5099
10303921
j5099
10303921
j5100
10309021
j5101
10309021
j5101
10309021
j5101
10309021
j5101
10309021
j5101
10309021
j5102
10314123
j5102
10314123
j5102
10314123
j5102
10314123
j5102
10314123
j5103
10314123
j5103
10319226
j5103
10319226
j5104
10324330
j5104
10324330
j5104
10324330
j5104
10324330
j5105
10324330
j5105
10324330
j5105
10329435
j5105
10329435
j5105
10329435
j5106
10334541
j5107
10334541
j5107
10334541
j5107
10334541
j5107
10334541
j5107
10334541
j5108
10339649
j5108
10339649
j5108
10339649
j5108
10339649
j5108
10339649
j5109
10339649
j5109
10344758
j5109
10344758
j5109
10344758
j5109
10344758
j5110
10349868
j5110
10349868
j5111
10349868
j5111
10349868
j5111
10349868
j5111
10349868
j5111
10349868
j5112
10354980
j5113
10354980
j5113
10354980
j5113
10354980
j5113
10354980
j5113
10354980
j5114
10360094
j5114
10360094
j5114
10360094
j5114
10360094
j5114
10360094
j5115
10360094
j5115
10365209
j5116
10370325
j5116
10370325
j5116
10370325
j5116
10370325
j5116
10370325
j5117
10370325
j5117
10370325
j5117
10370325
j5117
10375442
j5117
10375442
j5118
10380560
j5119
10380560
j5119
10380560
j5119
10380560
j5119
10380560
j5119
10380560
j5120
10385680
j5120
10385680
j5121
10385680
j5121
10390801
j5121
10390801
j5121
10390801
j5121
10390801
j5122
10395923
j5122
10395923
j5122
10395923
j5122
10395923
j5122
10395923
j5123
10395923
j5123
10395923
j5123
10395923
j5123
10395923
j5123
10395923
j5124
10401047
j5125
10401047
j5125
10401047
j5125
10406172
j5125
10406172
j5125
10406172
j5126
10411298
j5126
10411298
j5126
10411298
j5126
10411298
j5127
10411298
j5127
10416425
j5127
10416425
j5127
10416425
j5127
10416425
j5128
10421553
j5128
10421553
j5128
10421553
j5128
10421553
j5128
10421553
j5129
10421553
j5129
10421553
j5129
10421553
j5129
10421553
j5129
10421553
j5130
10426683
j5131
10426683
j5131
10426683
j5131
10426683
j5131
10431814
j5131
10431814
j5132
10436946
j5132
10436946
j5132
10436946
j5132
10436946
j5132
10436946
j5133
10436946
j5133
10442079
j5133
10442079
j5133
10442079
j5133
10442079
j5134
10447213
j5134
10447213
j5134
10447213
j5134
10447213
j5134
10447213
j5135
10447213
j5135
10447213
j5135
10452348
j5135
10452348
j5135
10452348
j5136
10457484
j5137
10457484
j5137
10457484
j5137
10457484
j5137
10457484
j5137
10462621
j5138
10467759
j5138
10467759
j5138
10467759
j5139
10467759
j5139
10472898
j5139
10472898
j5139
10472898
j5139
10472898
j5140
10478038
j5140
10478038
j5141
10478038
j5141
10478038
j5141
10478038
j5141
10478038
j5141
10478038
j5142
10483180
j5143
10483180
j5143
10483180
j5143
10483180
j5143
10483180
j5143
10483180
j5144
10488324
j5144
10488324
j5144
10488324
j5144
10488324
j5144
10488324
j5145
10488324
j5145
10493469
j5146
10498615
j5146
10498615
j5146
10498615
j5146
10498615
j5146
10498615
j5147
10498615
j5147
10498615
j5147
10498615
j5147
10498615
j5147
10498615
j5148
10503763
j5149
10503763
j5149
10503763
j5149
10503763
j5149
10503763
j5149
10503763
j5150
10508913
j5150
10508913
j5151
10508913
j5151
10514064
j5151
10514064
j5151
10514064
j5151
10514064
j5152
10519216
j5152
10519216
j5152
10519216
j5153
10519216
j5153
10519216
j5153
10519216
j5153
10519216
j5153
10519216
j5154
10524370
j5155
10524370
j5155
10524370
j5155
10529525
j5155
10529525
j5155
10529525
j5156
10534681
j5156
10534681
j5156
10534681
j5156
10534681
j5156
10534681
j5157
10534681
j5157
10539838
j5157
10539838
j5157
10539838
j5157
10539838
j5158
10544996
j5158
10544996
j5158
10544996
j5158
10544996
j5158
10544996
j5159
10544996
j5159
10544996
j5159
10544996
j5159
10550155
j5160
10555315
j5161
10555315
j5161
10555315
j5161
10555315
j5161
10555315
j5161
10555315
j5162
10560477
j5162
10560477
j5162
10560477
j5162
10560477
j5162
10560477
j5163
10560477
j5163
10565640
j5163
10565640
j5163
10565640
j5163
10565640
j5164
10570804
j5164
10570804
j5164
10570804
j5164
10570804
j5164
10570804
j5165
10570804
j5165
10570804
j5165
10575969
j5165
10575969
j5165
10575969
j5166
10581135
j5167
10581135
j5167
10581135
j5167
10581135
j5167
10581135
j5167
10581135
j5168
10586303
j5168
10586303
j5168
10586303
j5168
10586303
j5168
10586303
j5169
10586303
j5169
10591472
j5169
10591472
j5169
10591472
j5169
10591472
j5170
10596642
j5170
10596642
j5171
10596642
j5171
10596642
j5171
10596642
j5171
10596642
j5171
10596642
j5172
10601814
j5173
10601814
j5173
10601814
j5173
10601814
j5173
10606987
j5173
10606987
j5174
10612161
j5174
10612161
j5174
10612161
j5174
10612161
j5174
10612161
j5175
10612161
j5175
10617336
j5176
10622512
j5176
10622512
j5176
10622512
j5176
10622512
j5176
10622512
j5177
10622512
j5177
10622512
j5177
10622512
j5177
10622512
j5177
10622512
j5178
10627690
j5179
10627690
j5179
10627690
j5179
10627690
j5179
10627690
j5179
10627690
j5180
10632870
j5180
10632870
j5181
10632870
j5181
10638051
j5181
10638051
j5181
10638051
j5182
10643233
j5182
10643233
j5182
10643233
j5182
10643233
j5182
10643233
j5183
10643233
j5183
10643233
j5183
10643233
j5183
10643233
j5183
10643233
j5184
10648417
j5185
10648417
j5185
10648417
j5185
10653602
j5185
10653602
j5185
10653602
j5186
10658788
j5186
10658788
j5186
10658788
j5186
10658788
j5186
10658788
j5187
10658788
j5187
10663975
j5187
10663975
j5188
10669163
j5188
10669163
j5188
10669163
j5188
10669163
j5188
10669163
j5189
10669163
j5189
10669163
j5189
10669163
j5189
10669163
j5189
10669163
j5190
10674353
j5191
10674353
j5191
10674353
j5191
10674353
j5191
10674353
j5191
10674353
j5192
10679545
j5192
10679545
j5192
10679545
j5192
10679545
j5193
10679545
j5193
10684738
j5193
10684738
j5193
10684738
j5193
10684738
j5194
10689932
j5194
10689932
j5194
10689932
j5195
10689932
j5195
10689932
j5195
10695127
j5195
10695127
j5195
10695127
j5196
10700323
j5197
10700323
j5197
10700323
j5197
10700323
j5197
10700323
j5197
10700323
j5198
10705521
j5198
10705521
j5198
10705521
j5198
10705521
j5198
10705521
j5199
10705521
j5199
10710720
j5199
10710720
j5199
10710720
j5199
10710720
j5200
10715920
j5200
10715920
j5201
10715920
j5201
10715920
j5201
10715920
j5201
10721121
j5201
10721121
j5202
10726323
j5203
10726323
j5203
10726323
j5203
10726323
j5203
10726323
j5203
10731526
j5204
10736730
j5204
10736730
j5204
10736730
j5204
10736730
j5204
10736730
j5205
10736730
j5205
10741935
j5206
10747141
j5206
10747141
j5206
10747141
j5206
10747141
j5206
10747141
j5207
10747141
j5207
10747141
j5207
10747141
j5207
10747141
j5207
10747141
j5208
10752349
j5209
10752349
j5209
10752349
j5209
10752349
j5209
10752349
j5209
10752349
j5210
10757559
j5210
10757559
j5211
10757559
j5211
10762770
j5211
10762770
j5211
10762770
j5211
10762770
j5212
10767982
j5212
10767982
j5212
10767982
j5212
10767982
j5212
10767982
j5213
10767982
j5213
10767982
j5213
10767982
j5213
10767982
j5213
10767982
j5214
10773196
j5215
10773196
j5215
10773196
j5215
10778411
j5216
10783627
j5216
10783627
j5216
10783627
j5216
10783627
j5216
10783627
j5217
10783627
j5217
10788844
j5217
10788844
j5217
10788844
j5217
10788844
j5218
10794062
j5218
10794062
j5218
10794062
j5218
10794062
j5218
10794062
j5219
10794062
j5219
10794062
j5219
10794062
j5219
10794062
j5219
10794062
j5220
10799282
j5221
10799282
j5221
10799282
j5221
10799282
j5221
10799282
j5221
10799282
j5222
10804504
j5222
10804504
j5222
10804504
j5223
10804504
j5223
10809727
j5223
10809727
j5223
10809727
j5223
10809727
j5224
10814951
j5224
10814951
j5224
10814951
j5224
10814951
j5224
10814951
j5225
10814951
j5225
10814951
j5225
10820176
j5225
10820176
j5226
10825402
j5227
10825402
j5227
10825402
j5227
10825402
j5227
10825402
j5227
10825402
j5228
10830630
j5228
10830630
j5228
10830630
j5228
10830630
j5228
10830630
j5229
10830630
j5229
10835859
j5229
10835859
j5230
10841089
j5230
10841089
j5231
10841089
j5231
10841089
j5231
10841089
j5231
10841089
j5231
10841089
j5232
10846321
j5233
10846321
j5233
10846321
j5233
10846321
j5233
10846321
j5233
10846321
j5234
10851555
j5234
10851555
j5234
10851555
j5234
10851555
j5234
10851555
j5235
10851555
j5235
10856790
j5236
10862026
j5236
10862026
j5236
10862026
j5237
10862026
j5237
10862026
j5237
10862026
j5237
10862026
j5237
10862026
j5238
10867264
j5239
10867264
j5239
10867264
j5239
10867264
j5239
10867264
j5239
10867264
j5240
10872504
j5240
10872504
j5241
10872504
j5241
10877745
j5241
10877745
j5241
10877745
j5241
10877745
j5242
10882987
j5242
10882987
j5242
10882987
j5242
10882987
j5242
10882987
j5243
10882987
j5243
10882987
j5243
10882987
j5243
10888230
j5243
10888230
j5244
10893474
j5245
10893474
j5245
10893474
j5245
10898719
j5245
10898719
j5245
10898719
j5246
10903965
j5246
10903965
j5246
10903965
j5246
10903965
j5246
10903965
j5247
10903965
j5247
10909212
j5247
10909212
j5247
10909212
j5248
10914460
j5248
10914460
j5248
10914460
j5248
10914460
j5248
10914460
j5249
10914460
j5249
10914460
j5249
10914460
j5249
10914460
j5249
10914460
j5250
10919710
j5251
10919710
j5251
10919710
j5251
10919710
j5251
10919710
j5251
10919710
j5252
10924962
j5252
10924962
j5252
10924962
j5252
10924962
j5252
10924962
j5253
10924962
j5253
10930215
j5253
10930215
j5253
10930215
j5253
10930215
j5254
10935469
j5254
10935469
j5254
10935469
j5254
10935469
j5254
10935469
j5255
10935469
j5255
10935469
j5255
10940724
j5255
10940724
j5255
10940724
j5256
10945980
j5257
10945980
j5257
10945980
j5257
10945980
j5257
10951237
j5257
10951237
j5258
10956495
j5258
10956495
j5258
10956495
j5258
10956495
j5259
10956495
j5259
10961754
j5259
10961754
j5259
10961754
j5259
10961754
j5260
10967014
j5260
10967014
j5261
10967014
j5261
10967014
j5261
10967014
j5261
10967014
j5261
10967014
j5262
10972276
j5263
10972276
j5263
10972276
j5263
10972276
j5263
10972276
j5263
10972276
j5264
10977540
j5264
10977540
j5264
10977540
j5265
10977540
j5265
10982805
j5266
10988071
j5266
10988071
j5266
10988071
j5266
10988071
j5266
10988071
j5267
10988071
j5267
10988071
j5267
10988071
j5267
10988071
j5267
10988071
j5268
10993339
j5269
10993339
j5269
10993339
j5269
10993339
j5269
10993339
j5269
10998608
j5270
11003878
j5270
11003878
j5271
11003878
j5271
11009149
j5271
11009149
j5272
11014421
j5272
11014421
j5272
11014421
j5272
11014421
j5272
11014421
j5273
11014421
j5273
11014421
j5273
11014421
j5273
11014421
j5273
11014421
j5274
11019695
j5275
11019695
j5275
11019695
j5275
11024970
j5275
11024970
j5275
11024970
j5276
11030246
j5276
11030246
j5276
11030246
j5276
11030246
j5276
11030246
j5277
11030246
j5277
11035523
j5277
11035523
j5277
11035523
j5277
11035523
j5278
11040801
j5278
11040801
j5278
11040801
j5279
11040801
j5279
11040801
j5279
11040801
j5279
11040801
j5279
11040801
j5280
11046081
j5281
11046081
j5281
11046081
j5281
11046081
j5281
11046081
j5281
11046081
j5282
11051363
j5282
11051363
j5282
11051363
j5282
11051363
j5282
11051363
j5283
11051363
j5283
11056646
j5283
11056646
j5283
11056646
j5283
11056646
j5284
11061930
j5284
11061930
j5284
11061930
j5284
11061930
j5284
11061930
j5285
11061930
j5285
11061930
j5285
11067215
j5286
11072501
j5287
11072501
j5287
11072501
j5287
11072501
j5287
11072501
j5287
11072501
j5288
11077789
j5288
11077789
j5288
11077789
j5288
11077789
j5288
11077789
j5289
11077789
j5289
11083078
j5289
11083078
j5289
11083078
j5289
11083078
j5290
11088368
j5290
11088368
j5291
11088368
j5291
11088368
j5291
11088368
j5291
11088368
j5291
11093659
j5292
11098951
j5293
11098951
j5293
11098951
j5293
11098951
j5293
11098951
j5293
11098951
j5294
11104245
j5294
11104245
j5294
11104245
j5294
11104245
j5294
11104245
j5295
11104245
j5295
11109540
j5296
11114836
j5296
11114836
j5296
11114836
j5296
11114836
j5296
11114836
j5297
11114836
j5297
11114836
j5297
11114836
j5297
11114836
j5297
11114836
j5298
11120134
j5299
11120134
j5299
11120134
j5299
11120134
j5299
11125433
j5299
11125433
j5300
11130733
j5300
11130733
j5301
11130733
j5301
11136034
j5301
11136034
j5301
11136034
j5301
11136034
j5302
11141336
j5302
11141336
j5302
11141336
j5302
11141336
j5303
11141336
j5303
11141336
j5303
11141336
j5303
11141336
j5303
11141336
j5304
11146640
j5305
11146640
j5305
11146640
j5305
11151945
j5305
11151945
j5305
11151945
j5306
11157251
j5306
11157251
j5306
11157251
j5307
11157251
j5307
11162558
j5307
11162558
j5307
11162558
j5307
11162558
j5308
11167866
j5308
11167866
j5308
11167866
j5308
11167866
j5308
11167866
j5309
11167866
j5309
11167866
j5309
11167866
j5309
11167866
j5309
11167866
j5310
11173176
j5311
11173176
j5311
11173176
j5311
11173176
j5311
11173176
j5311
11173176
j5312
11178488
j5312
11178488
j5312
11178488
j5312
11178488
j5312
11178488
j5313
11178488
j5313
11183801
j5313
11183801
j5314
11189115
j5314
11189115
j5314
11189115
j5314
11189115
j5314
11189115
j5315
11189115
j5315
11189115
j5315
11194430
j5315
11194430
j5315
11194430
j5316
11199746
j5317
11199746
j5317
11199746
j5317
11199746
j5317
11199746
j5317
11199746
j5318
11205064
j5318
11205064
j5318
11205064
j5318
11205064
j5318
11205064
j5319
11205064
j5319
11210383
j5319
11210383
j5319
11210383
j5319
11210383
j5320
11215703
j5320
11215703
j5321
11215703
j5321
11215703
j5321
11215703
j5321
11215703
j5321
11215703
j5322
11221025
j5323
11221025
j5323
11221025
j5323
11221025
j5323
11221025
j5323
11221025
j5324
11226349
j5324
11226349
j5324
11226349
j5324
11226349
j5325
11226349
j5325
11231674
j5326
11237000
j5326
11237000
j5326
11237000
j5326
11237000
j5326
11237000
j5327
11237000
j5327
11237000
j5327
11237000
j5327
11242327
j5327
11242327
j5328
11247655
j5329
11247655
j5329
11247655
j5329
11247655
j5329
11247655
j5329
11247655
j5330
11252985
j5330
11252985
j5331
11252985
j5331
11258316
j5331
11258316
j5331
11258316
j5331
11258316
j5332
11263648
j5332
11263648
j5332
11263648
j5332
11263648
j5332
11263648
j5333
11263648
j5333
11263648
j5333
11263648
j5333
11263648
j5333
11263648
j5334
11268982
j5335
11268982
j5335
11268982
j5335
11274317
j5335
11274317
j5336
11279653
j5336
11279653
j5336
11279653
j5336
11279653
j5336
11279653
j5337
11279653
j5337
11284990
j5337
11284990
j5337
11284990
j5337
11284990
j5338
11290328
j5338
11290328
j5338
11290328
j5338
11290328
j5338
11290328
j5339
11290328
j5339
11290328
j5339
11290328
j5339
11290328
j5339
11290328
j5340
11295668
j5341
11295668
j5341
11295668
j5341
11295668
j5341
11301009
j5341
11301009
j5342
11306351
j5342
11306351
j5342
11306351
j5342
11306351
j5342
11306351
j5343
11306351
j5343
11311694
j5343
11311694
j5343
11311694
j5343
11311694
j5344
11317038
j5344
11317038
j5344
11317038
j5344
11317038
j5344
11317038
j5345
11317038
j5345
11317038
j5345
11322383
j5345
11322383
j5345
11322383
j5346
11327729
j5347
11327729
j5347
11327729
j5347
11327729
j5347
11327729
j5347
11327729
j5348
11333077
j5348
11333077
j5348
11333077
j5349
11333077
j5349
11338426
j5349
11338426
j5349
11338426
j5349
11338426
j5350
11343776
j5350
11343776
j5351
11343776
j5351
11343776
j5351
11343776
j5351
11343776
j5351
11343776
j5352
11349128
j5353
11349128
j5353
11349128
j5353
11349128
j5353
11349128
j5353
11349128
j5354
11354482
j5354
11354482
j5354
11354482
j5354
11354482
j5354
11354482
j5355
11354482
j5355
11359837
j5356
11365193
j5356
11365193
j5356
11365193
j5356
11365193
j5356
11365193
j5357
11365193
j5357
11365193
j5357
11365193
j5357
11365193
j5357
11370550
j5358
11375908
j5359
11375908
j5359
11375908
j5359
11375908
j5359
11375908
j5359
11375908
j5360
11381268
j5360
11381268
j5361
11381268
j5361
11386629
j5361
11386629
j5361
11386629
j5361
11386629
j5362
11391991
j5362
11391991
j5362
11391991
j5363
11391991
j5363
11391991
j5363
11391991
j5363
11391991
j5363
11391991
j5364
11397355
j5365
11397355
j5365
11397355
j5365
11402720
j5365
11402720
j5365
11402720
j5366
11408086
j5366
11408086
j5366
11408086
j5366
11408086
j5366
11408086
j5367
11408086
j5367
11413453
j5367
11413453
j5367
11413453
j5367
11413453
j5368
11418821
j5368
11418821
j5368
11418821
j5368
11418821
j5369
11418821
j5369
11418821
j5369
11418821
j5369
11424190
j5369
11424190
j5370
11429560
j5371
11429560
j5371
11429560
j5371
11429560
j5371
11429560
j5371
11429560
j5372
11434932
j5372
11434932
j5372
11434932
j5372
11434932
j5372
11434932
j5373
11434932
j5373
11440305
j5373
11440305
j5373
11440305
j5373
11440305
j5374
11445679
j5374
11445679
j5374
11445679
j5374
11445679
j5374
11445679
j5375
11445679
j5375
11445679
j5375
11451054
j5375
11451054
j5375
11451054
j5376
11456430
j5377
11456430
j5377
11456430
j5377
11456430
j5377
11456430
j5377
11456430
j5378
11461808
j5378
11461808
j5378
11461808
j5378
11461808
j5378
11461808
j5379
11461808
j5379
11467187
j5379
11467187
j5379
11467187
j5380
11472567
j5380
11472567
j5381
11472567
j5381
11472567
j5381
11472567
j5381
11472567
j5381
11472567
j5382
11477949
j5383
11477949
j5383
11477949
j5383
11477949
j5383
11483332
j5383
11483332
j5384
11488716
j5384
11488716
j5384
11488716
j5384
11488716
j5384
11488716
j5385
11488716
j5385
11494101
j5386
11499487
j5386
11499487
j5386
11499487
j5386
11499487
j5386
11499487
j5387
11499487
j5387
11499487
j5387
11499487
j5387
11499487
j5387
11499487
j5388
11504875
j5389
11504875
j5389
11504875
j5389
11504875
j5389
11504875
j5389
11504875
j5390
11510265
j5390
11510265
j5391
11510265
j5391
11515656
j5391
11515656
j5391
11515656
j5391
11515656
j5392
11521048
j5392
11521048
j5392
11521048
j5392
11521048
j5392
11521048
j5393
11521048
j5393
11521048
j5393
11521048
j5393
11521048
j5393
11521048
j5394
11526442
j5395
11526442
j5395
11526442
j5395
11531837
j5395
11531837
j5395
11531837
j5396
11537233
j5396
11537233
j5396
11537233
j5396
11537233
j5396
11537233
j5397
11537233
j5397
11542630
j5397
11542630
j5398
11548028
j5398
11548028
j5398
11548028
j5398
11548028
j5398
11548028
j5399
11548028
j5399
11548028
j5399
11548028
j5399
11548028
j5399
11548028
j5400
11553428
j5401
11553428
j5401
11553428
j5401
11553428
j5401
11553428
j5401
11558829
j5402
11564231
j5402
11564231
j5402
11564231
j5402
11564231
j5402
11564231
j5403
11564231
j5403
11569634
j5403
11569634
j5403
11569634
j5403
11569634
j5404
11575038
j5404
11575038
j5404
11575038
j5405
11575038
j5405
11575038
j5405
11580443
j5405
11580443
j5405
11580443
j5406
11585849
j5407
11585849
j5407
11585849
j5407
11585849
j5407
11585849
j5407
11585849
j5408
11591257
j5408
11591257
j5408
11591257
j5408
11591257
j5408
11591257
j5409
11591257
j5409
11596666
j5409
11596666
j5409
11596666
j5409
11596666
j5410
11602076
j5410
11602076
j5411
11602076
j5411
11602076
j5411
11602076
j5411
11607487
j5411
11607487
j5412
11612899
j5413
11612899
j5413
11612899
j5413
11612899
j5413
11612899
j5413
11612899
j5414
11618313
j5414
11618313
j5414
11618313
j5414
11618313
j5414
11618313
j5415
11618313
j5415
11623728
j5416
11629144
j5416
11629144
j5416
11629144
j5416
11629144
j5416
11629144
j5417
11629144
j5417
11629144
j5417
11629144
j5417
11629144
j5417
11629144
j5418
11634562
j5419
11634562
j5419
11634562
j5419
11634562
j5419
11634562
j5419
11634562
j5420
11639982
j5420
11639982
j5421
11639982
j5421
11645403
j5421
11645403
j5421
11645403
j5421
11645403
j5422
11650825
j5422
11650825
j5422
11650825
j5422
11650825
j5422
11650825
j5423
11650825
j5423
11650825
j5423
11650825
j5423
11650825
j5423
11656248
j5424
11661672
j5425
11661672
j5425
11661672
j5425
11667097
j5426
11672523
j5426
11672523
j5426
11672523
j5426
11672523
j5426
11672523
j5427
11672523
j5427
11677950
j5427
11677950
j5427
11677950
j5427
11677950
j5428
11683378
j5428
11683378
j5428
11683378
j5428
11683378
j5428
11683378
j5429
11683378
j5429
11683378
j5429
11683378
j5429
11683378
j5429
11683378
j5430
11688808
j5431
11688808
j5431
11688808
j5431
11688808
j5431
11688808
j5431
11688808
j5432
11694240
j5432
11694240
j5432
11694240
j5433
11694240
j5433
11699673
j5433
11699673
j5433
11699673
j5433
11699673
j5434
11705107
j5434
11705107
j5434
11705107
j5434
11705107
j5435
11705107
j5435
11705107
j5435
11710542
j5435
11710542
j5435
11710542
j5436
11715978
j5437
11715978
j5437
11715978
j5437
11715978
j5437
11715978
j5437
11715978
j5438
11721416
j5438
11721416
j5438
11721416
j5438
11721416
j5438
11721416
j5439
11721416
j5439
11726855
j5439
11726855
j5440
11732295
j5440
11732295
j5441
11732295
j5441
11732295
j5441
11732295
j5441
11732295
j5441
11732295
j5442
11737737
j5443
11737737
j5443
11737737
j5443
11737737
j5443
11737737
j5443
11737737
j5444
11743181
j5444
11743181
j5444
11743181
j5444
11743181
j5444
11743181
j5445
11743181
j5445
11748626
j5446
11754072
j5446
11754072
j5446
11754072
j5447
11754072
j5447
11754072
j5447
11754072
j5447
11754072
j5447
11754072
j5448
11759520
j5449
11759520
j5449
11759520
j5449
11759520
j5449
11759520
j5449
11759520
j5450
11764970
j5450
11764970
j5451
11764970
j5451
11770421
j5451
11770421
j5451
11770421
j5451
11770421
j5452
11775873
j5452
11775873
j5452
11775873
j5452
11775873
j5452
11775873
j5453
11775873
j5453
11775873
j5453
11775873
j5453
11781326
j5453
11781326
j5454
11786780
j5455
11786780
j5455
11786780
j5455
11792235
j5455
11792235
j5455
11792235
j5456
11797691
j5456
11797691
j5456
11797691
j5456
11797691
j5457
11797691
j5457
11803148
j5457
11803148
j5457
11803148
j5457
11803148
j5458
11808606
j5458
11808606
j5458
11808606
j5458
11808606
j5458
11808606
j5459
11808606
j5459
11808606
j5459
11808606
j5459
11808606
j5459
11808606
j5460
11814066
j5461
11814066
j5461
11814066
j5461
11814066
j5461
11814066
j5461
11814066
j5462
11819528
j5462
11819528
j5462
11819528
j5462
11819528
j5462
11819528
j5463
11819528
j5463
11824991
j5463
11824991
j5463
11824991
j5463
11824991
j5464
11830455
j5464
11830455
j5464
11830455
j5464
11830455
j5464
11830455
j5465
11830455
j5465
11830455
j5465
11835920
j5465
11835920
j5465
11835920
j5466
11841386
j5467
11841386
j5467
11841386
j5467
11841386
j5467
11846853
j5468
11852321
j5468
11852321
j5468
11852321
j5468
11852321
j5468
11852321
j5469
11852321
j5469
11857790
j5469
11857790
j5469
11857790
j5469
11857790
j5470
11863260
j5470
11863260
j5471
11863260
j5471
11863260
j5471
11863260
j5471
11863260
j5471
11863260
j5472
11868732
j5473
11868732
j5473
11868732
j5473
11868732
j5473
11868732
j5473
11868732
j5474
11874206
j5474
11874206
j5474
11874206
j5475
11874206
j5475
11879681
j5476
11885157
j5476
11885157
j5476
11885157
j5476
11885157
j5476
11885157
j5477
11885157
j5477
11885157
j5477
11885157
j5477
11885157
j5477
11885157
j5478
11890635
j5479
11890635
j5479
11890635
j5479
11890635
j5479
11890635
j5479
11890635
j5480
11896115
j5480
11896115
j5481
11896115
j5481
11901596
j5481
11901596
j5482
11907078
j5482
11907078
j5482
11907078
j5482
11907078
j5482
11907078
j5483
11907078
j5483
11907078
j5483
11907078
j5483
11907078
j5483
11907078
j5484
11912562
j5485
11912562
j5485
11912562
j5485
11918047
j5485
11918047
j5485
11918047
j5486
11923533
j5486
11923533
j5486
11923533
j5486
11923533
j5486
11923533
j5487
11923533
j5487
11929020
j5487
11929020
j5487
11929020
j5487
11929020
j5488
11934508
j5488
11934508
j5488
11934508
j5489
11934508
j5489
11934508
j5489
11934508
j5489
11934508
j5489
11939997
j5490
11945487
j5491
11945487
j5491
11945487
j5491
11945487
j5491
11945487
j5491
11945487
j5492
11950979
j5492
11950979
j5492
11950979
j5492
11950979
j5492
11950979
j5493
11950979
j5493
11956472
j5493
11956472
j5493
11956472
j5493
11956472
j5494
11961966
j5494
11961966
j5494
11961966
j5494
11961966
j5494
11961966
j5495
11961966
j5495
11961966
j5495
11967461
j5496
11972957
j5497
11972957
j5497
11972957
j5497
11972957
j5497
11972957
j5497
11972957
j5498
11978455
j5498
11978455
j5498
11978455
j5498
11978455
j5498
11978455
j5499
11978455
j5499
11983954
j5499
11983954
j5499
11983954
j5499
11983954
j5500
11989454
j5500
11989454
j5501
11989454
j5501
11989454
j5501
11989454
j5501
11989454
j5501
11989454
j5502
11994956
j5503
11994956
j5503
11994956
j5503
11994956
j5503
11994956
j5503
11994956
j5504
12000460
j5504
12000460
j5504
12000460
j5504
12000460
j5504
12000460
j5505
12000460
j5505
12005965
j5506
12011471
j5506
12011471
j5506
12011471
j5506
12011471
j5506
12011471
j5507
12011471
j5507
12011471
j5507
12011471
j5507
12011471
j5507
12011471
j5508
12016979
j5509
12016979
j5509
12016979
j5509
12016979
j5509
12022488
j5509
12022488
j5510
12027998
j5510
12027998
j5511
12027998
j5511
12033509
j5511
12033509
j5511
12033509
j5512
12039021
j5512
12039021
j5512
12039021
j5512
12039021
j5512
12039021
j5513
12039021
j5513
12039021
j5513
12039021
j5513
12039021
j5513
12039021
j5514
12044535
j5515
12044535
j5515
12044535
j5515
12050050
j5515
12050050
j5515
12050050
j5516
12055566
j5516
12055566
j5516
12055566
j5517
12055566
j5517
12061083
j5517
12061083
j5517
12061083
j5517
12061083
j5518
12066601
j5518
12066601
j5518
12066601
j5518
12066601
j5518
12066601
j5519
12066601
j5519
12066601
j5519
12066601
j5519
12066601
j5519
12066601
j5520
12072121
j5521
12072121
j5521
12072121
j5521
12072121
j5521
12072121
j5521
12072121
j5522
12077643
j5522
12077643
j5522
12077643
j5522
12077643
j5523
12077643
j5523
12083166
j5523
12083166
j5524
12088690
j5524
12088690
j5524
12088690
j5524
12088690
j5524
12088690
j5525
12088690
j5525
12088690
j5525
12094215
j5525
12094215
j5525
12094215
j5526
12099741
j5527
12099741
j5527
12099741
j5527
12099741
j5527
12099741
j5527
12099741
j5528
12105269
j5528
12105269
j5528
12105269
j5528
12105269
j5528
12105269
j5529
12105269
j5529
12110798
j5529
12110798
j5529
12110798
j5529
12110798
j5530
12116328
j5530
12116328
j5531
12116328
j5531
12116328
j5531
12116328
j5531
12116328
j5531
12116328
j5532
12121860
j5533
12121860
j5533
12121860
j5533
12121860
j5533
12121860
j5533
12127393
j5534
12132927
j5534
12132927
j5534
12132927
j5534
12132927
j5534
12132927
j5535
12132927
j5535
12138462
j5536
12143998
j5536
12143998
j5536
12143998
j5536
12143998
j5536
12143998
j5537
12143998
j5537
12143998
j5537
12143998
j5537
12149535
j5537
12149535
j5538
12155073
j5539
12155073
j5539
12155073
j5539
12155073
j5539
12155073
j5539
12155073
j5540
12160613
j5540
12160613
j5541
12160613
j5541
12166154
j5541
12166154
j5541
12166154
j5541
12166154
j5542
12171696
j5542
12171696
j5542
12171696
j5542
12171696
j5542
12171696
j5543
12171696
j5543
12171696
j5543
12171696
j5543
12171696
j5543
12171696
j5544
12177240
j5545
12177240
j5545
12177240
j5545
12182785
j5545
12182785
j5545
12182785
j5546
12188331
j5546
12188331
j5546
12188331
j5546
12188331
j5546
12188331
j5547
12188331
j5547
12193878
j5547
12193878
j5547
12193878
j5547
12193878
j5548
12199426
j5548
12199426
j5548
12199426
j5548
12199426
j5548
12199426
j5549
12199426
j5549
12199426
j5549
12199426
j5549
12199426
j5549
12199426
j5550
12204976
j5551
12204976
j5551
12204976
j5551
12204976
j5551
12210527
j5551
12210527
j5552
12216079
j5552
12216079
j5552
12216079
j5552
12216079
j5552
12216079
j5553
12216079
j5553
12221632
j5553
12221632
j5553
12221632
j5553
12221632
j5554
12227186
j5554
12227186
j5554
12227186
j5554
12227186
j5554
12227186
j5555
12227186
j5555
12227186
j5555
12232741
j5555
12232741
j5556
12238297
j5557
12238297
j5557
12238297
j5557
12238297
j5557
12238297
j5557
12238297
j5558
12243855
j5558
12243855
j5558
12243855
j5559
12243855
j5559
12249414
j5559
12249414
j5559
12249414
j5559
12249414
j5560
12254974
j5560
12254974
j5561
12254974
j5561
12254974
j5561
12254974
j5561
12254974
j5561
12254974
j5562
12260536
j5563
12260536
j5563
12260536
j5563
12260536
j5563
12260536
j5563
12260536
j5564
12266100
j5564
12266100
j5564
12266100
j5564
12266100
j5564
12266100
j5565
12266100
j5565
12271665
j5566
12277231
j5566
12277231
j5566
12277231
j5566
12277231
j5567
12277231
j5567
12277231
j5567
12277231
j5567
12277231
j5567
12277231
j5568
12282799
j5569
12282799
j5569
12282799
j5569
12282799
j5569
12282799
j5569
12282799
j5570
12288369
j5570
12288369
j5571
12288369
j5571
12293940
j5571
12293940
j5571
12293940
j5571
12293940
j5572
12299512
j5572
12299512
j5572
12299512
j5573
12299512
j5573
12299512
j5573
12299512
j5573
12299512
j5573
12299512
j5574
12305086
j5575
12305086
j5575
12305086
j5575
12310661
j5575
12310661
j5575
12310661
j5576
12316237
j5576
12316237
j5576
12316237
j5576
12316237
j5576
12316237
j5577
12316237
j5577
12321814
j5577
12321814
j5577
12321814
j5578
12327392
j5578
12327392
j5578
12327392
j5578
12327392
j5578
12327392
j5579
12327392
j5579
12327392
j5579
12327392
j5579
12332971
j5579
12332971
j5580
12338551
j5581
12338551
j5581
12338551
j5581
12338551
j5581
12338551
j5581
12338551
j5582
12344133
j5582
12344133
j5582
12344133
j5582
12344133
j5582
12344133
j5583
12344133
j5583
12349716
j5583
12349716
j5583
12349716
j5583
12349716
j5584
12355300
j5584
12355300
j5584
12355300
j5584
12355300
j5584
12355300
j5585
12355300
j5585
12355300
j5585
12360885
j5585
12360885
j5585
12360885
j5586
12366471
j5587
12366471
j5587
12366471
j5587
12366471
j5587
12366471
j5587
12366471
j5588
12372059
j5588
12372059
j5588
12372059
j5588
12372059
j5589
12372059
j5589
12377648
j5589
12377648
j5589
12377648
j5589
12377648
j5590
12383238
j5590
12383238
j5591
12383238
j5591
12383238
j5591
12383238
j5591
12383238
j5591
12383238
j5592
12388830
j5593
12388830
j5593
12388830
j5593
12388830
j5593
12394423
j5593
12394423
j5594
12400017
j5594
12400017
j5594
12400017
j5594
12400017
j5594
12400017
j5595
12400017
j5595
12405612
j5596
12411208
j5596
12411208
j5596
12411208
j5596
12411208
j5596
12411208
j5597
12411208
j5597
12411208
j5597
12411208
j5597
12411208
j5597
12411208
j5598
12416806
j5599
12416806
j5599
12416806
j5599
12416806
j5599
12416806
j5599
12422405
j5600
12428005
j5600
12428005
j5601
12428005
j5601
12433606
j5601
12433606
j5601
12433606
j5601
12433606
j5602
12439208
j5602
12439208
j5602
12439208
j5602
12439208
j5602
12439208
j5603
12439208
j5603
12439208
j5603
12439208
j5603
12439208
j5603
12439208
j5604
12444812
j5605
12444812
j5605
12444812
j5605
12450417
j5605
12450417
j5605
12450417
j5606
12456023
j5606
12456023
j5606
12456023
j5606
12456023
j5606
12456023
j5607
12456023
j5607
12461630
j5607
12461630
j5608
12467238
j5608
12467238
j5608
12467238
j5608
12467238
j5608
12467238
j5609
12467238
j5609
12467238
j5609
12467238
j5609
12467238
j5609
12467238
j5610
12472848
j5611
12472848
j5611
12472848
j5611
12472848
j5611
12472848
j5611
12472848
j5612
12478460
j5612
12478460
j5612
12478460
j5612
12478460
j5612
12478460
j5613
12478460
j5613
12484073
j5613
12484073
j5613
12484073
j5613
12484073
j5614
12489687
j5614
12489687
j5614
12489687
j5615
12489687
j5615
12489687
j5615
12495302
j5615
12495302
j5615
12495302
j5616
12500918
j5617
12500918
j5617
12500918
j5617
12500918
j5617
12500918
j5617
12500918
j5618
12506536
j5618
12506536
j5618
12506536
j5618
12506536
j5618
12506536
j5619
12506536
j5619
12512155
j5619
12512155
j5619
12512155
j5619
12512155
j5620
12517775
j5620
12517775
j5621
12517775
j5621
12517775
j5621
12517775
j5621
12523396
j5622
12529018
j5623
12529018
j5623
12529018
j5623
12529018
j5623
12529018
j5623
12529018
j5624
12534642
j5624
12534642
j5624
12534642
j5624
12534642
j5624
12534642
j5625
12534642
j5625
12540267
j5626
12545893
j5626
12545893
j5626
12545893
j5626
12545893
j5626
12545893
j5627
12545893
j5627
12545893
j5627
12545893
j5627
12545893
j5627
12545893
j5628
12551521
j5629
12551521
j5629
12551521
j5629
12551521
j5629
12551521
j5629
12551521
j5630
12557151
j5630
12557151
j5631
12557151
j5631
12562782
j5631
12562782
j5631
12562782
j5631
12562782
j5632
12568414
j5632
12568414
j5632
12568414
j5632
12568414
j5633
12568414
j5633
12568414
j5633
12568414
j5633
12568414
j5633
12568414
j5634
12574048
j5635
12574048
j5635
12574048
j5635
12579683
j5636
12585319
j5636
12585319
j5636
12585319
j5636
12585319
j5636
12585319
j5637
12585319
j5637
12590956
j5637
12590956
j5637
12590956
j5637
12590956
j5638
12596594
j5638
12596594
j5638
12596594
j5638
12596594
j5638
12596594
j5639
12596594
j5639
12596594
j5639
12596594
j5639
12596594
j5639
12596594
j5640
12602234
j5641
12602234
j5641
12602234
j5641
12602234
j5641
12602234
j5641
12602234
j5642
12607876
j5642
12607876
j5642
12607876
j5643
12607876
j5643
12613519
j5643
12613519
j5643
12613519
j5644
12619163
j5644
12619163
j5644
12619163
j5644
12619163
j5644
12619163
j5645
12619163
j5645
12619163
j5645
12624808
j5645
12624808
j5645
12624808
j5646
12630454
j5647
12630454
j5647
12630454
j5647
12630454
j5647
12630454
j5647
12630454
j5648
12636102
j5648
12636102
j5648
12636102
j5648
12636102
j5648
12636102
j5649
12636102
j5649
12641751
j5649
12641751
j5650
12647401
j5650
12647401
j5651
12647401
j5651
12647401
j5651
12647401
j5651
12647401
j5651
12647401
j5652
12653053
j5653
12653053
j5653
12653053
j5653
12653053
j5653
12653053
j5653
12653053
j5654
12658707
j5654
12658707
j5654
12658707
j5654
12658707
j5655
12658707
j5655
12664362
j5656
12670018
j5656
12670018
j5656
12670018
j5657
12670018
j5657
12670018
j5657
12670018
j5657
12670018
j5657
12670018
j5658
12675676
j5659
12675676
j5659
12675676
j5659
12675676
j5659
12675676
j5659
12675676
j5660
12681336
j5660
12681336
j5661
12681336
j5661
12686997
j5661
12686997
j5661
12686997
j5661
12686997
j5662
12692659
j5662
12692659
j5662
12692659
j5662
12692659
j5662
12692659
j5663
12692659
j5663
12692659
j5663
12692659
j5663
12698322
j5663
12698322
j5664
12703986
j5665
12703986
j5665
12703986
j5665
12709651
j5665
12709651
j5666
12715317
j5666
12715317
j5666
12715317
j5666
12715317
j5666
12715317
j5667
12715317
j5667
12720984
j5667
12720984
j5667
12720984
j5667
12720984
j5668
12726652
j5668
12726652
j5668
12726652
j5668
12726652
j5668
12726652
j5669
12726652
j5669
12726652
j5669
12726652
j5669
12726652
j5669
12726652
j5670
12732322
j5671
12732322
j5671
12732322
j5671
12732322
j5671
12732322
j5671
12732322
j5672
12737994
j5672
12737994
j5672
12737994
j5672
12737994
j5672
12737994
j5673
12737994
j5673
12743667
j5673
12743667
j5673
12743667
j5673
12743667
j5674
12749341
j5674
12749341
j5674
12749341
j5674
12749341
j5674
12749341
j5675
12749341
j5675
12749341
j5675
12755016
j5675
12755016
j5675
12755016
j5676
12760692
j5677
12760692
j5677
12760692
j5677
12760692
j5677
12766369
j5677
12766369
j5678
12772047
j5678
12772047
j5678
12772047
j5678
12772047
j5678
12772047
j5679
12772047
j5679
12777726
j5679
12777726
j5679
12777726
j5679
12777726
j5680
12783406
j5680
12783406
j5681
12783406
j5681
12783406
j5681
12783406
j5681
12783406
j5681
12783406
j5682
12789088
j5683
12789088
j5683
12789088
j5683
12789088
j5683
12789088
j5683
12789088
j5684
12794772
j5684
12794772
j5684
12794772
j5685
12794772
j5685
12800457
j5686
12806143
j5686
12806143
j5686
12806143
j5686
12806143
j5686
12806143
j5687
12806143
j5687
12806143
j5687
12806143
j5687
12806143
j5687
12811830
j5688
12817518
j5689
12817518
j5689
12817518
j5689
12817518
j5689
12817518
j5689
12817518
j5690
12823208
j5690
12823208
j5691
12823208
j5691
12828899
j5691
12828899
j5692
12834591
j5692
12834591
j5692
12834591
j5692
12834591
j5692
12834591
j5693
12834591
j5693
12834591
j5693
12834591
j5693
12834591
j5693
12834591
j5694
12840285
j5695
12840285
j5695
12840285
j5695
12845980
j5695
12845980
j5695
12845980
j5696
12851676
j5696
12851676
j5696
12851676
j5696
12851676
j5696
12851676
j5697
12851676
j5697
12857373
j5697
12857373
j5697
12857373
j5697
12857373
j5698
12863071
j5698
12863071
j5698
12863071
j5699
12863071
j5699
12863071
j5699
12863071
j5699
12863071
j5699
12863071
j5700
12868771
j5701
12868771
j5701
12868771
j5701
12868771
j5701
12868771
j5701
12868771
j5702
12874473
j5702
12874473
j5702
12874473
j5702
12874473
j5702
12874473
j5703
12874473
j5703
12880176
j5703
12880176
j5703
12880176
j5703
12880176
j5704
12885880
j5704
12885880
j5704
12885880
j5704
12885880
j5704
12885880
j5705
12885880
j5705
12885880
j5705
12891585
j5706
12897291
j5707
12897291
j5707
12897291
j5707
12897291
j5707
12897291
j5707
12897291
j5708
12902999
j5708
12902999
j5708
12902999
j5708
12902999
j5708
12902999
j5709
12902999
j5709
12908708
j5709
12908708
j5709
12908708
j5710
12914418
j5710
12914418
j5711
12914418
j5711
12914418
j5711
12914418
j5711
12914418
j5711
12914418
j5712
12920130
j5713
12920130
j5713
12920130
j5713
12920130
j5713
12920130
j5713
12920130
j5714
12925844
j5714
12925844
j5714
12925844
j5714
12925844
j5714
12925844
j5715
12925844
j5715
12931559
j5716
12937275
j5716
12937275
j5716
12937275
j5716
12937275
j5716
12937275
j5717
12937275
j5717
12937275
j5717
12937275
j5717
12937275
j5717
12937275
j5718
12942993
j5719
12942993
j5719
12942993
j5719
12942993
j5719
12948712
j5719
12948712
j5720
12954432
j5720
12954432
j5721
12954432
j5721
12960153
j5721
12960153
j5721
12960153
j5721
12960153
j5722
12965875
j5722
12965875
j5722
12965875
j5722
12965875
j5722
12965875
j5723
12965875
j5723
12965875
j5723
12965875
j5723
12965875
j5723
12965875
j5724
12971599
j5725
12971599
j5725
12971599
j5725
12977324
j5725
12977324
j5725
12977324
j5726
12983050
j5726
12983050
j5726
12983050
j5727
12983050
j5727
12988777
j5727
12988777
j5727
12988777
j5727
12988777
j5728
12994505
j5728
12994505
j5728
12994505
j5728
12994505
j5728
12994505
j5729
12994505
j5729
12994505
j5729
12994505
j5729
12994505
j5729
12994505
j5730
13000235
j5731
13000235
j5731
13000235
j5731
13000235
j5731
13000235
j5731
13005966
j5732
13011698
j5732
13011698
j5732
13011698
j5732
13011698
j5732
13011698
j5733
13011698
j5733
13017431
j5733
13017431
j5734
13023165
j5734
13023165
j5734
13023165
j5734
13023165
j5734
13023165
j5735
13023165
j5735
13023165
j5735
13028900
j5735
13028900
j5735
13028900
j5736
13034636
j5737
13034636
j5737
13034636
j5737
13034636
j5737
13034636
j5737
13034636
j5738
13040374
j5738
13040374
j5738
13040374
j5738
13040374
j5738
13040374
j5739
13040374
j5739
13046113
j5739
13046113
j5739
13046113
j5739
13046113
j5740
13051853
j5740
13051853
j5741
13051853
j5741
13051853
j5741
13051853
j5741
13051853
j5741
13051853
j5742
13057595
j5743
13057595
j5743
13057595
j5743
13057595
j5743
13057595
j5743
13057595
j5744
13063339
j5744
13063339
j5744
13063339
j5744
13063339
j5744
13063339
j5745
13063339
j5745
13069084
j5746
13074830
j5746
13074830
j5746
13074830
j5746
13074830
j5746
13074830
j5747
13074830
j5747
13074830
j5747
13074830
j5747
13080577
j5747
13080577
j5748
13086325
j5749
13086325
j5749
13086325
j5749
13086325
j5749
13086325
j5749
13086325
j5750
13092075
j5750
13092075
j5751
13092075
j5751
13097826
j5751
13097826
j5751
13097826
j5751
13097826
j5752
13103578
j5752
13103578
j5752
13103578
j5752
13103578
j5752
13103578
j5753
13103578
j5753
13103578
j5753
13103578
j5753
13103578
j5753
13109331
j5754
13115085
j5755
13115085
j5755
13115085
j5755
13120840
j5755
13120840
j5755
13120840
j5756
13126596
j5756
13126596
j5756
13126596
j5756
13126596
j5756
13126596
j5757
13126596
j5757
13132353
j5757
13132353
j5757
13132353
j5757
13132353
j5758
13138111
j5758
13138111
j5758
13138111
j5758
13138111
j5758
13138111
j5759
13138111
j5759
13138111
j5759
13138111
j5759
13138111
j5759
13138111
j5760
13143871
j5761
13143871
j5761
13143871
j5761
13143871
j5761
13149632
j5761
13149632
j5762
13155394
j5762
13155394
j5762
13155394
j5762
13155394
j5762
13155394
j5763
13155394
j5763
13161157
j5763
13161157
j5763
13161157
j5763
13161157
j5764
13166921
j5764
13166921
j5764
13166921
j5764
13166921
j5765
13166921
j5765
13166921
j5765
13172686
j5765
13172686
j5765
13172686
j5766
13178452
j5767
13178452
j5767
13178452
j5767
13178452
j5767
13178452
j5767
13178452
j5768
13184220
j5768
13184220
j5768
13184220
j5769
13184220
j5769
13189989
j5769
13189989
j5769
13189989
j5769
13189989
j5770
13195759
j5770
13195759
j5771
13195759
j5771
13195759
j5771
13195759
j5771
13195759
j5771
13195759
j5772
13201531
j5773
13201531
j5773
13201531
j5773
13201531
j5773
13201531
j5773
13201531
j5774
13207305
j5774
13207305
j5774
13207305
j5774
13207305
j5774
13207305
j5775
13207305
j5775
13213080
j5776
13218856
j5776
13218856
j5776
13218856
j5776
13218856
j5776
13218856
j5777
13218856
j5777
13218856
j5777
13218856
j5777
13218856
j5777
13218856
j5778
13224634
j5779
13224634
j5779
13224634
j5779
13224634
j5779
13224634
j5779
13224634
j5780
13230414
j5780
13230414
j5781
13230414
j5781
13236195
j5781
13236195
j5781
13236195
j5781
13236195
j5782
13241977
j5782
13241977
j5782
13241977
j5783
13241977
j5783
13241977
j5783
13241977
j5783
13241977
j5783
13241977
j5784
13247761
j5785
13247761
j5785
13247761
j5785
13253546
j5785
13253546
j5785
13253546
j5786
13259332
j5786
13259332
j5786
13259332
j5786
13259332
j5787
13259332
j5787
13265119
j5787
13265119
j5787
13265119
j5787
13265119
j5788
13270907
j5788
13270907
j5788
13270907
j5788
13270907
j5788
13270907
j5789
13270907
j5789
13270907
j5789
13270907
j5789
13276696
j5789
13276696
j5790
13282486
j5791
13282486
j5791
13282486
j5791
13282486
j5791
13282486
j5791
13282486
j5792
13288278
j5792
13288278
j5792
13288278
j5792
13288278
j5792
13288278
j5793
13288278
j5793
13294071
j5793
13294071
j5793
13294071
j5793
13294071
j5794
13299865
j5794
13299865
j5794
13299865
j5794
13299865
j5794
13299865
j5795
13299865
j5795
13299865
j5795
13305660
j5795
13305660
j5795
13305660
j5796
13311456
j5797
13311456
j5797
13311456
j5797
13311456
j5797
13311456
j5797
13317253
j5798
13323051
j5798
13323051
j5798
13323051
j5798
13323051
j5798
13323051
j5799
13323051
j5799
13328850
j5799
13328850
j5799
13328850
j5799
13328850
j5800
13334650
j5800
13334650
j5801
13334650
j5801
13334650
j5801
13334650
j5801
13334650
j5801
13334650
j5802
13340452
j5803
13340452
j5803
13340452
j5803
13340452
j5803
13346255
j5803
13346255
j5804
13352059
j5804
13352059
j5804
13352059
j5804
13352059
j5804
13352059
j5805
13352059
j5805
13357864
j5806
13363670
j5806
13363670
j5806
13363670
j5806
13363670
j5806
13363670
j5807
13363670
j5807
13363670
j5807
13363670
j5807
13363670
j5807
13363670
j5808
13369478
j5809
13369478
j5809
13369478
j5809
13369478
j5809
13369478
j5809
13369478
j5810
13375288
j5810
13375288
j5811
13375288
j5811
13381099
j5811
13381099
j5811
13381099
j5811
13381099
j5812
13386911
j5812
13386911
j5812
13386911
j5812
13386911
j5812
13386911
j5813
13386911
j5813
13386911
j5813
13386911
j5813
13386911
j5813
13386911
j5814
13392725
j5815
13392725
j5815
13392725
j5815
13398540
j5815
13398540
j5815
13398540
j5816
13404356
j5816
13404356
j5816
13404356
j5816
13404356
j5816
13404356
j5817
13404356
j5817
13410173
j5817
13410173
j5818
13415991
j5818
13415991
j5818
13415991
j5818
13415991
j5818
13415991
j5819
13415991
j5819
13415991
j5819
13415991
j5819
13415991
j5819
13421810
j5820
13427630
j5821
13427630
j5821
13427630
j5821
13427630
j5821
13427630
j5821
13427630
j5822
13433452
j5822
13433452
j5822
13433452
j5822
13433452
j5822
13433452
j5823
13433452
j5823
13439275
j5823
13439275
j5823
13439275
j5823
13439275
j5824
13445099
j5824
13445099
j5824
13445099
j5825
13445099
j5825
13445099
j5825
13450924
j5825
13450924
j5825
13450924
j5826
13456750
j5827
13456750
j5827
13456750
j5827
13456750
j5827
13456750
j5827
13456750
j5828
13462578
j5828
13462578
j5828
13462578
j5828
13462578
j5828
13462578
j5829
13462578
j5829
13468407
j5829
13468407
j5829
13468407
j5829
13468407
j5830
13474237
j5830
13474237
j5831
13474237
j5831
13474237
j5831
13474237
j5831
13480068
j5831
13480068
j5832
13485900
j5833
13485900
j5833
13485900
j5833
13485900
j5833
13485900
j5833
13485900
j5834
13491734
j5834
13491734
j5834
13491734
j5834
13491734
j5834
13491734
j5835
13491734
j5835
13497569
j5836
13503405
j5836
13503405
j5836
13503405
j5836
13503405
j5836
13503405
j5837
13503405
j5837
13503405
j5837
13503405
j5837
13503405
j5837
13503405
j5838
13509243
j5839
13509243
j5839
13509243
j5839
13509243
j5839
13509243
j5839
13509243
j5840
13515083
j5840
13515083
j5841
13515083
j5841
13520924
j5841
13520924
j5841
13520924
j5842
13526766
j5842
13526766
j5842
13526766
j5842
13526766
j5842
13526766
j5843
13526766
j5843
13526766
j5843
13526766
j5843
13526766
j5843
13526766
j5844
13532610
j5845
13532610
j5845
13532610
j5845
13538455
j5846
13544301
j5846
13544301
j5846
13544301
j5846
13544301
j5846
13544301
j5847
13544301
j5847
13550148
j5847
13550148
j5847
13550148
j5847
13550148
j5848
13555996
j5848
13555996
j5848
13555996
j5848
13555996
j5848
13555996
j5849
13555996
j5849
13555996
j5849
13555996
j5849
13555996
j5849
13555996
j5850
13561846
j5851
13561846
j5851
13561846
j5851
13561846
j5851
13561846
j5851
13561846
j5852
13567698
j5852
13567698
j5852
13567698
j5853
13567698
j5853
13573551
j5853
13573551
j5853
13573551
j5853
13573551
j5854
13579405
j5854
13579405
j5854
13579405
j5854
13579405
j5854
13579405
j5855
13579405
j5855
13579405
j5855
13585260
j5855
13585260
j5855
13585260
j5856
13591116
j5857
13591116
j5857
13591116
j5857
13591116
j5857
13591116
j5857
13591116
j5858
13596974
j5858
13596974
j5858
13596974
j5858
13596974
j5858
13596974
j5859
13596974
j5859
13602833
j5859
13602833
j5860
13608693
j5860
13608693
j5861
13608693
j5861
13608693
j5861
13608693
j5861
13608693
j5861
13608693
j5862
13614555
j5863
13614555
j5863
13614555
j5863
13614555
j5863
13614555
j5863
13620418
j5864
13626282
j5864
13626282
j5864
13626282
j5864
13626282
j5864
13626282
j5865
13626282
j5865
13632147
j5866
13638013
j5866
13638013
j5866
13638013
j5867
13638013
j5867
13638013
j5867
13638013
j5867
13638013
j5867
13638013
j5868
13643881
j5869
13643881
j5869
13643881
j5869
13643881
j5869
13643881
j5869
13643881
j5870
13649751
j5870
13649751
j5871
13649751
j5871
13655622
j5871
13655622
j5871
13655622
j5871
13655622
j5872
13661494
j5872
13661494
j5872
13661494
j5872
13661494
j5872
13661494
j5873
13661494
j5873
13661494
j5873
13661494
j5873
13667367
j5873
13667367
j5874
13673241
j5875
13673241
j5875
13673241
j5875
13679116
j5875
13679116
j5875
13679116
j5876
13684992
j5876
13684992
j5876
13684992
j5876
13684992
j5876
13684992
j5877
13684992
j5877
13690869
j5877
13690869
j5877
13690869
j5877
13690869
j5878
13696747
j5878
13696747
j5878
13696747
j5878
13696747
j5878
13696747
j5879
13696747
j5879
13696747
j5879
13696747
j5879
13696747
j5879
13696747
j5880
13702627
j5881
13702627
j5881
13702627
j5881
13702627
j5881
13702627
j5881
13702627
j5882
13708509
j5882
13708509
j5882
13708509
j5882
13708509
j5882
13708509
j5883
13708509
j5883
13714392
j5883
13714392
j5883
13714392
j5883
13714392
j5884
13720276
j5884
13720276
j5884
13720276
j5884
13720276
j5884
13720276
j5885
13720276
j5885
13720276
j5885
13726161
j5885
13726161
j5886
13732047
j5887
13732047
j5887
13732047
j5887
13732047
j5887
13737934
j5887
13737934
j5888
13743822
j5888
13743822
j5888
13743822
j5888
13743822
j5888
13743822
j5889
13743822
j5889
13749711
j5889
13749711
j5889
13749711
j5889
13749711
j5890
13755601
j5890
13755601
j5891
13755601
j5891
13755601
j5891
13755601
j5891
13755601
j5891
13755601
j5892
13761493
j5893
13761493
j5893
13761493
j5893
13761493
j5893
13761493
j5893
13761493
j5894
13767387
j5894
13767387
j5894
13767387
j5895
13767387
j5895
13773282
j5896
13779178
j5896
13779178
j5896
13779178
j5896
13779178
j5897
13779178
j5897
13779178
j5897
13779178
j5897
13779178
j5897
13779178
j5898
13785076
j5899
13785076
j5899
13785076
j5899
13785076
j5899
13785076
j5899
13785076
j5900
13790976
j5900
13790976
j5901
13790976
j5901
13796877
j5901
13796877
j5902
13802779
j5902
13802779
j5902
13802779
j5902
13802779
j5902
13802779
j5903
13802779
j5903
13802779
j5903
13802779
j5903
13802779
j5903
13802779
j5904
13808683
j5905
13808683
j5905
13808683
j5905
13814588
j5905
13814588
j5905
13814588
j5906
13820494
j5906
13820494
j5906
13820494
j5906
13820494
j5906
13820494
j5907
13820494
j5907
13826401
j5907
13826401
j5907
13826401
j5908
13832309
j5908
13832309
j5908
13832309
j5909
13832309
j5909
13832309
j5909
13832309
j5909
13832309
j5909
13832309
j5910
13838219
j5911
13838219
j5911
13838219
j5911
13838219
j5911
13838219
j5911
13838219
j5912
13844131
j5912
13844131
j5912
13844131
j5912
13844131
j5912
13844131
j5913
13844131
j5913
13850044
j5913
13850044
j5913
13850044
j5913
13850044
j5914
13855958
j5914
13855958
j5914
13855958
j5914
13855958
j5914
13855958
j5915
13855958
j5915
13855958
j5915
13861873
j5916
13867789
j5917
13867789
j5917
13867789
j5917
13867789
j5917
13867789
j5917
13867789
j5918
13873707
j5918
13873707
j5918
13873707
j5918
13873707
j5919
13873707
j5919
13879626
j5919
13879626
j5919
13879626
j5919
13879626
j5920
13885546
j5920
13885546
j5921
13885546
j5921
13885546
j5921
13885546
j5921
13885546
j5921
13885546
j5922
13891468
j5923
13891468
j5923
13891468
j5923
13891468
j5923
13891468
j5923
13891468
j5924
13897392
j5924
13897392
j5924
13897392
j5924
13897392
j5924
13897392
j5925
13897392
j5925
13903317
j5926
13909243
j5926
13909243
j5926
13909243
j5926
13909243
j5926
13909243
j5927
13909243
j5927
13909243
j5927
13909243
j5927
13909243
j5927
13909243
j5928
13915171
j5929
13915171
j5929
13915171
j5929
13915171
j5929
13921100
j5930
13927030
j5930
13927030
j5931
13927030
j5931
13932961
j5931
13932961
j5931
13932961
j5931
13932961
j5932
13938893
j5932
13938893
j5932
13938893
j5932
13938893
j5932
13938893
j5933
13938893
j5933
13938893
j5933
13938893
j5933
13938893
j5933
13938893
j5934
13944827
j5935
13944827
j5935
13944827
j5935
13950762
j5935
13950762
j5935
13950762
j5936
13956698
j5936
13956698
j5936
13956698
j5937
13956698
j5937
13962635
j5937
13962635
j5937
13962635
j5937
13962635
j5938
13968573
j5938
13968573
j5938
13968573
j5938
13968573
j5938
13968573
j5939
13968573
j5939
13968573
j5939
13968573
j5939
13968573
j5939
13968573
j5940
13974513
j5941
13974513
j5941
13974513
j5941
13974513
j5941
13974513
j5941
13974513
j5942
13980455
j5942
13980455
j5942
13980455
j5942
13980455
j5942
13980455
j5943
13980455
j5943
13986398
j5943
13986398
j5944
13992342
j5944
13992342
j5944
13992342
j5944
13992342
j5944
13992342
j5945
13992342
j5945
13992342
j5945
13998287
j5945
13998287
j5945
13998287
j5946
14004233
j5947
14004233
j5947
14004233
j5947
14004233
j5947
14004233
j5947
14004233
j5948
14010181
j5948
14010181
j5948
14010181
j5948
14010181
j5948
14010181
j5949
14010181
j5949
14016130
j5949
14016130
j5949
14016130
j5949
14016130
j5950
14022080
j5950
14022080
j5951
14022080
j5951
14022080
j5951
14022080
j5951
14022080
j5951
14028031
j5952
14033983
j5953
14033983
j5953
14033983
j5953
14033983
j5953
14033983
j5953
14033983
j5954
14039937
j5954
14039937
j5954
14039937
j5954
14039937
j5954
14039937
j5955
14039937
j5955
14045892
j5956
14051848
j5956
14051848
j5956
14051848
j5956
14051848
j5956
14051848
j5957
14051848
j5957
14051848
j5957
14051848
j5957
14057805
j5957
14057805
j5958
14063763
j5959
14063763
j5959
14063763
j5959
14063763
j5959
14063763
j5959
14063763
j5960
14069723
j5960
14069723
j5961
14069723
j5961
14075684
j5961
14075684
j5961
14075684
j5961
14075684
j5962
14081646
j5962
14081646
j5962
14081646
j5962
14081646
j5963
14081646
j5963
14081646
j5963
14081646
j5963
14081646
j5963
14081646
j5964
14087610
j5965
14087610
j5965
14087610
j5965
14093575
j5965
14093575
j5965
14093575
j5966
14099541
j5966
14099541
j5966
14099541
j5966
14099541
j5966
14099541
j5967
14099541
j5967
14105508
j5967
14105508
j5967
14105508
j5967
14105508
j5968
14111476
j5968
14111476
j5968
14111476
j5968
14111476
j5968
14111476
j5969
14111476
j5969
14111476
j5969
14111476
j5969
14111476
j5969
14111476
j5970
14117446
j5971
14117446
j5971
14117446
j5971
14117446
j5971
14123417
j5971
14123417
j5972
14129389
j5972
14129389
j5972
14129389
j5972
14129389
j5972
14129389
j5973
14129389
j5973
14135362
j5973
14135362
j5973
14135362
j5974
14141336
j5974
14141336
j5974
14141336
j5974
14141336
j5974
14141336
j5975
14141336
j5975
14141336
j5975
14147311
j5975
14147311
j5975
14147311
j5976
14153287
j5977
14153287
j5977
14153287
j5977
14153287
j5977
14153287
j5977
14153287
j5978
14159265
j5978
14159265
j5978
14159265
j5979
14159265
j5979
14165244
j5979
14165244
j5979
14165244
j5979
14165244
j5980
14171224
j5980
14171224
j5981
14171224
j5981
14171224
j5981
14171224
j5981
14171224
j5981
14171224
j5982
14177206
j5983
14177206
j5983
14177206
j5983
14177206
j5983
14177206
j5983
14177206
j5984
14183190
j5984
14183190
j5984
14183190
j5984
14183190
j5985
14183190
j5985
14189175
j5986
14195161
j5986
14195161
j5986
14195161
j5986
14195161
j5986
14195161
j5987
14195161
j5987
14195161
j5987
14195161
j5987
14195161
j5987
14195161
j5988
14201149
j5989
14201149
j5989
14201149
j5989
14201149
j5989
14201149
j5989
14201149
j5990
14207139
j5990
14207139
j5991
14207139
j5991
14213130
j5991
14213130
j5991
14213130
j5991
14213130
j5992
14219122
j5992
14219122
j5992
14219122
j5993
14219122
j5993
14219122
j5993
14219122
j5993
14219122
j5993
14219122
j5994
14225116
j5995
14225116
j5995
14225116
j5995
14231111
j5995
14231111
j5996
14237107
j5996
14237107
j5996
14237107
j5996
14237107
j5996
14237107
j5997
14237107
j5997
14243104
j5997
14243104
j5997
14243104
j5997
14243104
j5998
14249102
j5998
14249102
j5998
14249102
j5998
14249102
j5998
14249102
j5999
14249102
j5999
14249102
j5999
14249102
j5999
14255101
j5999
14255101
j6000
14261101
j6001
14261101
j6001
14261101
j6001
14261101
j6001
14261101
j6001
14261101
j6002
14267103
j6002
14267103
j6002
14267103
j6002
14267103
j6002
14267103
j6003
14267103
j6003
14273106
j6003
14273106
j6003
14273106
j6003
14273106
j6004
14279110
j6004
14279110
j6004
14279110
j6004
14279110
j6004
14279110
j6005
14279110
j6005
14279110
j6005
14285115
j6005
14285115
j6005
14285115
j6006
14291121
j6007
14291121
j6007
14291121
j6007
14291121
j6007
14291121
j6007
14291121
j6008
14297129
j6008
14297129
j6008
14297129
j6008
14297129
j6008
14297129
j6009
14297129
j6009
14303138
j6009
14303138
j6009
14303138
j6009
14303138
j6010
14309148
j6010
14309148
j6011
14309148
j6011
14309148
j6011
14309148
j6011
14309148
j6011
14309148
j6012
14315160
j6013
14315160
j6013
14315160
j6013
14315160
j6013
14321173
j6013
14321173
j6014
14327187
j6014
14327187
j6014
14327187
j6014
14327187
j6014
14327187
j6015
14327187
j6015
14333202
j6016
14339218
j6016
14339218
j6016
14339218
j6016
14339218
j6016
14339218
j6017
14339218
j6017
14339218
j6017
14339218
j6017
14339218
j6017
14345235
j6018
14351253
j6019
14351253
j6019
14351253
j6019
14351253
j6019
14351253
j6019
14351253
j6020
14357273
j6020
14357273
j6021
14357273
j6021
14363294
j6021
14363294
j6021
14363294
j6021
14363294
j6022
14369316
j6022
14369316
j6022
14369316
j6022
14369316
j6022
14369316
j6023
14369316
j6023
14369316
j6023
14369316
j6023
14369316
j6023
14369316
j6024
14375340
j6025
14375340
j6025
14375340
j6025
14381365
j6025
14381365
j6025
14381365
j6026
14387391
j6026
14387391
j6026
14387391
j6026
14387391
j6026
14387391
j6027
14387391
j6027
14393418
j6027
14393418
j6028
14399446
j6028
14399446
j6028
14399446
j6028
14399446
j6029
14399446
j6029
14399446
j6029
14399446
j6029
14399446
j6029
14399446
j6030
14405476
j6031
14405476
j6031
14405476
j6031
14405476
j6031
14405476
j6031
14405476
j6032
14411508
j6032
14411508
j6032
14411508
j6032
14411508
j6032
14411508
j6033
14411508
j6033
14417541
j6033
14417541
j6033
14417541
j6033
14417541
j6034
14423575
j6034
14423575
j6034
14423575
j6035
14423575
j6035
14423575
j6035
14429610
j6035
14429610
j6035
14429610
j6036
14435646
j6037
14435646
j6037
14435646
j6037
14435646
j6037
14435646
j6037
14435646
j6038
14441684
j6038
14441684
j6038
14441684
j6038
14441684
j6038
14441684
j6039
14441684
j6039
14447723
j6039
14447723
j6039
14447723
j6040
14453763
j6040
14453763
j6041
14453763
j6041
14453763
j6041
14453763
j6041
14459804
j6041
14459804
j6042
14465846
j6043
14465846
j6043
14465846
j6043
14465846
j6043
14465846
j6043
14465846
j6044
14471890
j6044
14471890
j6044
14471890
j6044
14471890
j6044
14471890
j6045
14471890
j6045
14477935
j6046
14483981
j6046
14483981
j6046
14483981
j6046
14483981
j6046
14483981
j6047
14483981
j6047
14483981
j6047
14483981
j6047
14483981
j6047
14483981
j6048
14490029
j6049
14490029
j6049
14490029
j6049
14490029
j6049
14490029
j6049
14490029
j6050
14496079
j6050
14496079
j6051
14496079
j6051
14502130
j6051
14502130
j6051
14502130
j6051
14502130
j6052
14508182
j6052
14508182
j6052
14508182
j6052
14508182
j6052
14508182
j6053
14508182
j6053
14508182
j6053
14508182
j6053
14508182
j6053
14508182
j6054
14514236
j6055
14514236
j6055
14514236
j6055
14520291
j6056
14526347
j6056
14526347
j6056
14526347
j6056
14526347
j6056
14526347
j6057
14526347
j6057
14532404
j6057
14532404
j6057
14532404
j6057
14532404
j6058
14538462
j6058
14538462
j6058
14538462
j6058
14538462
j6058
14538462
j6059
14538462
j6059
14538462
j6059
14538462
j6059
14538462
j6059
14538462
j6060
14544522
j6061
14544522
j6061
14544522
j6061
14544522
j6061
14544522
j6061
14550583
j6062
14556645
j6062
14556645
j6062
14556645
j6063
14556645
j6063
14562708
j6063
14562708
j6063
14562708
j6063
14562708
j6064
14568772
j6064
14568772
j6064
14568772
j6064
14568772
j6064
14568772
j6065
14568772
j6065
14568772
j6065
14574837
j6065
14574837
j6065
14574837
j6066
14580903
j6067
14580903
j6067
14580903
j6067
14580903
j6067
14580903
j6067
14580903
j6068
14586971
j6068
14586971
j6068
14586971
j6068
14586971
j6068
14586971
j6069
14586971
j6069
14593040
j6069
14593040
j6070
14599110
j6070
14599110
j6071
14599110
j6071
14599110
j6071
14599110
j6071
14599110
j6071
14599110
j6072
14605182
j6073
14605182
j6073
14605182
j6073
14605182
j6073
14605182
j6073
14605182
j6074
14611256
j6074
14611256
j6074
14611256
j6074
14611256
j6074
14611256
j6075
14611256
j6075
14617331
j6076
14623407
j6076
14623407
j6076
14623407
j6077
14623407
j6077
14623407
j6077
14623407
j6077
14623407
j6077
14623407
j6078
14629485
j6079
14629485
j6079
14629485
j6079
14629485
j6079
14629485
j6079
14629485
j6080
14635565
j6080
14635565
j6081
14635565
j6081
14641646
j6081
14641646
j6081
14641646
j6081
14641646
j6082
14647728
j6082
14647728
j6082
14647728
j6082
14647728
j6082
14647728
j6083
14647728
j6083
14647728
j6083
14647728
j6083
14653811
j6084
14659895
j6085
14659895
j6085
14659895
j6085
14665980
j6085
14665980
j6085
14665980
j6086
14672066
j6086
14672066
j6086
14672066
j6086
14672066
j6086
14672066
j6087
14672066
j6087
14678153
j6087
14678153
j6087
14678153
j6087
14678153
j6088
14684241
j6088
14684241
j6088
14684241
j6088
14684241
j6088
14684241
j6089
14684241
j6089
14684241
j6089
14684241
j6089
14684241
j6089
14684241
j6090
14690331
j6091
14690331
j6091
14690331
j6091
14690331
j6091
14690331
j6091
14690331
j6092
14696423
j6092
14696423
j6092
14696423
j6092
14696423
j6092
14696423
j6093
14696423
j6093
14702516
j6093
14702516
j6093
14702516
j6093
14702516
j6094
14708610
j6094
14708610
j6094
14708610
j6094
14708610
j6095
14708610
j6095
14708610
j6095
14714705
j6095
14714705
j6095
14714705
j6096
14720801
j6097
14720801
j6097
14720801
j6097
14720801
j6097
14726898
j6097
14726898
j6098
14732996
j6098
14732996
j6098
14732996
j6098
14732996
j6098
14732996
j6099
14732996
j6099
14739095
j6099
14739095
j6099
14739095
j6099
14739095
j6100
14745195
j6100
14745195
j6101
14745195
j6101
14745195
j6101
14745195
j6101
14745195
j6101
14745195
j6102
14751297
j6103
14751297
j6103
14751297
j6103
14751297
j6103
14751297
j6103
14751297
j6104
14757401
j6104
14757401
j6104
14757401
j6105
14757401
j6105
14763506
j6106
14769612
j6106
14769612
j6106
14769612
j6106
14769612
j6106
14769612
j6107
14769612
j6107
14769612
j6107
14769612
j6107
14769612
j6107
14769612
j6108
14775720
j6109
14775720
j6109
14775720
j6109
14775720
j6109
14775720
j6109
14775720
j6110
14781830
j6110
14781830
j6111
14781830
j6111
14787941
j6111
14787941
j6112
14794053
j6112
14794053
j6112
14794053
j6112
14794053
j6112
14794053
j6113
14794053
j6113
14794053
j6113
14794053
j6113
14794053
j6113
14794053
j6114
14800167
j6115
14800167
j6115
14800167
j6115
14806282
j6115
14806282
j6115
14806282
j6116
14812398
j6116
14812398
j6116
14812398
j6116
14812398
j6117
14812398
j6117
14818515
j6117
14818515
j6117
14818515
j6117
14818515
j6118
14824633
j6118
14824633
j6118
14824633
j6119
14824633
j6119
14824633
j6119
14824633
j6119
14824633
j6119
14824633
j6120
14830753
j6121
14830753
j6121
14830753
j6121
14830753
j6121
14830753
j6121
14830753
j6122
14836875
j6122
14836875
j6122
14836875
j6122
14836875
j6122
14836875
j6123
14836875
j6123
14842998
j6123
14842998
j6123
14842998
j6123
14842998
j6124
14849122
j6124
14849122
j6124
14849122
j6124
14849122
j6124
14849122
j6125
14849122
j6125
14849122
j6125
14855247
j6126
14861373
j6127
14861373
j6127
14861373
j6127
14861373
j6127
14861373
j6127
14867500
j6128
14873628
j6128
14873628
j6128
14873628
j6128
14873628
j6128
14873628
j6129
14873628
j6129
14879757
j6129
14879757
j6129
14879757
j6129
14879757
j6130
14885887
j6130
14885887
j6131
14885887
j6131
14885887
j6131
14885887
j6131
14885887
j6131
14885887
j6132
14892019
j6133
14892019
j6133
14892019
j6133
14892019
j6133
14892019
j6133
14892019
j6134
14898153
j6134
14898153
j6134
14898153
j6134
14898153
j6134
14898153
j6135
14898153
j6135
14904288
j6136
14910424
j6136
14910424
j6136
14910424
j6136
14910424
j6136
14910424
j6137
14910424
j6137
14910424
j6137
14910424
j6137
14910424
j6137
14910424
j6138
14916562
j6139
14916562
j6139
14916562
j6139
14916562
j6139
14922701
j6139
14922701
j6140
14928841
j6140
14928841
j6141
14928841
j6141
14934982
j6141
14934982
j6141
14934982
j6141
14934982
j6142
14941124
j6142
14941124
j6142
14941124
j6142
14941124
j6142
14941124
j6143
14941124
j6143
14941124
j6143
14941124
j6143
14941124
j6143
14941124
j6144
14947268
j6145
14947268
j6145
14947268
j6145
14953413
j6145
14953413
j6145
14953413
j6146
14959559
j6146
14959559
j6146
14959559
j6147
14959559
j6147
14965706
j6147
14965706
j6147
14965706
j6147
14965706
j6148
14971854
j6148
14971854
j6148
14971854
j6148
14971854
j6148
14971854
j6149
14971854
j6149
14971854
j6149
14971854
j6149
14971854
j6149
14978003
j6150
14984153
j6151
14984153
j6151
14984153
j6151
14984153
j6151
14984153
j6151
14984153
j6152
14990305
j6152
14990305
j6152
14990305
j6152
14990305
j6152
14990305
j6153
14990305
j6153
14996458
j6153
14996458
j6154
15002612
j6154
15002612
j6154
15002612
j6154
15002612
j6154
15002612
j6155
15002612
j6155
15002612
j6155
15008767
j6155
15008767
j6155
15008767
j6156
15014923
j6157
15014923
j6157
15014923
j6157
15014923
j6157
15014923
j6157
15014923
j6158
15021081
j6158
15021081
j6158
15021081
j6158
15021081
j6158
15021081
j6159
15021081
j6159
15027240
j6159
15027240
j6159
15027240
j6159
15027240
j6160
15033400
j6160
15033400
j6161
15033400
j6161
15033400
j6161
15033400
j6161
15033400
j6161
15033400
j6162
15039562
j6163
15039562
j6163
15039562
j6163
15039562
j6163
15039562
j6163
15039562
j6164
15045726
j6164
15045726
j6164
15045726
j6164
15045726
j6164
15045726
j6165
15045726
j6165
15051891
j6166
15058057
j6166
15058057
j6166
15058057
j6166
15058057
j6166
15058057
j6167
15058057
j6167
15058057
j6167
15058057
j6167
15064224
j6167
15064224
j6168
15070392
j6169
15070392
j6169
15070392
j6169
15070392
j6169
15070392
j6169
15070392
j6170
15076562
j6170
15076562
j6171
15076562
j6171
15082733
j6171
15082733
j6171
15082733
j6172
15088905
j6172
15088905
j6172
15088905
j6172
15088905
j6172
15088905
j6173
15088905
j6173
15088905
j6173
15088905
j6173
15088905
j6173
15088905
j6174
15095079
j6175
15095079
j6175
15095079
j6175
15101254
j6175
15101254
j6175
15101254
j6176
15107430
j6176
15107430
j6176
15107430
j6176
15107430
j6176
15107430
j6177
15107430
j6177
15113607
j6177
15113607
j6177
15113607
j6177
15113607
j6178
15119785
j6178
15119785
j6178
15119785
j6178
15119785
j6178
15119785
j6179
15119785
j6179
15119785
j6179
15119785
j6179
15119785
j6179
15119785
j6180
15125965
j6181
15125965
j6181
15125965
j6181
15125965
j6181
15132146
j6181
15132146
j6182
15138328
j6182
15138328
j6182
15138328
j6182
15138328
j6183
15138328
j6183
15144511
j6183
15144511
j6183
15144511
j6183
15144511
j6184
15150695
j6184
15150695
j6184
15150695
j6184
15150695
j6184
15150695
j6185
15150695
j6185
15150695
j6185
15156880
j6185
15156880
j6185
15156880
j6186
15163066
j6187
15163066
j6187
15163066
j6187
15163066
j6187
15163066
j6187
15163066
j6188
15169254
j6188
15169254
j6188
15169254
j6189
15169254
j6189
15175443
j6189
15175443
j6189
15175443
j6189
15175443
j6190
15181633
j6190
15181633
j6191
15181633
j6191
15181633
j6191
15181633
j6191
15181633
j6191
15181633
j6192
15187825
j6193
15187825
j6193
15187825
j6193
15187825
j6193
15187825
j6193
15194018
j6194
15200212
j6194
15200212
j6194
15200212
j6194
15200212
j6194
15200212
j6195
15200212
j6195
15206407
j6196
15212603
j6196
15212603
j6196
15212603
j6196
15212603
j6196
15212603
j6197
15212603
j6197
15212603
j6197
15212603
j6197
15212603
j6197
15212603
j6198
15218801
j6199
15218801
j6199
15218801
j6199
15218801
j6199
15218801
j6199
15218801
j6200
15225001
j6200
15225001
j6201
15225001
j6201
15231202
j6201
15231202
j6201
15231202
j6201
15231202
j6202
15237404
j6202
15237404
j6202
15237404
j6203
15237404
j6203
15237404
j6203
15237404
j6203
15237404
j6203
15237404
j6204
15243608
j6205
15243608
j6205
15243608
j6205
15249813
j6205
15249813
j6205
15249813
j6206
15256019
j6206
15256019
j6206
15256019
j6206
15256019
j6206
15256019
j6207
15256019
j6207
15262226
j6207
15262226
j6207
15262226
j6207
15262226
j6208
15268434
j6208
15268434
j6208
15268434
j6208
15268434
j6208
15268434
j6209
15268434
j6209
15268434
j6209
15268434
j6209
15274643
j6209
15274643
j6210
15280853
j6211
15280853
j6211
15280853
j6211
15280853
j6211
15280853
j6211
15280853
j6212
15287065
j6212
15287065
j6212
15287065
j6212
15287065
j6212
15287065
j6213
15287065
j6213
15293278
j6213
15293278
j6213
15293278
j6213
15293278
j6214
15299492
j6214
15299492
j6214
15299492
j6214
15299492
j6214
15299492
j6215
15299492
j6215
15299492
j6215
15305707
j6215
15305707
j6216
15311923
j6217
15311923
j6217
15311923
j6217
15311923
j6217
15311923
j6217
15311923
j6218
15318141
j6218
15318141
j6218
15318141
j6218
15318141
j6218
15318141
j6219
15318141
j6219
15324360
j6219
15324360
j6219
15324360
j6219
15324360
j6220
15330580
j6220
15330580
j6221
15330580
j6221
15330580
j6221
15330580
j6221
15330580
j6221
15330580
j6222
15336802
j6223
15336802
j6223
15336802
j6223
15336802
j6223
15343025
j6223
15343025
j6224
15349249
j6224
15349249
j6224
15349249
j6224
15349249
j6224
15349249
j6225
15349249
j6225
15355474
j6226
15361700
j6226
15361700
j6226
15361700
j6226
15361700
j6227
15361700
j6227
15361700
j6227
15361700
j6227
15361700
j6227
15361700
j6228
15367928
j6229
15367928
j6229
15367928
j6229
15367928
j6229
15367928
j6229
15367928
j6230
15374158
j6230
15374158
j6231
15374158
j6231
15380389
j6231
15380389
j6231
15380389
j6231
15380389
j6232
15386621
j6232
15386621
j6232
15386621
j6232
15386621
j6232
15386621
j6233
15386621
j6233
15386621
j6233
15386621
j6233
15386621
j6233
15386621
j6234
15392855
j6235
15392855
j6235
15392855
j6235
15399090
j6235
15399090
j6235
15399090
j6236
15405326
j6236
15405326
j6236
15405326
j6236
15405326
j6236
15405326
j6237
15405326
j6237
15411563
j6237
15411563
j6238
15417801
j6238
15417801
j6238
15417801
j6238
15417801
j6238
15417801
j6239
15417801
j6239
15417801
j6239
15417801
j6239
15417801
j6239
15417801
j6240
15424041
j6241
15424041
j6241
15424041
j6241
15424041
j6241
15424041
j6241
15424041
j6242
15430283
j6242
15430283
j6242
15430283
j6242
15430283
j6242
15430283
j6243
15430283
j6243
15436526
j6243
15436526
j6243
15436526
j6243
15436526
j6244
15442770
j6244
15442770
j6244
15442770
j6245
15442770
j6245
15442770
j6245
15449015
j6245
15449015
j6245
15449015
j6246
15455261
j6247
15455261
j6247
15455261
j6247
15455261
j6247
15455261
j6247
15455261
j6248
15461509
j6248
15461509
j6248
15461509
j6248
15461509
j6249
15461509
j6249
15467758
j6249
15467758
j6249
15467758
j6249
15467758
j6250
15474008
j6250
15474008
j6251
15474008
j6251
15474008
j6251
15474008
j6251
15480259
j6251
15480259
j6252
15486511
j6253
15486511
j6253
15486511
j6253
15486511
j6253
15486511
j6253
15486511
j6254
15492765
j6254
15492765
j6254
15492765
j6254
15492765
j6254
15492765
j6255
15492765
j6255
15499020
j6256
15505276
j6256
15505276
j6256
15505276
j6256
15505276
j6256
15505276
j6257
15505276
j6257
15505276
j6257
15505276
j6257
15505276
j6257
15505276
j6258
15511534
j6259
15511534
j6259
15511534
j6259
15511534
j6259
15511534
j6259
15517793
j6260
15524053
j6260
15524053
j6261
15524053
j6261
15530314
j6261
15530314
j6261
15530314
j6261
15530314
j6262
15536576
j6262
15536576
j6262
15536576
j6262
15536576
j6262
15536576
j6263
15536576
j6263
15536576
j6263
15536576
j6263
15536576
j6263
15536576
j6264
15542840
j6265
15542840
j6265
15542840
j6265
15549105
j6266
15555371
j6266
15555371
j6266
15555371
j6266
15555371
j6266
15555371
j6267
15555371
j6267
15561638
j6267
15561638
j6267
15561638
j6267
15561638
j6268
15567906
j6268
15567906
j6268
15567906
j6268
15567906
j6268
15567906
j6269
15567906
j6269
15567906
j6269
15567906
j6269
15567906
j6269
15567906
j6270
15574176
j6271
15574176
j6271
15574176
j6271
15574176
j6271
15574176
j6271
15574176
j6272
15580448
j6272
15580448
j6272
15580448
j6273
15580448
j6273
15586721
j6273
15586721
j6273
15586721
j6273
15586721
j6274
15592995
j6274
15592995
j6274
15592995
j6274
15592995
j6274
15592995
j6275
15592995
j6275
15592995
j6275
15599270
j6275
15599270
j6275
15599270
j6276
15605546
j6277
15605546
j6277
15605546
j6277
15605546
j6277
15605546
j6277
15605546
j6278
15611824
j6278
15611824
j6278
15611824
j6278
15611824
j6278
15611824
j6279
15611824
j6279
15618103
j6279
15618103
j6280
15624383
j6280
15624383
j6281
15624383
j6281
15624383
j6281
15624383
j6281
15624383
j6281
15630664
j6282
15636946
j6283
15636946
j6283
15636946
j6283
15636946
j6283
15636946
j6283
15636946
j6284
15643230
j6284
15643230
j6284
15643230
j6284
15643230
j6284
15643230
j6285
15643230
j6285
15649515
j6286
15655801
j6286
15655801
j6286
15655801
j6287
15655801
j6287
15655801
j6287
15655801
j6287
15655801
j6287
15655801
j6288
15662089
j6289
15662089
j6289
15662089
j6289
15662089
j6289
15662089
j6289
15662089
j6290
15668379
j6290
15668379
j6291
15668379
j6291
15674670
j6291
15674670
j6291
15674670
j6291
15674670
j6292
15680962
j6292
15680962
j6292
15680962
j6292
15680962
j6293
15680962
j6293
15680962
j6293
15680962
j6293
15687255
j6293
15687255
j6294
15693549
j6295
15693549
j6295
15693549
j6295
15699844
j6295
15699844
j6295
15699844
j6296
15706140
j6296
15706140
j6296
15706140
j6296
15706140
j6296
15706140
j6297
15706140
j6297
15712437
j6297
15712437
j6297
15712437
j6297
15712437
j6298
15718735
j6298
15718735
j6298
15718735
j6298
15718735
j6298
15718735
j6299
15718735
j6299
15718735
j6299
15718735
j6299
15718735
j6299
15718735
j6300
15725035
j6301
15725035
j6301
15725035
j6301
15725035
j6301
15725035
j6301
15725035
j6302
15731337
j6302
15731337
j6302
15731337
j6302
15731337
j6302
15731337
j6303
15731337
j6303
15737640
j6303
15737640
j6303
15737640
j6304
15743944
j6304
15743944
j6304
15743944
j6304
15743944
j6304
15743944
j6305
15743944
j6305
15743944
j6305
15750249
j6305
15750249
j6305
15750249
j6306
15756555
j6307
15756555
j6307
15756555
j6307
15756555
j6307
15762862
j6307
15762862
j6308
15769170
j6308
15769170
j6308
15769170
j6308
15769170
j6308
15769170
j6309
15769170
j6309
15775479
j6309
15775479
j6309
15775479
j6309
15775479
j6310
15781789
j6310
15781789
j6311
15781789
j6311
15781789
j6311
15781789
j6311
15781789
j6311
15781789
j6312
15788101
j6313
15788101
j6313
15788101
j6313
15788101
j6313
15788101
j6313
15788101
j6314
15794415
j6314
15794415
j6314
15794415
j6315
15794415
j6315
15800730
j6316
15807046
j6316
15807046
j6316
15807046
j6316
15807046
j6316
15807046
j6317
15807046
j6317
15807046
j6317
15807046
j6317
15807046
j6317
15807046
j6318
15813364
j6319
15813364
j6319
15813364
j6319
15813364
j6319
15813364
j6319
15813364
j6320
15819684
j6320
15819684
j6321
15819684
j6321
15826005
j6321
15826005
j6322
15832327
j6322
15832327
j6322
15832327
j6322
15832327
j6322
15832327
j6323
15832327
j6323
15832327
j6323
15832327
j6323
15832327
j6323
15832327
j6324
15838651
j6325
15838651
j6325
15838651
j6325
15844976
j6325
15844976
j6326
15851302
j6326
15851302
j6326
15851302
j6326
15851302
j6326
15851302
j6327
15851302
j6327
15857629
j6327
15857629
j6327
15857629
j6327
15857629
j6328
15863957
j6328
15863957
j6328
15863957
j6329
15863957
j6329
15863957
j6329
15863957
j6329
15863957
j6329
15863957
j6330
15870287
j6331
15870287
j6331
15870287
j6331
15870287
j6331
15870287
j6331
15870287
j6332
15876619
j6332
15876619
j6332
15876619
j6332
15876619
j6332
15876619
j6333
15876619
j6333
15882952
j6333
15882952
j6333
15882952
j6333
15882952
j6334
15889286
j6334
15889286
j6334
15889286
j6334
15889286
j6334
15889286
j6335
15889286
j6335
15889286
j6335
15895621
j6336
15901957
j6337
15901957
j6337
15901957
j6337
15901957
j6337
15901957
j6337
15901957
j6338
15908295
j6338
15908295
j6338
15908295
j6338
15908295
j6338
15908295
j6339
15908295
j6339
15914634
j6339
15914634
j6339
15914634
j6339
15914634
j6340
15920974
j6340
15920974
j6341
15920974
j6341
15920974
j6341
15920974
j6341
15920974
j6341
15920974
j6342
15927316
j6343
15927316
j6343
15927316
j6343
15927316
j6343
15927316
j6343
15927316
j6344
15933660
j6344
15933660
j6344
15933660
j6344
15933660
j6344
15933660
j6345
15933660
j6345
15940005
j6346
15946351
j6346
15946351
j6346
15946351
j6346
15946351
j6346
15946351
j6347
15946351
j6347
15946351
j6347
15946351
j6347
15946351
j6347
15952698
j6348
15959046
j6349
15959046
j6349
15959046
j6349
15959046
j6349
15965395
j6349
15965395
j6350
15971745
j6350
15971745
j6351
15971745
j6351
15978096
j6351
15978096
j6351
15978096
j6351
15978096
j6352
15984448
j6352
15984448
j6352
15984448
j6352
15984448
j6352
15984448
j6353
15984448
j6353
15984448
j6353
15984448
j6353
15984448
j6353
15984448
j6354
15990802
j6355
15990802
j6355
15990802
j6355
15997157
j6355
15997157
j6355
15997157
j6356
16003513
j6356
16003513
j6356
16003513
j6357
16003513
j6357
16009870
j6357
16009870
j6357
16009870
j6357
16009870
j6358
16016228
j6358
16016228
j6358
16016228
j6358
16016228
j6359
16016228
j6359
16016228
j6359
16016228
j6359
16016228
j6359
16016228
j6360
16022588
j6361
16022588
j6361
16022588
j6361
16022588
j6361
16022588
j6361
16022588
j6362
16028950
j6362
16028950
j6362
16028950
j6362
16028950
j6362
16028950
j6363
16028950
j6363
16035313
j6363
16035313
j6364
16041677
j6364
16041677
j6364
16041677
j6364
16041677
j6364
16041677
j6365
16041677
j6365
16041677
j6365
16048042
j6365
16048042
j6365
16048042
j6366
16054408
j6367
16054408
j6367
16054408
j6367
16054408
j6367
16054408
j6367
16054408
j6368
16060776
j6368
16060776
j6368
16060776
j6368
16060776
j6368
16060776
j6369
16060776
j6369
16067145
j6369
16067145
j6369
16067145
j6370
16073515
j6370
16073515
j6371
16073515
j6371
16073515
j6371
16073515
j6371
16073515
j6371
16073515
j6372
16079887
j6373
16079887
j6373
16079887
j6373
16079887
j6373
16079887
j6373
16079887
j6374
16086261
j6374
16086261
j6374
16086261
j6374
16086261
j6374
16086261
j6375
16086261
j6375
16092636
j6376
16099012
j6376
16099012
j6376
16099012
j6376
16099012
j6376
16099012
j6377
16099012
j6377
16099012
j6377
16099012
j6377
16105389
j6377
16105389
j6378
16111767
j6379
16111767
j6379
16111767
j6379
16111767
j6379
16111767
j6379
16111767
j6380
16118147
j6380
16118147
j6381
16118147
j6381
16124528
j6381
16124528
j6381
16124528
j6381
16124528
j6382
16130910
j6382
16130910
j6382
16130910
j6382
16130910
j6382
16130910
j6383
16130910
j6383
16130910
j6383
16130910
j6383
16130910
j6383
16130910
j6384
16137294
j6385
16137294
j6385
16137294
j6385
16143679
j6385
16143679
j6385
16143679
j6386
16150065
j6386
16150065
j6386
16150065
j6386
16150065
j6386
16150065
j6387
16150065
j6387
16156452
j6387
16156452
j6387
16156452
j6387
16156452
j6388
16162840
j6388
16162840
j6388
16162840
j6388
16162840
j6388
16162840
j6389
16162840
j6389
16162840
j6389
16162840
j6389
16162840
j6389
16162840
j6390
16169230
j6391
16169230
j6391
16169230
j6391
16169230
j6391
16175621
j6392
16182013
j6392
16182013
j6392
16182013
j6392
16182013
j6392
16182013
j6393
16182013
j6393
16188406
j6393
16188406
j6393
16188406
j6393
16188406
j6394
16194800
j6394
16194800
j6394
16194800
j6394
16194800
j6394
16194800
j6395
16194800
j6395
16194800
j6395
16201195
j6395
16201195
j6395
16201195
j6396
16207591
j6397
16207591
j6397
16207591
j6397
16207591
j6397
16207591
j6397
16207591
j6398
16213989
j6398
16213989
j6398
16213989
j6399
16213989
j6399
16220388
j6399
16220388
j6399
16220388
j6399
16220388
j6400
16226788
j6400
16226788
j6401
16226788
j6401
16226788
j6401
16226788
j6401
16226788
j6401
16226788
j6402
16233190
j6403
16233190
j6403
16233190
j6403
16233190
j6403
16233190
j6403
16233190
j6404
16239594
j6404
16239594
j6404
16239594
j6404
16239594
j6404
16239594
j6405
16239594
j6405
16245999
j6406
16252405
j6406
16252405
j6406
16252405
j6406
16252405
j6406
16252405
j6407
16252405
j6407
16252405
j6407
16252405
j6407
16252405
j6407
16252405
j6408
16258813
j6409
16258813
j6409
16258813
j6409
16258813
j6409
16258813
j6409
16258813
j6410
16265223
j6410
16265223
j6411
16265223
j6411
16271634
j6411
16271634
j6411
16271634
j6411
16271634
j6412
16278046
j6412
16278046
j6412
16278046
j6413
16278046
j6413
16278046
j6413
16278046
j6413
16278046
j6413
16284459
j6414
16290873
j6415
16290873
j6415
16290873
j6415
16297288
j6415
16297288
j6415
16297288
j6416
16303704
j6416
16303704
j6416
16303704
j6416
16303704
j6416
16303704
j6417
16303704
j6417
16310121
j6417
16310121
j6417
16310121
j6417
16310121
j6418
16316539
j6418
16316539
j6418
16316539
j6418
16316539
j6418
16316539
j6419
16316539
j6419
16316539
j6419
16316539
j6419
16322958
j6419
16322958
j6420
16329378
j6421
16329378
j6421
16329378
j6421
16329378
j6421
16329378
j6421
16329378
j6422
16335800
j6422
16335800
j6422
16335800
j6422
16335800
j6422
16335800
j6423
16335800
j6423
16342223
j6423
16342223
j6423
16342223
j6423
16342223
j6424
16348647
j6424
16348647
j6424
16348647
j6424
16348647
j6425
16348647
j6425
16348647
j6425
16355072
j6425
16355072
j6425
16355072
j6426
16361498
j6427
16361498
j6427
16361498
j6427
16361498
j6427
16361498
j6427
16361498
j6428
16367926
j6428
16367926
j6428
16367926
j6428
16367926
j6428
16367926
j6429
16367926
j6429
16374355
j6429
16374355
j6429
16374355
j6429
16374355
j6430
16380785
j6430
16380785
j6431
16380785
j6431
16380785
j6431
16380785
j6431
16380785
j6431
16380785
j6432
16387217
j6433
16387217
j6433
16387217
j6433
16387217
j6433
16393650
j6433
16393650
j6434
16400084
j6434
16400084
j6434
16400084
j6434
16400084
j6434
16400084
j6435
16400084
j6435
16406519
j6436
16412955
j6436
16412955
j6436
16412955
j6436
16412955
j6436
16412955
j6437
16412955
j6437
16412955
j6437
16412955
j6437
16412955
j6437
16412955
j6438
16419393
j6439
16419393
j6439
16419393
j6439
16419393
j6439
16419393
j6439
16419393
j6440
16425833
j6440
16425833
j6441
16425833
j6441
16432274
j6441
16432274
j6441
16432274
j6441
16432274
j6442
16438716
j6442
16438716
j6442
16438716
j6442
16438716
j6442
16438716
j6443
16438716
j6443
16438716
j6443
16438716
j6443
16438716
j6443
16438716
j6444
16445160
j6445
16445160
j6445
16445160
j6445
16451605
j6445
16451605
j6445
16451605
j6446
16458051
j6446
16458051
j6446
16458051
j6446
16458051
j6447
16458051
j6447
16464498
j6447
16464498
j6448
16470946
j6448
16470946
j6448
16470946
j6448
16470946
j6448
16470946
j6449
16470946
j6449
16470946
j6449
16470946
j6449
16470946
j6449
16470946
j6450
16477396
j6451
16477396
j6451
16477396
j6451
16477396
j6451
16477396
j6451
16477396
j6452
16483848
j6452
16483848
j6452
16483848
j6452
16483848
j6452
16483848
j6453
16483848
j6453
16490301
j6453
16490301
j6453
16490301
j6453
16490301
j6454
16496755
j6454
16496755
j6454
16496755
j6455
16496755
j6455
16496755
j6455
16503210
j6455
16503210
j6455
16503210
j6456
16509666
j6457
16509666
j6457
16509666
j6457
16509666
j6457
16509666
j6457
16516123
j6458
16522581
j6458
16522581
j6458
16522581
j6458
16522581
j6458
16522581
j6459
16522581
j6459
16529040
j6459
16529040
j6459
16529040
j6459
16529040
j6460
16535500
j6460
16535500
j6461
16535500
j6461
16535500
j6461
16535500
j6461
16541961
j6461
16541961
j6462
16548423
j6463
16548423
j6463
16548423
j6463
16548423
j6463
16548423
j6463
16548423
j6464
16554887
j6464
16554887
j6464
16554887
j6464
16554887
j6464
16554887
j6465
16554887
j6465
16561352
j6466
16567818
j6466
16567818
j6466
16567818
j6466
16567818
j6466
16567818
j6467
16567818
j6467
16567818
j6467
16567818
j6467
16567818
j6467
16567818
j6468
16574286
j6469
16574286
j6469
16574286
j6469
16574286
j6469
16574286
j6469
16574286
j6470
16580756
j6470
16580756
j6471
16580756
j6471
16587227
j6471
16587227
j6471
16587227
j6471
16587227
j6472
16593699
j6472
16593699
j6472
16593699
j6472
16593699
j6472
16593699
j6473
16593699
j6473
16593699
j6473
16593699
j6473
16593699
j6473
16593699
j6474
16600173
j6475
16600173
j6475
16600173
j6475
16606648
j6476
16613124
j6476
16613124
j6476
16613124
j6476
16613124
j6476
16613124
j6477
16613124
j6477
16619601
j6477
16619601
j6477
16619601
j6477
16619601
j6478
16626079
j6478
16626079
j6478
16626079
j6478
16626079
j6478
16626079
j6479
16626079
j6479
16626079
j6479
16626079
j6479
16626079
j6479
16632558
j6480
16639038
j6481
16639038
j6481
16639038
j6481
16639038
j6481
16639038
j6481
16639038
j6482
16645520
j6482
16645520
j6482
16645520
j6483
16645520
j6483
16652003
j6483
16652003
j6483
16652003
j6483
16652003
j6484
16658487
j6484
16658487
j6484
16658487
j6484
16658487
j6484
16658487
j6485
16658487
j6485
16658487
j6485
16664972
j6485
16664972
j6485
16664972
j6486
16671458
j6487
16671458
j6487
16671458
j6487
16671458
j6487
16671458
j6487
16671458
j6488
16677946
j6488
16677946
j6488
16677946
j6488
16677946
j6488
16677946
j6489
16677946
j6489
16684435
j6489
16684435
j6490
16690925
j6490
16690925
j6491
16690925
j6491
16690925
j6491
16690925
j6491
16690925
j6491
16690925
j6492
16697417
j6493
16697417
j6493
16697417
j6493
16697417
j6493
16697417
j6493
16697417
j6494
16703911
j6494
16703911
j6494
16703911
j6494
16703911
j6494
16703911
j6495
16703911
j6495
16710406
j6496
16716902
j6496
16716902
j6496
16716902
j6497
16716902
j6497
16716902
j6497
16716902
j6497
16716902
j6497
16716902
j6498
16723400
j6499
16723400
j6499
16723400
j6499
16723400
j6499
16723400
j6499
16723400
j6500
16729900
j6500
16729900
j6501
16729900
j6501
16736401
j6501
16736401
j6501
16736401
j6502
16742903
j6502
16742903
j6502
16742903
j6502
16742903
j6502
16742903
j6503
16742903
j6503
16742903
j6503
16742903
j6503
16749406
j6503
16749406
j6504
16755910
j6505
16755910
j6505
16755910
j6505
16762415
j6505
16762415
j6505
16762415
j6506
16768921
j6506
16768921
j6506
16768921
j6506
16768921
j6506
16768921
j6507
16768921
j6507
16775428
j6507
16775428
j6507
16775428
j6507
16775428
j6508
16781936
j6508
16781936
j6508
16781936
j6508
16781936
j6508
16781936
j6509
16781936
j6509
16781936
j6509
16781936
j6509
16781936
j6509
16781936
j6510
16788446
j6511
16788446
j6511
16788446
j6511
16788446
j6511
16788446
j6511
16788446
j6512
16794958
j6512
16794958
j6512
16794958
j6512
16794958
j6513
16794958
j6513
16801471
j6513
16801471
j6513
16801471
j6513
16801471
j6514
16807985
j6514
16807985
j6514
16807985
j6514
16807985
j6514
16807985
j6515
16807985
j6515
16807985
j6515
16814500
j6515
16814500
j6515
16814500
j6516
16821016
j6517
16821016
j6517
16821016
j6517
16821016
j6517
16827533
j6517
16827533
j6518
16834051
j6518
16834051
j6518
16834051
j6518
16834051
j6518
16834051
j6519
16834051
j6519
16840570
j6519
16840570
j6519
16840570
j6519
16840570
j6520
16847090
j6520
16847090
j6521
16847090
j6521
16847090
j6521
16847090
j6521
16847090
j6521
16847090
j6522
16853612
j6523
16853612
j6523
16853612
j6523
16853612
j6523
16853612
j6523
16860135
j6524
16866659
j6524
16866659
j6524
16866659
j6525
16866659
j6525
16873184
j6526
16879710
j6526
16879710
j6526
16879710
j6526
16879710
j6526
16879710
j6527
16879710
j6527
16879710
j6527
16879710
j6527
16879710
j6527
16879710
j6528
16886238
j6529
16886238
j6529
16886238
j6529
16886238
j6529
16886238
j6529
16886238
j6530
16892768
j6530
16892768
j6531
16892768
j6531
16899299
j6531
16899299
j6532
16905831
j6532
16905831
j6532
16905831
j6532
16905831
j6532
16905831
j6533
16905831
j6533
16905831
j6533
16905831
j6533
16905831
j6533
16905831
j6534
16912365
j6535
16912365
j6535
16912365
j6535
16918900
j6535
16918900
j6535
16918900
j6536
16925436
j6536
16925436
j6536
16925436
j6536
16925436
j6536
16925436
j6537
16925436
j6537
16931973
j6537
16931973
j6537
16931973
j6537
16931973
j6538
16938511
j6538
16938511
j6538
16938511
j6539
16938511
j6539
16938511
j6539
16938511
j6539
16938511
j6539
16938511
j6540
16945051
j6541
16945051
j6541
16945051
j6541
16945051
j6541
16945051
j6541
16945051
j6542
16951593
j6542
16951593
j6542
16951593
j6542
16951593
j6542
16951593
j6543
16951593
j6543
16958136
j6543
16958136
j6543
16958136
j6543
16958136
j6544
16964680
j6544
16964680
j6544
16964680
j6544
16964680
j6544
16964680
j6545
16964680
j6545
16964680
j6545
16971225
j6546
16977771
j6547
16977771
j6547
16977771
j6547
16977771
j6547
16977771
j6547
16977771
j6548
16984319
j6548
16984319
j6548
16984319
j6548
16984319
j6548
16984319
j6549
16984319
j6549
16990868
j6549
16990868
j6549
16990868
j6549
16990868
j6550
16997418
j6550
16997418
j6551
16997418
j6551
16997418
j6551
16997418
j6551
16997418
j6551
16997418
j6552
17003970
j6553
17003970
j6553
17003970
j6553
17003970
j6553
17003970
j6553
17003970
j6554
17010524
j6554
17010524
j6554
17010524
j6554
17010524
j6554
17010524
j6555
17010524
j6555
17017079
j6556
17023635
j6556
17023635
j6556
17023635
j6556
17023635
j6557
17023635
j6557
17023635
j6557
17023635
j6557
17023635
j6557
17023635
j6558
17030193
j6559
17030193
j6559
17030193
j6559
17030193
j6559
17036752
j6559
17036752
j6560
17043312
j6560
17043312
j6561
17043312
j6561
17049873
j6561
17049873
j6561
17049873
j6561
17049873
j6562
17056435
j6562
17056435
j6562
17056435
j6562
17056435
j6562
17056435
j6563
17056435
j6563
17056435
j6563
17056435
j6563
17056435
j6563
17056435
j6564
17062999
j6565
17062999
j6565
17062999
j6565
17069564
j6565
17069564
j6565
17069564
j6566
17076130
j6566
17076130
j6566
17076130
j6567
17076130
j6567
17082697
j6567
17082697
j6567
17082697
j6568
17089265
j6568
17089265
j6568
17089265
j6568
17089265
j6568
17089265
j6569
17089265
j6569
17089265
j6569
17089265
j6569
17089265
j6569
17089265
j6570
17095835
j6571
17095835
j6571
17095835
j6571
17095835
j6571
17095835
j6571
17095835
j6572
17102407
j6572
17102407
j6572
17102407
j6572
17102407
j6572
17102407
j6573
17102407
j6573
17108980
j6573
17108980
j6574
17115554
j6574
17115554
j6574
17115554
j6574
17115554
j6574
17115554
j6575
17115554
j6575
17115554
j6575
17122129
j6575
17122129
j6575
17122129
j6576
17128705
j6577
17128705
j6577
17128705
j6577
17128705
j6577
17128705
j6577
17128705
j6578
17135283
j6578
17135283
j6578
17135283
j6578
17135283
j6579
17135283
j6579
17141862
j6579
17141862
j6579
17141862
j6579
17141862
j6580
17148442
j6580
17148442
j6581
17148442
j6581
17148442
j6581
17148442
j6581
17148442
j6581
17148442
j6582
17155024
j6583
17155024
j6583
17155024
j6583
17155024
j6583
17155024
j6583
17155024
j6584
17161608
j6584
17161608
j6584
17161608
j6584
17161608
j6584
17161608
j6585
17161608
j6585
17168193
j6586
17174779
j6586
17174779
j6586
17174779
j6586
17174779
j6586
17174779
j6587
17174779
j6587
17174779
j6587
17174779
j6587
17181366
j6587
17181366
j6588
17187954
j6589
17187954
j6589
17187954
j6589
17187954
j6589
17187954
j6589
17194543
j6590
17201133
j6590
17201133
j6591
17201133
j6591
17207724
j6591
17207724
j6591
17207724
j6591
17207724
j6592
17214316
j6592
17214316
j6592
17214316
j6592
17214316
j6592
17214316
j6593
17214316
j6593
17214316
j6593
17214316
j6593
17214316
j6593
17214316
j6594
17220910
j6595
17220910
j6595
17220910
j6595
17227505
j6595
17227505
j6595
17227505
j6596
17234101
j6596
17234101
j6596
17234101
j6596
17234101
j6596
17234101
j6597
17234101
j6597
17240698
j6597
17240698
j6597
17240698
j6597
17240698
j6598
17247296
j6598
17247296
j6598
17247296
j6598
17247296
j6598
17247296
j6599
17247296
j6599
17247296
j6599
17247296
j6599
17247296
j6599
17247296
j6600
17253896
j6601
17253896
j6601
17253896
j6601
17253896
j6601
17260497
j6601
17260497
j6602
17267099
j6602
17267099
j6602
17267099
j6602
17267099
j6602
17267099
j6603
17267099
j6603
17273702
j6603
17273702
j6603
17273702
j6603
17273702
j6604
17280306
j6604
17280306
j6604
17280306
j6604
17280306
j6604
17280306
j6605
17280306
j6605
17280306
j6605
17286911
j6605
17286911
j6605
17286911
j6606
17293517
j6607
17293517
j6607
17293517
j6607
17293517
j6607
17293517
j6607
17293517
j6608
17300125
j6608
17300125
j6608
17300125
j6609
17300125
j6609
17306734
j6609
17306734
j6609
17306734
j6609
17306734
j6610
17313344
j6610
17313344
j6611
17313344
j6611
17313344
j6611
17313344
j6611
17313344
j6611
17319955
j6612
17326567
j6613
17326567
j6613
17326567
j6613
17326567
j6613
17326567
j6613
17326567
j6614
17333181
j6614
17333181
j6614
17333181
j6614
17333181
j6614
17333181
j6615
17333181
j6615
17339796
j6616
17346412
j6616
17346412
j6616
17346412
j6616
17346412
j6616
17346412
j6617
17346412
j6617
17346412
j6617
17346412
j6617
17346412
j6617
17346412
j6618
17353030
j6619
17353030
j6619
17353030
j6619
17353030
j6619
17353030
j6619
17353030
j6620
17359650
j6620
17359650
j6621
17359650
j6621
17366271
j6621
17366271
j6621
17366271
j6621
17366271
j6622
17372893
j6622
17372893
j6622
17372893
j6623
17372893
j6623
17372893
j6623
17372893
j6623
17372893
j6623
17372893
j6624
17379517
j6625
17379517
j6625
17379517
j6625
17386142
j6625
17386142
j6625
17386142
j6626
17392768
j6626
17392768
j6626
17392768
j6626
17392768
j6626
17392768
j6627
17392768
j6627
17399395
j6627
17399395
j6627
17399395
j6627
17399395
j6628
17406023
j6628
17406023
j6628
17406023
j6628
17406023
j6628
17406023
j6629
17406023
j6629
17406023
j6629
17406023
j6629
17412652
j6629
17412652
j6630
17419282
j6631
17419282
j6631
17419282
j6631
17419282
j6631
17419282
j6631
17419282
j6632
17425914
j6632
17425914
j6632
17425914
j6632
17425914
j6632
17425914
j6633
17425914
j6633
17432547
j6633
17432547
j6633
17432547
j6634
17439181
j6634
17439181
j6634
17439181
j6634
17439181
j6634
17439181
j6635
17439181
j6635
17439181
j6635
17445816
j6635
17445816
j6635
17445816
j6636
17452452
j6637
17452452
j6637
17452452
j6637
17452452
j6637
17452452
j6637
17452452
j6638
17459090
j6638
17459090
j6638
17459090
j6638
17459090
j6638
17459090
j6639
17459090
j6639
17465729
j6639
17465729
j6639
17465729
j6639
17465729
j6640
17472369
j6640
17472369
j6641
17472369
j6641
17472369
j6641
17472369
j6641
17472369
j6641
17472369
j6642
17479011
j6643
17479011
j6643
17479011
j6643
17479011
j6643
17485654
j6643
17485654
j6644
17492298
j6644
17492298
j6644
17492298
j6644
17492298
j6645
17492298
j6645
17498943
j6646
17505589
j6646
17505589
j6646
17505589
j6646
17505589
j6646
17505589
j6647
17505589
j6647
17505589
j6647
17505589
j6647
17505589
j6647
17505589
j6648
17512237
j6649
17512237
j6649
17512237
j6649
17512237
j6649
17512237
j6649
17512237
j6650
17518887
j6650
17518887
j6651
17518887
j6651
17525538
j6651
17525538
j6651
17525538
j6651
17525538
j6652
17532190
j6652
17532190
j6652
17532190
j6652
17532190
j6652
17532190
j6653
17532190
j6653
17532190
j6653
17532190
j6653
17532190
j6653
17532190
j6654
17538844
j6655
17538844
j6655
17538844
j6655
17545499
j6655
17545499
j6656
17552155
j6656
17552155
j6656
17552155
j6656
17552155
j6656
17552155
j6657
17552155
j6657
17558812
j6657
17558812
j6658
17565470
j6658
17565470
j6658
17565470
j6658
17565470
j6658
17565470
j6659
17565470
j6659
17565470
j6659
17565470
j6659
17565470
j6659
17565470
j6660
17572130
j6661
17572130
j6661
17572130
j6661
17572130
j6661
17572130
j6661
17572130
j6662
17578792
j6662
17578792
j6662
17578792
j6662
17578792
j6662
17578792
j6663
17578792
j6663
17585455
j6663
17585455
j6663
17585455
j6663
17585455
j6664
17592119
j6664
17592119
j6664
17592119
j6665
17592119
j6665
17592119
j6665
17598784
j6665
17598784
j6665
17598784
j6666
17605450
j6667
17605450
j6667
17605450
j6667
17605450
j6667
17605450
j6667
17605450
j6668
17612118
j6668
17612118
j6668
17612118
j6668
17612118
j6668
17612118
j6669
17612118
j6669
17618787
j6669
17618787
j6669
17618787
j6669
17618787
j6670
17625457
j6670
17625457
j6671
17625457
j6671
17625457
j6671
17625457
j6671
17632128
j6671
17632128
j6672
17638800
j6673
17638800
j6673
17638800
j6673
17638800
j6673
17638800
j6673
17638800
j6674
17645474
j6674
17645474
j6674
17645474
j6674
17645474
j6674
17645474
j6675
17645474
j6675
17652149
j6676
17658825
j6676
17658825
j6676
17658825
j6676
17658825
j6676
17658825
j6677
17658825
j6677
17658825
j6677
17658825
j6677
17658825
j6677
17665502
j6678
17672180
j6679
17672180
j6679
17672180
j6679
17672180
j6679
17672180
j6679
17672180
j6680
17678860
j6680
17678860
j6681
17678860
j6681
17685541
j6681
17685541
j6681
17685541
j6681
17685541
j6682
17692223
j6682
17692223
j6682
17692223
j6682
17692223
j6682
17692223
j6683
17692223
j6683
17692223
j6683
17692223
j6683
17692223
j6683
17692223
j6684
17698907
j6685
17698907
j6685
17698907
j6685
17705592
j6686
17712278
j6686
17712278
j6686
17712278
j6686
17712278
j6686
17712278
j6687
17712278
j6687
17718965
j6687
17718965
j6687
17718965
j6687
17718965
j6688
17725653
j6688
17725653
j6688
17725653
j6688
17725653
j6689
17725653
j6689
17725653
j6689
17725653
j6689
17725653
j6689
17725653
j6690
17732343
j6691
17732343
j6691
17732343
j6691
17732343
j6691
17732343
j6691
17732343
j6692
17739035
j6692
17739035
j6692
17739035
j6693
17739035
j6693
17745728
j6693
17745728
j6693
17745728
j6693
17745728
j6694
17752422
j6694
17752422
j6694
17752422
j6694
17752422
j6694
17752422
j6695
17752422
j6695
17752422
j6695
17759117
j6695
17759117
j6695
17759117
j6696
17765813
j6697
17765813
j6697
17765813
j6697
17765813
j6697
17765813
j6697
17765813
j6698
17772511
j6698
17772511
j6698
17772511
j6698
17772511
j6698
17772511
j6699
17772511
j6699
17779210
j6699
17779210
j6700
17785910
j6700
17785910
j6701
17785910
j6701
17785910
j6701
17785910
j6701
17785910
j6701
17785910
j6702
17792612
j6703
17792612
j6703
17792612
j6703
17792612
j6703
17792612
j6703
17792612
j6704
17799316
j6704
17799316
j6704
17799316
j6704
17799316
j6704
17799316
j6705
17799316
j6705
17806021
j6706
17812727
j6706
17812727
j6706
17812727
j6707
17812727
j6707
17812727
j6707
17812727
j6707
17812727
j6707
17812727
j6708
17819435
j6709
17819435
j6709
17819435
j6709
17819435
j6709
17819435
j6709
17819435
j6710
17826145
j6710
17826145
j6711
17826145
j6711
17832856
j6711
17832856
j6711
17832856
j6711
17832856
j6712
17839568
j6712
17839568
j6712
17839568
j6712
17839568
j6712
17839568
j6713
17839568
j6713
17839568
j6713
17839568
j6713
17846281
j6713
17846281
j6714
17852995
j6715
17852995
j6715
17852995
j6715
17859710
j6715
17859710
j6715
17859710
j6716
17866426
j6716
17866426
j6716
17866426
j6716
17866426
j6716
17866426
j6717
17866426
j6717
17873143
j6717
17873143
j6717
17873143
j6717
17873143
j6718
17879861
j6718
17879861
j6718
17879861
j6718
17879861
j6718
17879861
j6719
17879861
j6719
17879861
j6719
17879861
j6719
17879861
j6719
17879861
j6720
17886581
j6721
17886581
j6721
17886581
j6721
17886581
j6721
17886581
j6721
17893302
j6722
17900024
j6722
17900024
j6722
17900024
j6722
17900024
j6722
17900024
j6723
17900024
j6723
17906747
j6723
17906747
j6723
17906747
j6723
17906747
j6724
17913471
j6724
17913471
j6724
17913471
j6724
17913471
j6724
17913471
j6725
17913471
j6725
17913471
j6725
17920196
j6725
17920196
j6725
17920196
j6726
17926922
j6727
17926922
j6727
17926922
j6727
17926922
j6727
17933649
j6727
17933649
j6728
17940377
j6728
17940377
j6728
17940377
j6728
17940377
j6728
17940377
j6729
17940377
j6729
17947106
j6729
17947106
j6729
17947106
j6729
17947106
j6730
17953836
j6730
17953836
j6731
17953836
j6731
17953836
j6731
17953836
j6731
17953836
j6731
17953836
j6732
17960568
j6733
17960568
j6733
17960568
j6733
17960568
j6733
17960568
j6733
17960568
j6734
17967302
j6734
17967302
j6734
17967302
j6735
17967302
j6735
17974037
j6736
17980773
j6736
17980773
j6736
17980773
j6736
17980773
j6736
17980773
j6737
17980773
j6737
17980773
j6737
17980773
j6737
17980773
j6737
17980773
j6738
17987511
j6739
17987511
j6739
17987511
j6739
17987511
j6739
17987511
j6739
17987511
j6740
17994251
j6740
17994251
j6741
17994251
j6741
18000992
j6741
18000992
j6742
18007734
j6742
18007734
j6742
18007734
j6742
18007734
j6742
18007734
j6743
18007734
j6743
18007734
j6743
18007734
j6743
18007734
j6743
18014477
j6744
18021221
j6745
18021221
j6745
18021221
j6745
18027966
j6745
18027966
j6745
18027966
j6746
18034712
j6746
18034712
j6746
18034712
j6746
18034712
j6746
18034712
j6747
18034712
j6747
18041459
j6747
18041459
j6747
18041459
j6747
18041459
j6748
18048207
j6748
18048207
j6748
18048207
j6749
18048207
j6749
18048207
j6749
18048207
j6749
18048207
j6749
18048207
j6750
18054957
j6751
18054957
j6751
18054957
j6751
18054957
j6751
18054957
j6751
18054957
j6752
18061709
j6752
18061709
j6752
18061709
j6752
18061709
j6752
18061709
j6753
18061709
j6753
18068462
j6753
18068462
j6753
18068462
j6753
18068462
j6754
18075216
j6754
18075216
j6754
18075216
j6754
18075216
j6755
18075216
j6755
18075216
j6755
18081971
j6756
18088727
j6757
18088727
j6757
18088727
j6757
18088727
j6757
18088727
j6757
18088727
j6758
18095485
j6758
18095485
j6758
18095485
j6758
18095485
j6758
18095485
j6759
18095485
j6759
18102244
j6759
18102244
j6759
18102244
j6759
18102244
j6760
18109004
j6760
18109004
j6761
18109004
j6761
18109004
j6761
18109004
j6761
18109004
j6761
18109004
j6762
18115766
j6763
18115766
j6763
18115766
j6763
18115766
j6763
18115766
j6763
18115766
j6764
18122530
j6764
18122530
j6764
18122530
j6764
18122530
j6764
18122530
j6765
18122530
j6765
18129295
j6766
18136061
j6766
18136061
j6766
18136061
j6766
18136061
j6766
18136061
j6767
18136061
j6767
18136061
j6767
18136061
j6767
18136061
j6767
18136061
j6768
18142829
j6769
18142829
j6769
18142829
j6769
18142829
j6769
18149598
j6769
18149598
j6770
18156368
j6770
18156368
j6771
18156368
j6771
18163139
j6771
18163139
j6771
18163139
j6771
18163139
j6772
18169911
j6772
18169911
j6772
18169911
j6772
18169911
j6772
18169911
j6773
18169911
j6773
18169911
j6773
18169911
j6773
18169911
j6773
18169911
j6774
18176685
j6775
18176685
j6775
18176685
j6775
18183460
j6775
18183460
j6775
18183460
j6776
18190236
j6776
18190236
j6776
18190236
j6777
18190236
j6777
18197013
j6777
18197013
j6777
18197013
j6777
18197013
j6778
18203791
j6778
18203791
j6778
18203791
j6778
18203791
j6778
18203791
j6779
18203791
j6779
18203791
j6779
18203791
j6779
18203791
j6779
18203791
j6780
18210571
j6781
18210571
j6781
18210571
j6781
18210571
j6781
18210571
j6781
18210571
j6782
18217353
j6782
18217353
j6782
18217353
j6782
18217353
j6782
18217353
j6783
18217353
j6783
18224136
j6783
18224136
j6784
18230920
j6784
18230920
j6784
18230920
j6784
18230920
j6784
18230920
j6785
18230920
j6785
18230920
j6785
18237705
j6785
18237705
j6785
18237705
j6786
18244491
j6787
18244491
j6787
18244491
j6787
18244491
j6787
18244491
j6787
18251278
j6788
18258066
j6788
18258066
j6788
18258066
j6788
18258066
j6788
18258066
j6789
18258066
j6789
18264855
j6789
18264855
j6789
18264855
j6789
18264855
j6790
18271645
j6790
18271645
j6791
18271645
j6791
18271645
j6791
18271645
j6791
18271645
j6791
18271645
j6792
18278437
j6793
18278437
j6793
18278437
j6793
18278437
j6793
18278437
j6793
18278437
j6794
18285231
j6794
18285231
j6794
18285231
j6794
18285231
j6794
18285231
j6795
18285231
j6795
18292026
j6796
18298822
j6796
18298822
j6796
18298822
j6796
18298822
j6796
18298822
j6797
18298822
j6797
18298822
j6797
18298822
j6797
18305619
j6797
18305619
j6798
18312417
j6799
18312417
j6799
18312417
j6799
18312417
j6799
18312417
j6799
18312417
j6800
18319217
j6800
18319217
j6801
18319217
j6801
18326018
j6801
18326018
j6801
18326018
j6801
18326018
j6802
18332820
j6802
18332820
j6802
18332820
j6802
18332820
j6802
18332820
j6803
18332820
j6803
18332820
j6803
18332820
j6803
18332820
j6803
18332820
j6804
18339624
j6805
18339624
j6805
18339624
j6805
18346429
j6805
18346429
j6805
18346429
j6806
18353235
j6806
18353235
j6806
18353235
j6806
18353235
j6806
18353235
j6807
18353235
j6807
18360042
j6807
18360042
j6807
18360042
j6807
18360042
j6808
18366850
j6808
18366850
j6808
18366850
j6808
18366850
j6808
18366850
j6809
18366850
j6809
18366850
j6809
18366850
j6809
18366850
j6809
18373659
j6810
18380469
j6811
18380469
j6811
18380469
j6811
18380469
j6811
18387280
j6811
18387280
j6812
18394092
j6812
18394092
j6812
18394092
j6812
18394092
j6812
18394092
j6813
18394092
j6813
18400905
j6813
18400905
j6813
18400905
j6813
18400905
j6814
18407719
j6814
18407719
j6814
18407719
j6814
18407719
j6814
18407719
j6815
18407719
j6815
18407719
j6815
18414534
j6815
18414534
j6815
18414534
j6816
18421350
j6817
18421350
j6817
18421350
j6817
18421350
j6817
18421350
j6817
18421350
j6818
18428168
j6818
18428168
j6818
18428168
j6819
18428168
j6819
18434987
j6819
18434987
j6819
18434987
j6819
18434987
j6820
18441807
j6820
18441807
j6821
18441807
j6821
18441807
j6821
18441807
j6821
18441807
j6821
18441807
j6822
18448629
j6823
18448629
j6823
18448629
j6823
18448629
j6823
18448629
j6823
18448629
j6824
18455453
j6824
18455453
j6824
18455453
j6824
18455453
j6824
18455453
j6825
18455453
j6825
18462278
j6826
18469104
j6826
18469104
j6826
18469104
j6826
18469104
j6826
18469104
j6827
18469104
j6827
18469104
j6827
18469104
j6827
18469104
j6827
18469104
j6828
18475932
j6829
18475932
j6829
18475932
j6829
18475932
j6829
18475932
j6829
18475932
j6830
18482762
j6830
18482762
j6831
18482762
j6831
18489593
j6831
18489593
j6831
18489593
j6832
18496425
j6832
18496425
j6832
18496425
j6833
18496425
j6833
18496425
j6833
18496425
j6833
18496425
j6833
18496425
j6834
18503259
j6835
18503259
j6835
18503259
j6835
18510094
j6835
18510094
j6835
18510094
j6836
18516930
j6836
18516930
j6836
18516930
j6836
18516930
j6836
18516930
j6837
18516930
j6837
18523767
j6837
18523767
j6837
18523767
j6837
18523767
j6838
18530605
j6838
18530605
j6838
18530605
j6838
18530605
j6838
18530605
j6839
18530605
j6839
18530605
j6839
18530605
j6839
18537444
j6839
18537444
j6840
18544284
j6841
18544284
j6841
18544284
j6841
18544284
j6841
18544284
j6841
18544284
j6842
18551126
j6842
18551126
j6842
18551126
j6842
18551126
j6843
18551126
j6843
18557969
j6843
18557969
j6843
18557969
j6843
18557969
j6844
18564813
j6844
18564813
j6844
18564813
j6844
18564813
j6844
18564813
j6845
18564813
j6845
18564813
j6845
18571658
j6845
18571658
j6845
18571658
j6846
18578504
j6847
18578504
j6847
18578504
j6847
18578504
j6847
18578504
j6847
18578504
j6848
18585352
j6848
18585352
j6848
18585352
j6848
18585352
j6848
18585352
j6849
18585352
j6849
18592201
j6849
18592201
j6849
18592201
j6849
18592201
j6850
18599051
j6850
18599051
j6851
18599051
j6851
18599051
j6851
18599051
j6851
18599051
j6851
18599051
j6852
18605903
j6853
18605903
j6853
18605903
j6853
18605903
j6853
18612756
j6854
18619610
j6854
18619610
j6854
18619610
j6854
18619610
j6854
18619610
j6855
18619610
j6855
18626465
j6856
18633321
j6856
18633321
j6856
18633321
j6856
18633321
j6856
18633321
j6857
18633321
j6857
18633321
j6857
18633321
j6857
18633321
j6857
18633321
j6858
18640179
j6859
18640179
j6859
18640179
j6859
18640179
j6859
18640179
j6859
18640179
j6860
18647039
j6860
18647039
j6861
18647039
j6861
18653900
j6861
18653900
j6861
18653900
j6861
18653900
j6862
18660762
j6862
18660762
j6862
18660762
j6862
18660762
j6862
18660762
j6863
18660762
j6863
18660762
j6863
18660762
j6863
18660762
j6863
18660762
j6864
18667626
j6865
18667626
j6865
18667626
j6865
18674491
j6865
18674491
j6865
18674491
j6866
18681357
j6866
18681357
j6866
18681357
j6866
18681357
j6866
18681357
j6867
18681357
j6867
18688224
j6867
18688224
j6868
18695092
j6868
18695092
j6868
18695092
j6868
18695092
j6868
18695092
j6869
18695092
j6869
18695092
j6869
18695092
j6869
18695092
j6869
18695092
j6870
18701962
j6871
18701962
j6871
18701962
j6871
18701962
j6871
18701962
j6871
18701962
j6872
18708834
j6872
18708834
j6872
18708834
j6872
18708834
j6872
18708834
j6873
18708834
j6873
18715707
j6873
18715707
j6873
18715707
j6873
18715707
j6874
18722581
j6874
18722581
j6874
18722581
j6875
18722581
j6875
18722581
j6875
18729456
j6875
18729456
j6876
18736332
j6877
18736332
j6877
18736332
j6877
18736332
j6877
18736332
j6877
18736332
j6878
18743210
j6878
18743210
j6878
18743210
j6878
18743210
j6878
18743210
j6879
18743210
j6879
18750089
j6879
18750089
j6879
18750089
j6879
18750089
j6880
18756969
j6880
18756969
j6881
18756969
j6881
18756969
j6881
18756969
j6881
18763850
j6881
18763850
j6882
18770732
j6883
18770732
j6883
18770732
j6883
18770732
j6883
18770732
j6883
18770732
j6884
18777616
j6884
18777616
j6884
18777616
j6884
18777616
j6884
18777616
j6885
18777616
j6885
18784501
j6886
18791387
j6886
18791387
j6886
18791387
j6886
18791387
j6887
18791387
j6887
18791387
j6887
18791387
j6887
18791387
j6887
18791387
j6888
18798275
j6889
18798275
j6889
18798275
j6889
18798275
j6889
18798275
j6889
18798275
j6890
18805165
j6890
18805165
j6891
18805165
j6891
18812056
j6891
18812056
j6891
18812056
j6891
18812056
j6892
18818948
j6892
18818948
j6892
18818948
j6892
18818948
j6892
18818948
j6893
18818948
j6893
18818948
j6893
18818948
j6893
18818948
j6893
18818948
j6894
18825842
j6895
18825842
j6895
18825842
j6895
18832737
j6896
18839633
j6896
18839633
j6896
18839633
j6896
18839633
j6896
18839633
j6897
18839633
j6897
18846530
j6897
18846530
j6897
18846530
j6898
18853428
j6898
18853428
j6898
18853428
j6898
18853428
j6898
18853428
j6899
18853428
j6899
18853428
j6899
18853428
j6899
18853428
j6899
18853428
j6900
18860328
j6901
18860328
j6901
18860328
j6901
18860328
j6901
18860328
j6901
18860328
j6902
18867230
j6902
18867230
j6902
18867230
j6903
18867230
j6903
18874133
j6903
18874133
j6903
18874133
j6903
18874133
j6904
18881037
j6904
18881037
j6904
18881037
j6904
18881037
j6904
18881037
j6905
18881037
j6905
18881037
j6905
18887942
j6905
18887942
j6905
18887942
j6906
18894848
j6907
18894848
j6907
18894848
j6907
18894848
j6907
18894848
j6907
18894848
j6908
18901756
j6908
18901756
j6908
18901756
j6908
18901756
j6909
18901756
j6909
18908665
j6909
18908665
j6910
18915575
j6910
18915575
j6911
18915575
j6911
18915575
j6911
18915575
j6911
18915575
j6911
18915575
j6912
18922487
j6913
18922487
j6913
18922487
j6913
18922487
j6913
18922487
j6913
18922487
j6914
18929401
j6914
18929401
j6914
18929401
j6914
18929401
j6914
18929401
j6915
18929401
j6915
18936316
j6916
18943232
j6916
18943232
j6916
18943232
j6917
18943232
j6917
18943232
j6917
18943232
j6917
18943232
j6917
18943232
j6918
18950150
j6919
18950150
j6919
18950150
j6919
18950150
j6919
18950150
j6919
18957069
j6920
18963989
j6920
18963989
j6921
18963989
j6921
18970910
j6921
18970910
j6921
18970910
j6921
18970910
j6922
18977832
j6922
18977832
j6922
18977832
j6922
18977832
j6922
18977832
j6923
18977832
j6923
18977832
j6923
18977832
j6923
18984755
j6923
18984755
j6924
18991679
j6925
18991679
j6925
18991679
j6925
18998604
j6925
18998604
j6925
18998604
j6926
19005530
j6926
19005530
j6926
19005530
j6926
19005530
j6926
19005530
j6927
19005530
j6927
19012457
j6927
19012457
j6927
19012457
j6927
19012457
j6928
19019385
j6928
19019385
j6928
19019385
j6928
19019385
j6928
19019385
j6929
19019385
j6929
19019385
j6929
19019385
j6929
19019385
j6929
19019385
j6930
19026315
j6931
19026315
j6931
19026315
j6931
19026315
j6931
19026315
j6931
19026315
j6932
19033247
j6932
19033247
j6932
19033247
j6932
19033247
j6932
19033247
j6933
19033247
j6933
19040180
j6933
19040180
j6933
19040180
j6933
19040180
j6934
19047114
j6934
19047114
j6934
19047114
j6934
19047114
j6934
19047114
j6935
19047114
j6935
19047114
j6935
19054049
j6935
19054049
j6935
19054049
j6936
19060985
j6937
19060985
j6937
19060985
j6937
19060985
j6937
19067922
j6937
19067922
j6938
19074860
j6938
19074860
j6938
19074860
j6938
19074860
j6938
19074860
j6939
19074860
j6939
19081799
j6939
19081799
j6939
19081799
j6939
19081799
j6940
19088739
j6940
19088739
j6941
19088739
j6941
19088739
j6941
19088739
j6941
19088739
j6941
19095680
j6942
19102622
j6943
19102622
j6943
19102622
j6943
19102622
j6943
19102622
j6943
19102622
j6944
19109566
j6944
19109566
j6944
19109566
j6945
19109566
j6945
19116511
j6946
19123457
j6946
19123457
j6946
19123457
j6946
19123457
j6946
19123457
j6947
19123457
j6947
19123457
j6947
19123457
j6947
19123457
j6947
19123457
j6948
19130405
j6949
19130405
j6949
19130405
j6949
19130405
j6949
19130405
j6949
19130405
j6950
19137355
j6950
19137355
j6951
19137355
j6951
19144306
j6951
19144306
j6952
19151258
j6952
19151258
j6952
19151258
j6952
19151258
j6953
19151258
j6953
19151258
j6953
19151258
j6953
19151258
j6953
19151258
j6954
19158212
j6955
19158212
j6955
19158212
j6955
19165167
j6955
19165167
j6955
19165167
j6956
19172123
j6956
19172123
j6956
19172123
j6956
19172123
j6956
19172123
j6957
19172123
j6957
19179080
j6957
19179080
j6957
19179080
j6957
19179080
j6958
19186038
j6958
19186038
j6958
19186038
j6959
19186038
j6959
19186038
j6959
19186038
j6959
19186038
j6959
19186038
j6960
19192998
j6961
19192998
j6961
19192998
j6961
19192998
j6961
19192998
j6961
19192998
j6962
19199960
j6962
19199960
j6962
19199960
j6962
19199960
j6962
19199960
j6963
19199960
j6963
19206923
j6963
19206923
j6963
19206923
j6964
19213887
j6964
19213887
j6964
19213887
j6964
19213887
j6964
19213887
j6965
19213887
j6965
19213887
j6965
19220852
j6966
19227818
j6967
19227818
j6967
19227818
j6967
19227818
j6967
19227818
j6967
19227818
j6968
19234786
j6968
19234786
j6968
19234786
j6968
19234786
j6968
19234786
j6969
19234786
j6969
19241755
j6969
19241755
j6969
19241755
j6969
19241755
j6970
19248725
j6970
19248725
j6971
19248725
j6971
19248725
j6971
19248725
j6971
19248725
j6971
19248725
j6972
19255697
j6973
19255697
j6973
19255697
j6973
19255697
j6973
19255697
j6973
19255697
j6974
19262671
j6974
19262671
j6974
19262671
j6974
19262671
j6975
19262671
j6975
19269646
j6976
19276622
j6976
19276622
j6976
19276622
j6976
19276622
j6976
19276622
j6977
19276622
j6977
19276622
j6977
19276622
j6977
19276622
j6977
19276622
j6978
19283600
j6979
19283600
j6979
19283600
j6979
19283600
j6979
19290579
j6979
19290579
j6980
19297559
j6980
19297559
j6981
19297559
j6981
19304540
j6981
19304540
j6981
19304540
j6981
19304540
j6982
19311522
j6982
19311522
j6982
19311522
j6982
19311522
j6982
19311522
j6983
19311522
j6983
19311522
j6983
19311522
j6983
19311522
j6983
19311522
j6984
19318506
j6985
19318506
j6985
19318506
j6985
19325491
j6985
19325491
j6986
19332477
j6986
19332477
j6986
19332477
j6987
19332477
j6987
19339464
j6987
19339464
j6987
19339464
j6987
19339464
j6988
19346452
j6988
19346452
j6988
19346452
j6988
19346452
j6988
19346452
j6989
19346452
j6989
19346452
j6989
19346452
j6989
19346452
j6989
19346452
j6990
19353442
j6991
19353442
j6991
19353442
j6991
19353442
j6991
19353442
j6991
19353442
j6992
19360434
j6992
19360434
j6992
19360434
j6992
19360434
j6992
19360434
j6993
19360434
j6993
19367427
j6993
19367427
j6994
19374421
j6994
19374421
j6994
19374421
j6994
19374421
j6994
19374421
j6995
19374421
j6995
19374421
j6995
19381416
j6995
19381416
j6995
19381416
j6996
19388412
j6997
19388412
j6997
19388412
j6997
19388412
j6997
19388412
j6997
19388412
j6998
19395410
j6998
19395410
j6998
19395410
j6998
19395410
j6998
19395410
j6999
19395410
j6999
19402409
j6999
19402409
j6999
19402409
j6999
19402409
j7000
19409409
j7000
19409409
j7001
19409409
j7001
19409409
j7001
19409409
j7001
19409409
j7001
19409409
j7002
19416411
j7003
19416411
j7003
19416411
j7003
19416411
j7003
19416411
j7003
19416411
j7004
19423415
j7004
19423415
j7004
19423415
j7004
19423415
j7004
19423415
j7005
19423415
j7005
19430420
j7006
19437426
j7006
19437426
j7006
19437426
j7006
19437426
j7006
19437426
j7007
19437426
j7007
19437426
j7007
19437426
j7007
19444433
j7008
19451441
j7009
19451441
j7009
19451441
j7009
19451441
j7009
19451441
j7009
19451441
j7010
19458451
j7010
19458451
j7011
19458451
j7011
19465462
j7011
19465462
j7011
19465462
j7011
19465462
j7012
19472474
j7012
19472474
j7012
19472474
j7012
19472474
j7012
19472474
j7013
19472474
j7013
19472474
j7013
19472474
j7013
19472474
j7013
19472474
j7014
19479488
j7015
19479488
j7015
19479488
j7015
19486503
j7015
19486503
j7015
19486503
j7016
19493519
j7016
19493519
j7016
19493519
j7016
19493519
j7016
19493519
j7017
19493519
j7017
19500536
j7017
19500536
j7017
19500536
j7017
19500536
j7018
19507554
j7018
19507554
j7018
19507554
j7018
19507554
j7019
19507554
j7019
19507554
j7019
19507554
j7019
19507554
j7019
19507554
j7020
19514574
j7021
19514574
j7021
19514574
j7021
19514574
j7021
19521595
j7021
19521595
j7022
19528617
j7022
19528617
j7022
19528617
j7022
19528617
j7022
19528617
j7023
19528617
j7023
19535640
j7023
19535640
j7023
19535640
j7023
19535640
j7024
19542664
j7024
19542664
j7024
19542664
j7024
19542664
j7024
19542664
j7025
19542664
j7025
19542664
j7025
19549689
j7025
19549689
j7025
19549689
j7026
19556715
j7027
19556715
j7027
19556715
j7027
19556715
j7027
19556715
j7027
19556715
j7028
19563743
j7028
19563743
j7028
19563743
j7029
19563743
j7029
19570772
j7029
19570772
j7029
19570772
j7030
19577802
j7030
19577802
j7031
19577802
j7031
19577802
j7031
19577802
j7031
19577802
j7031
19577802
j7032
19584834
j7033
19584834
j7033
19584834
j7033
19584834
j7033
19584834
j7033
19584834
j7034
19591868
j7034
19591868
j7034
19591868
j7034
19591868
j7034
19591868
j7035
19591868
j7035
19598903
j7036
19605939
j7036
19605939
j7036
19605939
j7036
19605939
j7036
19605939
j7037
19605939
j7037
19605939
j7037
19605939
j7037
19605939
j7037
19605939
j7038
19612977
j7039
19612977
j7039
19612977
j7039
19612977
j7039
19612977
j7039
19612977
j7040
19620017
j7040
19620017
j7041
19620017
j7041
19627058
j7041
19627058
j7041
19627058
j7041
19627058
j7042
19634100
j7042
19634100
j7042
19634100
j7043
19634100
j7043
19634100
j7043
19634100
j7043
19634100
j7043
19634100
j7044
19641144
j7045
19641144
j7045
19641144
j7045
19648189
j7045
19648189
j7045
19648189
j7046
19655235
j7046
19655235
j7046
19655235
j7046
19655235
j7046
19655235
j7047
19655235
j7047
19662282
j7047
19662282
j7047
19662282
j7047
19662282
j7048
19669330
j7048
19669330
j7048
19669330
j7048
19669330
j7048
19669330
j7049
19669330
j7049
19669330
j7049
19669330
j7049
19676379
j7049
19676379
j7050
19683429
j7051
19683429
j7051
19683429
j7051
19683429
j7051
19683429
j7051
19690480
j7052
19697532
j7052
19697532
j7052
19697532
j7052
19697532
j7052
19697532
j7053
19697532
j7053
19704585
j7053
19704585
j7053
19704585
j7053
19704585
j7054
19711639
j7054
19711639
j7054
19711639
j7054
19711639
j7054
19711639
j7055
19711639
j7055
19711639
j7055
19718694
j7055
19718694
j7055
19718694
j7056
19725750
j7057
19725750
j7057
19725750
j7057
19725750
j7057
19725750
j7057
19725750
j7058
19732808
j7058
19732808
j7058
19732808
j7058
19732808
j7058
19732808
j7059
19732808
j7059
19739867
j7059
19739867
j7059
19739867
j7059
19739867
j7060
19746927
j7060
19746927
j7061
19746927
j7061
19746927
j7061
19746927
j7061
19746927
j7061
19746927
j7062
19753989
j7063
19753989
j7063
19753989
j7063
19753989
j7063
19761052
j7063
19761052
j7064
19768116
j7064
19768116
j7064
19768116
j7064
19768116
j7064
19768116
j7065
19768116
j7065
19775181
j7066
19782247
j7066
19782247
j7066
19782247
j7066
19782247
j7066
19782247
j7067
19782247
j7067
19782247
j7067
19782247
j7067
19782247
j7067
19782247
j7068
19789315
j7069
19789315
j7069
19789315
j7069
19789315
j7069
19789315
j7069
19789315
j7070
19796385
j7070
19796385
j7071
19796385
j7071
19803456
j7071
19803456
j7071
19803456
j7071
19803456
j7072
19810528
j7072
19810528
j7072
19810528
j7072
19810528
j7072
19810528
j7073
19810528
j7073
19810528
j7073
19810528
j7073
19810528
j7073
19817601
j7074
19824675
j7075
19824675
j7075
19824675
j7075
19831750
j7075
19831750
j7075
19831750
j7076
19838826
j7076
19838826
j7076
19838826
j7076
19838826
j7076
19838826
j7077
19838826
j7077
19845903
j7077
19845903
j7078
19852981
j7078
19852981
j7078
19852981
j7078
19852981
j7078
19852981
j7079
19852981
j7079
19852981
j7079
19852981
j7079
19852981
j7079
19852981
j7080
19860061
j7081
19860061
j7081
19860061
j7081
19860061
j7081
19860061
j7081
19860061
j7082
19867143
j7082
19867143
j7082
19867143
j7082
19867143
j7082
19867143
j7083
19867143
j7083
19874226
j7083
19874226
j7083
19874226
j7083
19874226
j7084
19881310
j7084
19881310
j7084
19881310
j7085
19881310
j7085
19881310
j7085
19888395
j7085
19888395
j7085
19888395
j7086
19895481
j7087
19895481
j7087
19895481
j7087
19895481
j7087
19895481
j7087
19895481
j7088
19902569
j7088
19902569
j7088
19902569
j7088
19902569
j7088
19902569
j7089
19902569
j7089
19909658
j7089
19909658
j7089
19909658
j7089
19909658
j7090
19916748
j7090
19916748
j7091
19916748
j7091
19916748
j7091
19916748
j7091
19923839
j7091
19923839
j7092
19930931
j7093
19930931
j7093
19930931
j7093
19930931
j7093
19930931
j7093
19930931
j7094
19938025
j7094
19938025
j7094
19938025
j7094
19938025
j7094
19938025
j7095
19938025
j7095
19945120
j7096
19952216
j7096
19952216
j7096
19952216
j7096
19952216
j7096
19952216
j7097
19952216
j7097
19952216
j7097
19952216
j7097
19952216
j7097
19952216
j7098
19959314
j7099
19959314
j7099
19959314
j7099
19959314
j7099
19959314
j7099
19959314
j7100
19966414
j7100
19966414
j7101
19966414
j7101
19973515
j7101
19973515
j7101
19973515
j7101
19973515
j7102
19980617
j7102
19980617
j7102
19980617
j7102
19980617
j7102
19980617
j7103
19980617
j7103
19980617
j7103
19980617
j7103
19980617
j7103
19980617
j7104
19987721
j7105
19987721
j7105
19987721
j7105
19994826
j7106
20001932
j7106
20001932
j7106
20001932
j7106
20001932
j7107
20001932
j7107
20009039
j7107
20009039
j7107
20009039
j7107
20009039
j7108
20016147
j7108
20016147
j7108
20016147
j7108
20016147
j7108
20016147
j7109
20016147
j7109
20016147
j7109
20016147
j7109
20016147
j7109
20016147
j7110
20023257
j7111
20023257
j7111
20023257
j7111
20023257
j7111
20023257
j7111
20023257
j7112
20030369
j7112
20030369
j7112
20030369
j7113
20030369
j7113
20037482
j7113
20037482
j7113
20037482
j7113
20037482
j7114
20044596
j7114
20044596
j7114
20044596
j7114
20044596
j7114
20044596
j7115
20044596
j7115
20044596
j7115
20051711
j7115
20051711
j7115
20051711
j7116
20058827
j7117
20058827
j7117
20058827
j7117
20058827
j7117
20058827
j7117
20065944
j7118
20073062
j7118
20073062
j7118
20073062
j7118
20073062
j7118
20073062
j7119
20073062
j7119
20080181
j7119
20080181
j7120
20087301
j7120
20087301
j7121
20087301
j7121
20087301
j7121
20087301
j7121
20087301
j7121
20087301
j7122
20094423
j7123
20094423
j7123
20094423
j7123
20094423
j7123
20094423
j7123
20094423
j7124
20101547
j7124
20101547
j7124
20101547
j7124
20101547
j7124
20101547
j7125
20101547
j7125
20108672
j7126
20115798
j7126
20115798
j7126
20115798
j7127
20115798
j7127
20115798
j7127
20115798
j7127
20115798
j7127
20115798
j7128
20122926
j7129
20122926
j7129
20122926
j7129
20122926
j7129
20122926
j7129
20122926
j7130
20130056
j7130
20130056
j7131
20130056
j7131
20137187
j7131
20137187
j7131
20137187
j7131
20137187
j7132
20144319
j7132
20144319
j7132
20144319
j7132
20144319
j7132
20144319
j7133
20144319
j7133
20144319
j7133
20144319
j7133
20151452
j7133
20151452
j7134
20158586
j7135
20158586
j7135
20158586
j7135
20165721
j7135
20165721
j7135
20165721
j7136
20172857
j7136
20172857
j7136
20172857
j7136
20172857
j7136
20172857
j7137
20172857
j7137
20179994
j7137
20179994
j7137
20179994
j7137
20179994
j7138
20187132
j7138
20187132
j7138
20187132
j7138
20187132
j7138
20187132
j7139
20187132
j7139
20187132
j7139
20187132
j7139
20187132
j7139
20194271
j7140
20201411
j7141
20201411
j7141
20201411
j7141
20201411
j7141
20201411
j7141
20201411
j7142
20208553
j7142
20208553
j7142
20208553
j7142
20208553
j7142
20208553
j7143
20208553
j7143
20215696
j7143
20215696
j7143
20215696
j7143
20215696
j7144
20222840
j7144
20222840
j7144
20222840
j7144
20222840
j7144
20222840
j7145
20222840
j7145
20222840
j7145
20229985
j7145
20229985
j7145
20229985
j7146
20237131
j7147
20237131
j7147
20237131
j7147
20237131
j7147
20244278
j7147
20244278
j7148
20251426
j7148
20251426
j7148
20251426
j7148
20251426
j7148
20251426
j7149
20251426
j7149
20258575
j7149
20258575
j7149
20258575
j7149
20258575
j7150
20265725
j7150
20265725
j7151
20265725
j7151
20265725
j7151
20265725
j7151
20265725
j7151
20265725
j7152
20272877
j7153
20272877
j7153
20272877
j7153
20272877
j7153
20272877
j7153
20272877
j7154
20280031
j7154
20280031
j7154
20280031
j7155
20280031
j7155
20287186
j7156
20294342
j7156
20294342
j7156
20294342
j7156
20294342
j7156
20294342
j7157
20294342
j7157
20294342
j7157
20294342
j7157
20294342
j7157
20294342
j7158
20301500
j7159
20301500
j7159
20301500
j7159
20301500
j7159
20301500
j7159
20301500
j7160
20308660
j7160
20308660
j7161
20308660
j7161
20315821
j7161
20315821
j7162
20322983
j7162
20322983
j7162
20322983
j7162
20322983
j7162
20322983
j7163
20322983
j7163
20322983
j7163
20322983
j7163
20322983
j7163
20322983
j7164
20330147
j7165
20330147
j7165
20330147
j7165
20337312
j7165
20337312
j7165
20337312
j7166
20344478
j7166
20344478
j7166
20344478
j7166
20344478
j7166
20344478
j7167
20344478
j7167
20351645
j7167
20351645
j7167
20351645
j7167
20351645
j7168
20358813
j7168
20358813
j7168
20358813
j7169
20358813
j7169
20358813
j7169
20358813
j7169
20358813
j7169
20358813
j7170
20365983
j7171
20365983
j7171
20365983
j7171
20365983
j7171
20365983
j7171
20365983
j7172
20373155
j7172
20373155
j7172
20373155
j7172
20373155
j7173
20373155
j7173
20380328
j7173
20380328
j7173
20380328
j7173
20380328
j7174
20387502
j7174
20387502
j7174
20387502
j7174
20387502
j7174
20387502
j7175
20387502
j7175
20387502
j7175
20394677
j7176
20401853
j7177
20401853
j7177
20401853
j7177
20401853
j7177
20401853
j7177
20401853
j7178
20409031
j7178
20409031
j7178
20409031
j7178
20409031
j7178
20409031
j7179
20409031
j7179
20416210
j7179
20416210
j7179
20416210
j7179
20416210
j7180
20423390
j7180
20423390
j7181
20423390
j7181
20423390
j7181
20423390
j7181
20423390
j7181
20423390
j7182
20430572
j7183
20430572
j7183
20430572
j7183
20430572
j7183
20430572
j7183
20437755
j7184
20444939
j7184
20444939
j7184
20444939
j7184
20444939
j7184
20444939
j7185
20444939
j7185
20452124
j7186
20459310
j7186
20459310
j7186
20459310
j7186
20459310
j7186
20459310
j7187
20459310
j7187
20459310
j7187
20459310
j7187
20459310
j7187
20459310
j7188
20466498
j7189
20466498
j7189
20466498
j7189
20466498
j7189
20473687
j7189
20473687
j7190
20480877
j7190
20480877
j7191
20480877
j7191
20488068
j7191
20488068
j7191
20488068
j7191
20488068
j7192
20495260
j7192
20495260
j7192
20495260
j7192
20495260
j7192
20495260
j7193
20495260
j7193
20495260
j7193
20495260
j7193
20495260
j7193
20495260
j7194
20502454
j7195
20502454
j7195
20502454
j7195
20509649
j7195
20509649
j7195
20509649
j7196
20516845
j7196
20516845
j7196
20516845
j7197
20516845
j7197
20524042
j7197
20524042
j7197
20524042
j7197
20524042
j7198
20531240
j7198
20531240
j7198
20531240
j7198
20531240
j7198
20531240
j7199
20531240
j7199
20531240
j7199
20531240
j7199
20531240
j7199
20531240
j7200
20538440
j7201
20538440
j7201
20538440
j7201
20538440
j7201
20538440
j7201
20538440
j7202
20545642
j7202
20545642
j7202
20545642
j7202
20545642
j7202
20545642
j7203
20545642
j7203
20552845
j7203
20552845
j7204
20560049
j7204
20560049
j7204
20560049
j7204
20560049
j7204
20560049
j7205
20560049
j7205
20560049
j7205
20567254
j7205
20567254
j7206
20574460
j7207
20574460
j7207
20574460
j7207
20574460
j7207
20574460
j7207
20574460
j7208
20581668
j7208
20581668
j7208
20581668
j7208
20581668
j7208
20581668
j7209
20581668
j7209
20588877
j7209
20588877
j7209
20588877
j7209
20588877
j7210
20596087
j7210
20596087
j7211
20596087
j7211
20596087
j7211
20596087
j7211
20596087
j7211
20596087
j7212
20603299
j7213
20603299
j7213
20603299
j7213
20603299
j7213
20603299
j7213
20603299
j7214
20610513
j7214
20610513
j7214
20610513
j7214
20610513
j7214
20610513
j7215
20610513
j7215
20617728
j7216
20624944
j7216
20624944
j7216
20624944
j7216
20624944
j7217
20624944
j7217
20624944
j7217
20624944
j7217
20632161
j7217
20632161
j7218
20639379
j7219
20639379
j7219
20639379
j7219
20639379
j7219
20639379
j7219
20639379
j7220
20646599
j7220
20646599
j7221
20646599
j7221
20653820
j7221
20653820
j7221
20653820
j7221
20653820
j7222
20661042
j7222
20661042
j7222
20661042
j7222
20661042
j7222
20661042
j7223
20661042
j7223
20661042
j7223
20661042
j7223
20661042
j7223
20661042
j7224
20668266
j7225
20668266
j7225
20668266
j7225
20675491
j7225
20675491
j7225
20675491
j7226
20682717
j7226
20682717
j7226
20682717
j7226
20682717
j7226
20682717
j7227
20682717
j7227
20689944
j7227
20689944
j7227
20689944
j7228
20697172
j7228
20697172
j7228
20697172
j7228
20697172
j7228
20697172
j7229
20697172
j7229
20697172
j7229
20697172
j7229
20697172
j7229
20697172
j7230
20704402
j7231
20704402
j7231
20704402
j7231
20704402
j7231
20711633
j7231
20711633
j7232
20718865
j7232
20718865
j7232
20718865
j7232
20718865
j7232
20718865
j7233
20718865
j7233
20726098
j7233
20726098
j7233
20726098
j7233
20726098
j7234
20733332
j7234
20733332
j7234
20733332
j7234
20733332
j7234
20733332
j7235
20733332
j7235
20733332
j7235
20740567
j7235
20740567
j7235
20740567
j7236
20747803
j7237
20747803
j7237
20747803
j7237
20747803
j7237
20747803
j7237
20747803
j7238
20755041
j7238
20755041
j7238
20755041
j7239
20755041
j7239
20762280
j7239
20762280
j7239
20762280
j7239
20762280
j7240
20769520
j7240
20769520
j7241
20769520
j7241
20769520
j7241
20769520
j7241
20769520
j7241
20769520
j7242
20776762
j7243
20776762
j7243
20776762
j7243
20776762
j7243
20776762
j7243
20776762
j7244
20784006
j7244
20784006
j7244
20784006
j7244
20784006
j7244
20784006
j7245
20784006
j7245
20791251
j7246
20798497
j7246
20798497
j7246
20798497
j7246
20798497
j7246
20798497
j7247
20798497
j7247
20798497
j7247
20798497
j7247
20798497
j7247
20798497
j7248
20805745
j7249
20805745
j7249
20805745
j7249
20805745
j7249
20805745
j7249
20812994
j7250
20820244
j7250
20820244
j7251
20820244
j7251
20827495
j7251
20827495
j7251
20827495
j7251
20827495
j7252
20834747
j7252
20834747
j7252
20834747
j7253
20834747
j7253
20834747
j7253
20834747
j7253
20834747
j7253
20834747
j7254
20842001
j7255
20842001
j7255
20842001
j7255
20849256
j7255
20849256
j7255
20849256
j7256
20856512
j7256
20856512
j7256
20856512
j7256
20856512
j7256
20856512
j7257
20856512
j7257
20863769
j7257
20863769
j7257
20863769
j7257
20863769
j7258
20871027
j7258
20871027
j7258
20871027
j7258
20871027
j7258
20871027
j7259
20871027
j7259
20871027
j7259
20871027
j7259
20878286
j7259
20878286
j7260
20885546
j7261
20885546
j7261
20885546
j7261
20885546
j7261
20885546
j7261
20885546
j7262
20892808
j7262
20892808
j7262
20892808
j7262
20892808
j7262
20892808
j7263
20892808
j7263
20900071
j7263
20900071
j7263
20900071
j7263
20900071
j7264
20907335
j7264
20907335
j7264
20907335
j7264
20907335
j7264
20907335
j7265
20907335
j7265
20907335
j7265
20914600
j7265
20914600
j7265
20914600
j7266
20921866
j7267
20921866
j7267
20921866
j7267
20921866
j7267
20921866
j7267
20921866
j7268
20929134
j7268
20929134
j7268
20929134
j7268
20929134
j7268
20929134
j7269
20929134
j7269
20936403
j7269
20936403
j7269
20936403
j7269
20936403
j7270
20943673
j7270
20943673
j7271
20943673
j7271
20943673
j7271
20943673
j7271
20943673
j7271
20950944
j7272
20958216
j7273
20958216
j7273
20958216
j7273
20958216
j7273
20965489
j7273
20965489
j7274
20972763
j7274
20972763
j7274
20972763
j7274
20972763
j7274
20972763
j7275
20972763
j7275
20980038
j7276
20987314
j7276
20987314
j7276
20987314
j7276
20987314
j7276
20987314
j7277
20987314
j7277
20987314
j7277
20987314
j7277
20987314
j7277
20987314
j7278
20994592
j7279
20994592
j7279
20994592
j7279
20994592
j7279
20994592
j7279
20994592
j7280
21001872
j7280
21001872
j7281
21001872
j7281
21009153
j7281
21009153
j7281
21009153
j7281
21009153
j7282
21016435
j7282
21016435
j7282
21016435
j7282
21016435
j7283
21016435
j7283
21016435
j7283
21016435
j7283
21016435
j7283
21016435
j7284
21023719
j7285
21023719
j7285
21023719
j7285
21031004
j7285
21031004
j7285
21031004
j7286
21038290
j7286
21038290
j7286
21038290
j7286
21038290
j7286
21038290
j7287
21038290
j7287
21045577
j7287
21045577
j7288
21052865
j7288
21052865
j7288
21052865
j7288
21052865
j7288
21052865
j7289
21052865
j7289
21052865
j7289
21052865
j7289
21052865
j7289
21052865
j7290
21060155
j7291
21060155
j7291
21060155
j7291
21060155
j7291
21060155
j7291
21060155
j7292
21067447
j7292
21067447
j7292
21067447
j7292
21067447
j7292
21067447
j7293
21067447
j7293
21074740
j7293
21074740
j7293
21074740
j7294
21082034
j7294
21082034
j7294
21082034
j7295
21082034
j7295
21082034
j7295
21089329
j7295
21089329
j7295
21089329
j7296
21096625
j7297
21096625
j7297
21096625
j7297
21096625
j7297
21096625
j7297
21096625
j7298
21103923
j7298
21103923
j7298
21103923
j7298
21103923
j7298
21103923
j7299
21103923
j7299
21111222
j7299
21111222
j7299
21111222
j7299
21111222
j7300
21118522
j7300
21118522
j7301
21118522
j7301
21118522
j7301
21118522
j7301
21125823
j7301
21125823
j7302
21133125
j7303
21133125
j7303
21133125
j7303
21133125
j7303
21133125
j7303
21133125
j7304
21140429
j7304
21140429
j7304
21140429
j7304
21140429
j7305
21140429
j7305
21147734
j7306
21155040
j7306
21155040
j7306
21155040
j7306
21155040
j7306
21155040
j7307
21155040
j7307
21155040
j7307
21155040
j7307
21155040
j7307
21155040
j7308
21162348
j7309
21162348
j7309
21162348
j7309
21162348
j7309
21162348
j7309
21162348
j7310
21169658
j7310
21169658
j7311
21169658
j7311
21176969
j7311
21176969
j7311
21176969
j7311
21176969
j7312
21184281
j7312
21184281
j7312
21184281
j7312
21184281
j7312
21184281
j7313
21184281
j7313
21184281
j7313
21184281
j7313
21184281
j7313
21184281
j7314
21191595
j7315
21191595
j7315
21191595
j7315
21198910
j7316
21206226
j7316
21206226
j7316
21206226
j7316
21206226
j7316
21206226
j7317
21206226
j7317
21213543
j7317
21213543
j7317
21213543
j7317
21213543
j7318
21220861
j7318
21220861
j7318
21220861
j7318
21220861
j7318
21220861
j7319
21220861
j7319
21220861
j7319
21220861
j7319
21220861
j7319
21220861
j7320
21228181
j7321
21228181
j7321
21228181
j7321
21228181
j7321
21228181
j7321
21228181
j7322
21235503
j7322
21235503
j7322
21235503
j7323
21235503
j7323
21242826
j7323
21242826
j7323
21242826
j7323
21242826
j7324
21250150
j7324
21250150
j7324
21250150
j7324
21250150
j7324
21250150
j7325
21250150
j7325
21250150
j7325
21257475
j7325
21257475
j7325
21257475
j7326
21264801
j7327
21264801
j7327
21264801
j7327
21264801
j7327
21264801
j7327
21264801
j7328
21272129
j7328
21272129
j7328
21272129
j7328
21272129
j7328
21272129
j7329
21272129
j7329
21279458
j7329
21279458
j7330
21286788
j7330
21286788
j7331
21286788
j7331
21286788
j7331
21286788
j7331
21286788
j7331
21286788
j7332
21294120
j7333
21294120
j7333
21294120
j7333
21294120
j7333
21294120
j7333
21294120
j7334
21301454
j7334
21301454
j7334
21301454
j7334
21301454
j7334
21301454
j7335
21301454
j7335
21308789
j7336
21316125
j7336
21316125
j7336
21316125
j7337
21316125
j7337
21316125
j7337
21316125
j7337
21316125
j7337
21323462
j7338
21330800
j7339
21330800
j7339
21330800
j7339
21330800
j7339
21330800
j7339
21330800
j7340
21338140
j7340
21338140
j7341
21338140
j7341
21345481
j7341
21345481
j7341
21345481
j7341
21345481
j7342
21352823
j7342
21352823
j7342
21352823
j7342
21352823
j7342
21352823
j7343
21352823
j7343
21352823
j7343
21352823
j7343
21360166
j7343
21360166
j7344
21367510
j7345
21367510
j7345
21367510
j7345
21374855
j7345
21374855
j7345
21374855
j7346
21382201
j7346
21382201
j7346
21382201
j7346
21382201
j7346
21382201
j7347
21382201
j7347
21389548
j7347
21389548
j7347
21389548
j7347
21389548
j7348
21396896
j7348
21396896
j7348
21396896
j7348
21396896
j7349
21396896
j7349
21396896
j7349
21396896
j7349
21396896
j7349
21396896
j7350
21404246
j7351
21404246
j7351
21404246
j7351
21404246
j7351
21404246
j7351
21404246
j7352
21411598
j7352
21411598
j7352
21411598
j7352
21411598
j7352
21411598
j7353
21411598
j7353
21418951
j7353
21418951
j7353
21418951
j7353
21418951
j7354
21426305
j7354
21426305
j7354
21426305
j7354
21426305
j7354
21426305
j7355
21426305
j7355
21426305
j7355
21433660
j7355
21433660
j7355
21433660
j7356
21441016
j7357
21441016
j7357
21441016
j7357
21441016
j7357
21448373
j7357
21448373
j7358
21455731
j7358
21455731
j7358
21455731
j7358
21455731
j7358
21455731
j7359
21455731
j7359
21463090
j7359
21463090
j7359
21463090
j7360
21470450
j7360
21470450
j7361
21470450
j7361
21470450
j7361
21470450
j7361
21470450
j7361
21470450
j7362
21477812
j7363
21477812
j7363
21477812
j7363
21477812
j7363
21477812
j7363
21477812
j7364
21485176
j7364
21485176
j7364
21485176
j7365
21485176
j7365
21492541
j7366
21499907
j7366
21499907
j7366
21499907
j7366
21499907
j7366
21499907
j7367
21499907
j7367
21499907
j7367
21499907
j7367
21499907
j7367
21499907
j7368
21507275
j7369
21507275
j7369
21507275
j7369
21507275
j7369
21507275
j7369
21507275
j7370
21514645
j7370
21514645
j7371
21514645
j7371
21522016
j7371
21522016
j7372
21529388
j7372
21529388
j7372
21529388
j7372
21529388
j7372
21529388
j7373
21529388
j7373
21529388
j7373
21529388
j7373
21529388
j7373
21529388
j7374
21536762
j7375
21536762
j7375
21536762
j7375
21544137
j7375
21544137
j7375
21544137
j7376
21551513
j7376
21551513
j7376
21551513
j7376
21551513
j7376
21551513
j7377
21551513
j7377
21558890
j7377
21558890
j7377
21558890
j7377
21558890
j7378
21566268
j7378
21566268
j7378
21566268
j7379
21566268
j7379
21566268
j7379
21566268
j7379
21566268
j7379
21566268
j7380
21573648
j7381
21573648
j7381
21573648
j7381
21573648
j7381
21573648
j7381
21581029
j7382
21588411
j7382
21588411
j7382
21588411
j7382
21588411
j7382
21588411
j7383
21588411
j7383
21595794
j7383
21595794
j7383
21595794
j7383
21595794
j7384
21603178
j7384
21603178
j7384
21603178
j7384
21603178
j7384
21603178
j7385
21603178
j7385
21603178
j7385
21610563
j7386
21617949
j7387
21617949
j7387
21617949
j7387
21617949
j7387
21617949
j7387
21617949
j7388
21625337
j7388
21625337
j7388
21625337
j7388
21625337
j7388
21625337
j7389
21625337
j7389
21632726
j7389
21632726
j7389
21632726
j7389
21632726
j7390
21640116
j7390
21640116
j7391
21640116
j7391
21640116
j7391
21640116
j7391
21640116
j7391
21640116
j7392
21647508
j7393
21647508
j7393
21647508
j7393
21647508
j7393
21647508
j7393
21647508
j7394
21654902
j7394
21654902
j7394
21654902
j7394
21654902
j7394
21654902
j7395
21654902
j7395
21662297
j7396
21669693
j7396
21669693
j7396
21669693
j7396
21669693
j7396
21669693
j7397
21669693
j7397
21669693
j7397
21669693
j7397
21669693
j7397
21669693
j7398
21677091
j7399
21677091
j7399
21677091
j7399
21677091
j7399
21684490
j7399
21684490
j7400
21691890
j7400
21691890
j7401
21691890
j7401
21699291
j7401
21699291
j7401
21699291
j7401
21699291
j7402
21706693
j7402
21706693
j7402
21706693
j7402
21706693
j7402
21706693
j7403
21706693
j7403
21706693
j7403
21706693
j7403
21706693
j7403
21714096
j7404
21721500
j7405
21721500
j7405
21721500
j7405
21728905
j7405
21728905
j7405
21728905
j7406
21736311
j7406
21736311
j7406
21736311
j7407
21736311
j7407
21743718
j7407
21743718
j7407
21743718
j7407
21743718
j7408
21751126
j7408
21751126
j7408
21751126
j7408
21751126
j7408
21751126
j7409
21751126
j7409
21751126
j7409
21751126
j7409
21751126
j7409
21751126
j7410
21758536
j7411
21758536
j7411
21758536
j7411
21758536
j7411
21758536
j7411
21758536
j7412
21765948
j7412
21765948
j7412
21765948
j7412
21765948
j7412
21765948
j7413
21765948
j7413
21773361
j7413
21773361
j7414
21780775
j7414
21780775
j7414
21780775
j7414
21780775
j7415
21780775
j7415
21780775
j7415
21788190
j7415
21788190
j7415
21788190
j7416
21795606
j7417
21795606
j7417
21795606
j7417
21795606
j7417
21795606
j7417
21795606
j7418
21803024
j7418
21803024
j7418
21803024
j7418
21803024
j7418
21803024
j7419
21803024
j7419
21810443
j7419
21810443
j7419
21810443
j7419
21810443
j7420
21817863
j7420
21817863
j7421
21817863
j7421
21817863
j7421
21817863
j7421
21817863
j7421
21817863
j7422
21825285
j7423
21825285
j7423
21825285
j7423
21825285
j7423
21825285
j7423
21825285
j7424
21832709
j7424
21832709
j7424
21832709
j7424
21832709
j7424
21832709
j7425
21832709
j7425
21840134
j7426
21847560
j7426
21847560
j7426
21847560
j7426
21847560
j7426
21847560
j7427
21847560
j7427
21847560
j7427
21847560
j7427
21854987
j7427
21854987
j7428
21862415
j7429
21862415
j7429
21862415
j7429
21862415
j7429
21862415
j7429
21862415
j7430
21869845
j7430
21869845
j7431
21869845
j7431
21877276
j7431
21877276
j7431
21877276
j7431
21877276
j7432
21884708
j7432
21884708
j7432
21884708
j7432
21884708
j7432
21884708
j7433
21884708
j7433
21884708
j7433
21884708
j7433
21884708
j7433
21884708
j7434
21892142
j7435
21892142
j7435
21892142
j7435
21899577
j7435
21899577
j7435
21899577
j7436
21907013
j7436
21907013
j7436
21907013
j7436
21907013
j7437
21907013
j7437
21914450
j7437
21914450
j7437
21914450
j7437
21914450
j7438
21921888
j7438
21921888
j7438
21921888
j7438
21921888
j7438
21921888
j7439
21921888
j7439
21921888
j7439
21921888
j7439
21921888
j7439
21921888
j7440
21929328
j7441
21929328
j7441
21929328
j7441
21929328
j7441
21936769
j7441
21936769
j7442
21944211
j7442
21944211
j7442
21944211
j7442
21944211
j7442
21944211
j7443
21944211
j7443
21951654
j7443
21951654
j7443
21951654
j7443
21951654
j7444
21959098
j7444
21959098
j7444
21959098
j7444
21959098
j7444
21959098
j7445
21959098
j7445
21959098
j7445
21966543
j7445
21966543
j7445
21966543
j7446
21973989
j7447
21973989
j7447
21973989
j7447
21973989
j7447
21973989
j7447
21981436
j7448
21988884
j7448
21988884
j7448
21988884
j7449
21988884
j7449
21996333
j7449
21996333
j7449
21996333
j7449
21996333
j7450
22003783
j7450
22003783
j7451
22003783
j7451
22003783
j7451
22003783
j7451
22003783
j7451
22003783
j7452
22011235
j7453
22011235
j7453
22011235
j7453
22011235
j7453
22011235
j7453
22011235
j7454
22018689
j7454
22018689
j7454
22018689
j7454
22018689
j7454
22018689
j7455
22018689
j7455
22026144
j7456
22033600
j7456
22033600
j7456
22033600
j7456
22033600
j7456
22033600
j7457
22033600
j7457
22033600
j7457
22033600
j7457
22033600
j7457
22033600
j7458
22041058
j7459
22041058
j7459
22041058
j7459
22041058
j7459
22041058
j7459
22041058
j7460
22048518
j7460
22048518
j7461
22048518
j7461
22055979
j7461
22055979
j7461
22055979
j7461
22055979
j7462
22063441
j7462
22063441
j7462
22063441
j7463
22063441
j7463
22063441
j7463
22063441
j7463
22063441
j7463
22063441
j7464
22070905
j7465
22070905
j7465
22070905
j7465
22078370
j7465
22078370
j7465
22078370
j7466
22085836
j7466
22085836
j7466
22085836
j7466
22085836
j7466
22085836
j7467
22085836
j7467
22093303
j7467
22093303
j7467
22093303
j7467
22093303
j7468
22100771
j7468
22100771
j7468
22100771
j7468
22100771
j7468
22100771
j7469
22100771
j7469
22100771
j7469
22100771
j7469
22108240
j7470
22115710
j7471
22115710
j7471
22115710
j7471
22115710
j7471
22115710
j7471
22115710
j7472
22123182
j7472
22123182
j7472
22123182
j7472
22123182
j7472
22123182
j7473
22123182
j7473
22130655
j7473
22130655
j7473
22130655
j7473
22130655
j7474
22138129
j7474
22138129
j7474
22138129
j7474
22138129
j7474
22138129
j7475
22138129
j7475
22138129
j7475
22145604
j7475
22145604
j7475
22145604
j7476
22153080
j7477
22153080
j7477
22153080
j7477
22153080
j7477
22153080
j7477
22153080
j7478
22160558
j7478
22160558
j7478
22160558
j7478
22160558
j7478
22160558
j7479
22160558
j7479
22168037
j7479
22168037
j7479
22168037
j7479
22168037
j7480
22175517
j7480
22175517
j7481
22175517
j7481
22175517
j7481
22175517
j7481
22175517
j7481
22175517
j7482
22182999
j7483
22182999
j7483
22182999
j7483
22182999
j7483
22190482
j7483
22190482
j7484
22197966
j7484
22197966
j7484
22197966
j7484
22197966
j7484
22197966
j7485
22197966
j7485
22205451
j7486
22212937
j7486
22212937
j7486
22212937
j7486
22212937
j7486
22212937
j7487
22212937
j7487
22212937
j7487
22212937
j7487
22212937
j7487
22212937
j7488
22220425
j7489
22220425
j7489
22220425
j7489
22220425
j7489
22220425
j7489
22220425
j7490
22227915
j7490
22227915
j7491
22227915
j7491
22235406
j7491
22235406
j7491
22235406
j7492
22242898
j7492
22242898
j7492
22242898
j7492
22242898
j7492
22242898
j7493
22242898
j7493
22242898
j7493
22242898
j7493
22242898
j7493
22242898
j7494
22250392
j7495
22250392
j7495
22250392
j7495
22257887
j7495
22257887
j7495
22257887
j7496
22265383
j7496
22265383
j7496
22265383
j7496
22265383
j7496
22265383
j7497
22265383
j7497
22272880
j7497
22272880
j7498
22280378
j7498
22280378
j7498
22280378
j7498
22280378
j7498
22280378
j7499
22280378
j7499
22280378
j7499
22280378
j7499
22280378
j7499
22280378
j7500
22287878
j7501
22287878
j7501
22287878
j7501
22287878
j7501
22287878
j7501
22287878
j7502
22295380
j7502
22295380
j7502
22295380
j7502
22295380
j7503
22295380
j7503
22302883
j7503
22302883
j7503
22302883
j7503
22302883
j7504
22310387
j7504
22310387
j7504
22310387
j7505
22310387
j7505
22310387
j7505
22317892
j7505
22317892
j7505
22317892
j7506
22325398
j7507
22325398
j7507
22325398
j7507
22325398
j7507
22325398
j7507
22325398
j7508
22332906
j7508
22332906
j7508
22332906
j7508
22332906
j7508
22332906
j7509
22332906
j7509
22340415
j7509
22340415
j7509
22340415
j7509
22340415
j7510
22347925
j7510
22347925
j7511
22347925
j7511
22347925
j7511
22347925
j7511
22355436
j7511
22355436
j7512
22362948
j7513
22362948
j7513
22362948
j7513
22362948
j7513
22362948
j7513
22370461
j7514
22377975
j7514
22377975
j7514
22377975
j7514
22377975
j7514
22377975
j7515
22377975
j7515
22385490
j7516
22393006
j7516
22393006
j7516
22393006
j7516
22393006
j7516
22393006
j7517
22393006
j7517
22393006
j7517
22393006
j7517
22393006
j7517
22393006
j7518
22400524
j7519
22400524
j7519
22400524
j7519
22400524
j7519
22400524
j7519
22400524
j7520
22408044
j7520
22408044
j7521
22408044
j7521
22415565
j7521
22415565
j7521
22415565
j7521
22415565
j7522
22423087
j7522
22423087
j7522
22423087
j7522
22423087
j7522
22423087
j7523
22423087
j7523
22423087
j7523
22423087
j7523
22423087
j7523
22423087
j7524
22430611
j7525
22430611
j7525
22430611
j7525
22438136
j7526
22445662
j7526
22445662
j7526
22445662
j7526
22445662
j7526
22445662
j7527
22445662
j7527
22453189
j7527
22453189
j7527
22453189
j7527
22453189
j7528
22460717
j7528
22460717
j7528
22460717
j7528
22460717
j7528
22460717
j7529
22460717
j7529
22460717
j7529
22460717
j7529
22460717
j7529
22460717
j7530
22468247
j7531
22468247
j7531
22468247
j7531
22468247
j7531
22468247
j7531
22468247
j7532
22475779
j7532
22475779
j7532
22475779
j7533
22475779
j7533
22483312
j7533
22483312
j7533
22483312
j7533
22483312
j7534
22490846
j7534
22490846
j7534
22490846
j7534
22490846
j7534
22490846
j7535
22490846
j7535
22490846
j7535
22498381
j7535
22498381
j7536
22505917
j7537
22505917
j7537
22505917
j7537
22505917
j7537
22505917
j7537
22505917
j7538
22513455
j7538
22513455
j7538
22513455
j7538
22513455
j7538
22513455
j7539
22513455
j7539
22520994
j7539
22520994
j7540
22528534
j7540
22528534
j7541
22528534
j7541
22528534
j7541
22528534
j7541
22528534
j7541
22528534
j7542
22536076
j7543
22536076
j7543
22536076
j7543
22536076
j7543
22536076
j7543
22536076
j7544
22543620
j7544
22543620
j7544
22543620
j7544
22543620
j7544
22543620
j7545
22543620
j7545
22551165
j7546
22558711
j7546
22558711
j7546
22558711
j7547
22558711
j7547
22558711
j7547
22558711
j7547
22558711
j7547
22558711
j7548
22566259
j7549
22566259
j7549
22566259
j7549
22566259
j7549
22566259
j7549
22566259
j7550
22573809
j7550
22573809
j7551
22573809
j7551
22581360
j7551
22581360
j7551
22581360
j7551
22581360
j7552
22588912
j7552
22588912
j7552
22588912
j7552
22588912
j7552
22588912
j7553
22588912
j7553
22588912
j7553
22588912
j7553
22596465
j7553
22596465
j7554
22604019
j7555
22604019
j7555
22604019
j7555
22611574
j7555
22611574
j7555
22611574
j7556
22619130
j7556
22619130
j7556
22619130
j7556
22619130
j7556
22619130
j7557
22619130
j7557
22626687
j7557
22626687
j7557
22626687
j7558
22634245
j7558
22634245
j7558
22634245
j7558
22634245
j7558
22634245
j7559
22634245
j7559
22634245
j7559
22634245
j7559
22634245
j7559
22634245
j7560
22641805
j7561
22641805
j7561
22641805
j7561
22641805
j7561
22641805
j7561
22641805
j7562
22649367
j7562
22649367
j7562
22649367
j7562
22649367
j7562
22649367
j7563
22649367
j7563
22656930
j7563
22656930
j7563
22656930
j7563
22656930
j7564
22664494
j7564
22664494
j7564
22664494
j7564
22664494
j7564
22664494
j7565
22664494
j7565
22664494
j7565
22672059
j7565
22672059
j7565
22672059
j7566
22679625
j7567
22679625
j7567
22679625
j7567
22679625
j7567
22687192
j7567
22687192
j7568
22694760
j7568
22694760
j7568
22694760
j7568
22694760
j7569
22694760
j7569
22702329
j7569
22702329
j7569
22702329
j7569
22702329
j7570
22709899
j7570
22709899
j7571
22709899
j7571
22709899
j7571
22709899
j7571
22709899
j7571
22709899
j7572
22717471
j7573
22717471
j7573
22717471
j7573
22717471
j7573
22717471
j7573
22717471
j7574
22725045
j7574
22725045
j7574
22725045
j7575
22725045
j7575
22732620
j7576
22740196
j7576
22740196
j7576
22740196
j7576
22740196
j7576
22740196
j7577
22740196
j7577
22740196
j7577
22740196
j7577
22740196
j7577
22740196
j7578
22747774
j7579
22747774
j7579
22747774
j7579
22747774
j7579
22747774
j7579
22755353
j7580
22762933
j7580
22762933
j7581
22762933
j7581
22770514
j7581
22770514
j7582
22778096
j7582
22778096
j7582
22778096
j7582
22778096
j7582
22778096
j7583
22778096
j7583
22778096
j7583
22778096
j7583
22778096
j7583
22778096
j7584
22785680
j7585
22785680
j7585
22785680
j7585
22793265
j7585
22793265
j7585
22793265
j7586
22800851
j7586
22800851
j7586
22800851
j7586
22800851
j7586
22800851
j7587
22800851
j7587
22808438
j7587
22808438
j7587
22808438
j7587
22808438
j7588
22816026
j7588
22816026
j7588
22816026
j7589
22816026
j7589
22816026
j7589
22816026
j7589
22816026
j7589
22816026
j7590
22823616
j7591
22823616
j7591
22823616
j7591
22823616
j7591
22823616
j7591
22823616
j7592
22831208
j7592
22831208
j7592
22831208
j7592
22831208
j7592
22831208
j7593
22831208
j7593
22838801
j7593
22838801
j7593
22838801
j7593
22838801
j7594
22846395
j7594
22846395
j7594
22846395
j7594
22846395
j7594
22846395
j7595
22846395
j7595
22846395
j7595
22853990
j7596
22861586
j7597
22861586
j7597
22861586
j7597
22861586
j7597
22861586
j7597
22861586
j7598
22869184
j7598
22869184
j7598
22869184
j7598
22869184
j7598
22869184
j7599
22869184
j7599
22876783
j7599
22876783
j7599
22876783
j7599
22876783
j7600
22884383
j7600
22884383
j7601
22884383
j7601
22884383
j7601
22884383
j7601
22884383
j7601
22891984
j7602
22899586
j7603
22899586
j7603
22899586
j7603
22899586
j7603
22899586
j7603
22899586
j7604
22907190
j7604
22907190
j7604
22907190
j7604
22907190
j7604
22907190
j7605
22907190
j7605
22914795
j7606
22922401
j7606
22922401
j7606
22922401
j7606
22922401
j7606
22922401
j7607
22922401
j7607
22922401
j7607
22922401
j7607
22922401
j7607
22922401
j7608
22930009
j7609
22930009
j7609
22930009
j7609
22930009
j7609
22937618
j7609
22937618
j7610
22945228
j7610
22945228
j7611
22945228
j7611
22952839
j7611
22952839
j7611
22952839
j7611
22952839
j7612
22960451
j7612
22960451
j7612
22960451
j7612
22960451
j7613
22960451
j7613
22960451
j7613
22960451
j7613
22960451
j7613
22960451
j7614
22968065
j7615
22968065
j7615
22968065
j7615
22975680
j7615
22975680
j7615
22975680
j7616
22983296
j7616
22983296
j7616
22983296
j7617
22983296
j7617
22990913
j7617
22990913
j7617
22990913
j7617
22990913
j7618
22998531
j7618
22998531
j7618
22998531
j7618
22998531
j7618
22998531
j7619
22998531
j7619
22998531
j7619
22998531
j7619
22998531
j7619
22998531
j7620
23006151
j7621
23006151
j7621
23006151
j7621
23006151
j7621
23006151
j7621
23006151
j7622
23013773
j7622
23013773
j7622
23013773
j7622
23013773
j7622
23013773
j7623
23013773
j7623
23021396
j7623
23021396
j7624
23029020
j7624
23029020
j7624
23029020
j7624
23029020
j7624
23029020
j7625
23029020
j7625
23029020
j7625
23036645
j7625
23036645
j7625
23036645
j7626
23044271
j7627
23044271
j7627
23044271
j7627
23044271
j7627
23044271
j7627
23044271
j7628
23051899
j7628
23051899
j7628
23051899
j7628
23051899
j7628
23051899
j7629
23051899
j7629
23059528
j7629
23059528
j7629
23059528
j7629
23059528
j7630
23067158
j7630
23067158
j7631
23067158
j7631
23067158
j7631
23067158
j7631
23067158
j7631
23067158
j7632
23074790
j7633
23074790
j7633
23074790
j7633
23074790
j7633
23074790
j7633
23074790
j7634
23082424
j7634
23082424
j7634
23082424
j7634
23082424
j7635
23082424
j7635
23090059
j7636
23097695
j7636
23097695
j7636
23097695
j7636
23097695
j7636
23097695
j7637
23097695
j7637
23097695
j7637
23097695
j7637
23105332
j7637
23105332
j7638
23112970
j7639
23112970
j7639
23112970
j7639
23112970
j7639
23112970
j7639
23112970
j7640
23120610
j7640
23120610
j7641
23120610
j7641
23128251
j7641
23128251
j7641
23128251
j7641
23128251
j7642
23135893
j7642
23135893
j7642
23135893
j7642
23135893
j7642
23135893
j7643
23135893
j7643
23135893
j7643
23135893
j7643
23135893
j7643
23135893
j7644
23143537
j7645
23143537
j7645
23143537
j7645
23151182
j7645
23151182
j7646
23158828
j7646
23158828
j7646
23158828
j7646
23158828
j7646
23158828
j7647
23158828
j7647
23166475
j7647
23166475
j7647
23166475
j7647
23166475
j7648
23174123
j7648
23174123
j7648
23174123
j7648
23174123
j7648
23174123
j7649
23174123
j7649
23174123
j7649
23174123
j7649
23174123
j7649
23174123
j7650
23181773
j7651
23181773
j7651
23181773
j7651
23181773
j7651
23189424
j7651
23189424
j7652
23197076
j7652
23197076
j7652
23197076
j7652
23197076
j7652
23197076
j7653
23197076
j7653
23204729
j7653
23204729
j7653
23204729
j7653
23204729
j7654
23212383
j7654
23212383
j7654
23212383
j7654
23212383
j7654
23212383
j7655
23212383
j7655
23212383
j7655
23220038
j7655
23220038
j7655
23220038
j7656
23227694
j7657
23227694
j7657
23227694
j7657
23227694
j7657
23227694
j7657
23227694
j7658
23235352
j7658
23235352
j7658
23235352
j7659
23235352
j7659
23243011
j7659
23243011
j7659
23243011
j7659
23243011
j7660
23250671
j7660
23250671
j7661
23250671
j7661
23250671
j7661
23250671
j7661
23250671
j7661
23250671
j7662
23258333
j7663
23258333
j7663
23258333
j7663
23258333
j7663
23258333
j7663
23258333
j7664
23265997
j7664
23265997
j7664
23265997
j7664
23265997
j7664
23265997
j7665
23265997
j7665
23273662
j7666
23281328
j7666
23281328
j7666
23281328
j7666
23281328
j7666
23281328
j7667
23281328
j7667
23281328
j7667
23281328
j7667
23281328
j7667
23288995
j7668
23296663
j7669
23296663
j7669
23296663
j7669
23296663
j7669
23296663
j7669
23296663
j7670
23304333
j7670
23304333
j7671
23304333
j7671
23312004
j7671
23312004
j7671
23312004
j7671
23312004
j7672
23319676
j7672
23319676
j7672
23319676
j7673
23319676
j7673
23319676
j7673
23319676
j7673
23319676
j7673
23319676
j7674
23327350
j7675
23327350
j7675
23327350
j7675
23335025
j7675
23335025
j7675
23335025
j7676
23342701
j7676
23342701
j7676
23342701
j7676
23342701
j7676
23342701
j7677
23342701
j7677
23350378
j7677
23350378
j7677
23350378
j7677
23350378
j7678
23358056
j7678
23358056
j7678
23358056
j7678
23358056
j7679
23358056
j7679
23358056
j7679
23358056
j7679
23365735
j7679
23365735
j7680
23373415
j7681
23373415
j7681
23373415
j7681
23373415
j7681
23373415
j7681
23373415
j7682
23381097
j7682
23381097
j7682
23381097
j7682
23381097
j7682
23381097
j7683
23381097
j7683
23388780
j7683
23388780
j7683
23388780
j7683
23388780
j7684
23396464
j7684
23396464
j7684
23396464
j7684
23396464
j7684
23396464
j7685
23396464
j7685
23396464
j7685
23404149
j7685
23404149
j7685
23404149
j7686
23411835
j7687
23411835
j7687
23411835
j7687
23411835
j7687
23411835
j7687
23411835
j7688
23419523
j7688
23419523
j7688
23419523
j7688
23419523
j7688
23419523
j7689
23419523
j7689
23427212
j7689
23427212
j7689
23427212
j7690
23434902
j7690
23434902
j7691
23434902
j7691
23434902
j7691
23434902
j7691
23434902
j7691
23434902
j7692
23442594
j7693
23442594
j7693
23442594
j7693
23442594
j7693
23450287
j7693
23450287
j7694
23457981
j7694
23457981
j7694
23457981
j7694
23457981
j7694
23457981
j7695
23457981
j7695
23465676
j7696
23473372
j7696
23473372
j7696
23473372
j7696
23473372
j7696
23473372
j7697
23473372
j7697
23473372
j7697
23473372
j7697
23473372
j7697
23473372
j7698
23481070
j7699
23481070
j7699
23481070
j7699
23481070
j7699
23481070
j7699
23481070
j7700
23488770
j7700
23488770
j7701
23488770
j7701
23496471
j7701
23496471
j7701
23496471
j7701
23496471
j7702
23504173
j7702
23504173
j7702
23504173
j7702
23504173
j7702
23504173
j7703
23504173
j7703
23504173
j7703
23504173
j7703
23504173
j7703
23504173
j7704
23511877
j7705
23511877
j7705
23511877
j7705
23519582
j7705
23519582
j7705
23519582
j7706
23527288
j7706
23527288
j7706
23527288
j7706
23527288
j7706
23527288
j7707
23527288
j7707
23534995
j7707
23534995
j7708
23542703
j7708
23542703
j7708
23542703
j7708
23542703
j7708
23542703
j7709
23542703
j7709
23542703
j7709
23542703
j7709
23542703
j7709
23542703
j7710
23550413
j7711
23550413
j7711
23550413
j7711
23550413
j7711
23550413
j7711
23558124
j7712
23565836
j7712
23565836
j7712
23565836
j7712
23565836
j7712
23565836
j7713
23565836
j7713
23573549
j7713
23573549
j7713
23573549
j7713
23573549
j7714
23581263
j7714
23581263
j7714
23581263
j7715
23581263
j7715
23581263
j7715
23588978
j7715
23588978
j7715
23588978
j7716
23596694
j7717
23596694
j7717
23596694
j7717
23596694
j7717
23596694
j7717
23596694
j7718
23604412
j7718
23604412
j7718
23604412
j7718
23604412
j7718
23604412
j7719
23604412
j7719
23612131
j7719
23612131
j7719
23612131
j7719
23612131
j7720
23619851
j7720
23619851
j7721
23619851
j7721
23619851
j7721
23619851
j7721
23627572
j7721
23627572
j7722
23635294
j7723
23635294
j7723
23635294
j7723
23635294
j7723
23635294
j7723
23635294
j7724
23643018
j7724
23643018
j7724
23643018
j7724
23643018
j7724
23643018
j7725
23643018
j7725
23650743
j7726
23658469
j7726
23658469
j7726
23658469
j7726
23658469
j7726
23658469
j7727
23658469
j7727
23658469
j7727
23658469
j7727
23658469
j7727
23658469
j7728
23666197
j7729
23666197
j7729
23666197
j7729
23666197
j7729
23666197
j7729
23666197
j7730
23673927
j7730
23673927
j7731
23673927
j7731
23681658
j7731
23681658
j7731
23681658
j7731
23681658
j7732
23689390
j7732
23689390
j7732
23689390
j7732
23689390
j7732
23689390
j7733
23689390
j7733
23689390
j7733
23689390
j7733
23689390
j7733
23697123
j7734
23704857
j7735
23704857
j7735
23704857
j7735
23712592
j7736
23720328
j7736
23720328
j7736
23720328
j7736
23720328
j7736
23720328
j7737
23720328
j7737
23728065
j7737
23728065
j7737
23728065
j7737
23728065
j7738
23735803
j7738
23735803
j7738
23735803
j7738
23735803
j7738
23735803
j7739
23735803
j7739
23735803
j7739
23735803
j7739
23735803
j7739
23735803
j7740
23743543
j7741
23743543
j7741
23743543
j7741
23743543
j7741
23743543
j7741
23743543
j7742
23751285
j7742
23751285
j7742
23751285
j7743
23751285
j7743
23759028
j7743
23759028
j7743
23759028
j7743
23759028
j7744
23766772
j7744
23766772
j7744
23766772
j7744
23766772
j7745
23766772
j7745
23766772
j7745
23774517
j7745
23774517
j7745
23774517
j7746
23782263
j7747
23782263
j7747
23782263
j7747
23782263
j7747
23782263
j7747
23782263
j7748
23790011
j7748
23790011
j7748
23790011
j7748
23790011
j7748
23790011
j7749
23790011
j7749
23797760
j7749
23797760
j7750
23805510
j7750
23805510
j7751
23805510
j7751
23805510
j7751
23805510
j7751
23805510
j7751
23805510
j7752
23813262
j7753
23813262
j7753
23813262
j7753
23813262
j7753
23813262
j7753
23813262
j7754
23821016
j7754
23821016
j7754
23821016
j7754
23821016
j7754
23821016
j7755
23821016
j7755
23828771
j7756
23836527
j7756
23836527
j7756
23836527
j7757
23836527
j7757
23836527
j7757
23836527
j7757
23836527
j7757
23836527
j7758
23844285
j7759
23844285
j7759
23844285
j7759
23844285
j7759
23844285
j7759
23844285
j7760
23852045
j7760
23852045
j7761
23852045
j7761
23859806
j7761
23859806
j7761
23859806
j7761
23859806
j7762
23867568
j7762
23867568
j7762
23867568
j7762
23867568
j7762
23867568
j7763
23867568
j7763
23867568
j7763
23867568
j7763
23875331
j7763
23875331
j7764
23883095
j7765
23883095
j7765
23883095
j7765
23890860
j7765
23890860
j7765
23890860
j7766
23898626
j7766
23898626
j7766
23898626
j7766
23898626
j7767
23898626
j7767
23906393
j7767
23906393
j7767
23906393
j7767
23906393
j7768
23914161
j7768
23914161
j7768
23914161
j7768
23914161
j7768
23914161
j7769
23914161
j7769
23914161
j7769
23914161
j7769
23914161
j7769
23914161
j7770
23921931
j7771
23921931
j7771
23921931
j7771
23921931
j7771
23921931
j7771
23921931
j7772
23929703
j7772
23929703
j7772
23929703
j7772
23929703
j7772
23929703
j7773
23929703
j7773
23937476
j7773
23937476
j7773
23937476
j7773
23937476
j7774
23945250
j7774
23945250
j7774
23945250
j7774
23945250
j7774
23945250
j7775
23945250
j7775
23945250
j7775
23953025
j7775
23953025
j7775
23953025
j7776
23960801
j7777
23960801
j7777
23960801
j7777
23960801
j7777
23968578
j7778
23976356
j7778
23976356
j7778
23976356
j7778
23976356
j7778
23976356
j7779
23976356
j7779
23984135
j7779
23984135
j7779
23984135
j7779
23984135
j7780
23991915
j7780
23991915
j7781
23991915
j7781
23991915
j7781
23991915
j7781
23991915
j7781
23991915
j7782
23999697
j7783
23999697
j7783
23999697
j7783
23999697
j7783
23999697
j7783
23999697
j7784
24007481
j7784
24007481
j7784
24007481
j7785
24007481
j7785
24015266
j7786
24023052
j7786
24023052
j7786
24023052
j7786
24023052
j7786
24023052
j7787
24023052
j7787
24023052
j7787
24023052
j7787
24023052
j7787
24023052
j7788
24030840
j7789
24030840
j7789
24030840
j7789
24030840
j7789
24030840
j7789
24030840
j7790
24038630
j7790
24038630
j7791
24038630
j7791
24046421
j7791
24046421
j7792
24054213
j7792
24054213
j7792
24054213
j7792
24054213
j7792
24054213
j7793
24054213
j7793
24054213
j7793
24054213
j7793
24054213
j7793
24054213
j7794
24062007
j7795
24062007
j7795
24062007
j7795
24069802
j7795
24069802
j7795
24069802
j7796
24077598
j7796
24077598
j7796
24077598
j7796
24077598
j7796
24077598
j7797
24077598
j7797
24085395
j7797
24085395
j7797
24085395
j7797
24085395
j7798
24093193
j7798
24093193
j7798
24093193
j7799
24093193
j7799
24093193
j7799
24093193
j7799
24093193
j7799
24100992
j7800
24108792
j7801
24108792
j7801
24108792
j7801
24108792
j7801
24108792
j7801
24108792
j7802
24116594
j7802
24116594
j7802
24116594
j7802
24116594
j7802
24116594
j7803
24116594
j7803
24124397
j7803
24124397
j7803
24124397
j7803
24124397
j7804
24132201
j7804
24132201
j7804
24132201
j7804
24132201
j7804
24132201
j7805
24132201
j7805
24132201
j7805
24140006
j7806
24147812
j7807
24147812
j7807
24147812
j7807
24147812
j7807
24147812
j7807
24147812
j7808
24155620
j7808
24155620
j7808
24155620
j7808
24155620
j7808
24155620
j7809
24155620
j7809
24163429
j7809
24163429
j7809
24163429
j7809
24163429
j7810
24171239
j7810
24171239
j7811
24171239
j7811
24171239
j7811
24171239
j7811
24171239
j7811
24171239
j7812
24179051
j7813
24179051
j7813
24179051
j7813
24179051
j7813
24179051
j7813
24179051
j7814
24186865
j7814
24186865
j7814
24186865
j7814
24186865
j7814
24186865
j7815
24186865
j7815
24194680
j7816
24202496
j7816
24202496
j7816
24202496
j7816
24202496
j7816
24202496
j7817
24202496
j7817
24202496
j7817
24202496
j7817
24202496
j7817
24202496
j7818
24210314
j7819
24210314
j7819
24210314
j7819
24210314
j7819
24218133
j7819
24218133
j7820
24225953
j7820
24225953
j7821
24225953
j7821
24233774
j7821
24233774
j7821
24233774
j7822
24241596
j7822
24241596
j7822
24241596
j7822
24241596
j7822
24241596
j7823
24241596
j7823
24241596
j7823
24241596
j7823
24241596
j7823
24241596
j7824
24249420
j7825
24249420
j7825
24249420
j7825
24257245
j7825
24257245
j7825
24257245
j7826
24265071
j7826
24265071
j7826
24265071
j7827
24265071
j7827
24272898
j7827
24272898
j7827
24272898
j7827
24272898
j7828
24280726
j7828
24280726
j7828
24280726
j7828
24280726
j7828
24280726
j7829
24280726
j7829
24280726
j7829
24280726
j7829
24280726
j7829
24280726
j7830
24288556
j7831
24288556
j7831
24288556
j7831
24288556
j7831
24288556
j7831
24288556
j7832
24296388
j7832
24296388
j7832
24296388
j7832
24296388
j7833
24296388
j7833
24304221
j7833
24304221
j7834
24312055
j7834
24312055
j7834
24312055
j7834
24312055
j7834
24312055
j7835
24312055
j7835
24312055
j7835
24319890
j7835
24319890
j7835
24319890
j7836
24327726
j7837
24327726
j7837
24327726
j7837
24327726
j7837
24327726
j7837
24327726
j7838
24335564
j7838
24335564
j7838
24335564
j7838
24335564
j7838
24335564
j7839
24335564
j7839
24343403
j7839
24343403
j7839
24343403
j7839
24343403
j7840
24351243
j7840
24351243
j7841
24351243
j7841
24351243
j7841
24351243
j7841
24351243
j7841
24351243
j7842
24359085
j7843
24359085
j7843
24359085
j7843
24359085
j7843
24359085
j7843
24366928
j7844
24374772
j7844
24374772
j7844
24374772
j7844
24374772
j7844
24374772
j7845
24374772
j7845
24382617
j7846
24390463
j7846
24390463
j7846
24390463
j7846
24390463
j7846
24390463
j7847
24390463
j7847
24390463
j7847
24390463
j7847
24398310
j7847
24398310
j7848
24406158
j7849
24406158
j7849
24406158
j7849
24406158
j7849
24406158
j7849
24406158
j7850
24414008
j7850
24414008
j7851
24414008
j7851
24421859
j7851
24421859
j7851
24421859
j7851
24421859
j7852
24429711
j7852
24429711
j7852
24429711
j7852
24429711
j7852
24429711
j7853
24429711
j7853
24429711
j7853
24429711
j7853
24429711
j7853
24429711
j7854
24437565
j7855
24437565
j7855
24437565
j7855
24445420
j7855
24445420
j7855
24445420
j7856
24453276
j7856
24453276
j7856
24453276
j7856
24453276
j7856
24453276
j7857
24453276
j7857
24461133
j7857
24461133
j7857
24461133
j7857
24461133
j7858
24468991
j7858
24468991
j7858
24468991
j7858
24468991
j7858
24468991
j7859
24468991
j7859
24468991
j7859
24468991
j7859
24468991
j7859
24468991
j7860
24476851
j7861
24476851
j7861
24476851
j7861
24476851
j7861
24484712
j7861
24484712
j7862
24492574
j7862
24492574
j7862
24492574
j7862
24492574
j7862
24492574
j7863
24492574
j7863
24500437
j7863
24500437
j7863
24500437
j7863
24500437
j7864
24508301
j7864
24508301
j7864
24508301
j7864
24508301
j7864
24508301
j7865
24508301
j7865
24508301
j7865
24516166
j7865
24516166
j7866
24524032
j7867
24524032
j7867
24524032
j7867
24524032
j7867
24524032
j7867
24524032
j7868
24531900
j7868
24531900
j7868
24531900
j7869
24531900
j7869
24539769
j7869
24539769
j7869
24539769
j7869
24539769
j7870
24547639
j7870
24547639
j7871
24547639
j7871
24547639
j7871
24547639
j7871
24547639
j7871
24547639
j7872
24555511
j7873
24555511
j7873
24555511
j7873
24555511
j7873
24555511
j7873
24555511
j7874
24563385
j7874
24563385
j7874
24563385
j7874
24563385
j7874
24563385
j7875
24563385
j7875
24571260
j7876
24579136
j7876
24579136
j7876
24579136
j7876
24579136
j7877
24579136
j7877
24579136
j7877
24579136
j7877
24579136
j7877
24579136
j7878
24587014
j7879
24587014
j7879
24587014
j7879
24587014
j7879
24587014
j7879
24587014
j7880
24594894
j7880
24594894
j7881
24594894
j7881
24602775
j7881
24602775
j7881
24602775
j7881
24602775
j7882
24610657
j7882
24610657
j7882
24610657
j7883
24610657
j7883
24610657
j7883
24610657
j7883
24610657
j7883
24610657
j7884
24618541
j7885
24618541
j7885
24618541
j7885
24626426
j7885
24626426
j7885
24626426
j7886
24634312
j7886
24634312
j7886
24634312
j7886
24634312
j7886
24634312
j7887
24634312
j7887
24642199
j7887
24642199
j7887
24642199
j7888
24650087
j7888
24650087
j7888
24650087
j7888
24650087
j7888
24650087
j7889
24650087
j7889
24650087
j7889
24650087
j7889
24657976
j7889
24657976
j7890
24665866
j7891
24665866
j7891
24665866
j7891
24665866
j7891
24665866
j7891
24665866
j7892
24673758
j7892
24673758
j7892
24673758
j7892
24673758
j7892
24673758
j7893
24673758
j7893
24681651
j7893
24681651
j7893
24681651
j7893
24681651
j7894
24689545
j7894
24689545
j7894
24689545
j7894
24689545
j7894
24689545
j7895
24689545
j7895
24689545
j7895
24697440
j7895
24697440
j7895
24697440
j7896
24705336
j7897
24705336
j7897
24705336
j7897
24705336
j7897
24705336
j7897
24705336
j7898
24713234
j7898
24713234
j7898
24713234
j7898
24713234
j7899
24713234
j7899
24721133
j7899
24721133
j7899
24721133
j7899
24721133
j7900
24729033
j7900
24729033
j7901
24729033
j7901
24729033
j7901
24729033
j7901
24729033
j7901
24729033
j7902
24736935
j7903
24736935
j7903
24736935
j7903
24736935
j7903
24744838
j7903
24744838
j7904
24752742
j7904
24752742
j7904
24752742
j7904
24752742
j7904
24752742
j7905
24752742
j7905
24760647
j7906
24768553
j7906
24768553
j7906
24768553
j7906
24768553
j7906
24768553
j7907
24768553
j7907
24768553
j7907
24768553
j7907
24768553
j7907
24768553
j7908
24776461
j7909
24776461
j7909
24776461
j7909
24776461
j7909
24776461
j7909
24784370
j7910
24792280
j7910
24792280
j7911
24792280
j7911
24800191
j7911
24800191
j7911
24800191
j7911
24800191
j7912
24808103
j7912
24808103
j7912
24808103
j7912
24808103
j7912
24808103
j7913
24808103
j7913
24808103
j7913
24808103
j7913
24808103
j7913
24808103
j7914
24816017
j7915
24816017
j7915
24816017
j7915
24823932
j7915
24823932
j7915
24823932
j7916
24831848
j7916
24831848
j7916
24831848
j7916
24831848
j7916
24831848
j7917
24831848
j7917
24839765
j7917
24839765
j7918
24847683
j7918
24847683
j7918
24847683
j7918
24847683
j7918
24847683
j7919
24847683
j7919
24847683
j7919
24847683
j7919
24847683
j7919
24847683
j7920
24855603
j7921
24855603
j7921
24855603
j7921
24855603
j7921
24855603
j7921
24855603
j7922
24863525
j7922
24863525
j7922
24863525
j7922
24863525
j7922
24863525
j7923
24863525
j7923
24871448
j7923
24871448
j7923
24871448
j7923
24871448
j7924
24879372
j7924
24879372
j7924
24879372
j7925
24879372
j7925
24879372
j7925
24887297
j7925
24887297
j7925
24887297
j7926
24895223
j7927
24895223
j7927
24895223
j7927
24895223
j7927
24895223
j7927
24895223
j7928
24903151
j7928
24903151
j7928
24903151
j7928
24903151
j7928
24903151
j7929
24903151
j7929
24911080
j7929
24911080
j7929
24911080
j7929
24911080
j7930
24919010
j7930
24919010
j7931
24919010
j7931
24919010
j7931
24919010
j7931
24926941
j7932
24934873
j7933
24934873
j7933
24934873
j7933
24934873
j7933
24934873
j7933
24934873
j7934
24942807
j7934
24942807
j7934
24942807
j7934
24942807
j7934
24942807
j7935
24942807
j7935
24950742
j7936
24958678
j7936
24958678
j7936
24958678
j7936
24958678
j7936
24958678
j7937
24958678
j7937
24958678
j7937
24958678
j7937
24958678
j7937
24958678
j7938
24966616
j7939
24966616
j7939
24966616
j7939
24966616
j7939
24966616
j7939
24966616
j7940
24974556
j7940
24974556
j7941
24974556
j7941
24982497
j7941
24982497
j7941
24982497
j7941
24982497
j7942
24990439
j7942
24990439
j7942
24990439
j7942
24990439
j7943
24990439
j7943
24990439
j7943
24990439
j7943
24990439
j7943
24990439
j7944
24998383
j7945
24998383
j7945
24998383
j7945
25006328
j7946
25014274
j7946
25014274
j7946
25014274
j7946
25014274
j7946
25014274
j7947
25014274
j7947
25022221
j7947
25022221
j7947
25022221
j7947
25022221
j7948
25030169
j7948
25030169
j7948
25030169
j7948
25030169
j7948
25030169
j7949
25030169
j7949
25030169
j7949
25030169
j7949
25030169
j7949
25030169
j7950
25038119
j7951
25038119
j7951
25038119
j7951
25038119
j7951
25038119
j7951
25038119
j7952
25046071
j7952
25046071
j7952
25046071
j7953
25046071
j7953
25054024
j7953
25054024
j7953
25054024
j7954
25061978
j7954
25061978
j7954
25061978
j7954
25061978
j7954
25061978
j7955
25061978
j7955
25061978
j7955
25069933
j7955
25069933
j7955
25069933
j7956
25077889
j7957
25077889
j7957
25077889
j7957
25077889
j7957
25077889
j7957
25077889
j7958
25085847
j7958
25085847
j7958
25085847
j7958
25085847
j7958
25085847
j7959
25085847
j7959
25093806
j7959
25093806
j7960
25101766
j7960
25101766
j7961
25101766
j7961
25101766
j7961
25101766
j7961
25101766
j7961
25101766
j7962
25109728
j7963
25109728
j7963
25109728
j7963
25109728
j7963
25109728
j7963
25109728
j7964
25117692
j7964
25117692
j7964
25117692
j7964
25117692
j7965
25117692
j7965
25125657
j7966
25133623
j7966
25133623
j7966
25133623
j7967
25133623
j7967
25133623
j7967
25133623
j7967
25133623
j7967
25133623
j7968
25141591
j7969
25141591
j7969
25141591
j7969
25141591
j7969
25141591
j7969
25141591
j7970
25149561
j7970
25149561
j7971
25149561
j7971
25157532
j7971
25157532
j7971
25157532
j7971
25157532
j7972
25165504
j7972
25165504
j7972
25165504
j7972
25165504
j7972
25165504
j7973
25165504
j7973
25165504
j7973
25165504
j7973
25173477
j7973
25173477
j7974
25181451
j7975
25181451
j7975
25181451
j7975
25189426
j7975
25189426
j7976
25197402
j7976
25197402
j7976
25197402
j7976
25197402
j7976
25197402
j7977
25197402
j7977
25205379
j7977
25205379
j7977
25205379
j7977
25205379
j7978
25213357
j7978
25213357
j7978
25213357
j7978
25213357
j7978
25213357
j7979
25213357
j7979
25213357
j7979
25213357
j7979
25213357
j7979
25213357
j7980
25221337
j7981
25221337
j7981
25221337
j7981
25221337
j7981
25221337
j7981
25221337
j7982
25229319
j7982
25229319
j7982
25229319
j7982
25229319
j7982
25229319
j7983
25229319
j7983
25237302
j7983
25237302
j7983
25237302
j7983
25237302
j7984
25245286
j7984
25245286
j7984
25245286
j7984
25245286
j7984
25245286
j7985
25245286
j7985
25245286
j7985
25253271
j7985
25253271
j7985
25253271
j7986
25261257
j7987
25261257
j7987
25261257
j7987
25261257
j7987
25269244
j7987
25269244
j7988
25277232
j7988
25277232
j7988
25277232
j7988
25277232
j7988
25277232
j7989
25277232
j7989
25285221
j7989
25285221
j7989
25285221
j7989
25285221
j7990
25293211
j7990
25293211
j7991
25293211
j7991
25293211
j7991
25293211
j7991
25293211
j7991
25293211
j7992
25301203
j7993
25301203
j7993
25301203
j7993
25301203
j7993
25301203
j7993
25301203
j7994
25309197
j7994
25309197
j7994
25309197
j7995
25309197
j7995
25317192
j7996
25325188
j7996
25325188
j7996
25325188
j7996
25325188
j7996
25325188
j7997
25325188
j7997
25325188
j7997
25325188
j7997
25325188
j7997
25333185
j7998
25341183
j7999
25341183
j7999
25341183
j7999
25341183
j7999
25341183
j7999
25341183
j8000
25349183
j8000
25349183
j8001
25349183
j8001
25357184
j8001
25357184
j8002
25365186
j8002
25365186
j8002
25365186
j8002
25365186
j8002
25365186
j8003
25365186
j8003
25365186
j8003
25365186
j8003
25365186
j8003
25365186
j8004
25373190
j8005
25373190
j8005
25373190
j8005
25381195
j8005
25381195
j8005
25381195
j8006
25389201
j8006
25389201
j8006
25389201
j8006
25389201
j8006
25389201
j8007
25389201
j8007
25397208
j8007
25397208
j8007
25397208
j8007
25397208
j8008
25405216
j8008
25405216
j8008
25405216
j8009
25405216
j8009
25405216
j8009
25405216
j8009
25405216
j8009
25405216
j8010
25413226
j8011
25413226
j8011
25413226
j8011
25413226
j8011
25413226
j8011
25413226
j8012
25421238
j8012
25421238
j8012
25421238
j8012
25421238
j8012
25421238
j8013
25421238
j8013
25429251
j8013
25429251
j8013
25429251
j8013
25429251
j8014
25437265
j8014
25437265
j8014
25437265
j8014
25437265
j8014
25437265
j8015
25437265
j8015
25437265
j8015
25445280
j8016
25453296
j8017
25453296
j8017
25453296
j8017
25453296
j8017
25453296
j8017
25453296
j8018
25461314
j8018
25461314
j8018
25461314
j8018
25461314
j8018
25461314
j8019
25461314
j8019
25469333
j8019
25469333
j8019
25469333
j8020
25477353
j8020
25477353
j8021
25477353
j8021
25477353
j8021
25477353
j8021
25477353
j8021
25477353
j8022
25485375
j8023
25485375
j8023
25485375
j8023
25485375
j8023
25485375
j8023
25485375
j8024
25493399
j8024
25493399
j8024
25493399
j8024
25493399
j8024
25493399
j8025
25493399
j8025
25501424
j8026
25509450
j8026
25509450
j8026
25509450
j8026
25509450
j8026
25509450
j8027
25509450
j8027
25509450
j8027
25509450
j8027
25509450
j8027
25509450
j8028
25517478
j8029
25517478
j8029
25517478
j8029
25517478
j8029
25525507
j8029
25525507
j8030
25533537
j8030
25533537
j8031
25533537
j8031
25541568
j8031
25541568
j8031
25541568
j8031
25541568
j8032
25549600
j8032
25549600
j8032
25549600
j8032
25549600
j8032
25549600
j8033
25549600
j8033
25549600
j8033
25549600
j8033
25549600
j8033
25549600
j8034
25557634
j8035
25557634
j8035
25557634
j8035
25565669
j8035
25565669
j8035
25565669
j8036
25573705
j8036
25573705
j8036
25573705
j8037
25573705
j8037
25581742
j8037
25581742
j8037
25581742
j8037
25581742
j8038
25589780
j8038
25589780
j8038
25589780
j8038
25589780
j8038
25589780
j8039
25589780
j8039
25589780
j8039
25589780
j8039
25589780
j8039
25589780
j8040
25597820
j8041
25597820
j8041
25597820
j8041
25597820
j8041
25597820
j8041
25605861
j8042
25613903
j8042
25613903
j8042
25613903
j8042
25613903
j8042
25613903
j8043
25613903
j8043
25621946
j8043
25621946
j8044
25629990
j8044
25629990
j8044
25629990
j8044
25629990
j8044
25629990
j8045
25629990
j8045
25629990
j8045
25638035
j8045
25638035
j8045
25638035
j8046
25646081
j8047
25646081
j8047
25646081
j8047
25646081
j8047
25646081
j8047
25646081
j8048
25654129
j8048
25654129
j8048
25654129
j8048
25654129
j8048
25654129
j8049
25654129
j8049
25662178
j8049
25662178
j8049
25662178
j8049
25662178
j8050
25670228
j8050
25670228
j8051
25670228
j8051
25670228
j8051
25670228
j8051
25670228
j8051
25670228
j8052
25678280
j8053
25678280
j8053
25678280
j8053
25678280
j8053
25678280
j8053
25678280
j8054
25686334
j8054
25686334
j8054
25686334
j8054
25686334
j8054
25686334
j8055
25686334
j8055
25694389
j8056
25702445
j8056
25702445
j8056
25702445
j8056
25702445
j8056
25702445
j8057
25702445
j8057
25702445
j8057
25702445
j8057
25710502
j8057
25710502
j8058
25718560
j8059
25718560
j8059
25718560
j8059
25718560
j8059
25718560
j8059
25718560
j8060
25726620
j8060
25726620
j8061
25726620
j8061
25734681
j8061
25734681
j8061
25734681
j8061
25734681
j8062
25742743
j8062
25742743
j8062
25742743
j8062
25742743
j8062
25742743
j8063
25742743
j8063
25742743
j8063
25742743
j8063
25742743
j8063
25750806
j8064
25758870
j8065
25758870
j8065
25758870
j8065
25766935
j8065
25766935
j8065
25766935
j8066
25775001
j8066
25775001
j8066
25775001
j8066
25775001
j8066
25775001
j8067
25775001
j8067
25783068
j8067
25783068
j8067
25783068
j8067
25783068
j8068
25791136
j8068
25791136
j8068
25791136
j8068
25791136
j8068
25791136
j8069
25791136
j8069
25791136
j8069
25791136
j8069
25791136
j8069
25791136
j8070
25799206
j8071
25799206
j8071
25799206
j8071
25799206
j8071
25807277
j8071
25807277
j8072
25815349
j8072
25815349
j8072
25815349
j8072
25815349
j8072
25815349
j8073
25815349
j8073
25823422
j8073
25823422
j8073
25823422
j8073
25823422
j8074
25831496
j8074
25831496
j8074
25831496
j8074
25831496
j8075
25831496
j8075
25831496
j8075
25839571
j8075
25839571
j8075
25839571
j8076
25847647
j8077
25847647
j8077
25847647
j8077
25847647
j8077
25847647
j8077
25847647
j8078
25855725
j8078
25855725
j8078
25855725
j8079
25855725
j8079
25863804
j8079
25863804
j8079
25863804
j8079
25863804
j8080
25871884
j8080
25871884
j8081
25871884
j8081
25871884
j8081
25871884
j8081
25871884
j8081
25871884
j8082
25879966
j8083
25879966
j8083
25879966
j8083
25879966
j8083
25879966
j8083
25879966
j8084
25888050
j8084
25888050
j8084
25888050
j8084
25888050
j8084
25888050
j8085
25888050
j8085
25896135
j8086
25904221
j8086
25904221
j8086
25904221
j8086
25904221
j8086
25904221
j8087
25904221
j8087
25904221
j8087
25904221
j8087
25904221
j8087
25904221
j8088
25912309
j8089
25912309
j8089
25912309
j8089
25912309
j8089
25912309
j8089
25912309
j8090
25920399
j8090
25920399
j8091
25920399
j8091
25928490
j8091
25928490
j8091
25928490
j8091
25928490
j8092
25936582
j8092
25936582
j8092
25936582
j8093
25936582
j8093
25936582
j8093
25936582
j8093
25936582
j8093
25936582
j8094
25944676
j8095
25944676
j8095
25944676
j8095
25952771
j8095
25952771
j8095
25952771
j8096
25960867
j8096
25960867
j8096
25960867
j8096
25960867
j8097
25960867
j8097
25968964
j8097
25968964
j8097
25968964
j8097
25968964
j8098
25977062
j8098
25977062
j8098
25977062
j8098
25977062
j8098
25977062
j8099
25977062
j8099
25977062
j8099
25977062
j8099
25985161
j8099
25985161
j8100
25993261
j8101
25993261
j8101
25993261
j8101
25993261
j8101
25993261
j8101
25993261
j8102
26001363
j8102
26001363
j8102
26001363
j8102
26001363
j8102
26001363
j8103
26001363
j8103
26009466
j8103
26009466
j8103
26009466
j8103
26009466
j8104
26017570
j8104
26017570
j8104
26017570
j8104
26017570
j8104
26017570
j8105
26017570
j8105
26017570
j8105
26025675
j8105
26025675
j8105
26025675
j8106
26033781
j8107
26033781
j8107
26033781
j8107
26033781
j8107
26033781
j8107
26041888
j8108
26049996
j8108
26049996
j8108
26049996
j8108
26049996
j8108
26049996
j8109
26049996
j8109
26058105
j8109
26058105
j8109
26058105
j8109
26058105
j8110
26066215
j8110
26066215
j8111
26066215
j8111
26066215
j8111
26066215
j8111
26066215
j8111
26066215
j8112
26074327
j8113
26074327
j8113
26074327
j8113
26074327
j8113
26082440
j8113
26082440
j8114
26090554
j8114
26090554
j8114
26090554
j8114
26090554
j8114
26090554
j8115
26090554
j8115
26098669
j8116
26106785
j8116
26106785
j8116
26106785
j8116
26106785
j8116
26106785
j8117
26106785
j8117
26106785
j8117
26106785
j8117
26106785
j8117
26106785
j8118
26114903
j8119
26114903
j8119
26114903
j8119
26114903
j8119
26114903
j8119
26114903
j8120
26123023
j8120
26123023
j8121
26123023
j8121
26131144
j8121
26131144
j8121
26131144
j8121
26131144
j8122
26139266
j8122
26139266
j8122
26139266
j8122
26139266
j8122
26139266
j8123
26139266
j8123
26139266
j8123
26139266
j8123
26139266
j8123
26139266
j8124
26147390
j8125
26147390
j8125
26147390
j8125
26155515
j8125
26155515
j8125
26155515
j8126
26163641
j8126
26163641
j8126
26163641
j8126
26163641
j8126
26163641
j8127
26163641
j8127
26171768
j8127
26171768
j8128
26179896
j8128
26179896
j8128
26179896
j8128
26179896
j8128
26179896
j8129
26179896
j8129
26179896
j8129
26179896
j8129
26179896
j8129
26188025
j8130
26196155
j8131
26196155
j8131
26196155
j8131
26196155
j8131
26196155
j8131
26196155
j8132
26204287
j8132
26204287
j8132
26204287
j8132
26204287
j8132
26204287
j8133
26204287
j8133
26212420
j8133
26212420
j8133
26212420
j8133
26212420
j8134
26220554
j8134
26220554
j8134
26220554
j8135
26220554
j8135
26220554
j8135
26228689
j8135
26228689
j8135
26228689
j8136
26236825
j8137
26236825
j8137
26236825
j8137
26236825
j8137
26236825
j8137
26236825
j8138
26244963
j8138
26244963
j8138
26244963
j8138
26244963
j8138
26244963
j8139
26244963
j8139
26253102
j8139
26253102
j8139
26253102
j8139
26253102
j8140
26261242
j8140
26261242
j8141
26261242
j8141
26261242
j8141
26261242
j8141
26269383
j8141
26269383
j8142
26277525
j8143
26277525
j8143
26277525
j8143
26277525
j8143
26277525
j8143
26277525
j8144
26285669
j8144
26285669
j8144
26285669
j8144
26285669
j8144
26285669
j8145
26285669
j8145
26293814
j8146
26301960
j8146
26301960
j8146
26301960
j8146
26301960
j8146
26301960
j8147
26301960
j8147
26301960
j8147
26301960
j8147
26301960
j8147
26301960
j8148
26310108
j8149
26310108
j8149
26310108
j8149
26310108
j8149
26310108
j8149
26310108
j8150
26318258
j8150
26318258
j8151
26318258
j8151
26326409
j8151
26326409
j8151
26326409
j8152
26334561
j8152
26334561
j8152
26334561
j8152
26334561
j8152
26334561
j8153
26334561
j8153
26334561
j8153
26334561
j8153
26334561
j8153
26334561
j8154
26342715
j8155
26342715
j8155
26342715
j8155
26350870
j8156
26359026
j8156
26359026
j8156
26359026
j8156
26359026
j8156
26359026
j8157
26359026
j8157
26367183
j8157
26367183
j8157
26367183
j8157
26367183
j8158
26375341
j8158
26375341
j8158
26375341
j8158
26375341
j8158
26375341
j8159
26375341
j8159
26375341
j8159
26375341
j8159
26375341
j8159
26375341
j8160
26383501
j8161
26383501
j8161
26383501
j8161
26383501
j8161
26383501
j8161
26383501
j8162
26391663
j8162
26391663
j8162
26391663
j8163
26391663
j8163
26399826
j8163
26399826
j8163
26399826
j8163
26399826
j8164
26407990
j8164
26407990
j8164
26407990
j8164
26407990
j8164
26407990
j8165
26407990
j8165
26407990
j8165
26416155
j8165
26416155
j8165
26416155
j8166
26424321
j8167
26424321
j8167
26424321
j8167
26424321
j8167
26424321
j8167
26424321
j8168
26432489
j8168
26432489
j8168
26432489
j8168
26432489
j8168
26432489
j8169
26432489
j8169
26440658
j8169
26440658
j8170
26448828
j8170
26448828
j8171
26448828
j8171
26448828
j8171
26448828
j8171
26448828
j8171
26448828
j8172
26457000
j8173
26457000
j8173
26457000
j8173
26457000
j8173
26457000
j8173
26465173
j8174
26473347
j8174
26473347
j8174
26473347
j8174
26473347
j8174
26473347
j8175
26473347
j8175
26481522
j8176
26489698
j8176
26489698
j8176
26489698
j8177
26489698
j8177
26489698
j8177
26489698
j8177
26489698
j8177
26489698
j8178
26497876
j8179
26497876
j8179
26497876
j8179
26497876
j8179
26497876
j8179
26497876
j8180
26506056
j8180
26506056
j8181
26506056
j8181
26514237
j8181
26514237
j8181
26514237
j8181
26514237
j8182
26522419
j8182
26522419
j8182
26522419
j8182
26522419
j8182
26522419
j8183
26522419
j8183
26522419
j8183
26522419
j8183
26530602
j8183
26530602
j8184
26538786
j8185
26538786
j8185
26538786
j8185
26546971
j8185
26546971
j8185
26546971
j8186
26555157
j8186
26555157
j8186
26555157
j8186
26555157
j8186
26555157
j8187
26555157
j8187
26563344
j8187
26563344
j8187
26563344
j8187
26563344
j8188
26571532
j8188
26571532
j8188
26571532
j8188
26571532
j8188
26571532
j8189
26571532
j8189
26571532
j8189
26571532
j8189
26571532
j8189
26571532
j8190
26579722
j8191
26579722
j8191
26579722
j8191
26579722
j8191
26579722
j8191
26579722
j8192
26587914
j8192
26587914
j8192
26587914
j8192
26587914
j8192
26587914
j8193
26587914
j8193
26596107
j8193
26596107
j8193
26596107
j8193
26596107
j8194
26604301
j8194
26604301
j8194
26604301
j8194
26604301
j8194
26604301
j8195
26604301
j8195
26604301
j8195
26612496
j8195
26612496
j8196
26620692
j8197
26620692
j8197
26620692
j8197
26620692
j8197
26628889
j8197
26628889
j8198
26637087
j8198
26637087
j8198
26637087
j8198
26637087
j8198
26637087
j8199
26637087
j8199
26645286
j8199
26645286
j8199
26645286
j8199
26645286
j8200
26653486
j8200
26653486
j8201
26653486
j8201
26653486
j8201
26653486
j8201
26653486
j8201
26653486
j8202
26661688
j8203
26661688
j8203
26661688
j8203
26661688
j8203
26661688
j8203
26661688
j8204
26669892
j8204
26669892
j8204
26669892
j8205
26669892
j8205
26678097
j8206
26686303
j8206
26686303
j8206
26686303
j8206
26686303
j8207
26686303
j8207
26686303
j8207
26686303
j8207
26686303
j8207
26686303
j8208
26694511
j8209
26694511
j8209
26694511
j8209
26694511
j8209
26694511
j8209
26694511
j8210
26702721
j8210
26702721
j8211
26702721
j8211
26710932
j8211
26710932
j8212
26719144
j8212
26719144
j8212
26719144
j8212
26719144
j8212
26719144
j8213
26719144
j8213
26719144
j8213
26719144
j8213
26719144
j8213
26719144
j8214
26727358
j8215
26727358
j8215
26727358
j8215
26735573
j8215
26735573
j8215
26735573
j8216
26743789
j8216
26743789
j8216
26743789
j8216
26743789
j8216
26743789
j8217
26743789
j8217
26752006
j8217
26752006
j8217
26752006
j8218
26760224
j8218
26760224
j8218
26760224
j8219
26760224
j8219
26760224
j8219
26760224
j8219
26760224
j8219
26760224
j8220
26768444
j8221
26768444
j8221
26768444
j8221
26768444
j8221
26768444
j8221
26768444
j8222
26776666
j8222
26776666
j8222
26776666
j8222
26776666
j8222
26776666
j8223
26776666
j8223
26784889
j8223
26784889
j8223
26784889
j8223
26784889
j8224
26793113
j8224
26793113
j8224
26793113
j8224
26793113
j8224
26793113
j8225
26793113
j8225
26793113
j8225
26801338
j8226
26809564
j8227
26809564
j8227
26809564
j8227
26809564
j8227
26809564
j8227
26809564
j8228
26817792
j8228
26817792
j8228
26817792
j8228
26817792
j8229
26817792
j8229
26826021
j8229
26826021
j8229
26826021
j8229
26826021
j8230
26834251
j8230
26834251
j8231
26834251
j8231
26834251
j8231
26834251
j8231
26834251
j8231
26834251
j8232
26842483
j8233
26842483
j8233
26842483
j8233
26842483
j8233
26842483
j8233
26842483
j8234
26850717
j8234
26850717
j8234
26850717
j8234
26850717
j8234
26850717
j8235
26850717
j8235
26858952
j8236
26867188
j8236
26867188
j8236
26867188
j8236
26867188
j8236
26867188
j8237
26867188
j8237
26867188
j8237
26867188
j8237
26867188
j8237
26867188
j8238
26875426
j8239
26875426
j8239
26875426
j8239
26875426
j8239
26883665
j8240
26891905
j8240
26891905
j8241
26891905
j8241
26900146
j8241
26900146
j8241
26900146
j8241
26900146
j8242
26908388
j8242
26908388
j8242
26908388
j8242
26908388
j8242
26908388
j8243
26908388
j8243
26908388
j8243
26908388
j8243
26908388
j8243
26908388
j8244
26916632
j8245
26916632
j8245
26916632
j8245
26924877
j8245
26924877
j8245
26924877
j8246
26933123
j8246
26933123
j8246
26933123
j8247
26933123
j8247
26941370
j8247
26941370
j8247
26941370
j8247
26941370
j8248
26949618
j8248
26949618
j8248
26949618
j8248
26949618
j8248
26949618
j8249
26949618
j8249
26949618
j8249
26949618
j8249
26949618
j8249
26949618
j8250
26957868
j8251
26957868
j8251
26957868
j8251
26957868
j8251
26957868
j8251
26957868
j8252
26966120
j8252
26966120
j8252
26966120
j8252
26966120
j8252
26966120
j8253
26966120
j8253
26974373
j8253
26974373
j8254
26982627
j8254
26982627
j8254
26982627
j8254
26982627
j8254
26982627
j8255
26982627
j8255
26982627
j8255
26990882
j8255
26990882
j8255
26990882
j8256
26999138
j8257
26999138
j8257
26999138
j8257
26999138
j8257
26999138
j8257
26999138
j8258
27007396
j8258
27007396
j8258
27007396
j8258
27007396
j8258
27007396
j8259
27007396
j8259
27015655
j8259
27015655
j8259
27015655
j8259
27015655
j8260
27023915
j8260
27023915
j8261
27023915
j8261
27023915
j8261
27023915
j8261
27023915
j8261
27032176
j8262
27040438
j8263
27040438
j8263
27040438
j8263
27040438
j8263
27040438
j8263
27040438
j8264
27048702
j8264
27048702
j8264
27048702
j8264
27048702
j8264
27048702
j8265
27048702
j8265
27056967
j8266
27065233
j8266
27065233
j8266
27065233
j8266
27065233
j8266
27065233
j8267
27065233
j8267
27065233
j8267
27065233
j8267
27073500
j8267
27073500
j8268
27081768
j8269
27081768
j8269
27081768
j8269
27081768
j8269
27081768
j8269
27081768
j8270
27090038
j8270
27090038
j8271
27090038
j8271
27098309
j8271
27098309
j8271
27098309
j8271
27098309
j8272
27106581
j8272
27106581
j8272
27106581
j8272
27106581
j8273
27106581
j8273
27106581
j8273
27106581
j8273
27106581
j8273
27106581
j8274
27114855
j8275
27114855
j8275
27114855
j8275
27123130
j8275
27123130
j8275
27123130
j8276
27131406
j8276
27131406
j8276
27131406
j8276
27131406
j8276
27131406
j8277
27131406
j8277
27139683
j8277
27139683
j8277
27139683
j8277
27139683
j8278
27147961
j8278
27147961
j8278
27147961
j8278
27147961
j8278
27147961
j8279
27147961
j8279
27147961
j8279
27147961
j8279
27147961
j8279
27147961
j8280
27156241
j8281
27156241
j8281
27156241
j8281
27156241
j8281
27164522
j8281
27164522
j8282
27172804
j8282
27172804
j8282
27172804
j8282
27172804
j8282
27172804
j8283
27172804
j8283
27181087
j8283
27181087
j8283
27181087
j8284
27189371
j8284
27189371
j8284
27189371
j8284
27189371
j8284
27189371
j8285
27189371
j8285
27189371
j8285
27197656
j8285
27197656
j8285
27197656
j8286
27205942
j8287
27205942
j8287
27205942
j8287
27205942
j8287
27205942
j8287
27205942
j8288
27214230
j8288
27214230
j8288
27214230
j8289
27214230
j8289
27222519
j8289
27222519
j8289
27222519
j8289
27222519
j8290
27230809
j8290
27230809
j8291
27230809
j8291
27230809
j8291
27230809
j8291
27230809
j8291
27230809
j8292
27239101
j8293
27239101
j8293
27239101
j8293
27239101
j8293
27239101
j8293
27239101
j8294
27247395
j8294
27247395
j8294
27247395
j8294
27247395
j8295
27247395
j8295
27255690
j8296
27263986
j8296
27263986
j8296
27263986
j8296
27263986
j8296
27263986
j8297
27263986
j8297
27263986
j8297
27263986
j8297
27263986
j8297
27263986
j8298
27272284
j8299
27272284
j8299
27272284
j8299
27272284
j8299
27272284
j8299
27272284
j8300
27280584
j8300
27280584
j8301
27280584
j8301
27288885
j8301
27288885
j8301
27288885
j8301
27288885
j8302
27297187
j8302
27297187
j8302
27297187
j8303
27297187
j8303
27297187
j8303
27297187
j8303
27297187
j8303
27297187
j8304
27305491
j8305
27305491
j8305
27305491
j8305
27313796
j8305
27313796
j8306
27322102
j8306
27322102
j8306
27322102
j8306
27322102
j8306
27322102
j8307
27322102
j8307
27330409
j8307
27330409
j8307
27330409
j8307
27330409
j8308
27338717
j8308
27338717
j8308
27338717
j8308
27338717
j8308
27338717
j8309
27338717
j8309
27338717
j8309
27338717
j8309
27347026
j8309
27347026
j8310
27355336
j8311
27355336
j8311
27355336
j8311
27355336
j8311
27355336
j8311
27355336
j8312
27363648
j8312
27363648
j8312
27363648
j8312
27363648
j8312
27363648
j8313
27363648
j8313
27371961
j8313
27371961
j8313
27371961
j8313
27371961
j8314
27380275
j8314
27380275
j8314
27380275
j8314
27380275
j8314
27380275
j8315
27380275
j8315
27380275
j8315
27388590
j8315
27388590
j8315
27388590
j8316
27396906
j8317
27396906
j8317
27396906
j8317
27396906
j8317
27396906
j8317
27396906
j8318
27405224
j8318
27405224
j8318
27405224
j8318
27405224
j8318
27405224
j8319
27405224
j8319
27413543
j8319
27413543
j8319
27413543
j8319
27413543
j8320
27421863
j8320
27421863
j8321
27421863
j8321
27421863
j8321
27421863
j8321
27421863
j8321
27421863
j8322
27430185
j8323
27430185
j8323
27430185
j8323
27430185
j8323
27438508
j8323
27438508
j8324
27446832
j8324
27446832
j8324
27446832
j8324
27446832
j8324
27446832
j8325
27446832
j8325
27455157
j8326
27463483
j8326
27463483
j8326
27463483
j8326
27463483
j8326
27463483
j8327
27463483
j8327
27463483
j8327
27463483
j8327
27463483
j8327
27471810
j8328
27480138
j8329
27480138
j8329
27480138
j8329
27480138
j8329
27480138
j8329
27480138
j8330
27488468
j8330
27488468
j8331
27488468
j8331
27496799
j8331
27496799
j8331
27496799
j8331
27496799
j8332
27505131
j8332
27505131
j8332
27505131
j8332
27505131
j8332
27505131
j8333
27505131
j8333
27505131
j8333
27505131
j8333
27505131
j8333
27505131
j8334
27513465
j8335
27513465
j8335
27513465
j8335
27521800
j8335
27521800
j8335
27521800
j8336
27530136
j8336
27530136
j8336
27530136
j8336
27530136
j8336
27530136
j8337
27530136
j8337
27538473
j8337
27538473
j8338
27546811
j8338
27546811
j8338
27546811
j8338
27546811
j8339
27546811
j8339
27546811
j8339
27546811
j8339
27546811
j8339
27546811
j8340
27555151
j8341
27555151
j8341
27555151
j8341
27555151
j8341
27555151
j8341
27555151
j8342
27563493
j8342
27563493
j8342
27563493
j8342
27563493
j8342
27563493
j8343
27563493
j8343
27571836
j8343
27571836
j8343
27571836
j8343
27571836
j8344
27580180
j8344
27580180
j8344
27580180
j8345
27580180
j8345
27580180
j8345
27588525
j8345
27588525
j8345
27588525
j8346
27596871
j8347
27596871
j8347
27596871
j8347
27596871
j8347
27596871
j8347
27596871
j8348
27605219
j8348
27605219
j8348
27605219
j8348
27605219
j8348
27605219
j8349
27605219
j8349
27613568
j8349
27613568
j8349
27613568
j8350
27621918
j8350
27621918
j8351
27621918
j8351
27621918
j8351
27621918
j8351
27630269
j8351
27630269
j8352
27638621
j8353
27638621
j8353
27638621
j8353
27638621
j8353
27638621
j8353
27638621
j8354
27646975
j8354
27646975
j8354
27646975
j8354
27646975
j8354
27646975
j8355
27646975
j8355
27655330
j8356
27663686
j8356
27663686
j8356
27663686
j8356
27663686
j8356
27663686
j8357
27663686
j8357
27663686
j8357
27663686
j8357
27663686
j8357
27663686
j8358
27672044
j8359
27672044
j8359
27672044
j8359
27672044
j8359
27672044
j8359
27672044
j8360
27680404
j8360
27680404
j8361
27680404
j8361
27688765
j8361
27688765
j8361
27688765
j8361
27688765
j8362
27697127
j8362
27697127
j8362
27697127
j8362
27697127
j8362
27697127
j8363
27697127
j8363
27697127
j8363
27697127
j8363
27697127
j8363
27697127
j8364
27705491
j8365
27705491
j8365
27705491
j8365
27713856
j8366
27722222
j8366
27722222
j8366
27722222
j8366
27722222
j8366
27722222
j8367
27722222
j8367
27730589
j8367
27730589
j8367
27730589
j8367
27730589
j8368
27738957
j8368
27738957
j8368
27738957
j8368
27738957
j8368
27738957
j8369
27738957
j8369
27738957
j8369
27738957
j8369
27738957
j8369
27738957
j8370
27747327
j8371
27747327
j8371
27747327
j8371
27747327
j8371
27747327
j8371
27755698
j8372
27764070
j8372
27764070
j8372
27764070
j8373
27764070
j8373
27772443
j8373
27772443
j8373
27772443
j8373
27772443
j8374
27780817
j8374
27780817
j8374
27780817
j8374
27780817
j8374
27780817
j8375
27780817
j8375
27780817
j8375
27789192
j8375
27789192
j8375
27789192
j8376
27797568
j8377
27797568
j8377
27797568
j8377
27797568
j8377
27797568
j8377
27797568
j8378
27805946
j8378
27805946
j8378
27805946
j8378
27805946
j8378
27805946
j8379
27805946
j8379
27814325
j8379
27814325
j8380
27822705
j8380
27822705
j8381
27822705
j8381
27822705
j8381
27822705
j8381
27822705
j8381
27822705
j8382
27831087
j8383
27831087
j8383
27831087
j8383
27831087
j8383
27831087
j8383
27831087
j8384
27839471
j8384
27839471
j8384
27839471
j8384
27839471
j8384
27839471
j8385
27839471
j8385
27847856
j8386
27856242
j8386
27856242
j8386
27856242
j8387
27856242
j8387
27856242
j8387
27856242
j8387
27856242
j8387
27856242
j8388
27864630
j8389
27864630
j8389
27864630
j8389
27864630
j8389
27864630
j8389
27864630
j8390
27873020
j8390
27873020
j8391
27873020
j8391
27881411
j8391
27881411
j8391
27881411
j8391
27881411
j8392
27889803
j8392
27889803
j8392
27889803
j8392
27889803
j8392
27889803
j8393
27889803
j8393
27889803
j8393
27889803
j8393
27898196
j8394
27906590
j8395
27906590
j8395
27906590
j8395
27914985
j8395
27914985
j8395
27914985
j8396
27923381
j8396
27923381
j8396
27923381
j8396
27923381
j8396
27923381
j8397
27923381
j8397
27931778
j8397
27931778
j8397
27931778
j8397
27931778
j8398
27940176
j8398
27940176
j8398
27940176
j8398
27940176
j8398
27940176
j8399
27940176
j8399
27940176
j8399
27940176
j8399
27940176
j8399
27940176
j8400
27948576
j8401
27948576
j8401
27948576
j8401
27948576
j8401
27948576
j8401
27948576
j8402
27956978
j8402
27956978
j8402
27956978
j8402
27956978
j8402
27956978
j8403
27956978
j8403
27965381
j8403
27965381
j8403
27965381
j8403
27965381
j8404
27973785
j8404
27973785
j8404
27973785
j8404
27973785
j8405
27973785
j8405
27973785
j8405
27982190
j8405
27982190
j8405
27982190
j8406
27990596
j8407
27990596
j8407
27990596
j8407
27990596
j8407
27999003
j8407
27999003
j8408
28007411
j8408
28007411
j8408
28007411
j8408
28007411
j8408
28007411
j8409
28007411
j8409
28015820
j8409
28015820
j8409
28015820
j8409
28015820
j8410
28024230
j8410
28024230
j8411
28024230
j8411
28024230
j8411
28024230
j8411
28024230
j8411
28024230
j8412
28032642
j8413
28032642
j8413
28032642
j8413
28032642
j8413
28032642
j8413
28032642
j8414
28041056
j8414
28041056
j8414
28041056
j8415
28041056
j8415
28049471
j8416
28057887
j8416
28057887
j8416
28057887
j8416
28057887
j8416
28057887
j8417
28057887
j8417
28057887
j8417
28057887
j8417
28057887
j8417
28057887
j8418
28066305
j8419
28066305
j8419
28066305
j8419
28066305
j8419
28066305
j8419
28066305
j8420
28074725
j8420
28074725
j8421
28074725
j8421
28083146
j8421
28083146
j8422
28091568
j8422
28091568
j8422
28091568
j8422
28091568
j8422
28091568
j8423
28091568
j8423
28091568
j8423
28091568
j8423
28091568
j8423
28091568
j8424
28099992
j8425
28099992
j8425
28099992
j8425
28108417
j8425
28108417
j8425
28108417
j8426
28116843
j8426
28116843
j8426
28116843
j8426
28116843
j8427
28116843
j8427
28125270
j8427
28125270
j8427
28125270
j8427
28125270
j8428
28133698
j8428
28133698
j8428
28133698
j8429
28133698
j8429
28133698
j8429
28133698
j8429
28133698
j8429
28133698
j8430
28142128
j8431
28142128
j8431
28142128
j8431
28142128
j8431
28142128
j8431
28142128
j8432
28150560
j8432
28150560
j8432
28150560
j8432
28150560
j8432
28150560
j8433
28150560
j8433
28158993
j8433
28158993
j8433
28158993
j8433
28158993
j8434
28167427
j8434
28167427
j8434
28167427
j8434
28167427
j8434
28167427
j8435
28167427
j8435
28167427
j8435
28175862
j8436
28184298
j8437
28184298
j8437
28184298
j8437
28184298
j8437
28184298
j8437
28192735
j8438
28201173
j8438
28201173
j8438
28201173
j8438
28201173
j8438
28201173
j8439
28201173
j8439
28209612
j8439
28209612
j8439
28209612
j8439
28209612
j8440
28218052
j8440
28218052
j8441
28218052
j8441
28218052
j8441
28218052
j8441
28218052
j8441
28218052
j8442
28226494
j8443
28226494
j8443
28226494
j8443
28226494
j8443
28226494
j8443
28226494
j8444
28234938
j8444
28234938
j8444
28234938
j8444
28234938
j8444
28234938
j8445
28234938
j8445
28243383
j8446
28251829
j8446
28251829
j8446
28251829
j8446
28251829
j8446
28251829
j8447
28251829
j8447
28251829
j8447
28251829
j8447
28251829
j8447
28251829
j8448
28260277
j8449
28260277
j8449
28260277
j8449
28260277
j8449
28268726
j8449
28268726
j8450
28277176
j8450
28277176
j8451
28277176
j8451
28285627
j8451
28285627
j8451
28285627
j8451
28285627
j8452
28294079
j8452
28294079
j8452
28294079
j8452
28294079
j8452
28294079
j8453
28294079
j8453
28294079
j8453
28294079
j8453
28294079
j8453
28294079
j8454
28302533
j8455
28302533
j8455
28302533
j8455
28310988
j8455
28310988
j8455
28310988
j8456
28319444
j8456
28319444
j8456
28319444
j8457
28319444
j8457
28327901
j8457
28327901
j8457
28327901
j8457
28327901
j8458
28336359
j8458
28336359
j8458
28336359
j8458
28336359
j8458
28336359
j8459
28336359
j8459
28336359
j8459
28336359
j8459
28336359
j8459
28344818
j8460
28353278
j8461
28353278
j8461
28353278
j8461
28353278
j8461
28353278
j8461
28353278
j8462
28361740
j8462
28361740
j8462
28361740
j8462
28361740
j8462
28361740
j8463
28361740
j8463
28370203
j8463
28370203
j8464
28378667
j8464
28378667
j8464
28378667
j8464
28378667
j8464
28378667
j8465
28378667
j8465
28378667
j8465
28387132
j8465
28387132
j8465
28387132
j8466
28395598
j8467
28395598
j8467
28395598
j8467
28395598
j8467
28395598
j8467
28395598
j8468
28404066
j8468
28404066
j8468
28404066
j8468
28404066
j8468
28404066
j8469
28404066
j8469
28412535
j8469
28412535
j8469
28412535
j8469
28412535
j8470
28421005
j8470
28421005
j8471
28421005
j8471
28421005
j8471
28421005
j8471
28421005
j8471
28421005
j8472
28429477
j8473
28429477
j8473
28429477
j8473
28429477
j8473
28429477
j8473
28429477
j8474
28437951
j8474
28437951
j8474
28437951
j8474
28437951
j8474
28437951
j8475
28437951
j8475
28446426
j8476
28454902
j8476
28454902
j8476
28454902
j8476
28454902
j8476
28454902
j8477
28454902
j8477
28454902
j8477
28454902
j8477
28463379
j8477
28463379
j8478
28471857
j8479
28471857
j8479
28471857
j8479
28471857
j8479
28471857
j8479
28471857
j8480
28480337
j8480
28480337
j8481
28480337
j8481
28488818
j8481
28488818
j8481
28488818
j8482
28497300
j8482
28497300
j8482
28497300
j8482
28497300
j8482
28497300
j8483
28497300
j8483
28497300
j8483
28497300
j8483
28497300
j8483
28497300
j8484
28505784
j8485
28505784
j8485
28505784
j8485
28514269
j8485
28514269
j8485
28514269
j8486
28522755
j8486
28522755
j8486
28522755
j8486
28522755
j8486
28522755
j8487
28522755
j8487
28531242
j8487
28531242
j8487
28531242
j8487
28531242
j8488
28539730
j8488
28539730
j8488
28539730
j8488
28539730
j8488
28539730
j8489
28539730
j8489
28539730
j8489
28539730
j8489
28539730
j8489
28539730
j8490
28548220
j8491
28548220
j8491
28548220
j8491
28548220
j8491
28556711
j8491
28556711
j8492
28565203
j8492
28565203
j8492
28565203
j8492
28565203
j8493
28565203
j8493
28573696
j8493
28573696
j8493
28573696
j8493
28573696
j8494
28582190
j8494
28582190
j8494
28582190
j8494
28582190
j8494
28582190
j8495
28582190
j8495
28582190
j8495
28590685
j8495
28590685
j8495
28590685
j8496
28599181
j8497
28599181
j8497
28599181
j8497
28599181
j8497
28599181
j8497
28599181
j8498
28607679
j8498
28607679
j8498
28607679
j8499
28607679
j8499
28616178
j8499
28616178
j8499
28616178
j8499
28616178
j8500
28624678
j8500
28624678
j8501
28624678
j8501
28624678
j8501
28624678
j8501
28624678
j8501
28624678
j8502
28633180
j8503
28633180
j8503
28633180
j8503
28633180
j8503
28633180
j8503
28641683
j8504
28650187
j8504
28650187
j8504
28650187
j8504
28650187
j8504
28650187
j8505
28650187
j8505
28658692
j8506
28667198
j8506
28667198
j8506
28667198
j8506
28667198
j8506
28667198
j8507
28667198
j8507
28667198
j8507
28667198
j8507
28667198
j8507
28667198
j8508
28675706
j8509
28675706
j8509
28675706
j8509
28675706
j8509
28675706
j8509
28675706
j8510
28684216
j8510
28684216
j8511
28684216
j8511
28692727
j8511
28692727
j8511
28692727
j8511
28692727
j8512
28701239
j8512
28701239
j8512
28701239
j8513
28701239
j8513
28701239
j8513
28701239
j8513
28701239
j8513
28701239
j8514
28709753
j8515
28709753
j8515
28709753
j8515
28718268
j8515
28718268
j8515
28718268
j8516
28726784
j8516
28726784
j8516
28726784
j8516
28726784
j8516
28726784
j8517
28726784
j8517
28735301
j8517
28735301
j8517
28735301
j8517
28735301
j8518
28743819
j8518
28743819
j8518
28743819
j8518
28743819
j8518
28743819
j8519
28743819
j8519
28743819
j8519
28743819
j8519
28752338
j8519
28752338
j8520
28760858
j8521
28760858
j8521
28760858
j8521
28760858
j8521
28760858
j8521
28760858
j8522
28769380
j8522
28769380
j8522
28769380
j8522
28769380
j8522
28769380
j8523
28769380
j8523
28777903
j8523
28777903
j8523
28777903
j8523
28777903
j8524
28786427
j8524
28786427
j8524
28786427
j8524
28786427
j8524
28786427
j8525
28786427
j8525
28786427
j8525
28794952
j8525
28794952
j8526
28803478
j8527
28803478
j8527
28803478
j8527
28803478
j8527
28803478
j8527
28803478
j8528
28812006
j8528
28812006
j8528
28812006
j8528
28812006
j8528
28812006
j8529
28812006
j8529
28820535
j8529
28820535
j8529
28820535
j8529
28820535
j8530
28829065
j8530
28829065
j8531
28829065
j8531
28829065
j8531
28829065
j8531
28829065
j8531
28829065
j8532
28837597
j8533
28837597
j8533
28837597
j8533
28837597
j8533
28846130
j8533
28846130
j8534
28854664
j8534
28854664
j8534
28854664
j8534
28854664
j8534
28854664
j8535
28854664
j8535
28863199
j8536
28871735
j8536
28871735
j8536
28871735
j8536
28871735
j8537
28871735
j8537
28871735
j8537
28871735
j8537
28871735
j8537
28871735
j8538
28880273
j8539
28880273
j8539
28880273
j8539
28880273
j8539
28880273
j8539
28880273
j8540
28888813
j8540
28888813
j8541
28888813
j8541
28897354
j8541
28897354
j8541
28897354
j8541
28897354
j8542
28905896
j8542
28905896
j8542
28905896
j8542
28905896
j8542
28905896
j8543
28905896
j8543
28905896
j8543
28905896
j8543
28905896
j8543
28905896
j8544
28914440
j8545
28914440
j8545
28914440
j8545
28922985
j8545
28922985
j8545
28922985
j8546
28931531
j8546
28931531
j8546
28931531
j8546
28931531
j8546
28931531
j8547
28931531
j8547
28940078
j8547
28940078
j8548
28948626
j8548
28948626
j8548
28948626
j8548
28948626
j8548
28948626
j8549
28948626
j8549
28948626
j8549
28948626
j8549
28948626
j8549
28948626
j8550
28957176
j8551
28957176
j8551
28957176
j8551
28957176
j8551
28957176
j8551
28957176
j8552
28965728
j8552
28965728
j8552
28965728
j8552
28965728
j8552
28965728
j8553
28965728
j8553
28974281
j8553
28974281
j8553
28974281
j8553
28974281
j8554
28982835
j8554
28982835
j8554
28982835
j8555
28982835
j8555
28982835
j8555
28991390
j8555
28991390
j8555
28991390
j8556
28999946
j8557
28999946
j8557
28999946
j8557
28999946
j8557
28999946
j8557
28999946
j8558
29008504
j8558
29008504
j8558
29008504
j8558
29008504
j8559
29008504
j8559
29017063
j8559
29017063
j8559
29017063
j8559
29017063
j8560
29025623
j8560
29025623
j8561
29025623
j8561
29025623
j8561
29025623
j8561
29034184
j8561
29034184
j8562
29042746
j8563
29042746
j8563
29042746
j8563
29042746
j8563
29042746
j8563
29042746
j8564
29051310
j8564
29051310
j8564
29051310
j8564
29051310
j8564
29051310
j8565
29051310
j8565
29059875
j8566
29068441
j8566
29068441
j8566
29068441
j8566
29068441
j8566
29068441
j8567
29068441
j8567
29068441
j8567
29068441
j8567
29068441
j8567
29068441
j8568
29077009
j8569
29077009
j8569
29077009
j8569
29077009
j8569
29077009
j8569
29085578
j8570
29094148
j8570
29094148
j8571
29094148
j8571
29102719
j8571
29102719
j8571
29102719
j8571
29102719
j8572
29111291
j8572
29111291
j8572
29111291
j8572
29111291
j8572
29111291
j8573
29111291
j8573
29111291
j8573
29111291
j8573
29111291
j8573
29111291
j8574
29119865
j8575
29119865
j8575
29119865
j8575
29128440
j8576
29137016
j8576
29137016
j8576
29137016
j8576
29137016
j8576
29137016
j8577
29137016
j8577
29145593
j8577
29145593
j8577
29145593
j8577
29145593
j8578
29154171
j8578
29154171
j8578
29154171
j8578
29154171
j8578
29154171
j8579
29154171
j8579
29154171
j8579
29154171
j8579
29154171
j8579
29154171
j8580
29162751
j8581
29162751
j8581
29162751
j8581
29162751
j8581
29162751
j8581
29162751
j8582
29171333
j8582
29171333
j8582
29171333
j8583
29171333
j8583
29179916
j8583
29179916
j8583
29179916
j8583
29179916
j8584
29188500
j8584
29188500
j8584
29188500
j8584
29188500
j8584
29188500
j8585
29188500
j8585
29188500
j8585
29197085
j8585
29197085
j8585
29197085
j8586
29205671
j8587
29205671
j8587
29205671
j8587
29205671
j8587
29205671
j8587
29205671
j8588
29214259
j8588
29214259
j8588
29214259
j8588
29214259
j8588
29214259
j8589
29214259
j8589
29222848
j8589
29222848
j8590
29231438
j8590
29231438
j8591
29231438
j8591
29231438
j8591
29231438
j8591
29231438
j8591
29240029
j8592
29248621
j8593
29248621
j8593
29248621
j8593
29248621
j8593
29248621
j8593
29248621
j8594
29257215
j8594
29257215
j8594
29257215
j8594
29257215
j8594
29257215
j8595
29257215
j8595
29265810
j8596
29274406
j8596
29274406
j8596
29274406
j8597
29274406
j8597
29274406
j8597
29274406
j8597
29274406
j8597
29274406
j8598
29283004
j8599
29283004
j8599
29283004
j8599
29283004
j8599
29283004
j8599
29283004
j8600
29291604
j8600
29291604
j8601
29291604
j8601
29300205
j8601
29300205
j8601
29300205
j8601
29300205
j8602
29308807
j8602
29308807
j8602
29308807
j8602
29308807
j8603
29308807
j8603
29308807
j8603
29308807
j8603
29317410
j8603
29317410
j8604
29326014
j8605
29326014
j8605
29326014
j8605
29334619
j8605
29334619
j8605
29334619
j8606
29343225
j8606
29343225
j8606
29343225
j8606
29343225
j8606
29343225
j8607
29343225
j8607
29351832
j8607
29351832
j8607
29351832
j8607
29351832
j8608
29360440
j8608
29360440
j8608
29360440
j8608
29360440
j8608
29360440
j8609
29360440
j8609
29360440
j8609
29360440
j8609
29360440
j8609
29360440
j8610
29369050
j8611
29369050
j8611
29369050
j8611
29369050
j8611
29369050
j8611
29369050
j8612
29377662
j8612
29377662
j8612
29377662
j8612
29377662
j8612
29377662
j8613
29377662
j8613
29386275
j8613
29386275
j8613
29386275
j8614
29394889
j8614
29394889
j8614
29394889
j8614
29394889
j8614
29394889
j8615
29394889
j8615
29394889
j8615
29403504
j8615
29403504
j8615
29403504
j8616
29412120
j8617
29412120
j8617
29412120
j8617
29412120
j8617
29420737
j8617
29420737
j8618
29429355
j8618
29429355
j8618
29429355
j8618
29429355
j8618
29429355
j8619
29429355
j8619
29437974
j8619
29437974
j8619
29437974
j8619
29437974
j8620
29446594
j8620
29446594
j8621
29446594
j8621
29446594
j8621
29446594
j8621
29446594
j8621
29446594
j8622
29455216
j8623
29455216
j8623
29455216
j8623
29455216
j8623
29455216
j8623
29455216
j8624
29463840
j8624
29463840
j8624
29463840
j8625
29463840
j8625
29472465
j8626
29481091
j8626
29481091
j8626
29481091
j8626
29481091
j8626
29481091
j8627
29481091
j8627
29481091
j8627
29481091
j8627
29481091
j8627
29481091
j8628
29489719
j8629
29489719
j8629
29489719
j8629
29489719
j8629
29489719
j8629
29489719
j8630
29498349
j8630
29498349
j8631
29498349
j8631
29506980
j8631
29506980
j8632
29515612
j8632
29515612
j8632
29515612
j8632
29515612
j8632
29515612
j8633
29515612
j8633
29515612
j8633
29515612
j8633
29515612
j8633
29515612
j8634
29524246
j8635
29524246
j8635
29524246
j8635
29532881
j8635
29532881
j8636
29541517
j8636
29541517
j8636
29541517
j8636
29541517
j8636
29541517
j8637
29541517
j8637
29550154
j8637
29550154
j8637
29550154
j8637
29550154
j8638
29558792
j8638
29558792
j8638
29558792
j8639
29558792
j8639
29558792
j8639
29558792
j8639
29558792
j8639
29558792
j8640
29567432
j8641
29567432
j8641
29567432
j8641
29567432
j8641
29567432
j8641
29567432
j8642
29576074
j8642
29576074
j8642
29576074
j8642
29576074
j8642
29576074
j8643
29576074
j8643
29584717
j8643
29584717
j8643
29584717
j8643
29584717
j8644
29593361
j8644
29593361
j8644
29593361
j8644
29593361
j8644
29593361
j8645
29593361
j8645
29593361
j8645
29602006
j8646
29610652
j8647
29610652
j8647
29610652
j8647
29610652
j8647
29610652
j8647
29610652
j8648
29619300
j8648
29619300
j8648
29619300
j8648
29619300
j8648
29619300
j8649
29619300
j8649
29627949
j8649
29627949
j8649
29627949
j8649
29627949
j8650
29636599
j8650
29636599
j8651
29636599
j8651
29636599
j8651
29636599
j8651
29636599
j8651
29636599
j8652
29645251
j8653
29645251
j8653
29645251
j8653
29645251
j8653
29645251
j8653
29645251
j8654
29653905
j8654
29653905
j8654
29653905
j8654
29653905
j8654
29653905
j8655
29653905
j8655
29662560
j8656
29671216
j8656
29671216
j8656
29671216
j8656
29671216
j8656
29671216
j8657
29671216
j8657
29671216
j8657
29671216
j8657
29671216
j8657
29679873
j8658
29688531
j8659
29688531
j8659
29688531
j8659
29688531
j8659
29697190
j8659
29697190
j8660
29705850
j8660
29705850
j8661
29705850
j8661
29714511
j8661
29714511
j8661
29714511
j8661
29714511
j8662
29723173
j8662
29723173
j8662
29723173
j8662
29723173
j8662
29723173
j8663
29723173
j8663
29723173
j8663
29723173
j8663
29723173
j8663
29723173
j8664
29731837
j8665
29731837
j8665
29731837
j8665
29740502
j8665
29740502
j8665
29740502
j8666
29749168
j8666
29749168
j8666
29749168
j8667
29749168
j8667
29757835
j8667
29757835
j8667
29757835
j8667
29757835
j8668
29766503
j8668
29766503
j8668
29766503
j8668
29766503
j8669
29766503
j8669
29766503
j8669
29766503
j8669
29766503
j8669
29766503
j8670
29775173
j8671
29775173
j8671
29775173
j8671
29775173
j8671
29775173
j8671
29775173
j8672
29783845
j8672
29783845
j8672
29783845
j8672
29783845
j8672
29783845
j8673
29783845
j8673
29792518
j8673
29792518
j8674
29801192
j8674
29801192
j8674
29801192
j8674
29801192
j8674
29801192
j8675
29801192
j8675
29801192
j8675
29809867
j8675
29809867
j8675
29809867
j8676
29818543
j8677
29818543
j8677
29818543
j8677
29818543
j8677
29818543
j8677
29818543
j8678
29827221
j8678
29827221
j8678
29827221
j8678
29827221
j8678
29827221
j8679
29827221
j8679
29835900
j8679
29835900
j8679
29835900
j8680
29844580
j8680
29844580
j8681
29844580
j8681
29844580
j8681
29844580
j8681
29844580
j8681
29844580
j8682
29853262
j8683
29853262
j8683
29853262
j8683
29853262
j8683
29853262
j8683
29853262
j8684
29861946
j8684
29861946
j8684
29861946
j8684
29861946
j8684
29861946
j8685
29861946
j8685
29870631
j8686
29879317
j8686
29879317
j8686
29879317
j8686
29879317
j8686
29879317
j8687
29879317
j8687
29879317
j8687
29879317
j8687
29888004
j8687
29888004
j8688
29896692
j8689
29896692
j8689
29896692
j8689
29896692
j8689
29896692
j8689
29896692
j8690
29905382
j8690
29905382
j8691
29905382
j8691
29914073
j8691
29914073
j8691
29914073
j8691
29914073
j8692
29922765
j8692
29922765
j8692
29922765
j8692
29922765
j8692
29922765
j8693
29922765
j8693
29922765
j8693
29922765
j8693
29922765
j8693
29922765
j8694
29931459
j8695
29931459
j8695
29931459
j8695
29940154
j8695
29940154
j8695
29940154
j8696
29948850
j8696
29948850
j8696
29948850
j8696
29948850
j8696
29948850
j8697
29948850
j8697
29957547
j8697
29957547
j8697
29957547
j8697
29957547
j8698
29966245
j8698
29966245
j8698
29966245
j8698
29966245
j8698
29966245
j8699
29966245
j8699
29966245
j8699
29966245
j8699
29966245
j8699
29966245
j8700
29974945
j8701
29974945
j8701
29974945
j8701
29974945
j8701
29983646
j8702
29992348
j8702
29992348
j8702
29992348
j8702
29992348
j8702
29992348
j8703
29992348
j8703
30001051
j8703
30001051
j8703
30001051
j8703
30001051
j8704
30009755
j8704
30009755
j8704
30009755
j8704
30009755
j8704
30009755
j8705
30009755
j8705
30009755
j8705
30018460
j8705
30018460
j8705
30018460
j8706
30027166
j8707
30027166
j8707
30027166
j8707
30027166
j8707
30027166
j8707
30027166
j8708
30035874
j8708
30035874
j8708
30035874
j8709
30035874
j8709
30044583
j8709
30044583
j8709
30044583
j8709
30044583
j8710
30053293
j8710
30053293
j8711
30053293
j8711
30053293
j8711
30053293
j8711
30053293
j8711
30053293
j8712
30062005
j8713
30062005
j8713
30062005
j8713
30062005
j8713
30062005
j8713
30062005
j8714
30070719
j8714
30070719
j8714
30070719
j8714
30070719
j8714
30070719
j8715
30070719
j8715
30079434
j8716
30088150
j8716
30088150
j8716
30088150
j8716
30088150
j8716
30088150
j8717
30088150
j8717
30088150
j8717
30088150
j8717
30088150
j8717
30088150
j8718
30096868
j8719
30096868
j8719
30096868
j8719
30096868
j8719
30096868
j8719
30096868
j8720
30105588
j8720
30105588
j8721
30105588
j8721
30114309
j8721
30114309
j8721
30114309
j8721
30114309
j8722
30123031
j8722
30123031
j8722
30123031
j8723
30123031
j8723
30123031
j8723
30123031
j8723
30123031
j8723
30131754
j8724
30140478
j8725
30140478
j8725
30140478
j8725
30149203
j8725
30149203
j8725
30149203
j8726
30157929
j8726
30157929
j8726
30157929
j8726
30157929
j8726
30157929
j8727
30157929
j8727
30166656
j8727
30166656
j8727
30166656
j8727
30166656
j8728
30175384
j8728
30175384
j8728
30175384
j8728
30175384
j8728
30175384
j8729
30175384
j8729
30175384
j8729
30175384
j8729
30184113
j8729
30184113
j8730
30192843
j8731
30192843
j8731
30192843
j8731
30192843
j8731
30192843
j8731
30192843
j8732
30201575
j8732
30201575
j8732
30201575
j8732
30201575
j8732
30201575
j8733
30201575
j8733
30210308
j8733
30210308
j8733
30210308
j8733
30210308
j8734
30219042
j8734
30219042
j8734
30219042
j8734
30219042
j8735
30219042
j8735
30219042
j8735
30227777
j8735
30227777
j8735
30227777
j8736
30236513
j8737
30236513
j8737
30236513
j8737
30236513
j8737
30236513
j8737
30236513
j8738
30245251
j8738
30245251
j8738
30245251
j8738
30245251
j8738
30245251
j8739
30245251
j8739
30253990
j8739
30253990
j8739
30253990
j8739
30253990
j8740
30262730
j8740
30262730
j8741
30262730
j8741
30262730
j8741
30262730
j8741
30262730
j8741
30262730
j8742
30271472
j8743
30271472
j8743
30271472
j8743
30271472
j8743
30280215
j8743
30280215
j8744
30288959
j8744
30288959
j8744
30288959
j8744
30288959
j8744
30288959
j8745
30288959
j8745
30297704
j8746
30306450
j8746
30306450
j8746
30306450
j8746
30306450
j8746
30306450
j8747
30306450
j8747
30306450
j8747
30306450
j8747
30306450
j8747
30306450
j8748
30315198
j8749
30315198
j8749
30315198
j8749
30315198
j8749
30315198
j8749
30315198
j8750
30323948
j8750
30323948
j8751
30323948
j8751
30332699
j8751
30332699
j8751
30332699
j8751
30332699
j8752
30341451
j8752
30341451
j8752
30341451
j8752
30341451
j8752
30341451
j8753
30341451
j8753
30341451
j8753
30341451
j8753
30341451
j8753
30341451
j8754
30350205
j8755
30350205
j8755
30350205
j8755
30358960
j8755
30358960
j8755
30358960
j8756
30367716
j8756
30367716
j8756
30367716
j8756
30367716
j8757
30367716
j8757
30376473
j8757
30376473
j8758
30385231
j8758
30385231
j8758
30385231
j8758
30385231
j8758
30385231
j8759
30385231
j8759
30385231
j8759
30385231
j8759
30385231
j8759
30385231
j8760
30393991
j8761
30393991
j8761
30393991
j8761
30393991
j8761
30393991
j8761
30393991
j8762
30402753
j8762
30402753
j8762
30402753
j8762
30402753
j8762
30402753
j8763
30402753
j8763
30411516
j8763
30411516
j8763
30411516
j8763
30411516
j8764
30420280
j8764
30420280
j8764
30420280
j8765
30420280
j8765
30420280
j8765
30429045
j8765
30429045
j8765
30429045
j8766
30437811
j8767
30437811
j8767
30437811
j8767
30437811
j8767
30437811
j8767
30446578
j8768
30455346
j8768
30455346
j8768
30455346
j8768
30455346
j8768
30455346
j8769
30455346
j8769
30464115
j8769
30464115
j8769
30464115
j8769
30464115
j8770
30472885
j8770
30472885
j8771
30472885
j8771
30472885
j8771
30472885
j8771
30481656
j8771
30481656
j8772
30490428
j8773
30490428
j8773
30490428
j8773
30490428
j8773
30490428
j8773
30490428
j8774
30499202
j8774
30499202
j8774
30499202
j8774
30499202
j8774
30499202
j8775
30499202
j8775
30507977
j8776
30516753
j8776
30516753
j8776
30516753
j8776
30516753
j8776
30516753
j8777
30516753
j8777
30516753
j8777
30516753
j8777
30516753
j8777
30516753
j8778
30525531
j8779
30525531
j8779
30525531
j8779
30525531
j8779
30525531
j8779
30525531
j8780
30534311
j8780
30534311
j8781
30534311
j8781
30543092
j8781
30543092
j8781
30543092
j8781
30543092
j8782
30551874
j8782
30551874
j8782
30551874
j8782
30551874
j8782
30551874
j8783
30551874
j8783
30551874
j8783
30551874
j8783
30551874
j8783
30551874
j8784
30560658
j8785
30560658
j8785
30560658
j8785
30569443
j8786
30578229
j8786
30578229
j8786
30578229
j8786
30578229
j8786
30578229
j8787
30578229
j8787
30587016
j8787
30587016
j8787
30587016
j8787
30587016
j8788
30595804
j8788
30595804
j8788
30595804
j8788
30595804
j8788
30595804
j8789
30595804
j8789
30595804
j8789
30595804
j8789
30595804
j8789
30604593
j8790
30613383
j8791
30613383
j8791
30613383
j8791
30613383
j8791
30613383
j8791
30613383
j8792
30622175
j8792
30622175
j8792
30622175
j8793
30622175
j8793
30630968
j8793
30630968
j8793
30630968
j8793
30630968
j8794
30639762
j8794
30639762
j8794
30639762
j8794
30639762
j8794
30639762
j8795
30639762
j8795
30639762
j8795
30648557
j8795
30648557
j8795
30648557
j8796
30657353
j8797
30657353
j8797
30657353
j8797
30657353
j8797
30657353
j8797
30657353
j8798
30666151
j8798
30666151
j8798
30666151
j8798
30666151
j8798
30666151
j8799
30666151
j8799
30674950
j8799
30674950
j8800
30683750
j8800
30683750
j8801
30683750
j8801
30683750
j8801
30683750
j8801
30683750
j8801
30683750
j8802
30692552
j8803
30692552
j8803
30692552
j8803
30692552
j8803
30692552
j8803
30692552
j8804
30701356
j8804
30701356
j8804
30701356
j8804
30701356
j8804
30701356
j8805
30701356
j8805
30710161
j8806
30718967
j8806
30718967
j8806
30718967
j8807
30718967
j8807
30718967
j8807
30718967
j8807
30718967
j8807
30718967
j8808
30727775
j8809
30727775
j8809
30727775
j8809
30727775
j8809
30727775
j8809
30727775
j8810
30736585
j8810
30736585
j8811
30736585
j8811
30745396
j8811
30745396
j8811
30745396
j8812
30754208
j8812
30754208
j8812
30754208
j8812
30754208
j8812
30754208
j8813
30754208
j8813
30754208
j8813
30754208
j8813
30763021
j8813
30763021
j8814
30771835
j8815
30771835
j8815
30771835
j8815
30780650
j8815
30780650
j8815
30780650
j8816
30789466
j8816
30789466
j8816
30789466
j8816
30789466
j8816
30789466
j8817
30789466
j8817
30798283
j8817
30798283
j8817
30798283
j8817
30798283
j8818
30807101
j8818
30807101
j8818
30807101
j8818
30807101
j8818
30807101
j8819
30807101
j8819
30807101
j8819
30807101
j8819
30807101
j8819
30807101
j8820
30815921
j8821
30815921
j8821
30815921
j8821
30815921
j8821
30815921
j8821
30815921
j8822
30824743
j8822
30824743
j8822
30824743
j8822
30824743
j8823
30824743
j8823
30833566
j8823
30833566
j8823
30833566
j8823
30833566
j8824
30842390
j8824
30842390
j8824
30842390
j8824
30842390
j8824
30842390
j8825
30842390
j8825
30842390
j8825
30851215
j8825
30851215
j8825
30851215
j8826
30860041
j8827
30860041
j8827
30860041
j8827
30860041
j8827
30868868
j8827
30868868
j8828
30877696
j8828
30877696
j8828
30877696
j8828
30877696
j8828
30877696
j8829
30877696
j8829
30886525
j8829
30886525
j8829
30886525
j8829
30886525
j8830
30895355
j8830
30895355
j8831
30895355
j8831
30895355
j8831
30895355
j8831
30895355
j8831
30895355
j8832
30904187
j8833
30904187
j8833
30904187
j8833
30904187
j8833
30904187
j8833
30913020
j8834
30921854
j8834
30921854
j8834
30921854
j8835
30921854
j8835
30930689
j8836
30939525
j8836
30939525
j8836
30939525
j8836
30939525
j8836
30939525
j8837
30939525
j8837
30939525
j8837
30939525
j8837
30939525
j8837
30939525
j8838
30948363
j8839
30948363
j8839
30948363
j8839
30948363
j8839
30948363
j8839
30948363
j8840
30957203
j8840
30957203
j8841
30957203
j8841
30966044
j8841
30966044
j8842
30974886
j8842
30974886
j8842
30974886
j8842
30974886
j8842
30974886
j8843
30974886
j8843
30974886
j8843
30974886
j8843
30974886
j8843
30974886
j8844
30983730
j8845
30983730
j8845
30983730
j8845
30992575
j8845
30992575
j8845
30992575
j8846
31001421
j8846
31001421
j8846
31001421
j8846
31001421
j8846
31001421
j8847
31001421
j8847
31010268
j8847
31010268
j8847
31010268
j8847
31010268
j8848
31019116
j8848
31019116
j8848
31019116
j8849
31019116
j8849
31019116
j8849
31019116
j8849
31019116
j8849
31019116
j8850
31027966
j8851
31027966
j8851
31027966
j8851
31027966
j8851
31027966
j8851
31027966
j8852
31036818
j8852
31036818
j8852
31036818
j8852
31036818
j8852
31036818
j8853
31036818
j8853
31045671
j8853
31045671
j8853
31045671
j8853
31045671
j8854
31054525
j8854
31054525
j8854
31054525
j8854
31054525
j8854
31054525
j8855
31054525
j8855
31054525
j8855
31063380
j8856
31072236
j8857
31072236
j8857
31072236
j8857
31072236
j8857
31072236
j8857
31072236
j8858
31081094
j8858
31081094
j8858
31081094
j8858
31081094
j8858
31081094
j8859
31081094
j8859
31089953
j8859
31089953
j8859
31089953
j8859
31089953
j8860
31098813
j8860
31098813
j8861
31098813
j8861
31098813
j8861
31098813
j8861
31098813
j8861
31098813
j8862
31107675
j8863
31107675
j8863
31107675
j8863
31107675
j8863
31107675
j8863
31107675
j8864
31116539
j8864
31116539
j8864
31116539
j8864
31116539
j8864
31116539
j8865
31116539
j8865
31125404
j8866
31134270
j8866
31134270
j8866
31134270
j8866
31134270
j8867
31134270
j8867
31134270
j8867
31134270
j8867
31134270
j8867
31134270
j8868
31143138
j8869
31143138
j8869
31143138
j8869
31143138
j8869
31152007
j8869
31152007
j8870
31160877
j8870
31160877
j8871
31160877
j8871
31169748
j8871
31169748
j8871
31169748
j8871
31169748
j8872
31178620
j8872
31178620
j8872
31178620
j8872
31178620
j8872
31178620
j8873
31178620
j8873
31178620
j8873
31178620
j8873
31178620
j8873
31178620
j8874
31187494
j8875
31187494
j8875
31187494
j8875
31196369
j8875
31196369
j8875
31196369
j8876
31205245
j8876
31205245
j8876
31205245
j8877
31205245
j8877
31214122
j8877
31214122
j8877
31214122
j8878
31223000
j8878
31223000
j8878
31223000
j8878
31223000
j8878
31223000
j8879
31223000
j8879
31223000
j8879
31223000
j8879
31223000
j8879
31223000
j8880
31231880
j8881
31231880
j8881
31231880
j8881
31231880
j8881
31231880
j8881
31231880
j8882
31240762
j8882
31240762
j8882
31240762
j8882
31240762
j8882
31240762
j8883
31240762
j8883
31249645
j8883
31249645
j8884
31258529
j8884
31258529
j8884
31258529
j8884
31258529
j8884
31258529
j8885
31258529
j8885
31258529
j8885
31267414
j8885
31267414
j8885
31267414
j8886
31276300
j8887
31276300
j8887
31276300
j8887
31276300
j8887
31276300
j8887
31276300
j8888
31285188
j8888
31285188
j8888
31285188
j8888
31285188
j8889
31285188
j8889
31294077
j8889
31294077
j8889
31294077
j8889
31294077
j8890
31302967
j8890
31302967
j8891
31302967
j8891
31302967
j8891
31302967
j8891
31302967
j8891
31302967
j8892
31311859
j8893
31311859
j8893
31311859
j8893
31311859
j8893
31311859
j8893
31311859
j8894
31320753
j8894
31320753
j8894
31320753
j8894
31320753
j8894
31320753
j8895
31320753
j8895
31329648
j8896
31338544
j8896
31338544
j8896
31338544
j8896
31338544
j8896
31338544
j8897
31338544
j8897
31338544
j8897
31338544
j8897
31347441
j8897
31347441
j8898
31356339
j8899
31356339
j8899
31356339
j8899
31356339
j8899
31356339
j8899
31365238
j8900
31374138
j8900
31374138
j8901
31374138
j8901
31383039
j8901
31383039
j8901
31383039
j8901
31383039
j8902
31391941
j8902
31391941
j8902
31391941
j8902
31391941
j8902
31391941
j8903
31391941
j8903
31391941
j8903
31391941
j8903
31391941
j8903
31391941
j8904
31400845
j8905
31400845
j8905
31400845
j8905
31409750
j8905
31409750
j8905
31409750
j8906
31418656
j8906
31418656
j8906
31418656
j8906
31418656
j8906
31418656
j8907
31418656
j8907
31427563
j8907
31427563
j8907
31427563
j8907
31427563
j8908
31436471
j8908
31436471
j8908
31436471
j8908
31436471
j8908
31436471
j8909
31436471
j8909
31436471
j8909
31436471
j8909
31436471
j8909
31436471
j8910
31445381
j8911
31445381
j8911
31445381
j8911
31445381
j8911
31454292
j8911
31454292
j8912
31463204
j8912
31463204
j8912
31463204
j8912
31463204
j8912
31463204
j8913
31463204
j8913
31472117
j8913
31472117
j8913
31472117
j8913
31472117
j8914
31481031
j8914
31481031
j8914
31481031
j8914
31481031
j8914
31481031
j8915
31481031
j8915
31481031
j8915
31489946
j8915
31489946
j8915
31489946
j8916
31498862
j8917
31498862
j8917
31498862
j8917
31498862
j8917
31498862
j8917
31498862
j8918
31507780
j8918
31507780
j8918
31507780
j8919
31507780
j8919
31516699
j8919
31516699
j8919
31516699
j8919
31516699
j8920
31525619
j8920
31525619
j8921
31525619
j8921
31525619
j8921
31525619
j8921
31525619
j8921
31534540
j8922
31543462
j8923
31543462
j8923
31543462
j8923
31543462
j8923
31543462
j8923
31543462
j8924
31552386
j8924
31552386
j8924
31552386
j8924
31552386
j8924
31552386
j8925
31552386
j8925
31561311
j8926
31570237
j8926
31570237
j8926
31570237
j8926
31570237
j8926
31570237
j8927
31570237
j8927
31570237
j8927
31570237
j8927
31570237
j8927
31570237
j8928
31579165
j8929
31579165
j8929
31579165
j8929
31579165
j8929
31579165
j8929
31579165
j8930
31588095
j8930
31588095
j8931
31588095
j8931
31597026
j8931
31597026
j8931
31597026
j8931
31597026
j8932
31605958
j8932
31605958
j8932
31605958
j8933
31605958
j8933
31605958
j8933
31605958
j8933
31605958
j8933
31605958
j8934
31614892
j8935
31614892
j8935
31614892
j8935
31623827
j8935
31623827
j8935
31623827
j8936
31632763
j8936
31632763
j8936
31632763
j8936
31632763
j8936
31632763
j8937
31632763
j8937
31641700
j8937
31641700
j8937
31641700
j8937
31641700
j8938
31650638
j8938
31650638
j8938
31650638
j8938
31650638
j8938
31650638
j8939
31650638
j8939
31650638
j8939
31650638
j8939
31659577
j8939
31659577
j8940
31668517
j8941
31668517
j8941
31668517
j8941
31668517
j8941
31668517
j8941
31668517
j8942
31677459
j8942
31677459
j8942
31677459
j8942
31677459
j8942
31677459
j8943
31677459
j8943
31686402
j8943
31686402
j8943
31686402
j8944
31695346
j8944
31695346
j8944
31695346
j8944
31695346
j8944
31695346
j8945
31695346
j8945
31695346
j8945
31704291
j8945
31704291
j8945
31704291
j8946
31713237
j8947
31713237
j8947
31713237
j8947
31713237
j8947
31713237
j8947
31713237
j8948
31722185
j8948
31722185
j8948
31722185
j8948
31722185
j8948
31722185
j8949
31722185
j8949
31731134
j8949
31731134
j8949
31731134
j8949
31731134
j8950
31740084
j8950
31740084
j8951
31740084
j8951
31740084
j8951
31740084
j8951
31740084
j8951
31740084
j8952
31749036
j8953
31749036
j8953
31749036
j8953
31749036
j8953
31757989
j8953
31757989
j8954
31766943
j8954
31766943
j8954
31766943
j8954
31766943
j8955
31766943
j8955
31775898
j8956
31784854
j8956
31784854
j8956
31784854
j8956
31784854
j8956
31784854
j8957
31784854
j8957
31784854
j8957
31784854
j8957
31784854
j8957
31784854
j8958
31793812
j8959
31793812
j8959
31793812
j8959
31793812
j8959
31793812
j8959
31793812
j8960
31802772
j8960
31802772
j8961
31802772
j8961
31811733
j8961
31811733
j8961
31811733
j8961
31811733
j8962
31820695
j8962
31820695
j8962
31820695
j8962
31820695
j8962
31820695
j8963
31820695
j8963
31820695
j8963
31820695
j8963
31820695
j8963
31820695
j8964
31829659
j8965
31829659
j8965
31829659
j8965
31838624
j8965
31838624
j8966
31847590
j8966
31847590
j8966
31847590
j8966
31847590
j8966
31847590
j8967
31847590
j8967
31856557
j8967
31856557
j8968
31865525
j8968
31865525
j8968
31865525
j8968
31865525
j8968
31865525
j8969
31865525
j8969
31865525
j8969
31865525
j8969
31865525
j8969
31865525
j8970
31874495
j8971
31874495
j8971
31874495
j8971
31874495
j8971
31874495
j8971
31874495
j8972
31883467
j8972
31883467
j8972
31883467
j8972
31883467
j8972
31883467
j8973
31883467
j8973
31892440
j8973
31892440
j8973
31892440
j8973
31892440
j8974
31901414
j8974
31901414
j8974
31901414
j8975
31901414
j8975
31901414
j8975
31910389
j8975
31910389
j8975
31910389
j8976
31919365
j8977
31919365
j8977
31919365
j8977
31919365
j8977
31919365
j8977
31919365
j8978
31928343
j8978
31928343
j8978
31928343
j8978
31928343
j8978
31928343
j8979
31928343
j8979
31937322
j8979
31937322
j8979
31937322
j8979
31937322
j8980
31946302
j8980
31946302
j8981
31946302
j8981
31946302
j8981
31946302
j8981
31955283
j8981
31955283
j8982
31964265
j8983
31964265
j8983
31964265
j8983
31964265
j8983
31964265
j8983
31964265
j8984
31973249
j8984
31973249
j8984
31973249
j8984
31973249
j8984
31973249
j8985
31973249
j8985
31982234
j8986
31991220
j8986
31991220
j8986
31991220
j8986
31991220
j8986
31991220
j8987
31991220
j8987
31991220
j8987
31991220
j8987
31991220
j8987
32000207
j8988
32009195
j8989
32009195
j8989
32009195
j8989
32009195
j8989
32009195
j8989
32009195
j8990
32018185
j8990
32018185
j8991
32018185
j8991
32027176
j8991
32027176
j8991
32027176
j8991
32027176
j8992
32036168
j8992
32036168
j8992
32036168
j8992
32036168
j8992
32036168
j8993
32036168
j8993
32036168
j8993
32036168
j8993
32036168
j8993
32036168
j8994
32045162
j8995
32045162
j8995
32045162
j8995
32054157
j8996
32063153
j8996
32063153
j8996
32063153
j8996
32063153
j8996
32063153
j8997
32063153
j8997
32072150
j8997
32072150
j8997
32072150
j8997
32072150
j8998
32081148
j8998
32081148
j8998
32081148
j8998
32081148
j8999
32081148
j8999
32081148
j8999
32081148
j8999
32081148
j8999
32081148
j9000
32090148
j9001
32090148
j9001
32090148
j9001
32090148
j9001
32090148
j9001
32090148
j9002
32099150
j9002
32099150
j9002
32099150
j9003
32099150
j9003
32108153
j9003
32108153
j9003
32108153
j9003
32108153
j9004
32117157
j9004
32117157
j9004
32117157
j9004
32117157
j9004
32117157
j9005
32117157
j9005
32117157
j9005
32126162
j9005
32126162
j9005
32126162
j9006
32135168
j9007
32135168
j9007
32135168
j9007
32135168
j9007
32135168
j9007
32135168
j9008
32144176
j9008
32144176
j9008
32144176
j9008
32144176
j9008
32144176
j9009
32144176
j9009
32153185
j9009
32153185
j9010
32162195
j9010
32162195
j9011
32162195
j9011
32162195
j9011
32162195
j9011
32162195
j9011
32162195
j9012
32171207
j9013
32171207
j9013
32171207
j9013
32171207
j9013
32171207
j9013
32171207
j9014
32180221
j9014
32180221
j9014
32180221
j9014
32180221
j9014
32180221
j9015
32180221
j9015
32189236
j9016
32198252
j9016
32198252
j9016
32198252
j9017
32198252
j9017
32198252
j9017
32198252
j9017
32198252
j9017
32198252
j9018
32207270
j9019
32207270
j9019
32207270
j9019
32207270
j9019
32207270
j9019
32207270
j9020
32216290
j9020
32216290
j9021
32216290
j9021
32225311
j9021
32225311
j9021
32225311
j9021
32225311
j9022
32234333
j9022
32234333
j9022
32234333
j9022
32234333
j9022
32234333
j9023
32234333
j9023
32234333
j9023
32234333
j9023
32243356
j9023
32243356
j9024
32252380
j9025
32252380
j9025
32252380
j9025
32261405
j9025
32261405
j9025
32261405
j9026
32270431
j9026
32270431
j9026
32270431
j9026
32270431
j9026
32270431
j9027
32270431
j9027
32279458
j9027
32279458
j9027
32279458
j9027
32279458
j9028
32288486
j9028
32288486
j9028
32288486
j9028
32288486
j9028
32288486
j9029
32288486
j9029
32288486
j9029
32288486
j9029
32288486
j9029
32288486
j9030
32297516
j9031
32297516
j9031
32297516
j9031
32297516
j9031
32297516
j9031
32306547
j9032
32315579
j9032
32315579
j9032
32315579
j9032
32315579
j9032
32315579
j9033
32315579
j9033
32324612
j9033
32324612
j9033
32324612
j9033
32324612
j9034
32333646
j9034
32333646
j9034
32333646
j9034
32333646
j9034
32333646
j9035
32333646
j9035
32333646
j9035
32342681
j9035
32342681
j9035
32342681
j9036
32351717
j9037
32351717
j9037
32351717
j9037
32351717
j9037
32360754
j9037
32360754
j9038
32369792
j9038
32369792
j9038
32369792
j9038
32369792
j9038
32369792
j9039
32369792
j9039
32378831
j9039
32378831
j9039
32378831
j9039
32378831
j9040
32387871
j9040
32387871
j9041
32387871
j9041
32387871
j9041
32387871
j9041
32387871
j9041
32387871
j9042
32396913
j9043
32396913
j9043
32396913
j9043
32396913
j9043
32396913
j9043
32396913
j9044
32405957
j9044
32405957
j9044
32405957
j9045
32405957
j9045
32415002
j9046
32424048
j9046
32424048
j9046
32424048
j9046
32424048
j9046
32424048
j9047
32424048
j9047
32424048
j9047
32424048
j9047
32424048
j9047
32424048
j9048
32433096
j9049
32433096
j9049
32433096
j9049
32433096
j9049
32433096
j9049
32433096
j9050
32442146
j9050
32442146
j9051
32442146
j9051
32451197
j9051
32451197
j9052
32460249
j9052
32460249
j9052
32460249
j9052
32460249
j9052
32460249
j9053
32460249
j9053
32460249
j9053
32460249
j9053
32460249
j9053
32469302
j9054
32478356
j9055
32478356
j9055
32478356
j9055
32487411
j9055
32487411
j9055
32487411
j9056
32496467
j9056
32496467
j9056
32496467
j9056
32496467
j9056
32496467
j9057
32496467
j9057
32505524
j9057
32505524
j9057
32505524
j9057
32505524
j9058
32514582
j9058
32514582
j9058
32514582
j9059
32514582
j9059
32514582
j9059
32514582
j9059
32514582
j9059
32514582
j9060
32523642
j9061
32523642
j9061
32523642
j9061
32523642
j9061
32523642
j9061
32523642
j9062
32532704
j9062
32532704
j9062
32532704
j9062
32532704
j9062
32532704
j9063
32532704
j9063
32541767
j9063
32541767
j9063
32541767
j9063
32541767
j9064
32550831
j9064
32550831
j9064
32550831
j9064
32550831
j9065
32550831
j9065
32550831
j9065
32559896
j9066
32568962
j9067
32568962
j9067
32568962
j9067
32568962
j9067
32568962
j9067
32568962
j9068
32578030
j9068
32578030
j9068
32578030
j9068
32578030
j9068
32578030
j9069
32578030
j9069
32587099
j9069
32587099
j9069
32587099
j9069
32587099
j9070
32596169
j9070
32596169
j9071
32596169
j9071
32596169
j9071
32596169
j9071
32596169
j9071
32596169
j9072
32605241
j9073
32605241
j9073
32605241
j9073
32605241
j9073
32605241
j9073
32605241
j9074
32614315
j9074
32614315
j9074
32614315
j9074
32614315
j9074
32614315
j9075
32614315
j9075
32623390
j9076
32632466
j9076
32632466
j9076
32632466
j9076
32632466
j9076
32632466
j9077
32632466
j9077
32632466
j9077
32632466
j9077
32632466
j9077
32632466
j9078
32641544
j9079
32641544
j9079
32641544
j9079
32641544
j9079
32650623
j9079
32650623
j9080
32659703
j9080
32659703
j9081
32659703
j9081
32668784
j9081
32668784
j9081
32668784
j9081
32668784
j9082
32677866
j9082
32677866
j9082
32677866
j9082
32677866
j9082
32677866
j9083
32677866
j9083
32677866
j9083
32677866
j9083
32677866
j9083
32677866
j9084
32686950
j9085
32686950
j9085
32686950
j9085
32696035
j9085
32696035
j9085
32696035
j9086
32705121
j9086
32705121
j9086
32705121
j9087
32705121
j9087
32714208
j9087
32714208
j9087
32714208
j9087
32714208
j9088
32723296
j9088
32723296
j9088
32723296
j9088
32723296
j9088
32723296
j9089
32723296
j9089
32723296
j9089
32723296
j9089
32723296
j9089
32723296
j9090
32732386
j9091
32732386
j9091
32732386
j9091
32732386
j9091
32732386
j9091
32732386
j9092
32741478
j9092
32741478
j9092
32741478
j9092
32741478
j9092
32741478
j9093
32741478
j9093
32750571
j9093
32750571
j9094
32759665
j9094
32759665
j9094
32759665
j9094
32759665
j9094
32759665
j9095
32759665
j9095
32759665
j9095
32768760
j9095
32768760
j9095
32768760
j9096
32777856
j9097
32777856
j9097
32777856
j9097
32777856
j9097
32777856
j9097
32786953
j9098
32796051
j9098
32796051
j9098
32796051
j9098
32796051
j9098
32796051
j9099
32796051
j9099
32805150
j9099
32805150
j9099
32805150
j9099
32805150
j9100
32814250
j9100
32814250
j9101
32814250
j9101
32814250
j9101
32814250
j9101
32814250
j9101
32814250
j9102
32823352
j9103
32823352
j9103
32823352
j9103
32823352
j9103
32823352
j9103
32823352
j9104
32832456
j9104
32832456
j9104
32832456
j9104
32832456
j9104
32832456
j9105
32832456
j9105
32841561
j9106
32850667
j9106
32850667
j9106
32850667
j9106
32850667
j9106
32850667
j9107
32850667
j9107
32850667
j9107
32850667
j9107
32859774
j9107
32859774
j9108
32868882
j9109
32868882
j9109
32868882
j9109
32868882
j9109
32868882
j9109
32868882
j9110
32877992
j9110
32877992
j9111
32877992
j9111
32887103
j9111
32887103
j9111
32887103
j9111
32887103
j9112
32896215
j9112
32896215
j9112
32896215
j9112
32896215
j9112
32896215
j9113
32896215
j9113
32896215
j9113
32896215
j9113
32896215
j9113
32896215
j9114
32905329
j9115
32905329
j9115
32905329
j9115
32914444
j9115
32914444
j9115
32914444
j9116
32923560
j9116
32923560
j9116
32923560
j9116
32923560
j9116
32923560
j9117
32923560
j9117
32932677
j9117
32932677
j9117
32932677
j9117
32932677
j9118
32941795
j9118
32941795
j9118
32941795
j9118
32941795
j9118
32941795
j9119
32941795
j9119
32941795
j9119
32941795
j9119
32941795
j9119
32950914
j9120
32960034
j9121
32960034
j9121
32960034
j9121
32960034
j9121
32969155
j9121
32969155
j9122
32978277
j9122
32978277
j9122
32978277
j9122
32978277
j9122
32978277
j9123
32978277
j9123
32987400
j9123
32987400
j9123
32987400
j9123
32987400
j9124
32996524
j9124
32996524
j9124
32996524
j9124
32996524
j9124
32996524
j9125
32996524
j9125
32996524
j9125
33005649
j9125
33005649
j9125
33005649
j9126
33014775
j9127
33014775
j9127
33014775
j9127
33014775
j9127
33014775
j9127
33014775
j9128
33023903
j9128
33023903
j9128
33023903
j9129
33023903
j9129
33033032
j9129
33033032
j9129
33033032
j9129
33033032
j9130
33042162
j9130
33042162
j9131
33042162
j9131
33042162
j9131
33042162
j9131
33042162
j9131
33042162
j9132
33051294
j9133
33051294
j9133
33051294
j9133
33051294
j9133
33051294
j9133
33051294
j9134
33060428
j9134
33060428
j9134
33060428
j9134
33060428
j9134
33060428
j9135
33060428
j9135
33069563
j9136
33078699
j9136
33078699
j9136
33078699
j9136
33078699
j9136
33078699
j9137
33078699
j9137
33078699
j9137
33078699
j9137
33078699
j9137
33078699
j9138
33087837
j9139
33087837
j9139
33087837
j9139
33087837
j9139
33087837
j9139
33087837
j9140
33096977
j9140
33096977
j9141
33096977
j9141
33106118
j9141
33106118
j9141
33106118
j9142
33115260
j9142
33115260
j9142
33115260
j9143
33115260
j9143
33115260
j9143
33115260
j9143
33115260
j9143
33115260
j9144
33124404
j9145
33124404
j9145
33124404
j9145
33133549
j9145
33133549
j9145
33133549
j9146
33142695
j9146
33142695
j9146
33142695
j9146
33142695
j9146
33142695
j9147
33142695
j9147
33151842
j9147
33151842
j9147
33151842
j9147
33151842
j9148
33160990
j9148
33160990
j9148
33160990
j9148
33160990
j9148
33160990
j9149
33160990
j9149
33160990
j9149
33160990
j9149
33170139
j9149
33170139
j9150
33179289
j9151
33179289
j9151
33179289
j9151
33179289
j9151
33179289
j9151
33179289
j9152
33188441
j9152
33188441
j9152
33188441
j9152
33188441
j9153
33188441
j9153
33197594
j9153
33197594
j9153
33197594
j9153
33197594
j9154
33206748
j9154
33206748
j9154
33206748
j9154
33206748
j9154
33206748
j9155
33206748
j9155
33206748
j9155
33215903
j9155
33215903
j9155
33215903
j9156
33225059
j9157
33225059
j9157
33225059
j9157
33225059
j9157
33225059
j9157
33225059
j9158
33234217
j9158
33234217
j9158
33234217
j9158
33234217
j9158
33234217
j9159
33234217
j9159
33243376
j9159
33243376
j9159
33243376
j9159
33243376
j9160
33252536
j9160
33252536
j9161
33252536
j9161
33252536
j9161
33252536
j9161
33252536
j9161
33252536
j9162
33261698
j9163
33261698
j9163
33261698
j9163
33261698
j9163
33270861
j9164
33280025
j9164
33280025
j9164
33280025
j9164
33280025
j9164
33280025
j9165
33280025
j9165
33289190
j9166
33298356
j9166
33298356
j9166
33298356
j9166
33298356
j9166
33298356
j9167
33298356
j9167
33298356
j9167
33298356
j9167
33298356
j9167
33298356
j9168
33307524
j9169
33307524
j9169
33307524
j9169
33307524
j9169
33307524
j9169
33307524
j9170
33316694
j9170
33316694
j9171
33316694
j9171
33325865
j9171
33325865
j9171
33325865
j9171
33325865
j9172
33335037
j9172
33335037
j9172
33335037
j9172
33335037
j9172
33335037
j9173
33335037
j9173
33335037
j9173
33335037
j9173
33335037
j9173
33335037
j9174
33344211
j9175
33344211
j9175
33344211
j9175
33353386
j9175
33353386
j9175
33353386
j9176
33362562
j9176
33362562
j9176
33362562
j9176
33362562
j9176
33362562
j9177
33362562
j9177
33371739
j9177
33371739
j9178
33380917
j9178
33380917
j9178
33380917
j9178
33380917
j9178
33380917
j9179
33380917
j9179
33380917
j9179
33380917
j9179
33380917
j9179
33380917
j9180
33390097
j9181
33390097
j9181
33390097
j9181
33390097
j9181
33390097
j9181
33390097
j9182
33399279
j9182
33399279
j9182
33399279
j9182
33399279
j9182
33399279
j9183
33399279
j9183
33408462
j9183
33408462
j9183
33408462
j9183
33408462
j9184
33417646
j9184
33417646
j9184
33417646
j9185
33417646
j9185
33417646
j9185
33426831
j9185
33426831
j9186
33436017
j9187
33436017
j9187
33436017
j9187
33436017
j9187
33436017
j9187
33436017
j9188
33445205
j9188
33445205
j9188
33445205
j9188
33445205
j9188
33445205
j9189
33445205
j9189
33454394
j9189
33454394
j9189
33454394
j9189
33454394
j9190
33463584
j9190
33463584
j9191
33463584
j9191
33463584
j9191
33463584
j9191
33472775
j9191
33472775
j9192
33481967
j9193
33481967
j9193
33481967
j9193
33481967
j9193
33481967
j9193
33481967
j9194
33491161
j9194
33491161
j9194
33491161
j9194
33491161
j9194
33491161
j9195
33491161
j9195
33500356
j9196
33509552
j9196
33509552
j9196
33509552
j9196
33509552
j9197
33509552
j9197
33509552
j9197
33509552
j9197
33509552
j9197
33509552
j9198
33518750
j9199
33518750
j9199
33518750
j9199
33518750
j9199
33518750
j9199
33518750
j9200
33527950
j9200
33527950
j9201
33527950
j9201
33537151
j9201
33537151
j9201
33537151
j9201
33537151
j9202
33546353
j9202
33546353
j9202
33546353
j9202
33546353
j9202
33546353
j9203
33546353
j9203
33546353
j9203
33546353
j9203
33546353
j9203
33546353
j9204
33555557
j9205
33555557
j9205
33555557
j9205
33564762
j9206
33573968
j9206
33573968
j9206
33573968
j9206
33573968
j9206
33573968
j9207
33573968
j9207
33583175
j9207
33583175
j9207
33583175
j9208
33592383
j9208
33592383
j9208
33592383
j9208
33592383
j9208
33592383
j9209
33592383
j9209
33592383
j9209
33592383
j9209
33592383
j9209
33592383
j9210
33601593
j9211
33601593
j9211
33601593
j9211
33601593
j9211
33601593
j9211
33601593
j9212
33610805
j9212
33610805
j9212
33610805
j9213
33610805
j9213
33620018
j9213
33620018
j9213
33620018
j9213
33620018
j9214
33629232
j9214
33629232
j9214
33629232
j9214
33629232
j9214
33629232
j9215
33629232
j9215
33629232
j9215
33638447
j9215
33638447
j9215
33638447
j9216
33647663
j9217
33647663
j9217
33647663
j9217
33647663
j9217
33647663
j9217
33647663
j9218
33656881
j9218
33656881
j9218
33656881
j9218
33656881
j9219
33656881
j9219
33666100
j9219
33666100
j9220
33675320
j9220
33675320
j9221
33675320
j9221
33675320
j9221
33675320
j9221
33675320
j9221
33675320
j9222
33684542
j9223
33684542
j9223
33684542
j9223
33684542
j9223
33684542
j9223
33684542
j9224
33693766
j9224
33693766
j9224
33693766
j9224
33693766
j9224
33693766
j9225
33693766
j9225
33702991
j9226
33712217
j9226
33712217
j9226
33712217
j9227
33712217
j9227
33712217
j9227
33712217
j9227
33712217
j9227
33712217
j9228
33721445
j9229
33721445
j9229
33721445
j9229
33721445
j9229
33721445
j9229
33730674
j9230
33739904
j9230
33739904
j9231
33739904
j9231
33749135
j9231
33749135
j9231
33749135
j9231
33749135
j9232
33758367
j9232
33758367
j9232
33758367
j9232
33758367
j9232
33758367
j9233
33758367
j9233
33758367
j9233
33758367
j9233
33767600
j9233
33767600
j9234
33776834
j9235
33776834
j9235
33776834
j9235
33786069
j9235
33786069
j9235
33786069
j9236
33795305
j9236
33795305
j9236
33795305
j9236
33795305
j9236
33795305
j9237
33795305
j9237
33804542
j9237
33804542
j9237
33804542
j9237
33804542
j9238
33813780
j9238
33813780
j9238
33813780
j9238
33813780
j9238
33813780
j9239
33813780
j9239
33813780
j9239
33813780
j9239
33813780
j9239
33813780
j9240
33823020
j9241
33823020
j9241
33823020
j9241
33823020
j9241
33823020
j9241
33823020
j9242
33832262
j9242
33832262
j9242
33832262
j9242
33832262
j9242
33832262
j9243
33832262
j9243
33841505
j9243
33841505
j9243
33841505
j9243
33841505
j9244
33850749
j9244
33850749
j9244
33850749
j9244
33850749
j9244
33850749
j9245
33850749
j9245
33850749
j9245
33859994
j9245
33859994
j9245
33859994
j9246
33869240
j9247
33869240
j9247
33869240
j9247
33869240
j9247
33878487
j9247
33878487
j9248
33887735
j9248
33887735
j9248
33887735
j9248
33887735
j9248
33887735
j9249
33887735
j9249
33896984
j9249
33896984
j9249
33896984
j9249
33896984
j9250
33906234
j9250
33906234
j9251
33906234
j9251
33906234
j9251
33906234
j9251
33906234
j9251
33915485
j9252
33924737
j9253
33924737
j9253
33924737
j9253
33924737
j9253
33924737
j9253
33924737
j9254
33933991
j9254
33933991
j9254
33933991
j9255
33933991
j9255
33943246
j9256
33952502
j9256
33952502
j9256
33952502
j9256
33952502
j9256
33952502
j9257
33952502
j9257
33952502
j9257
33952502
j9257
33952502
j9257
33952502
j9258
33961760
j9259
33961760
j9259
33961760
j9259
33961760
j9259
33961760
j9259
33961760
j9260
33971020
j9260
33971020
j9261
33971020
j9261
33980281
j9261
33980281
j9262
33989543
j9262
33989543
j9262
33989543
j9262
33989543
j9263
33989543
j9263
33989543
j9263
33989543
j9263
33989543
j9263
33989543
j9264
33998807
j9265
33998807
j9265
33998807
j9265
34008072
j9265
34008072
j9265
34008072
j9266
34017338
j9266
34017338
j9266
34017338
j9266
34017338
j9266
34017338
j9267
34017338
j9267
34026605
j9267
34026605
j9267
34026605
j9267
34026605
j9268
34035873
j9268
34035873
j9268
34035873
j9269
34035873
j9269
34035873
j9269
34035873
j9269
34035873
j9269
34035873
j9270
34045143
j9271
34045143
j9271
34045143
j9271
34045143
j9271
34045143
j9271
34045143
j9272
34054415
j9272
34054415
j9272
34054415
j9272
34054415
j9272
34054415
j9273
34054415
j9273
34063688
j9273
34063688
j9273
34063688
j9274
34072962
j9274
34072962
j9274
34072962
j9274
34072962
j9274
34072962
j9275
34072962
j9275
34072962
j9275
34082237
j9276
34091513
j9277
34091513
j9277
34091513
j9277
34091513
j9277
34091513
j9277
34091513
j9278
34100791
j9278
34100791
j9278
34100791
j9278
34100791
j9278
34100791
j9279
34100791
j9279
34110070
j9279
34110070
j9279
34110070
j9279
34110070
j9280
34119350
j9280
34119350
j9281
34119350
j9281
34119350
j9281
34119350
j9281
34119350
j9281
34119350
j9282
34128632
j9283
34128632
j9283
34128632
j9283
34128632
j9283
34128632
j9283
34128632
j9284
34137916
j9284
34137916
j9284
34137916
j9284
34137916
j9285
34137916
j9285
34147201
j9286
34156487
j9286
34156487
j9286
34156487
j9286
34156487
j9286
34156487
j9287
34156487
j9287
34156487
j9287
34156487
j9287
34156487
j9287
34156487
j9288
34165775
j9289
34165775
j9289
34165775
j9289
34165775
j9289
34175064
j9289
34175064
j9290
34184354
j9290
34184354
j9291
34184354
j9291
34193645
j9291
34193645
j9291
34193645
j9291
34193645
j9292
34202937
j9292
34202937
j9292
34202937
j9292
34202937
j9292
34202937
j9293
34202937
j9293
34202937
j9293
34202937
j9293
34202937
j9293
34202937
j9294
34212231
j9295
34212231
j9295
34212231
j9295
34221526
j9295
34221526
j9296
34230822
j9296
34230822
j9296
34230822
j9297
34230822
j9297
34240119
j9297
34240119
j9297
34240119
j9297
34240119
j9298
34249417
j9298
34249417
j9298
34249417
j9298
34249417
j9298
34249417
j9299
34249417
j9299
34249417
j9299
34249417
j9299
34249417
j9299
34249417
j9300
34258717
j9301
34258717
j9301
34258717
j9301
34258717
j9301
34258717
j9301
34258717
j9302
34268019
j9302
34268019
j9302
34268019
j9302
34268019
j9302
34268019
j9303
34268019
j9303
34277322
j9303
34277322
j9304
34286626
j9304
34286626
j9304
34286626
j9304
34286626
j9304
34286626
j9305
34286626
j9305
34286626
j9305
34295931
j9305
34295931
j9305
34295931
j9306
34305237
j9307
34305237
j9307
34305237
j9307
34305237
j9307
34305237
j9307
34305237
j9308
34314545
j9308
34314545
j9308
34314545
j9308
34314545
j9308
34314545
j9309
34314545
j9309
34323854
j9309
34323854
j9309
34323854
j9309
34323854
j9310
34333164
j9310
34333164
j9311
34333164
j9311
34333164
j9311
34333164
j9311
34333164
j9311
34333164
j9312
34342476
j9313
34342476
j9313
34342476
j9313
34342476
j9313
34342476
j9313
34342476
j9314
34351790
j9314
34351790
j9314
34351790
j9314
34351790
j9314
34351790
j9315
34351790
j9315
34361105
j9316
34370421
j9316
34370421
j9316
34370421
j9316
34370421
j9316
34370421
j9317
34370421
j9317
34370421
j9317
34370421
j9317
34379738
j9318
34389056
j9319
34389056
j9319
34389056
j9319
34389056
j9319
34389056
j9319
34389056
j9320
34398376
j9320
34398376
j9321
34398376
j9321
34407697
j9321
34407697
j9321
34407697
j9321
34407697
j9322
34417019
j9322
34417019
j9322
34417019
j9322
34417019
j9322
34417019
j9323
34417019
j9323
34417019
j9323
34417019
j9323
34417019
j9323
34417019
j9324
34426343
j9325
34426343
j9325
34426343
j9325
34435668
j9325
34435668
j9325
34435668
j9326
34444994
j9326
34444994
j9326
34444994
j9326
34444994
j9326
34444994
j9327
34444994
j9327
34454321
j9327
34454321
j9327
34454321
j9327
34454321
j9328
34463649
j9328
34463649
j9328
34463649
j9328
34463649
j9329
34463649
j9329
34463649
j9329
34463649
j9329
34463649
j9329
34463649
j9330
34472979
j9331
34472979
j9331
34472979
j9331
34472979
j9331
34482310
j9331
34482310
j9332
34491642
j9332
34491642
j9332
34491642
j9332
34491642
j9332
34491642
j9333
34491642
j9333
34500975
j9333
34500975
j9333
34500975
j9333
34500975
j9334
34510309
j9334
34510309
j9334
34510309
j9334
34510309
j9334
34510309
j9335
34510309
j9335
34510309
j9335
34519644
j9335
34519644
j9335
34519644
j9336
34528980
j9337
34528980
j9337
34528980
j9337
34528980
j9337
34528980
j9337
34528980
j9338
34538318
j9338
34538318
j9338
34538318
j9339
34538318
j9339
34547657
j9339
34547657
j9339
34547657
j9340
34556997
j9340
34556997
j9341
34556997
j9341
34556997
j9341
34556997
j9341
34556997
j9341
34556997
j9342
34566339
j9343
34566339
j9343
34566339
j9343
34566339
j9343
34566339
j9343
34566339
j9344
34575683
j9344
34575683
j9344
34575683
j9344
34575683
j9344
34575683
j9345
34575683
j9345
34585028
j9346
34594374
j9346
34594374
j9346
34594374
j9346
34594374
j9346
34594374
j9347
34594374
j9347
34594374
j9347
34594374
j9347
34594374
j9347
34594374
j9348
34603722
j9349
34603722
j9349
34603722
j9349
34603722
j9349
34603722
j9349
34603722
j9350
34613072
j9350
34613072
j9351
34613072
j9351
34622423
j9351
34622423
j9351
34622423
j9351
34622423
j9352
34631775
j9352
34631775
j9352
34631775
j9353
34631775
j9353
34631775
j9353
34631775
j9353
34631775
j9353
34631775
j9354
34641129
j9355
34641129
j9355
34641129
j9355
34650484
j9355
34650484
j9355
34650484
j9356
34659840
j9356
34659840
j9356
34659840
j9356
34659840
j9356
34659840
j9357
34659840
j9357
34669197
j9357
34669197
j9357
34669197
j9357
34669197
j9358
34678555
j9358
34678555
j9358
34678555
j9358
34678555
j9358
34678555
j9359
34678555
j9359
34678555
j9359
34678555
j9359
34687914
j9359
34687914
j9360
34697274
j9361
34697274
j9361
34697274
j9361
34697274
j9361
34697274
j9361
34706635
j9362
34715997
j9362
34715997
j9362
34715997
j9362
34715997
j9362
34715997
j9363
34715997
j9363
34725360
j9363
34725360
j9363
34725360
j9363
34725360
j9364
34734724
j9364
34734724
j9364
34734724
j9364
34734724
j9364
34734724
j9365
34734724
j9365
34734724
j9365
34744089
j9365
34744089
j9365
34744089
j9366
34753455
j9367
34753455
j9367
34753455
j9367
34753455
j9367
34753455
j9367
34753455
j9368
34762823
j9368
34762823
j9368
34762823
j9368
34762823
j9368
34762823
j9369
34762823
j9369
34772192
j9369
34772192
j9369
34772192
j9369
34772192
j9370
34781562
j9370
34781562
j9371
34781562
j9371
34781562
j9371
34781562
j9371
34781562
j9371
34781562
j9372
34790934
j9373
34790934
j9373
34790934
j9373
34790934
j9373
34800307
j9373
34800307
j9374
34809681
j9374
34809681
j9374
34809681
j9374
34809681
j9374
34809681
j9375
34809681
j9375
34819056
j9376
34828432
j9376
34828432
j9376
34828432
j9376
34828432
j9376
34828432
j9377
34828432
j9377
34828432
j9377
34828432
j9377
34828432
j9377
34828432
j9378
34837810
j9379
34837810
j9379
34837810
j9379
34837810
j9379
34837810
j9379
34837810
j9380
34847190
j9380
34847190
j9381
34847190
j9381
34856571
j9381
34856571
j9381
34856571
j9381
34856571
j9382
34865953
j9382
34865953
j9382
34865953
j9382
34865953
j9382
34865953
j9383
34865953
j9383
34865953
j9383
34865953
j9383
34865953
j9383
34875336
j9384
34884720
j9385
34884720
j9385
34884720
j9385
34894105
j9385
34894105
j9385
34894105
j9386
34903491
j9386
34903491
j9386
34903491
j9386
34903491
j9386
34903491
j9387
34903491
j9387
34912878
j9387
34912878
j9388
34922266
j9388
34922266
j9388
34922266
j9388
34922266
j9388
34922266
j9389
34922266
j9389
34922266
j9389
34922266
j9389
34922266
j9389
34922266
j9390
34931656
j9391
34931656
j9391
34931656
j9391
34931656
j9391
34931656
j9391
34931656
j9392
34941048
j9392
34941048
j9392
34941048
j9392
34941048
j9392
34941048
j9393
34941048
j9393
34950441
j9393
34950441
j9393
34950441
j9393
34950441
j9394
34959835
j9394
34959835
j9394
34959835
j9395
34959835
j9395
34959835
j9395
34969230
j9395
34969230
j9395
34969230
j9396
34978626
j9397
34978626
j9397
34978626
j9397
34978626
j9397
34978626
j9397
34978626
j9398
34988024
j9398
34988024
j9398
34988024
j9398
34988024
j9398
34988024
j9399
34988024
j9399
34997423
j9399
34997423
j9399
34997423
j9399
34997423
j9400
35006823
j9400
35006823
j9401
35006823
j9401
35006823
j9401
35006823
j9401
35016224
j9401
35016224
j9402
35025626
j9403
35025626
j9403
35025626
j9403
35025626
j9403
35025626
j9403
35025626
j9404
35035030
j9404
35035030
j9404
35035030
j9404
35035030
j9404
35035030
j9405
35035030
j9405
35044435
j9406
35053841
j9406
35053841
j9406
35053841
j9406
35053841
j9406
35053841
j9407
35053841
j9407
35053841
j9407
35053841
j9407
35053841
j9407
35053841
j9408
35063249
j9409
35063249
j9409
35063249
j9409
35063249
j9409
35063249
j9409
35063249
j9410
35072659
j9410
35072659
j9411
35072659
j9411
35082070
j9411
35082070
j9411
35082070
j9411
35082070
j9412
35091482
j9412
35091482
j9412
35091482
j9412
35091482
j9412
35091482
j9413
35091482
j9413
35091482
j9413
35091482
j9413
35091482
j9413
35091482
j9414
35100896
j9415
35100896
j9415
35100896
j9415
35110311
j9416
35119727
j9416
35119727
j9416
35119727
j9416
35119727
j9417
35119727
j9417
35129144
j9417
35129144
j9417
35129144
j9417
35129144
j9418
35138562
j9418
35138562
j9418
35138562
j9418
35138562
j9418
35138562
j9419
35138562
j9419
35138562
j9419
35138562
j9419
35138562
j9419
35138562
j9420
35147982
j9421
35147982
j9421
35147982
j9421
35147982
j9421
35147982
j9421
35147982
j9422
35157404
j9422
35157404
j9422
35157404
j9423
35157404
j9423
35166827
j9423
35166827
j9423
35166827
j9423
35166827
j9424
35176251
j9424
35176251
j9424
35176251
j9424
35176251
j9424
35176251
j9425
35176251
j9425
35176251
j9425
35185676
j9425
35185676
j9425
35185676
j9426
35195102
j9427
35195102
j9427
35195102
j9427
35195102
j9427
35195102
j9427
35204529
j9428
35213957
j9428
35213957
j9428
35213957
j9428
35213957
j9428
35213957
j9429
35213957
j9429
35223386
j9429
35223386
j9430
35232816
j9430
35232816
j9431
35232816
j9431
35232816
j9431
35232816
j9431
35232816
j9431
35232816
j9432
35242248
j9433
35242248
j9433
35242248
j9433
35242248
j9433
35242248
j9433
35242248
j9434
35251682
j9434
35251682
j9434
35251682
j9434
35251682
j9434
35251682
j9435
35251682
j9435
35261117
j9436
35270553
j9436
35270553
j9436
35270553
j9437
35270553
j9437
35270553
j9437
35270553
j9437
35270553
j9437
35270553
j9438
35279991
j9439
35279991
j9439
35279991
j9439
35279991
j9439
35279991
j9439
35279991
j9440
35289431
j9440
35289431
j9441
35289431
j9441
35298872
j9441
35298872
j9441
35298872
j9441
35298872
j9442
35308314
j9442
35308314
j9442
35308314
j9442
35308314
j9442
35308314
j9443
35308314
j9443
35308314
j9443
35308314
j9443
35317757
j9443
35317757
j9444
35327201
j9445
35327201
j9445
35327201
j9445
35336646
j9445
35336646
j9445
35336646
j9446
35346092
j9446
35346092
j9446
35346092
j9446
35346092
j9446
35346092
j9447
35346092
j9447
35355539
j9447
35355539
j9447
35355539
j9447
35355539
j9448
35364987
j9448
35364987
j9448
35364987
j9448
35364987
j9448
35364987
j9449
35364987
j9449
35364987
j9449
35364987
j9449
35364987
j9449
35374436
j9450
35383886
j9451
35383886
j9451
35383886
j9451
35383886
j9451
35383886
j9451
35383886
j9452
35393338
j9452
35393338
j9452
35393338
j9452
35393338
j9452
35393338
j9453
35393338
j9453
35402791
j9453
35402791
j9453
35402791
j9453
35402791
j9454
35412245
j9454
35412245
j9454
35412245
j9454
35412245
j9454
35412245
j9455
35412245
j9455
35412245
j9455
35421700
j9455
35421700
j9455
35421700
j9456
35431156
j9457
35431156
j9457
35431156
j9457
35431156
j9457
35440613
j9457
35440613
j9458
35450071
j9458
35450071
j9458
35450071
j9458
35450071
j9458
35450071
j9459
35450071
j9459
35459530
j9459
35459530
j9459
35459530
j9459
35459530
j9460
35468990
j9460
35468990
j9461
35468990
j9461
35468990
j9461
35468990
j9461
35468990
j9461
35468990
j9462
35478452
j9463
35478452
j9463
35478452
j9463
35478452
j9463
35478452
j9463
35478452
j9464
35487916
j9464
35487916
j9464
35487916
j9465
35487916
j9465
35497381
j9466
35506847
j9466
35506847
j9466
35506847
j9466
35506847
j9466
35506847
j9467
35506847
j9467
35506847
j9467
35506847
j9467
35506847
j9467
35506847
j9468
35516315
j9469
35516315
j9469
35516315
j9469
35516315
j9469
35516315
j9469
35516315
j9470
35525785
j9470
35525785
j9471
35525785
j9471
35535256
j9471
35535256
j9472
35544728
j9472
35544728
j9472
35544728
j9472
35544728
j9472
35544728
j9473
35544728
j9473
35544728
j9473
35544728
j9473
35544728
j9473
35544728
j9474
35554202
j9475
35554202
j9475
35554202
j9475
35563677
j9475
35563677
j9475
35563677
j9476
35573153
j9476
35573153
j9476
35573153
j9476
35573153
j9476
35573153
j9477
35573153
j9477
35582630
j9477
35582630
j9477
35582630
j9477
35582630
j9478
35592108
j9478
35592108
j9478
35592108
j9479
35592108
j9479
35592108
j9479
35592108
j9479
35592108
j9479
35592108
j9480
35601588
j9481
35601588
j9481
35601588
j9481
35601588
j9481
35601588
j9481
35601588
j9482
35611070
j9482
35611070
j9482
35611070
j9482
35611070
j9483
35611070
j9483
35620553
j9483
35620553
j9483
35620553
j9483
35620553
j9484
35630037
j9484
35630037
j9484
35630037
j9484
35630037
j9484
35630037
j9485
35630037
j9485
35630037
j9485
35639522
j9486
35649008
j9487
35649008
j9487
35649008
j9487
35649008
j9487
35649008
j9487
35649008
j9488
35658496
j9488
35658496
j9488
35658496
j9488
35658496
j9488
35658496
j9489
35658496
j9489
35667985
j9489
35667985
j9489
35667985
j9489
35667985
j9490
35677475
j9490
35677475
j9491
35677475
j9491
35677475
j9491
35677475
j9491
35677475
j9491
35677475
j9492
35686967
j9493
35686967
j9493
35686967
j9493
35686967
j9493
35686967
j9493
35696460
j9494
35705954
j9494
35705954
j9494
35705954
j9494
35705954
j9494
35705954
j9495
35705954
j9495
35715449
j9496
35724945
j9496
35724945
j9496
35724945
j9496
35724945
j9496
35724945
j9497
35724945
j9497
35724945
j9497
35724945
j9497
35724945
j9497
35724945
j9498
35734443
j9499
35734443
j9499
35734443
j9499
35734443
j9499
35743942
j9499
35743942
j9500
35753442
j9500
35753442
j9501
35753442
j9501
35762943
j9501
35762943
j9501
35762943
j9501
35762943
j9502
35772445
j9502
35772445
j9502
35772445
j9502
35772445
j9502
35772445
j9503
35772445
j9503
35772445
j9503
35772445
j9503
35772445
j9503
35772445
j9504
35781949
j9505
35781949
j9505
35781949
j9505
35791454
j9505
35791454
j9505
35791454
j9506
35800960
j9506
35800960
j9506
35800960
j9507
35800960
j9507
35810467
j9507
35810467
j9507
35810467
j9507
35810467
j9508
35819975
j9508
35819975
j9508
35819975
j9508
35819975
j9508
35819975
j9509
35819975
j9509
35819975
j9509
35819975
j9509
35819975
j9509
35819975
j9510
35829485
j9511
35829485
j9511
35829485
j9511
35829485
j9511
35829485
j9511
35829485
j9512
35838997
j9512
35838997
j9512
35838997
j9512
35838997
j9512
35838997
j9513
35838997
j9513
35848510
j9513
35848510
j9514
35858024
j9514
35858024
j9514
35858024
j9514
35858024
j9514
35858024
j9515
35858024
j9515
35858024
j9515
35867539
j9515
35867539
j9516
35877055
j9517
35877055
j9517
35877055
j9517
35877055
j9517
35877055
j9517
35877055
j9518
35886573
j9518
35886573
j9518
35886573
j9518
35886573
j9518
35886573
j9519
35886573
j9519
35896092
j9519
35896092
j9519
35896092
j9519
35896092
j9520
35905612
j9520
35905612
j9521
35905612
j9521
35905612
j9521
35905612
j9521
35905612
j9521
35905612
j9522
35915134
j9523
35915134
j9523
35915134
j9523
35915134
j9523
35915134
j9523
35915134
j9524
35924658
j9524
35924658
j9524
35924658
j9524
35924658
j9524
35924658
j9525
35924658
j9525
35934183
j9526
35943709
j9526
35943709
j9526
35943709
j9526
35943709
j9527
35943709
j9527
35943709
j9527
35943709
j9527
35953236
j9527
35953236
j9528
35962764
j9529
35962764
j9529
35962764
j9529
35962764
j9529
35962764
j9529
35962764
j9530
35972294
j9530
35972294
j9531
35972294
j9531
35981825
j9531
35981825
j9531
35981825
j9531
35981825
j9532
35991357
j9532
35991357
j9532
35991357
j9532
35991357
j9532
35991357
j9533
35991357
j9533
35991357
j9533
35991357
j9533
35991357
j9533
35991357
j9534
36000891
j9535
36000891
j9535
36000891
j9535
36010426
j9535
36010426
j9535
36010426
j9536
36019962
j9536
36019962
j9536
36019962
j9536
36019962
j9536
36019962
j9537
36019962
j9537
36029499
j9537
36029499
j9537
36029499
j9538
36039037
j9538
36039037
j9538
36039037
j9538
36039037
j9538
36039037
j9539
36039037
j9539
36039037
j9539
36039037
j9539
36039037
j9539
36039037
j9540
36048577
j9541
36048577
j9541
36048577
j9541
36048577
j9541
36058118
j9541
36058118
j9542
36067660
j9542
36067660
j9542
36067660
j9542
36067660
j9542
36067660
j9543
36067660
j9543
36077203
j9543
36077203
j9543
36077203
j9543
36077203
j9544
36086747
j9544
36086747
j9544
36086747
j9544
36086747
j9544
36086747
j9545
36086747
j9545
36086747
j9545
36096292
j9545
36096292
j9545
36096292
j9546
36105838
j9547
36105838
j9547
36105838
j9547
36105838
j9547
36105838
j9547
36105838
j9548
36115386
j9548
36115386
j9548
36115386
j9549
36115386
j9549
36124935
j9549
36124935
j9549
36124935
j9549
36124935
j9550
36134485
j9550
36134485
j9551
36134485
j9551
36134485
j9551
36134485
j9551
36134485
j9551
36134485
j9552
36144037
j9553
36144037
j9553
36144037
j9553
36144037
j9553
36144037
j9553
36144037
j9554
36153591
j9554
36153591
j9554
36153591
j9554
36153591
j9554
36153591
j9555
36153591
j9555
36163146
j9556
36172702
j9556
36172702
j9556
36172702
j9556
36172702
j9556
36172702
j9557
36172702
j9557
36172702
j9557
36172702
j9557
36172702
j9557
36172702
j9558
36182260
j9559
36182260
j9559
36182260
j9559
36182260
j9559
36182260
j9559
36191819
j9560
36201379
j9560
36201379
j9561
36201379
j9561
36210940
j9561
36210940
j9561
36210940
j9561
36210940
j9562
36220502
j9562
36220502
j9562
36220502
j9563
36220502
j9563
36220502
j9563
36220502
j9563
36220502
j9563
36220502
j9564
36230066
j9565
36230066
j9565
36230066
j9565
36239631
j9565
36239631
j9565
36239631
j9566
36249197
j9566
36249197
j9566
36249197
j9566
36249197
j9566
36249197
j9567
36249197
j9567
36258764
j9567
36258764
j9567
36258764
j9567
36258764
j9568
36268332
j9568
36268332
j9568
36268332
j9568
36268332
j9568
36268332
j9569
36268332
j9569
36268332
j9569
36268332
j9569
36277901
j9569
36277901
j9570
36287471
j9571
36287471
j9571
36287471
j9571
36287471
j9571
36287471
j9571
36287471
j9572
36297043
j9572
36297043
j9572
36297043
j9572
36297043
j9572
36297043
j9573
36297043
j9573
36306616
j9573
36306616
j9573
36306616
j9573
36306616
j9574
36316190
j9574
36316190
j9574
36316190
j9574
36316190
j9574
36316190
j9575
36316190
j9575
36316190
j9575
36325765
j9575
36325765
j9575
36325765
j9576
36335341
j9577
36335341
j9577
36335341
j9577
36335341
j9577
36335341
j9577
36335341
j9578
36344919
j9578
36344919
j9578
36344919
j9578
36344919
j9578
36344919
j9579
36344919
j9579
36354498
j9579
36354498
j9579
36354498
j9579
36354498
j9580
36364078
j9580
36364078
j9581
36364078
j9581
36364078
j9581
36364078
j9581
36364078
j9581
36373659
j9582
36383241
j9583
36383241
j9583
36383241
j9583
36383241
j9583
36392824
j9583
36392824
j9584
36402408
j9584
36402408
j9584
36402408
j9584
36402408
j9584
36402408
j9585
36402408
j9585
36411993
j9586
36421579
j9586
36421579
j9586
36421579
j9586
36421579
j9586
36421579
j9587
36421579
j9587
36421579
j9587
36421579
j9587
36421579
j9587
36421579
j9588
36431167
j9589
36431167
j9589
36431167
j9589
36431167
j9589
36431167
j9589
36431167
j9590
36440757
j9590
36440757
j9591
36440757
j9591
36450348
j9591
36450348
j9591
36450348
j9591
36450348
j9592
36459940
j9592
36459940
j9592
36459940
j9592
36459940
j9593
36459940
j9593
36459940
j9593
36459940
j9593
36459940
j9593
36459940
j9594
36469534
j9595
36469534
j9595
36469534
j9595
36479129
j9595
36479129
j9595
36479129
j9596
36488725
j9596
36488725
j9596
36488725
j9596
36488725
j9596
36488725
j9597
36488725
j9597
36498322
j9597
36498322
j9598
36507920
j9598
36507920
j9598
36507920
j9598
36507920
j9598
36507920
j9599
36507920
j9599
36507920
j9599
36507920
j9599
36507920
j9599
36507920
j9600
36517520
j9601
36517520
j9601
36517520
j9601
36517520
j9601
36517520
j9601
36517520
j9602
36527122
j9602
36527122
j9602
36527122
j9602
36527122
j9602
36527122
j9603
36527122
j9603
36536725
j9603
36536725
j9603
36536725
j9604
36546329
j9604
36546329
j9604
36546329
j9605
36546329
j9605
36546329
j9605
36555934
j9605
36555934
j9605
36555934
j9606
36565540
j9607
36565540
j9607
36565540
j9607
36565540
j9607
36565540
j9607
36565540
j9608
36575148
j9608
36575148
j9608
36575148
j9608
36575148
j9608
36575148
j9609
36575148
j9609
36584757
j9609
36584757
j9609
36584757
j9609
36584757
j9610
36594367
j9610
36594367
j9611
36594367
j9611
36594367
j9611
36594367
j9611
36603978
j9611
36603978
j9612
36613590
j9613
36613590
j9613
36613590
j9613
36613590
j9613
36613590
j9613
36613590
j9614
36623204
j9614
36623204
j9614
36623204
j9614
36623204
j9615
36623204
j9615
36632819
j9616
36642435
j9616
36642435
j9616
36642435
j9616
36642435
j9616
36642435
j9617
36642435
j9617
36642435
j9617
36642435
j9617
36642435
j9617
36642435
j9618
36652053
j9619
36652053
j9619
36652053
j9619
36652053
j9619
36652053
j9619
36652053
j9620
36661673
j9620
36661673
j9621
36661673
j9621
36671294
j9621
36671294
j9621
36671294
j9621
36671294
j9622
36680916
j9622
36680916
j9622
36680916
j9622
36680916
j9622
36680916
j9623
36680916
j9623
36680916
j9623
36680916
j9623
36680916
j9623
36680916
j9624
36690540
j9625
36690540
j9625
36690540
j9625
36700165
j9626
36709791
j9626
36709791
j9626
36709791
j9626
36709791
j9626
36709791
j9627
36709791
j9627
36719418
j9627
36719418
j9627
36719418
j9627
36719418
j9628
36729046
j9628
36729046
j9628
36729046
j9628
36729046
j9628
36729046
j9629
36729046
j9629
36729046
j9629
36729046
j9629
36729046
j9629
36729046
j9630
36738676
j9631
36738676
j9631
36738676
j9631
36738676
j9631
36738676
j9631
36738676
j9632
36748308
j9632
36748308
j9632
36748308
j9633
36748308
j9633
36757941
j9633
36757941
j9633
36757941
j9633
36757941
j9634
36767575
j9634
36767575
j9634
36767575
j9634
36767575
j9634
36767575
j9635
36767575
j9635
36767575
j9635
36777210
j9635
36777210
j9635
36777210
j9636
36786846
j9637
36786846
j9637
36786846
j9637
36786846
j9637
36786846
j9637
36786846
j9638
36796484
j9638
36796484
j9638
36796484
j9638
36796484
j9638
36796484
j9639
36796484
j9639
36806123
j9639
36806123
j9640
36815763
j9640
36815763
j9641
36815763
j9641
36815763
j9641
36815763
j9641
36815763
j9641
36815763
j9642
36825405
j9643
36825405
j9643
36825405
j9643
36825405
j9643
36825405
j9643
36825405
j9644
36835049
j9644
36835049
j9644
36835049
j9644
36835049
j9644
36835049
j9645
36835049
j9645
36844694
j9646
36854340
j9646
36854340
j9646
36854340
j9647
36854340
j9647
36854340
j9647
36854340
j9647
36854340
j9647
36863987
j9648
36873635
j9649
36873635
j9649
36873635
j9649
36873635
j9649
36873635
j9649
36873635
j9650
36883285
j9650
36883285
j9651
36883285
j9651
36892936
j9651
36892936
j9651
36892936
j9651
36892936
j9652
36902588
j9652
36902588
j9652
36902588
j9652
36902588
j9652
36902588
j9653
36902588
j9653
36902588
j9653
36902588
j9653
36912241
j9653
36912241
j9654
36921895
j9655
36921895
j9655
36921895
j9655
36931550
j9655
36931550
j9655
36931550
j9656
36941206
j9656
36941206
j9656
36941206
j9656
36941206
j9656
36941206
j9657
36941206
j9657
36950863
j9657
36950863
j9657
36950863
j9657
36950863
j9658
36960521
j9658
36960521
j9658
36960521
j9658
36960521
j9659
36960521
j9659
36960521
j9659
36960521
j9659
36960521
j9659
36960521
j9660
36970181
j9661
36970181
j9661
36970181
j9661
36970181
j9661
36970181
j9661
36970181
j9662
36979843
j9662
36979843
j9662
36979843
j9662
36979843
j9662
36979843
j9663
36979843
j9663
36989506
j9663
36989506
j9663
36989506
j9663
36989506
j9664
36999170
j9664
36999170
j9664
36999170
j9664
36999170
j9664
36999170
j9665
36999170
j9665
36999170
j9665
37008835
j9665
37008835
j9665
37008835
j9666
37018501
j9667
37018501
j9667
37018501
j9667
37018501
j9667
37028168
j9667
37028168
j9668
37037836
j9668
37037836
j9668
37037836
j9668
37037836
j9668
37037836
j9669
37037836
j9669
37047505
j9669
37047505
j9669
37047505
j9670
37057175
j9670
37057175
j9671
37057175
j9671
37057175
j9671
37057175
j9671
37057175
j9671
37057175
j9672
37066847
j9673
37066847
j9673
37066847
j9673
37066847
j9673
37066847
j9673
37066847
j9674
37076521
j9674
37076521
j9674
37076521
j9675
37076521
j9675
37086196
j9676
37095872
j9676
37095872
j9676
37095872
j9676
37095872
j9676
37095872
j9677
37095872
j9677
37095872
j9677
37095872
j9677
37095872
j9677
37095872
j9678
37105550
j9679
37105550
j9679
37105550
j9679
37105550
j9679
37105550
j9679
37105550
j9680
37115230
j9680
37115230
j9681
37115230
j9681
37124911
j9681
37124911
j9682
37134593
j9682
37134593
j9682
37134593
j9682
37134593
j9682
37134593
j9683
37134593
j9683
37134593
j9683
37134593
j9683
37134593
j9683
37134593
j9684
37144277
j9685
37144277
j9685
37144277
j9685
37153962
j9685
37153962
j9685
37153962
j9686
37163648
j9686
37163648
j9686
37163648
j9686
37163648
j9686
37163648
j9687
37163648
j9687
37173335
j9687
37173335
j9687
37173335
j9687
37173335
j9688
37183023
j9688
37183023
j9688
37183023
j9689
37183023
j9689
37183023
j9689
37183023
j9689
37183023
j9689
37183023
j9690
37192713
j9691
37192713
j9691
37192713
j9691
37192713
j9691
37192713
j9691
37202404
j9692
37212096
j9692
37212096
j9692
37212096
j9692
37212096
j9692
37212096
j9693
37212096
j9693
37221789
j9693
37221789
j9693
37221789
j9693
37221789
j9694
37231483
j9694
37231483
j9694
37231483
j9694
37231483
j9694
37231483
j9695
37231483
j9695
37231483
j9695
37241178
j9696
37250874
j9697
37250874
j9697
37250874
j9697
37250874
j9697
37250874
j9697
37250874
j9698
37260572
j9698
37260572
j9698
37260572
j9698
37260572
j9698
37260572
j9699
37260572
j9699
37270271
j9699
37270271
j9699
37270271
j9699
37270271
j9700
37279971
j9700
37279971
j9701
37279971
j9701
37279971
j9701
37279971
j9701
37279971
j9701
37279971
j9702
37289673
j9703
37289673
j9703
37289673
j9703
37289673
j9703
37289673
j9703
37289673
j9704
37299377
j9704
37299377
j9704
37299377
j9704
37299377
j9704
37299377
j9705
37299377
j9705
37309082
j9706
37318788
j9706
37318788
j9706
37318788
j9706
37318788
j9706
37318788
j9707
37318788
j9707
37318788
j9707
37318788
j9707
37318788
j9707
37318788
j9708
37328496
j9709
37328496
j9709
37328496
j9709
37328496
j9709
37338205
j9709
37338205
j9710
37347915
j9710
37347915
j9711
37347915
j9711
37357626
j9711
37357626
j9711
37357626
j9711
37357626
j9712
37367338
j9712
37367338
j9712
37367338
j9712
37367338
j9712
37367338
j9713
37367338
j9713
37367338
j9713
37367338
j9713
37367338
j9713
37377051
j9714
37386765
j9715
37386765
j9715
37386765
j9715
37396480
j9715
37396480
j9715
37396480
j9716
37406196
j9716
37406196
j9716
37406196
j9717
37406196
j9717
37415913
j9717
37415913
j9717
37415913
j9717
37415913
j9718
37425631
j9718
37425631
j9718
37425631
j9718
37425631
j9718
37425631
j9719
37425631
j9719
37425631
j9719
37425631
j9719
37425631
j9719
37425631
j9720
37435351
j9721
37435351
j9721
37435351
j9721
37435351
j9721
37435351
j9721
37435351
j9722
37445073
j9722
37445073
j9722
37445073
j9722
37445073
j9722
37445073
j9723
37445073
j9723
37454796
j9723
37454796
j9724
37464520
j9724
37464520
j9724
37464520
j9724
37464520
j9725
37464520
j9725
37464520
j9725
37474245
j9725
37474245
j9725
37474245
j9726
37483971
j9727
37483971
j9727
37483971
j9727
37483971
j9727
37483971
j9727
37483971
j9728
37493699
j9728
37493699
j9728
37493699
j9728
37493699
j9728
37493699
j9729
37493699
j9729
37503428
j9729
37503428
j9729
37503428
j9729
37503428
j9730
37513158
j9730
37513158
j9731
37513158
j9731
37513158
j9731
37513158
j9731
37513158
j9731
37513158
j9732
37522890
j9733
37522890
j9733
37522890
j9733
37522890
j9733
37522890
j9733
37522890
j9734
37532624
j9734
37532624
j9734
37532624
j9734
37532624
j9734
37532624
j9735
37532624
j9735
37542359
j9736
37552095
j9736
37552095
j9736
37552095
j9736
37552095
j9736
37552095
j9737
37552095
j9737
37552095
j9737
37552095
j9737
37561832
j9737
37561832
j9738
37571570
j9739
37571570
j9739
37571570
j9739
37571570
j9739
37571570
j9739
37571570
j9740
37581310
j9740
37581310
j9741
37581310
j9741
37591051
j9741
37591051
j9741
37591051
j9741
37591051
j9742
37600793
j9742
37600793
j9742
37600793
j9742
37600793
j9742
37600793
j9743
37600793
j9743
37600793
j9743
37600793
j9743
37600793
j9743
37600793
j9744
37610537
j9745
37610537
j9745
37610537
j9745
37620282
j9745
37620282
j9745
37620282
j9746
37630028
j9746
37630028
j9746
37630028
j9746
37630028
j9747
37630028
j9747
37639775
j9747
37639775
j9747
37639775
j9747
37639775
j9748
37649523
j9748
37649523
j9748
37649523
j9748
37649523
j9748
37649523
j9749
37649523
j9749
37649523
j9749
37649523
j9749
37649523
j9749
37649523
j9750
37659273
j9751
37659273
j9751
37659273
j9751
37659273
j9751
37669024
j9751
37669024
j9752
37678776
j9752
37678776
j9752
37678776
j9752
37678776
j9752
37678776
j9753
37678776
j9753
37688529
j9753
37688529
j9753
37688529
j9753
37688529
j9754
37698283
j9754
37698283
j9754
37698283
j9754
37698283
j9754
37698283
j9755
37698283
j9755
37698283
j9755
37708038
j9755
37708038
j9755
37708038
j9756
37717794
j9757
37717794
j9757
37717794
j9757
37717794
j9757
37717794
j9757
37727551
j9758
37737309
j9758
37737309
j9758
37737309
j9759
37737309
j9759
37747068
j9759
37747068
j9759
37747068
j9759
37747068
j9760
37756828
j9760
37756828
j9761
37756828
j9761
37756828
j9761
37756828
j9761
37756828
j9761
37756828
j9762
37766590
j9763
37766590
j9763
37766590
j9763
37766590
j9763
37766590
j9763
37766590
j9764
37776354
j9764
37776354
j9764
37776354
j9764
37776354
j9764
37776354
j9765
37776354
j9765
37786119
j9766
37795885
j9766
37795885
j9766
37795885
j9766
37795885
j9766
37795885
j9767
37795885
j9767
37795885
j9767
37795885
j9767
37795885
j9767
37795885
j9768
37805653
j9769
37805653
j9769
37805653
j9769
37805653
j9769
37805653
j9769
37805653
j9770
37815423
j9770
37815423
j9771
37815423
j9771
37825194
j9771
37825194
j9771
37825194
j9771
37825194
j9772
37834966
j9772
37834966
j9772
37834966
j9773
37834966
j9773
37834966
j9773
37834966
j9773
37834966
j9773
37834966
j9774
37844740
j9775
37844740
j9775
37844740
j9775
37854515
j9775
37854515
j9775
37854515
j9776
37864291
j9776
37864291
j9776
37864291
j9776
37864291
j9776
37864291
j9777
37864291
j9777
37874068
j9777
37874068
j9777
37874068
j9777
37874068
j9778
37883846
j9778
37883846
j9778
37883846
j9778
37883846
j9778
37883846
j9779
37883846
j9779
37883846
j9779
37883846
j9779
37893625
j9780
37903405
j9781
37903405
j9781
37903405
j9781
37903405
j9781
37903405
j9781
37903405
j9782
37913187
j9782
37913187
j9782
37913187
j9782
37913187
j9782
37913187
j9783
37913187
j9783
37922970
j9783
37922970
j9783
37922970
j9783
37922970
j9784
37932754
j9784
37932754
j9784
37932754
j9784
37932754
j9784
37932754
j9785
37932754
j9785
37932754
j9785
37942539
j9785
37942539
j9785
37942539
j9786
37952325
j9787
37952325
j9787
37952325
j9787
37952325
j9787
37952325
j9787
37952325
j9788
37962113
j9788
37962113
j9788
37962113
j9788
37962113
j9788
37962113
j9789
37962113
j9789
37971902
j9789
37971902
j9789
37971902
j9789
37971902
j9790
37981692
j9790
37981692
j9791
37981692
j9791
37981692
j9791
37981692
j9791
37981692
j9791
37981692
j9792
37991484
j9793
37991484
j9793
37991484
j9793
37991484
j9793
38001277
j9793
38001277
j9794
38011071
j9794
38011071
j9794
38011071
j9794
38011071
j9794
38011071
j9795
38011071
j9795
38020866
j9796
38030662
j9796
38030662
j9796
38030662
j9796
38030662
j9796
38030662
j9797
38030662
j9797
38030662
j9797
38030662
j9797
38030662
j9797
38030662
j9798
38040460
j9799
38040460
j9799
38040460
j9799
38040460
j9799
38040460
j9799
38040460
j9800
38050260
j9800
38050260
j9801
38050260
j9801
38060061
j9801
38060061
j9801
38060061
j9802
38069863
j9802
38069863
j9802
38069863
j9802
38069863
j9802
38069863
j9803
38069863
j9803
38069863
j9803
38069863
j9803
38069863
j9803
38069863
j9804
38079667
j9805
38079667
j9805
38079667
j9805
38089472
j9805
38089472
j9805
38089472
j9806
38099278
j9806
38099278
j9806
38099278
j9806
38099278
j9806
38099278
j9807
38099278
j9807
38109085
j9807
38109085
j9808
38118893
j9808
38118893
j9808
38118893
j9808
38118893
j9808
38118893
j9809
38118893
j9809
38118893
j9809
38118893
j9809
38118893
j9809
38118893
j9810
38128703
j9811
38128703
j9811
38128703
j9811
38128703
j9811
38128703
j9811
38128703
j9812
38138515
j9812
38138515
j9812
38138515
j9812
38138515
j9813
38138515
j9813
38148328
j9813
38148328
j9813
38148328
j9813
38148328
j9814
38158142
j9814
38158142
j9814
38158142
j9815
38158142
j9815
38158142
j9815
38167957
j9815
38167957
j9815
38167957
j9816
38177773
j9817
38177773
j9817
38177773
j9817
38177773
j9817
38177773
j9817
38177773
j9818
38187591
j9818
38187591
j9818
38187591
j9818
38187591
j9818
38187591
j9819
38187591
j9819
38197410
j9819
38197410
j9819
38197410
j9819
38197410
j9820
38207230
j9820
38207230
j9821
38207230
j9821
38207230
j9821
38207230
j9821
38217051
j9821
38217051
j9822
38226873
j9823
38226873
j9823
38226873
j9823
38226873
j9823
38226873
j9823
38236696
j9824
38246520
j9824
38246520
j9824
38246520
j9824
38246520
j9824
38246520
j9825
38246520
j9825
38256345
j9826
38266171
j9826
38266171
j9826
38266171
j9826
38266171
j9826
38266171
j9827
38266171
j9827
38266171
j9827
38266171
j9827
38266171
j9827
38266171
j9828
38275999
j9829
38275999
j9829
38275999
j9829
38275999
j9829
38275999
j9829
38275999
j9830
38285829
j9830
38285829
j9831
38285829
j9831
38295660
j9831
38295660
j9831
38295660
j9831
38295660
j9832
38305492
j9832
38305492
j9832
38305492
j9832
38305492
j9832
38305492
j9833
38305492
j9833
38305492
j9833
38305492
j9833
38305492
j9833
38305492
j9834
38315326
j9835
38315326
j9835
38315326
j9835
38325161
j9836
38334997
j9836
38334997
j9836
38334997
j9836
38334997
j9836
38334997
j9837
38334997
j9837
38344834
j9837
38344834
j9837
38344834
j9837
38344834
j9838
38354672
j9838
38354672
j9838
38354672
j9838
38354672
j9838
38354672
j9839
38354672
j9839
38354672
j9839
38354672
j9839
38354672
j9839
38354672
j9840
38364512
j9841
38364512
j9841
38364512
j9841
38364512
j9841
38364512
j9841
38364512
j9842
38374354
j9842
38374354
j9842
38374354
j9843
38374354
j9843
38384197
j9843
38384197
j9843
38384197
j9843
38384197
j9844
38394041
j9844
38394041
j9844
38394041
j9844
38394041
j9844
38394041
j9845
38394041
j9845
38394041
j9845
38403886
j9845
38403886
j9846
38413732
j9847
38413732
j9847
38413732
j9847
38413732
j9847
38413732
j9847
38413732
j9848
38423580
j9848
38423580
j9848
38423580
j9848
38423580
j9848
38423580
j9849
38423580
j9849
38433429
j9849
38433429
j9850
38443279
j9850
38443279
j9851
38443279
j9851
38443279
j9851
38443279
j9851
38443279
j9851
38443279
j9852
38453131
j9853
38453131
j9853
38453131
j9853
38453131
j9853
38453131
j9853
38453131
j9854
38462985
j9854
38462985
j9854
38462985
j9854
38462985
j9854
38462985
j9855
38462985
j9855
38472840
j9856
38482696
j9856
38482696
j9856
38482696
j9857
38482696
j9857
38482696
j9857
38482696
j9857
38482696
j9857
38482696
j9858
38492554
j9859
38492554
j9859
38492554
j9859
38492554
j9859
38492554
j9859
38492554
j9860
38502414
j9860
38502414
j9861
38502414
j9861
38512275
j9861
38512275
j9861
38512275
j9861
38512275
j9862
38522137
j9862
38522137
j9862
38522137
j9862
38522137
j9862
38522137
j9863
38522137
j9863
38522137
j9863
38522137
j9863
38532000
j9863
38532000
j9864
38541864
j9865
38541864
j9865
38541864
j9865
38551729
j9865
38551729
j9865
38551729
j9866
38561595
j9866
38561595
j9866
38561595
j9866
38561595
j9866
38561595
j9867
38561595
j9867
38571462
j9867
38571462
j9867
38571462
j9868
38581330
j9868
38581330
j9868
38581330
j9868
38581330
j9868
38581330
j9869
38581330
j9869
38581330
j9869
38581330
j9869
38581330
j9869
38581330
j9870
38591200
j9871
38591200
j9871
38591200
j9871
38591200
j9871
38591200
j9871
38591200
j9872
38601072
j9872
38601072
j9872
38601072
j9872
38601072
j9872
38601072
j9873
38601072
j9873
38610945
j9873
38610945
j9873
38610945
j9873
38610945
j9874
38620819
j9874
38620819
j9874
38620819
j9874
38620819
j9874
38620819
j9875
38620819
j9875
38620819
j9875
38630694
j9875
38630694
j9875
38630694
j9876
38640570
j9877
38640570
j9877
38640570
j9877
38640570
j9877
38650447
j9877
38650447
j9878
38660325
j9878
38660325
j9878
38660325
j9878
38660325
j9879
38660325
j9879
38670204
j9879
38670204
j9879
38670204
j9879
38670204
j9880
38680084
j9880
38680084
j9881
38680084
j9881
38680084
j9881
38680084
j9881
38680084
j9881
38680084
j9882
38689966
j9883
38689966
j9883
38689966
j9883
38689966
j9883
38689966
j9883
38689966
j9884
38699850
j9884
38699850
j9884
38699850
j9885
38699850
j9885
38709735
j9886
38719621
j9886
38719621
j9886
38719621
j9886
38719621
j9886
38719621
j9887
38719621
j9887
38719621
j9887
38719621
j9887
38719621
j9887
38719621
j9888
38729509
j9889
38729509
j9889
38729509
j9889
38729509
j9889
38729509
j9889
38739398
j9890
38749288
j9890
38749288
j9891
38749288
j9891
38759179
j9891
38759179
j9892
38769071
j9892
38769071
j9892
38769071
j9892
38769071
j9892
38769071
j9893
38769071
j9893
38769071
j9893
38769071
j9893
38769071
j9893
38769071
j9894
38778965
j9895
38778965
j9895
38778965
j9895
38788860
j9895
38788860
j9895
38788860
j9896
38798756
j9896
38798756
j9896
38798756
j9896
38798756
j9896
38798756
j9897
38798756
j9897
38808653
j9897
38808653
j9897
38808653
j9897
38808653
j9898
38818551
j9898
38818551
j9898
38818551
j9899
38818551
j9899
38818551
j9899
38818551
j9899
38818551
j9899
38818551
j9900
38828451
j9901
38828451
j9901
38828451
j9901
38828451
j9901
38828451
j9901
38828451
j9902
38838353
j9902
38838353
j9902
38838353
j9902
38838353
j9902
38838353
j9903
38838353
j9903
38848256
j9903
38848256
j9903
38848256
j9903
38848256
j9904
38858160
j9904
38858160
j9904
38858160
j9904
38858160
j9904
38858160
j9905
38858160
j9905
38858160
j9905
38868065
j9906
38877971
j9907
38877971
j9907
38877971
j9907
38877971
j9907
38877971
j9907
38877971
j9908
38887879
j9908
38887879
j9908
38887879
j9908
38887879
j9908
38887879
j9909
38887879
j9909
38897788
j9909
38897788
j9909
38897788
j9909
38897788
j9910
38907698
j9910
38907698
j9911
38907698
j9911
38907698
j9911
38907698
j9911
38907698
j9911
38917609
j9912
38927521
j9913
38927521
j9913
38927521
j9913
38927521
j9913
38927521
j9913
38927521
j9914
38937435
j9914
38937435
j9914
38937435
j9914
38937435
j9914
38937435
j9915
38937435
j9915
38947350
j9916
38957266
j9916
38957266
j9916
38957266
j9916
38957266
j9916
38957266
j9917
38957266
j9917
38957266
j9917
38957266
j9917
38957266
j9917
38957266
j9918
38967184
j9919
38967184
j9919
38967184
j9919
38967184
j9919
38977103
j9919
38977103
j9920
38987023
j9920
38987023
j9921
38987023
j9921
38996944
j9921
38996944
j9921
38996944
j9921
38996944
j9922
39006866
j9922
39006866
j9922
39006866
j9922
39006866
j9923
39006866
j9923
39006866
j9923
39006866
j9923
39006866
j9923
39006866
j9924
39016790
j9925
39016790
j9925
39016790
j9925
39026715
j9925
39026715
j9925
39026715
j9926
39036641
j9926
39036641
j9926
39036641
j9927
39036641
j9927
39046568
j9927
39046568
j9927
39046568
j9927
39046568
j9928
39056496
j9928
39056496
j9928
39056496
j9928
39056496
j9928
39056496
j9929
39056496
j9929
39056496
j9929
39056496
j9929
39056496
j9929
39056496
j9930
39066426
j9931
39066426
j9931
39066426
j9931
39066426
j9931
39066426
j9931
39066426
j9932
39076358
j9932
39076358
j9932
39076358
j9932
39076358
j9932
39076358
j9933
39076358
j9933
39086291
j9933
39086291
j9934
39096225
j9934
39096225
j9934
39096225
j9934
39096225
j9934
39096225
j9935
39096225
j9935
39096225
j9935
39106160
j9935
39106160
j9935
39106160
j9936
39116096
j9937
39116096
j9937
39116096
j9937
39116096
j9937
39116096
j9937
39116096
j9938
39126034
j9938
39126034
j9938
39126034
j9938
39126034
j9938
39126034
j9939
39126034
j9939
39135973
j9939
39135973
j9939
39135973
j9939
39135973
j9940
39145913
j9940
39145913
j9941
39145913
j9941
39145913
j9941
39145913
j9941
39145913
j9941
39145913
j9942
39155855
j9943
39155855
j9943
39155855
j9943
39155855
j9943
39155855
j9943
39155855
j9944
39165799
j9944
39165799
j9944
39165799
j9944
39165799
j9945
39165799
j9945
39175744
j9946
39185690
j9946
39185690
j9946
39185690
j9946
39185690
j9946
39185690
j9947
39185690
j9947
39185690
j9947
39185690
j9947
39195637
j9947
39195637
j9948
39205585
j9949
39205585
j9949
39205585
j9949
39205585
j9949
39205585
j9949
39205585
j9950
39215535
j9950
39215535
j9951
39215535
j9951
39225486
j9951
39225486
j9951
39225486
j9951
39225486
j9952
39235438
j9952
39235438
j9952
39235438
j9952
39235438
j9952
39235438
j9953
39235438
j9953
39235438
j9953
39235438
j9953
39235438
j9953
39235438
j9954
39245392
j9955
39245392
j9955
39245392
j9955
39255347
j9955
39255347
j9956
39265303
j9956
39265303
j9956
39265303
j9956
39265303
j9956
39265303
j9957
39265303
j9957
39275260
j9957
39275260
j9957
39275260
j9957
39275260
j9958
39285218
j9958
39285218
j9958
39285218
j9958
39285218
j9958
39285218
j9959
39285218
j9959
39285218
j9959
39285218
j9959
39285218
j9959
39285218
j9960
39295178
j9961
39295178
j9961
39295178
j9961
39295178
j9961
39305139
j9961
39305139
j9962
39315101
j9962
39315101
j9962
39315101
j9962
39315101
j9962
39315101
j9963
39315101
j9963
39325064
j9963
39325064
j9963
39325064
j9963
39325064
j9964
39335028
j9964
39335028
j9964
39335028
j9964
39335028
j9964
39335028
j9965
39335028
j9965
39335028
j9965
39344993
j9965
39344993
j9965
39344993
j9966
39354959
j9967
39354959
j9967
39354959
j9967
39354959
j9967
39354959
j9967
39354959
j9968
39364927
j9968
39364927
j9968
39364927
j9969
39364927
j9969
39374896
j9969
39374896
j9969
39374896
j9969
39374896
j9970
39384866
j9970
39384866
j9971
39384866
j9971
39384866
j9971
39384866
j9971
39384866
j9971
39384866
j9972
39394838
j9973
39394838
j9973
39394838
j9973
39394838
j9973
39394838
j9973
39394838
j9974
39404812
j9974
39404812
j9974
39404812
j9974
39404812
j9974
39404812
j9975
39404812
j9975
39414787
j9976
39424763
j9976
39424763
j9976
39424763
j9976
39424763
j9976
39424763
j9977
39424763
j9977
39424763
j9977
39424763
j9977
39424763
j9977
39434740
j9978
39444718
j9979
39444718
j9979
39444718
j9979
39444718
j9979
39444718
j9979
39444718
j9980
39454698
j9980
39454698
j9981
39454698
j9981
39464679
j9981
39464679
j9981
39464679
j9981
39464679
j9982
39474661
j9982
39474661
j9982
39474661
j9983
39474661
j9983
39474661
j9983
39474661
j9983
39474661
j9983
39474661
j9984
39484645
j9985
39484645
j9985
39484645
j9985
39494630
j9985
39494630
j9985
39494630
j9986
39504616
j9986
39504616
j9986
39504616
j9986
39504616
j9986
39504616
j9987
39504616
j9987
39514603
j9987
39514603
j9987
39514603
j9987
39514603
j9988
39524591
j9988
39524591
j9988
39524591
j9988
39524591
j9989
39524591
j9989
39524591
j9989
39524591
j9989
39534580
j9989
39534580
j9990
39544570
j9991
39544570
j9991
39544570
j9991
39544570
j9991
39544570
j9991
39544570
j9992
39554562
j9992
39554562
j9992
39554562
j9992
39554562
j9992
39554562
j9993
39554562
j9993
39564555
j9993
39564555
j9993
39564555
j9993
39564555
j9994
39574549
j9994
39574549
j9994
39574549
j9994
39574549
j9994
39574549
j9995
39574549
j9995
39574549
j9995
39584544
j9995
39584544
j9995
39584544
j9996
39594540
j9997
39594540
j9997
39594540
j9997
39594540
j9997
39594540
j9997
39594540
j9998
39604538
j9998
39604538
j9998
39604538
j9998
39604538
j9998
39604538
j9999
39604538
j9999
39614537
j9999
39614537
j9999
39614537
j1
0
j1
0
j2
0
j2
0
j3
3
j3
3
j1
0
j2
0
j3
3
j4
3
j5
3
j6
9
j1
0
j1
0
j2
0
j2
0
j3
3
j3
3
j4
3
j4
3
j5
3
j5
8
j6
14
j6
14
j7
14
j7
14
j8
14
j8
14
j9
23
j9
23
]]></system-out>
  <system-err><![CDATA[]]></system-err>
</testsuite>
