<?xml version="1.0" encoding="UTF-8"?>
<testsuite name="PrimeFactorCalculatorTest" tests="7" skipped="0" failures="0" errors="0" timestamp="2020-06-13T14:52:57" hostname="MELIS-PC" time="0.063">
  <properties/>
  <testcase name="testThat1HasNoPrimeFactors" classname="PrimeFactorCalculatorTest" time="0.02"/>
  <testcase name="testThatASquareOfAPrimeHasExactlyOnePrimeFactorRepeatedTwice" classname="PrimeFactorCalculatorTest" time="0.011"/>
  <testcase name="testThatAProductOfPrimesAndNonPrimesIsFactoredProperly" classname="PrimeFactorCalculatorTest" time="0.0"/>
  <testcase name="testThatAProductOfSmallAndLargePrimesIsFactoredProperly" classname="PrimeFactorCalculatorTest" time="0.029"/>
  <testcase name="testThatAPrimeNumberHasExactlyOnePrimeFactor" classname="PrimeFactorCalculatorTest" time="0.0"/>
  <testcase name="testThatACubeOfAPrimeHasExactlyOnePrimeFactorRepeatedThreeTimes" classname="PrimeFactorCalculatorTest" time="0.0"/>
  <testcase name="testThatAProductOfSmallPrimesIsFactoredProperly" classname="PrimeFactorCalculatorTest" time="0.0"/>
  <system-out><![CDATA[]]></system-out>
  <system-err><![CDATA[]]></system-err>
</testsuite>
