<?xml version="1.0" encoding="UTF-8"?>
<testsuite name="DnaTest" tests="5" skipped="0" failures="0" errors="0" timestamp="2020-06-14T09:09:10" hostname="MELIS-PC" time="0.025">
  <properties/>
  <testcase name="validatesNucleotides" classname="DnaTest" time="0.003"/>
  <testcase name="canCountMultipleNucleotides" classname="DnaTest" time="0.02"/>
  <testcase name="canCountOneNucleotideInSingleCharacterInput" classname="DnaTest" time="0.0"/>
  <testcase name="emptyDnaStringHasNoNucleotides" classname="DnaTest" time="0.0"/>
  <testcase name="canCountRepeatedNucleotide" classname="DnaTest" time="0.001"/>
  <system-out><![CDATA[]]></system-out>
  <system-err><![CDATA[]]></system-err>
</testsuite>
