<?xml version="1.0" encoding="UTF-8"?>
<testsuite name="YachtTest" tests="28" skipped="0" failures="0" errors="0" timestamp="2020-06-12T15:12:29" hostname="MELIS-PC" time="0.046">
  <properties/>
  <testcase name="yacht as choice" classname="YachtTest" time="0.019"/>
  <testcase name="ones out of order" classname="YachtTest" time="0.001"/>
  <testcase name="minimum is 1 maximum is 5 but not a little straight" classname="YachtTest" time="0.016"/>
  <testcase name="choice" classname="YachtTest" time="0.0"/>
  <testcase name="four of a kind" classname="YachtTest" time="0.0"/>
  <testcase name="yacht is not a full house" classname="YachtTest" time="0.0"/>
  <testcase name="little straight as big straight" classname="YachtTest" time="0.0"/>
  <testcase name="yacht of threes counted as fives" classname="YachtTest" time="0.001"/>
  <testcase name="full house is not four of a kind" classname="YachtTest" time="0.0"/>
  <testcase name="yacht counted as threes" classname="YachtTest" time="0.0"/>
  <testcase name="not yacht" classname="YachtTest" time="0.0"/>
  <testcase name="two pair is not a full house" classname="YachtTest" time="0.0"/>
  <testcase name="ones" classname="YachtTest" time="0.0"/>
  <testcase name="twos" classname="YachtTest" time="0.0"/>
  <testcase name="fours" classname="YachtTest" time="0.0"/>
  <testcase name="sixes" classname="YachtTest" time="0.001"/>
  <testcase name="yacht" classname="YachtTest" time="0.0"/>
  <testcase name="four of a kind is not a full house" classname="YachtTest" time="0.0"/>
  <testcase name="no pairs but not a big straight" classname="YachtTest" time="0.0"/>
  <testcase name="four in order but not a little straight" classname="YachtTest" time="0.0"/>
  <testcase name="big straight" classname="YachtTest" time="0.0"/>
  <testcase name="little straight" classname="YachtTest" time="0.001"/>
  <testcase name="full house three small two big" classname="YachtTest" time="0.0"/>
  <testcase name="no pairs but not a little straight" classname="YachtTest" time="0.0"/>
  <testcase name="full house two small three big" classname="YachtTest" time="0.0"/>
  <testcase name="yacht can be scored as four of a kind" classname="YachtTest" time="0.0"/>
  <testcase name="big straight as little straight" classname="YachtTest" time="0.0"/>
  <testcase name="no ones" classname="YachtTest" time="0.0"/>
  <system-out><![CDATA[]]></system-out>
  <system-err><![CDATA[]]></system-err>
</testsuite>
