<?xml version="1.0" encoding="UTF-8"?>
<testsuite name="TwoferTest" tests="4" skipped="0" failures="0" errors="0" timestamp="2020-06-11T14:59:47" hostname="MELIS-PC" time="0.013">
  <properties/>
  <testcase name="noNameGiven" classname="TwoferTest" time="0.01"/>
  <testcase name="emptyStringIsNotTheSameAsNull" classname="TwoferTest" time="0.001"/>
  <testcase name="aNameGiven" classname="TwoferTest" time="0.001"/>
  <testcase name="anotherNameGiven" classname="TwoferTest" time="0.001"/>
  <system-out><![CDATA[]]></system-out>
  <system-err><![CDATA[]]></system-err>
</testsuite>
